ARM GAS  C:\Users\Admin\AppData\Local\Temp\ccixtGJe.s 			page 1


   1              		.syntax unified
   2              		.cpu cortex-m0
   3              		.fpu softvfp
   4              		.eabi_attribute 20, 1
   5              		.eabi_attribute 21, 1
   6              		.eabi_attribute 23, 3
   7              		.eabi_attribute 24, 1
   8              		.eabi_attribute 25, 1
   9              		.eabi_attribute 26, 1
  10              		.eabi_attribute 30, 1
  11              		.eabi_attribute 34, 0
  12              		.eabi_attribute 18, 4
  13              		.thumb
  14              		.syntax unified
  15              		.file	"main.c"
  16              		.text
  17              	.Ltext0:
  18              		.cfi_sections	.debug_frame
  19              		.section	.text.Reset_ISR,"ax",%progbits
  20              		.align	2
  21              		.global	Reset_ISR
  22              		.code	16
  23              		.thumb_func
  24              		.type	Reset_ISR, %function
  25              	Reset_ISR:
  26              	.LFB34:
  27              		.file 1 "main.c"
   1:main.c        **** /* ========================================
   2:main.c        ****  *
   3:main.c        ****  * Copyright YOUR COMPANY, THE YEAR
   4:main.c        ****  * All Rights Reserved
   5:main.c        ****  * UNPUBLISHED, LICENSED SOFTWARE.
   6:main.c        ****  *
   7:main.c        ****  * CONFIDENTIAL AND PROPRIETARY INFORMATION
   8:main.c        ****  * WHICH IS THE PROPERTY OF your company.
   9:main.c        ****  *
  10:main.c        ****  * ========================================
  11:main.c        **** */
  12:main.c        **** #include "project.h"
  13:main.c        **** #include <stdlib.h>
  14:main.c        **** #include <string.h>
  15:main.c        **** //This is needed for the default communication between the BANK and DISPLAY over the USB-UART
  16:main.c        **** #include "usbserialprotocol.h"
  17:main.c        **** #include "SW1.h"
  18:main.c        **** 
  19:main.c        **** // SECURITY MODULE
  20:main.c        **** 
  21:main.c        **** #define MAX_BILLS 128
  22:main.c        **** #define BILL_LEN 16
  23:main.c        **** #define UUID_LEN 36
  24:main.c        **** #define PROV_MSG "P"
  25:main.c        **** #define WITH_OK "K"
  26:main.c        **** #define WITH_BAD "BAD"
  27:main.c        **** #define RECV_OK "K"
  28:main.c        **** #define EMPTY "EMPTY"
  29:main.c        **** #define EMPTY_BILL "*****EMPTY*****"
  30:main.c        **** 
ARM GAS  C:\Users\Admin\AppData\Local\Temp\ccixtGJe.s 			page 2


  31:main.c        **** /* 
  32:main.c        ****  * How to read from EEPROM (persistent memory):
  33:main.c        ****  * 
  34:main.c        ****  * // read variable:
  35:main.c        ****  * static const uint8 EEPROM_BUF_VAR[len] = { val1, val2, ... };
  36:main.c        ****  * // write variable:
  37:main.c        ****  * volatile const uint8 *ptr = EEPROM_BUF_VAR;
  38:main.c        ****  * 
  39:main.c        ****  * uint8 val1 = *ptr;
  40:main.c        ****  * uint8 buf[4] = { 0x01, 0x02, 0x03, 0x04 };
  41:main.c        ****  * USER_INFO_Write(message, EEPROM_BUF_VAR, 4u); 
  42:main.c        ****  */
  43:main.c        **** 
  44:main.c        **** // global EEPROM read variables
  45:main.c        **** static const uint8 MONEY[MAX_BILLS][BILL_LEN] = {EMPTY_BILL};
  46:main.c        **** static const uint8 BILLS_LEFT[1] = {0x00};
  47:main.c        **** 
  48:main.c        **** 
  49:main.c        **** // reset interrupt on button press
  50:main.c        **** CY_ISR(Reset_ISR)
  51:main.c        **** {
  28              		.loc 1 51 0
  29              		.cfi_startproc
  30              		@ args = 0, pretend = 0, frame = 0
  31              		@ frame_needed = 0, uses_anonymous_args = 0
  32 0000 10B5     		push	{r4, lr}
  33              		.cfi_def_cfa_offset 8
  34              		.cfi_offset 4, -8
  35              		.cfi_offset 14, -4
  52:main.c        ****     pushMessage((uint8*)"In interrupt\n", strlen("In interrupt\n"));
  36              		.loc 1 52 0
  37 0002 0D21     		movs	r1, #13
  38 0004 0348     		ldr	r0, .L2
  39 0006 FFF7FEFF 		bl	pushMessage
  40              	.LVL0:
  53:main.c        ****     SW1_ClearInterrupt();
  41              		.loc 1 53 0
  42 000a FFF7FEFF 		bl	SW1_ClearInterrupt
  43              	.LVL1:
  54:main.c        ****     CySoftwareReset();
  44              		.loc 1 54 0
  45 000e FFF7FEFF 		bl	CySoftwareReset
  46              	.LVL2:
  55:main.c        **** }
  47              		.loc 1 55 0
  48              		@ sp needed
  49 0012 10BD     		pop	{r4, pc}
  50              	.L3:
  51              		.align	2
  52              	.L2:
  53 0014 00000000 		.word	.LC0
  54              		.cfi_endproc
  55              	.LFE34:
  56              		.size	Reset_ISR, .-Reset_ISR
  57              		.section	.text.provision,"ax",%progbits
  58              		.align	2
  59              		.global	provision
ARM GAS  C:\Users\Admin\AppData\Local\Temp\ccixtGJe.s 			page 3


  60              		.code	16
  61              		.thumb_func
  62              		.type	provision, %function
  63              	provision:
  64              	.LFB35:
  56:main.c        **** 
  57:main.c        **** 
  58:main.c        **** // provisions HSM (should only ever be called once)
  59:main.c        **** void provision()
  60:main.c        **** {
  65              		.loc 1 60 0
  66              		.cfi_startproc
  67              		@ args = 0, pretend = 0, frame = 72
  68              		@ frame_needed = 0, uses_anonymous_args = 0
  69 0000 10B5     		push	{r4, lr}
  70              		.cfi_def_cfa_offset 8
  71              		.cfi_offset 4, -8
  72              		.cfi_offset 14, -4
  73 0002 92B0     		sub	sp, sp, #72
  74              		.cfi_def_cfa_offset 80
  75              	.LVL3:
  61:main.c        ****     int i;
  62:main.c        ****     uint8 message[64], numbills;
  63:main.c        ****     
  64:main.c        ****     for(i = 0; i < 128; i++) {
  76              		.loc 1 64 0
  77 0004 0024     		movs	r4, #0
  78 0006 07E0     		b	.L5
  79              	.LVL4:
  80              	.L6:
  65:main.c        ****         PIGGY_BANK_Write((uint8*)EMPTY_BILL, MONEY[i], BILL_LEN);
  81              		.loc 1 65 0 discriminator 3
  82 0008 2301     		lsls	r3, r4, #4
  83 000a 1F49     		ldr	r1, .L9
  84 000c C918     		adds	r1, r1, r3
  85 000e 1022     		movs	r2, #16
  86 0010 1E48     		ldr	r0, .L9+4
  87 0012 FFF7FEFF 		bl	PIGGY_BANK_Write
  88              	.LVL5:
  64:main.c        ****         PIGGY_BANK_Write((uint8*)EMPTY_BILL, MONEY[i], BILL_LEN);
  89              		.loc 1 64 0 discriminator 3
  90 0016 0134     		adds	r4, r4, #1
  91              	.LVL6:
  92              	.L5:
  64:main.c        ****         PIGGY_BANK_Write((uint8*)EMPTY_BILL, MONEY[i], BILL_LEN);
  93              		.loc 1 64 0 is_stmt 0 discriminator 1
  94 0018 7F2C     		cmp	r4, #127
  95 001a F5DD     		ble	.L6
  66:main.c        ****     }
  67:main.c        ****     
  68:main.c        ****     // synchronize with atm
  69:main.c        ****     syncConnection(SYNC_PROV);
  96              		.loc 1 69 0 is_stmt 1
  97 001c 0120     		movs	r0, #1
  98 001e FFF7FEFF 		bl	syncConnection
  99              	.LVL7:
  70:main.c        ****  
ARM GAS  C:\Users\Admin\AppData\Local\Temp\ccixtGJe.s 			page 4


  71:main.c        ****     memset(message, 0u, 64);
 100              		.loc 1 71 0
 101 0022 02AC     		add	r4, sp, #8
 102              	.LVL8:
 103 0024 4022     		movs	r2, #64
 104 0026 0021     		movs	r1, #0
 105 0028 2000     		movs	r0, r4
 106 002a FFF7FEFF 		bl	memset
 107              	.LVL9:
  72:main.c        ****     strcpy((char*)message, PROV_MSG);
 108              		.loc 1 72 0
 109 002e 5023     		movs	r3, #80
 110 0030 2380     		strh	r3, [r4]
  73:main.c        ****     pushMessage(message, (uint8)strlen(PROV_MSG));
 111              		.loc 1 73 0
 112 0032 0121     		movs	r1, #1
 113 0034 2000     		movs	r0, r4
 114 0036 FFF7FEFF 		bl	pushMessage
 115              	.LVL10:
  74:main.c        ****     
  75:main.c        ****     // Get numbills
  76:main.c        ****     pullMessage(message);
 116              		.loc 1 76 0
 117 003a 2000     		movs	r0, r4
 118 003c FFF7FEFF 		bl	pullMessage
 119              	.LVL11:
  77:main.c        ****     numbills = message[0];
 120              		.loc 1 77 0
 121 0040 2378     		ldrb	r3, [r4]
 122 0042 6A46     		mov	r2, sp
 123 0044 D01D     		adds	r0, r2, #7
 124 0046 0370     		strb	r3, [r0]
  78:main.c        ****     PIGGY_BANK_Write(&numbills, BILLS_LEFT, 1u);
 125              		.loc 1 78 0
 126 0048 0122     		movs	r2, #1
 127 004a 1149     		ldr	r1, .L9+8
 128 004c FFF7FEFF 		bl	PIGGY_BANK_Write
 129              	.LVL12:
  79:main.c        ****     pushMessage((uint8*)RECV_OK, strlen(RECV_OK));
 130              		.loc 1 79 0
 131 0050 0121     		movs	r1, #1
 132 0052 1048     		ldr	r0, .L9+12
 133 0054 FFF7FEFF 		bl	pushMessage
 134              	.LVL13:
  80:main.c        ****     
  81:main.c        ****     // Load bills
  82:main.c        ****     for (i = 0; i < numbills; i++) {
 135              		.loc 1 82 0
 136 0058 0024     		movs	r4, #0
 137 005a 0EE0     		b	.L7
 138              	.LVL14:
 139              	.L8:
  83:main.c        ****         pullMessage(message);
 140              		.loc 1 83 0 discriminator 3
 141 005c 02A8     		add	r0, sp, #8
 142 005e FFF7FEFF 		bl	pullMessage
 143              	.LVL15:
ARM GAS  C:\Users\Admin\AppData\Local\Temp\ccixtGJe.s 			page 5


  84:main.c        ****         PIGGY_BANK_Write(message, MONEY[i], BILL_LEN);
 144              		.loc 1 84 0 discriminator 3
 145 0062 2301     		lsls	r3, r4, #4
 146 0064 0849     		ldr	r1, .L9
 147 0066 C918     		adds	r1, r1, r3
 148 0068 1022     		movs	r2, #16
 149 006a 02A8     		add	r0, sp, #8
 150 006c FFF7FEFF 		bl	PIGGY_BANK_Write
 151              	.LVL16:
  85:main.c        ****         pushMessage((uint8*)RECV_OK, strlen(RECV_OK));
 152              		.loc 1 85 0 discriminator 3
 153 0070 0121     		movs	r1, #1
 154 0072 0848     		ldr	r0, .L9+12
 155 0074 FFF7FEFF 		bl	pushMessage
 156              	.LVL17:
  82:main.c        ****         pullMessage(message);
 157              		.loc 1 82 0 discriminator 3
 158 0078 0134     		adds	r4, r4, #1
 159              	.LVL18:
 160              	.L7:
  82:main.c        ****         pullMessage(message);
 161              		.loc 1 82 0 is_stmt 0 discriminator 1
 162 007a 6B46     		mov	r3, sp
 163 007c 0733     		adds	r3, r3, #7
 164 007e 1B78     		ldrb	r3, [r3]
 165 0080 9C42     		cmp	r4, r3
 166 0082 EBDB     		blt	.L8
  86:main.c        ****     }
  87:main.c        **** }
 167              		.loc 1 87 0 is_stmt 1
 168 0084 12B0     		add	sp, sp, #72
 169              		@ sp needed
 170              	.LVL19:
 171 0086 10BD     		pop	{r4, pc}
 172              	.L10:
 173              		.align	2
 174              	.L9:
 175 0088 00000000 		.word	.LANCHOR0
 176 008c 10000000 		.word	.LC3
 177 0090 00080000 		.word	.LANCHOR1
 178 0094 20000000 		.word	.LC6
 179              		.cfi_endproc
 180              	.LFE35:
 181              		.size	provision, .-provision
 182              		.section	.text.dispenseBill,"ax",%progbits
 183              		.align	2
 184              		.global	dispenseBill
 185              		.code	16
 186              		.thumb_func
 187              		.type	dispenseBill, %function
 188              	dispenseBill:
 189              	.LFB36:
  88:main.c        **** 
  89:main.c        **** 
  90:main.c        **** void dispenseBill()
  91:main.c        **** {
 190              		.loc 1 91 0
ARM GAS  C:\Users\Admin\AppData\Local\Temp\ccixtGJe.s 			page 6


 191              		.cfi_startproc
 192              		@ args = 0, pretend = 0, frame = 16
 193              		@ frame_needed = 0, uses_anonymous_args = 0
 194 0000 F0B5     		push	{r4, r5, r6, r7, lr}
 195              		.cfi_def_cfa_offset 20
 196              		.cfi_offset 4, -20
 197              		.cfi_offset 5, -16
 198              		.cfi_offset 6, -12
 199              		.cfi_offset 7, -8
 200              		.cfi_offset 14, -4
 201 0002 85B0     		sub	sp, sp, #20
 202              		.cfi_def_cfa_offset 40
  92:main.c        ****     static uint8 stackloc = 0;
  93:main.c        ****     uint8 message[16];
  94:main.c        ****     volatile const uint8* ptr; 
  95:main.c        ****     
  96:main.c        ****     ptr = MONEY[stackloc];
 203              		.loc 1 96 0
 204 0004 124D     		ldr	r5, .L12
 205 0006 2C78     		ldrb	r4, [r5]
 206              	.LVL20:
  97:main.c        ****     
  98:main.c        ****     memset(message, 0u, 16);
 207              		.loc 1 98 0
 208 0008 1022     		movs	r2, #16
 209 000a 0021     		movs	r1, #0
 210 000c 6846     		mov	r0, sp
 211 000e FFF7FEFF 		bl	memset
 212              	.LVL21:
  99:main.c        ****     memcpy(message, (void*)ptr, BILL_LEN);
 213              		.loc 1 99 0
 214 0012 104F     		ldr	r7, .L12+4
 215 0014 2301     		lsls	r3, r4, #4
 216 0016 6A46     		mov	r2, sp
 217 0018 FB18     		adds	r3, r7, r3
 218 001a 13CB     		ldmia	r3!, {r0, r1, r4}
 219 001c 13C2     		stmia	r2!, {r0, r1, r4}
 220              	.LVL22:
 221 001e 1B68     		ldr	r3, [r3]
 222 0020 1360     		str	r3, [r2]
 100:main.c        **** 
 101:main.c        ****     pushMessage(message, BILL_LEN);
 223              		.loc 1 101 0
 224 0022 1021     		movs	r1, #16
 225 0024 6846     		mov	r0, sp
 226 0026 FFF7FEFF 		bl	pushMessage
 227              	.LVL23:
 102:main.c        ****     
 103:main.c        ****     PIGGY_BANK_Write((uint8*)EMPTY_BILL, MONEY[stackloc], 16);
 228              		.loc 1 103 0
 229 002a 2978     		ldrb	r1, [r5]
 230 002c 0901     		lsls	r1, r1, #4
 231 002e 7918     		adds	r1, r7, r1
 232 0030 1022     		movs	r2, #16
 233 0032 0948     		ldr	r0, .L12+8
 234 0034 FFF7FEFF 		bl	PIGGY_BANK_Write
 235              	.LVL24:
ARM GAS  C:\Users\Admin\AppData\Local\Temp\ccixtGJe.s 			page 7


 104:main.c        ****     stackloc = (stackloc + 1) % 128;
 236              		.loc 1 104 0
 237 0038 2B78     		ldrb	r3, [r5]
 238 003a 0133     		adds	r3, r3, #1
 239 003c DA17     		asrs	r2, r3, #31
 240 003e 520E     		lsrs	r2, r2, #25
 241 0040 9B18     		adds	r3, r3, r2
 242 0042 7F21     		movs	r1, #127
 243 0044 0B40     		ands	r3, r1
 244 0046 9B1A     		subs	r3, r3, r2
 245 0048 2B70     		strb	r3, [r5]
 105:main.c        **** }
 246              		.loc 1 105 0
 247 004a 05B0     		add	sp, sp, #20
 248              		@ sp needed
 249 004c F0BD     		pop	{r4, r5, r6, r7, pc}
 250              	.L13:
 251 004e C046     		.align	2
 252              	.L12:
 253 0050 00000000 		.word	.LANCHOR2
 254 0054 00000000 		.word	.LANCHOR0
 255 0058 10000000 		.word	.LC3
 256              		.cfi_endproc
 257              	.LFE36:
 258              		.size	dispenseBill, .-dispenseBill
 259              		.section	.text.decrypt,"ax",%progbits
 260              		.align	2
 261              		.global	decrypt
 262              		.code	16
 263              		.thumb_func
 264              		.type	decrypt, %function
 265              	decrypt:
 266              	.LFB37:
 106:main.c        **** 
 107:main.c        **** void decrypt(char * data)
 108:main.c        **** {
 267              		.loc 1 108 0
 268              		.cfi_startproc
 269              		@ args = 0, pretend = 0, frame = 0
 270              		@ frame_needed = 0, uses_anonymous_args = 0
 271              		@ link register save eliminated.
 272              	.LVL25:
 109:main.c        ****     data = data;
 110:main.c        **** }
 273              		.loc 1 110 0
 274              		@ sp needed
 275 0000 7047     		bx	lr
 276              		.cfi_endproc
 277              	.LFE37:
 278              		.size	decrypt, .-decrypt
 279 0002 C046     		.section	.text.main,"ax",%progbits
 280              		.align	2
 281              		.global	main
 282              		.code	16
 283              		.thumb_func
 284              		.type	main, %function
 285              	main:
ARM GAS  C:\Users\Admin\AppData\Local\Temp\ccixtGJe.s 			page 8


 286              	.LFB38:
 111:main.c        **** 
 112:main.c        **** int main(void)
 113:main.c        **** {
 287              		.loc 1 113 0
 288              		.cfi_startproc
 289              		@ args = 0, pretend = 0, frame = 72
 290              		@ frame_needed = 0, uses_anonymous_args = 0
 291 0000 10B5     		push	{r4, lr}
 292              		.cfi_def_cfa_offset 8
 293              		.cfi_offset 4, -8
 294              		.cfi_offset 14, -4
 295 0002 92B0     		sub	sp, sp, #72
 296              		.cfi_def_cfa_offset 80
 114:main.c        ****     CyGlobalIntEnable; /* Enable global interrupts. */
 297              		.loc 1 114 0
 298              		.syntax divided
 299              	@ 114 "main.c" 1
 300 0004 62B6     		CPSIE   i
 301              	@ 0 "" 2
 115:main.c        ****     
 116:main.c        ****     // start reset button
 117:main.c        ****     Reset_isr_StartEx(Reset_ISR);
 302              		.loc 1 117 0
 303              		.thumb
 304              		.syntax unified
 305 0006 2048     		ldr	r0, .L21
 306 0008 FFF7FEFF 		bl	Reset_isr_StartEx
 307              	.LVL26:
 118:main.c        ****     
 119:main.c        ****     /* Declare vairables here */
 120:main.c        ****     
 121:main.c        ****     uint8 numbills, i, bills_left;
 122:main.c        ****     uint8 message[64];
 123:main.c        ****     char * token;
 124:main.c        ****     char * temptoken;
 125:main.c        ****     uint8 bills_dispensed;
 126:main.c        ****     
 127:main.c        ****     bills_dispensed = 128;
 128:main.c        ****     
 129:main.c        ****     /*
 130:main.c        ****      * Note:
 131:main.c        ****      *  To write to EEPROM, write to static const uint8 []
 132:main.c        ****      *  To read from EEPROM, read from volatile const uint8 * 
 133:main.c        ****      *      set to write variable
 134:main.c        ****      *
 135:main.c        ****      * PSoC EEPROM is very finnicky if this format is not followed
 136:main.c        ****      */
 137:main.c        ****     static const uint8 PROVISIONED[1] = {0x00}; // write variable
 138:main.c        ****     volatile const uint8* ptr = PROVISIONED;    // read variable
 139:main.c        ****     
 140:main.c        ****     
 141:main.c        ****     /* Place your initialization/startup code here (e.g. MyInst_Start()) */
 142:main.c        ****     
 143:main.c        ****     PIGGY_BANK_Start();
 308              		.loc 1 143 0
 309 000c FFF7FEFF 		bl	PIGGY_BANK_Start
ARM GAS  C:\Users\Admin\AppData\Local\Temp\ccixtGJe.s 			page 9


 310              	.LVL27:
 144:main.c        ****     DB_UART_Start();
 311              		.loc 1 144 0
 312 0010 FFF7FEFF 		bl	DB_UART_Start
 313              	.LVL28:
 145:main.c        ****     
 146:main.c        ****     // provision security module on first boot
 147:main.c        ****     if(*ptr == 0x00)
 314              		.loc 1 147 0
 315 0014 1D4B     		ldr	r3, .L21+4
 316 0016 1B79     		ldrb	r3, [r3, #4]
 317 0018 002B     		cmp	r3, #0
 318 001a 0AD1     		bne	.L17
 148:main.c        ****     {
 149:main.c        ****         provision();
 319              		.loc 1 149 0
 320 001c FFF7FEFF 		bl	provision
 321              	.LVL29:
 150:main.c        ****         
 151:main.c        ****         // Mark as provisioned
 152:main.c        ****         i = 0x01;
 322              		.loc 1 152 0
 323 0020 4720     		movs	r0, #71
 324 0022 6844     		add	r0, r0, sp
 325 0024 0123     		movs	r3, #1
 326 0026 0370     		strb	r3, [r0]
 153:main.c        ****         PIGGY_BANK_Write(&i, PROVISIONED,1u);
 327              		.loc 1 153 0
 328 0028 0122     		movs	r2, #1
 329 002a 1849     		ldr	r1, .L21+4
 330 002c 0431     		adds	r1, r1, #4
 331 002e FFF7FEFF 		bl	PIGGY_BANK_Write
 332              	.LVL30:
 333              	.L17:
 154:main.c        ****     }
 155:main.c        ****     
 156:main.c        ****     // Go into infinite loop
 157:main.c        ****     while (1) {
 158:main.c        ****         /* Place your application code here. */
 159:main.c        **** 
 160:main.c        ****         // synchronize with bank
 161:main.c        ****         syncConnection(SYNC_NORM);
 334              		.loc 1 161 0
 335 0032 0020     		movs	r0, #0
 336 0034 FFF7FEFF 		bl	syncConnection
 337              	.LVL31:
 162:main.c        ****         
 163:main.c        ****         //Get the range
 164:main.c        ****         pullMessage(message);
 338              		.loc 1 164 0
 339 0038 01A8     		add	r0, sp, #4
 340 003a FFF7FEFF 		bl	pullMessage
 341              	.LVL32:
 165:main.c        ****         
 166:main.c        ****         //Decrypt the message
 167:main.c        ****         decrypt(message);
 168:main.c        ****         
ARM GAS  C:\Users\Admin\AppData\Local\Temp\ccixtGJe.s 			page 10


 169:main.c        ****         //Check to see if message has a starting valid bill
 170:main.c        ****         token = strtok(message, ",");
 342              		.loc 1 170 0
 343 003e 1449     		ldr	r1, .L21+8
 344 0040 01A8     		add	r0, sp, #4
 345 0042 FFF7FEFF 		bl	strtok
 346              	.LVL33:
 347 0046 0400     		movs	r4, r0
 348              	.LVL34:
 171:main.c        ****         if((uint8) *token == bills_dispensed)
 349              		.loc 1 171 0
 350 0048 0378     		ldrb	r3, [r0]
 351 004a 802B     		cmp	r3, #128
 352 004c F1D1     		bne	.L17
 172:main.c        ****         {
 173:main.c        ****             temptoken = strtok(message, ",");
 353              		.loc 1 173 0
 354 004e 1049     		ldr	r1, .L21+8
 355 0050 01A8     		add	r0, sp, #4
 356              	.LVL35:
 357 0052 FFF7FEFF 		bl	strtok
 358              	.LVL36:
 174:main.c        ****             if((uint8) temptoken + (uint8) token > (uint8)BILLS_LEFT)
 175:main.c        ****             {
 176:main.c        ****                 
 177:main.c        ****             }
 178:main.c        ****             for (i = 0; i < (uint8) *token; i++) {
 359              		.loc 1 178 0
 360 0056 0022     		movs	r2, #0
 361 0058 4723     		movs	r3, #71
 362 005a 6B44     		add	r3, r3, sp
 363 005c 1A70     		strb	r2, [r3]
 364 005e 0CE0     		b	.L18
 365              	.L19:
 179:main.c        ****                 dispenseBill();
 366              		.loc 1 179 0 discriminator 3
 367 0060 FFF7FEFF 		bl	dispenseBill
 368              	.LVL37:
 180:main.c        ****             PIGGY_BANK_Write(&bills_left, BILLS_LEFT, 0x01);
 369              		.loc 1 180 0 discriminator 3
 370 0064 0122     		movs	r2, #1
 371 0066 0949     		ldr	r1, .L21+4
 372 0068 4620     		movs	r0, #70
 373 006a 6844     		add	r0, r0, sp
 374 006c FFF7FEFF 		bl	PIGGY_BANK_Write
 375              	.LVL38:
 178:main.c        ****                 dispenseBill();
 376              		.loc 1 178 0 discriminator 3
 377 0070 4722     		movs	r2, #71
 378 0072 6A44     		add	r2, r2, sp
 379 0074 1378     		ldrb	r3, [r2]
 380 0076 0133     		adds	r3, r3, #1
 381 0078 1370     		strb	r3, [r2]
 382              	.L18:
 178:main.c        ****                 dispenseBill();
 383              		.loc 1 178 0 is_stmt 0 discriminator 1
 384 007a 2278     		ldrb	r2, [r4]
ARM GAS  C:\Users\Admin\AppData\Local\Temp\ccixtGJe.s 			page 11


 385 007c 4723     		movs	r3, #71
 386 007e 6B44     		add	r3, r3, sp
 387 0080 1B78     		ldrb	r3, [r3]
 388 0082 9A42     		cmp	r2, r3
 389 0084 ECD8     		bhi	.L19
 390 0086 D4E7     		b	.L17
 391              	.L22:
 392              		.align	2
 393              	.L21:
 394 0088 00000000 		.word	Reset_ISR
 395 008c 00080000 		.word	.LANCHOR1
 396 0090 24000000 		.word	.LC13
 397              		.cfi_endproc
 398              	.LFE38:
 399              		.size	main, .-main
 400              		.section	.rodata
 401              		.align	2
 402              		.set	.LANCHOR0,. + 0
 403              		.set	.LANCHOR1,. + 2048
 404              		.type	MONEY, %object
 405              		.size	MONEY, 2048
 406              	MONEY:
 407 0000 2A2A2A2A 		.ascii	"*****EMPTY*****\000"
 407      2A454D50 
 407      54592A2A 
 407      2A2A2A00 
 408 0010 00000000 		.space	2032
 408      00000000 
 408      00000000 
 408      00000000 
 408      00000000 
 409              		.type	BILLS_LEFT, %object
 410              		.size	BILLS_LEFT, 1
 411              	BILLS_LEFT:
 412 0800 00       		.space	1
 413 0801 000000   		.space	3
 414              		.type	PROVISIONED.5841, %object
 415              		.size	PROVISIONED.5841, 1
 416              	PROVISIONED.5841:
 417 0804 00       		.space	1
 418              		.section	.rodata.str1.4,"aMS",%progbits,1
 419              		.align	2
 420              	.LC0:
 421 0000 496E2069 		.ascii	"In interrupt\012\000"
 421      6E746572 
 421      72757074 
 421      0A00
 422 000e 0000     		.space	2
 423              	.LC3:
 424 0010 2A2A2A2A 		.ascii	"*****EMPTY*****\000"
 424      2A454D50 
 424      54592A2A 
 424      2A2A2A00 
 425              	.LC6:
 426 0020 4B00     		.ascii	"K\000"
 427 0022 0000     		.space	2
 428              	.LC13:
ARM GAS  C:\Users\Admin\AppData\Local\Temp\ccixtGJe.s 			page 12


 429 0024 2C00     		.ascii	",\000"
 430              		.bss
 431              		.set	.LANCHOR2,. + 0
 432              		.type	stackloc.5825, %object
 433              		.size	stackloc.5825, 1
 434              	stackloc.5825:
 435 0000 00       		.space	1
 436              		.text
 437              	.Letext0:
 438              		.file 2 "usbserialprotocol.h"
 439              		.file 3 "Generated_Source\\PSoC4/SW1.h"
 440              		.file 4 "Generated_Source\\PSoC4/CyLib.h"
 441              		.file 5 "Generated_Source\\PSoC4/PIGGY_BANK.h"
 442              		.file 6 "Generated_Source\\PSoC4/Reset_isr.h"
 443              		.file 7 "Generated_Source\\PSoC4/DB_UART.h"
 444              		.file 8 "c:\\program files (x86)\\cypress\\psoc creator\\4.1\\psoc creator\\import\\gnu\\arm\\5.4.
 445              		.file 9 "Generated_Source\\PSoC4/cytypes.h"
 446              		.section	.debug_info,"",%progbits
 447              	.Ldebug_info0:
 448 0000 69050000 		.4byte	0x569
 449 0004 0400     		.2byte	0x4
 450 0006 00000000 		.4byte	.Ldebug_abbrev0
 451 000a 04       		.byte	0x4
 452 000b 01       		.uleb128 0x1
 453 000c 8B010000 		.4byte	.LASF38
 454 0010 0C       		.byte	0xc
 455 0011 3C020000 		.4byte	.LASF39
 456 0015 F2000000 		.4byte	.LASF40
 457 0019 00000000 		.4byte	.Ldebug_ranges0+0
 458 001d 00000000 		.4byte	0
 459 0021 00000000 		.4byte	.Ldebug_line0
 460 0025 02       		.uleb128 0x2
 461 0026 01       		.byte	0x1
 462 0027 06       		.byte	0x6
 463 0028 98020000 		.4byte	.LASF0
 464 002c 02       		.uleb128 0x2
 465 002d 01       		.byte	0x1
 466 002e 08       		.byte	0x8
 467 002f 9E000000 		.4byte	.LASF1
 468 0033 02       		.uleb128 0x2
 469 0034 02       		.byte	0x2
 470 0035 05       		.byte	0x5
 471 0036 52020000 		.4byte	.LASF2
 472 003a 02       		.uleb128 0x2
 473 003b 02       		.byte	0x2
 474 003c 07       		.byte	0x7
 475 003d 67000000 		.4byte	.LASF3
 476 0041 02       		.uleb128 0x2
 477 0042 04       		.byte	0x4
 478 0043 05       		.byte	0x5
 479 0044 83020000 		.4byte	.LASF4
 480 0048 02       		.uleb128 0x2
 481 0049 04       		.byte	0x4
 482 004a 07       		.byte	0x7
 483 004b BF000000 		.4byte	.LASF5
 484 004f 02       		.uleb128 0x2
 485 0050 08       		.byte	0x8
ARM GAS  C:\Users\Admin\AppData\Local\Temp\ccixtGJe.s 			page 13


 486 0051 05       		.byte	0x5
 487 0052 2E020000 		.4byte	.LASF6
 488 0056 02       		.uleb128 0x2
 489 0057 08       		.byte	0x8
 490 0058 07       		.byte	0x7
 491 0059 64010000 		.4byte	.LASF7
 492 005d 03       		.uleb128 0x3
 493 005e 04       		.byte	0x4
 494 005f 05       		.byte	0x5
 495 0060 696E7400 		.ascii	"int\000"
 496 0064 02       		.uleb128 0x2
 497 0065 04       		.byte	0x4
 498 0066 07       		.byte	0x7
 499 0067 4A010000 		.4byte	.LASF8
 500 006b 04       		.uleb128 0x4
 501 006c D1000000 		.4byte	.LASF41
 502 0070 09       		.byte	0x9
 503 0071 B901     		.2byte	0x1b9
 504 0073 2C000000 		.4byte	0x2c
 505 0077 02       		.uleb128 0x2
 506 0078 04       		.byte	0x4
 507 0079 04       		.byte	0x4
 508 007a 93000000 		.4byte	.LASF9
 509 007e 02       		.uleb128 0x2
 510 007f 08       		.byte	0x8
 511 0080 04       		.byte	0x4
 512 0081 EB000000 		.4byte	.LASF10
 513 0085 02       		.uleb128 0x2
 514 0086 01       		.byte	0x1
 515 0087 08       		.byte	0x8
 516 0088 43020000 		.4byte	.LASF11
 517 008c 02       		.uleb128 0x2
 518 008d 08       		.byte	0x8
 519 008e 04       		.byte	0x4
 520 008f 8C020000 		.4byte	.LASF12
 521 0093 02       		.uleb128 0x2
 522 0094 04       		.byte	0x4
 523 0095 07       		.byte	0x7
 524 0096 19020000 		.4byte	.LASF13
 525 009a 05       		.uleb128 0x5
 526 009b 04       		.byte	0x4
 527 009c 85000000 		.4byte	0x85
 528 00a0 06       		.uleb128 0x6
 529 00a1 48020000 		.4byte	.LASF19
 530 00a5 01       		.byte	0x1
 531 00a6 32       		.byte	0x32
 532 00a7 00000000 		.4byte	.LFB34
 533 00ab 18000000 		.4byte	.LFE34-.LFB34
 534 00af 01       		.uleb128 0x1
 535 00b0 9C       		.byte	0x9c
 536 00b1 E4000000 		.4byte	0xe4
 537 00b5 07       		.uleb128 0x7
 538 00b6 0A000000 		.4byte	.LVL0
 539 00ba F5040000 		.4byte	0x4f5
 540 00be D1000000 		.4byte	0xd1
 541 00c2 08       		.uleb128 0x8
 542 00c3 01       		.uleb128 0x1
ARM GAS  C:\Users\Admin\AppData\Local\Temp\ccixtGJe.s 			page 14


 543 00c4 50       		.byte	0x50
 544 00c5 05       		.uleb128 0x5
 545 00c6 03       		.byte	0x3
 546 00c7 00000000 		.4byte	.LC0
 547 00cb 08       		.uleb128 0x8
 548 00cc 01       		.uleb128 0x1
 549 00cd 51       		.byte	0x51
 550 00ce 01       		.uleb128 0x1
 551 00cf 3D       		.byte	0x3d
 552 00d0 00       		.byte	0
 553 00d1 09       		.uleb128 0x9
 554 00d2 0E000000 		.4byte	.LVL1
 555 00d6 00050000 		.4byte	0x500
 556 00da 09       		.uleb128 0x9
 557 00db 12000000 		.4byte	.LVL2
 558 00df 0B050000 		.4byte	0x50b
 559 00e3 00       		.byte	0
 560 00e4 0A       		.uleb128 0xa
 561 00e5 40010000 		.4byte	.LASF16
 562 00e9 01       		.byte	0x1
 563 00ea 3B       		.byte	0x3b
 564 00eb 00000000 		.4byte	.LFB35
 565 00ef 98000000 		.4byte	.LFE35-.LFB35
 566 00f3 01       		.uleb128 0x1
 567 00f4 9C       		.byte	0x9c
 568 00f5 41020000 		.4byte	0x241
 569 00f9 0B       		.uleb128 0xb
 570 00fa 6900     		.ascii	"i\000"
 571 00fc 01       		.byte	0x1
 572 00fd 3D       		.byte	0x3d
 573 00fe 5D000000 		.4byte	0x5d
 574 0102 00000000 		.4byte	.LLST0
 575 0106 0C       		.uleb128 0xc
 576 0107 00000000 		.4byte	.LASF14
 577 010b 01       		.byte	0x1
 578 010c 3E       		.byte	0x3e
 579 010d 41020000 		.4byte	0x241
 580 0111 03       		.uleb128 0x3
 581 0112 91       		.byte	0x91
 582 0113 B87F     		.sleb128 -72
 583 0115 0C       		.uleb128 0xc
 584 0116 08000000 		.4byte	.LASF15
 585 011a 01       		.byte	0x1
 586 011b 3E       		.byte	0x3e
 587 011c 6B000000 		.4byte	0x6b
 588 0120 03       		.uleb128 0x3
 589 0121 91       		.byte	0x91
 590 0122 B77F     		.sleb128 -73
 591 0124 07       		.uleb128 0x7
 592 0125 16000000 		.4byte	.LVL5
 593 0129 16050000 		.4byte	0x516
 594 012d 4E010000 		.4byte	0x14e
 595 0131 08       		.uleb128 0x8
 596 0132 01       		.uleb128 0x1
 597 0133 50       		.byte	0x50
 598 0134 05       		.uleb128 0x5
 599 0135 03       		.byte	0x3
ARM GAS  C:\Users\Admin\AppData\Local\Temp\ccixtGJe.s 			page 15


 600 0136 10000000 		.4byte	.LC3
 601 013a 08       		.uleb128 0x8
 602 013b 01       		.uleb128 0x1
 603 013c 51       		.byte	0x51
 604 013d 0A       		.uleb128 0xa
 605 013e 74       		.byte	0x74
 606 013f 00       		.sleb128 0
 607 0140 34       		.byte	0x34
 608 0141 24       		.byte	0x24
 609 0142 03       		.byte	0x3
 610 0143 00000000 		.4byte	.LANCHOR0
 611 0147 22       		.byte	0x22
 612 0148 08       		.uleb128 0x8
 613 0149 01       		.uleb128 0x1
 614 014a 52       		.byte	0x52
 615 014b 01       		.uleb128 0x1
 616 014c 40       		.byte	0x40
 617 014d 00       		.byte	0
 618 014e 07       		.uleb128 0x7
 619 014f 22000000 		.4byte	.LVL7
 620 0153 21050000 		.4byte	0x521
 621 0157 61010000 		.4byte	0x161
 622 015b 08       		.uleb128 0x8
 623 015c 01       		.uleb128 0x1
 624 015d 50       		.byte	0x50
 625 015e 01       		.uleb128 0x1
 626 015f 31       		.byte	0x31
 627 0160 00       		.byte	0
 628 0161 07       		.uleb128 0x7
 629 0162 2E000000 		.4byte	.LVL9
 630 0166 2C050000 		.4byte	0x52c
 631 016a 80010000 		.4byte	0x180
 632 016e 08       		.uleb128 0x8
 633 016f 01       		.uleb128 0x1
 634 0170 50       		.byte	0x50
 635 0171 02       		.uleb128 0x2
 636 0172 74       		.byte	0x74
 637 0173 00       		.sleb128 0
 638 0174 08       		.uleb128 0x8
 639 0175 01       		.uleb128 0x1
 640 0176 51       		.byte	0x51
 641 0177 01       		.uleb128 0x1
 642 0178 30       		.byte	0x30
 643 0179 08       		.uleb128 0x8
 644 017a 01       		.uleb128 0x1
 645 017b 52       		.byte	0x52
 646 017c 02       		.uleb128 0x2
 647 017d 08       		.byte	0x8
 648 017e 40       		.byte	0x40
 649 017f 00       		.byte	0
 650 0180 07       		.uleb128 0x7
 651 0181 3A000000 		.4byte	.LVL10
 652 0185 F5040000 		.4byte	0x4f5
 653 0189 99010000 		.4byte	0x199
 654 018d 08       		.uleb128 0x8
 655 018e 01       		.uleb128 0x1
 656 018f 50       		.byte	0x50
ARM GAS  C:\Users\Admin\AppData\Local\Temp\ccixtGJe.s 			page 16


 657 0190 02       		.uleb128 0x2
 658 0191 74       		.byte	0x74
 659 0192 00       		.sleb128 0
 660 0193 08       		.uleb128 0x8
 661 0194 01       		.uleb128 0x1
 662 0195 51       		.byte	0x51
 663 0196 01       		.uleb128 0x1
 664 0197 31       		.byte	0x31
 665 0198 00       		.byte	0
 666 0199 07       		.uleb128 0x7
 667 019a 40000000 		.4byte	.LVL11
 668 019e 35050000 		.4byte	0x535
 669 01a2 AD010000 		.4byte	0x1ad
 670 01a6 08       		.uleb128 0x8
 671 01a7 01       		.uleb128 0x1
 672 01a8 50       		.byte	0x50
 673 01a9 02       		.uleb128 0x2
 674 01aa 74       		.byte	0x74
 675 01ab 00       		.sleb128 0
 676 01ac 00       		.byte	0
 677 01ad 07       		.uleb128 0x7
 678 01ae 50000000 		.4byte	.LVL12
 679 01b2 16050000 		.4byte	0x516
 680 01b6 CF010000 		.4byte	0x1cf
 681 01ba 08       		.uleb128 0x8
 682 01bb 01       		.uleb128 0x1
 683 01bc 50       		.byte	0x50
 684 01bd 02       		.uleb128 0x2
 685 01be 7D       		.byte	0x7d
 686 01bf 07       		.sleb128 7
 687 01c0 08       		.uleb128 0x8
 688 01c1 01       		.uleb128 0x1
 689 01c2 51       		.byte	0x51
 690 01c3 05       		.uleb128 0x5
 691 01c4 03       		.byte	0x3
 692 01c5 00080000 		.4byte	.LANCHOR1
 693 01c9 08       		.uleb128 0x8
 694 01ca 01       		.uleb128 0x1
 695 01cb 52       		.byte	0x52
 696 01cc 01       		.uleb128 0x1
 697 01cd 31       		.byte	0x31
 698 01ce 00       		.byte	0
 699 01cf 07       		.uleb128 0x7
 700 01d0 58000000 		.4byte	.LVL13
 701 01d4 F5040000 		.4byte	0x4f5
 702 01d8 EB010000 		.4byte	0x1eb
 703 01dc 08       		.uleb128 0x8
 704 01dd 01       		.uleb128 0x1
 705 01de 50       		.byte	0x50
 706 01df 05       		.uleb128 0x5
 707 01e0 03       		.byte	0x3
 708 01e1 20000000 		.4byte	.LC6
 709 01e5 08       		.uleb128 0x8
 710 01e6 01       		.uleb128 0x1
 711 01e7 51       		.byte	0x51
 712 01e8 01       		.uleb128 0x1
 713 01e9 31       		.byte	0x31
ARM GAS  C:\Users\Admin\AppData\Local\Temp\ccixtGJe.s 			page 17


 714 01ea 00       		.byte	0
 715 01eb 07       		.uleb128 0x7
 716 01ec 62000000 		.4byte	.LVL15
 717 01f0 35050000 		.4byte	0x535
 718 01f4 00020000 		.4byte	0x200
 719 01f8 08       		.uleb128 0x8
 720 01f9 01       		.uleb128 0x1
 721 01fa 50       		.byte	0x50
 722 01fb 03       		.uleb128 0x3
 723 01fc 91       		.byte	0x91
 724 01fd B87F     		.sleb128 -72
 725 01ff 00       		.byte	0
 726 0200 07       		.uleb128 0x7
 727 0201 70000000 		.4byte	.LVL16
 728 0205 16050000 		.4byte	0x516
 729 0209 28020000 		.4byte	0x228
 730 020d 08       		.uleb128 0x8
 731 020e 01       		.uleb128 0x1
 732 020f 50       		.byte	0x50
 733 0210 03       		.uleb128 0x3
 734 0211 91       		.byte	0x91
 735 0212 B87F     		.sleb128 -72
 736 0214 08       		.uleb128 0x8
 737 0215 01       		.uleb128 0x1
 738 0216 51       		.byte	0x51
 739 0217 0A       		.uleb128 0xa
 740 0218 74       		.byte	0x74
 741 0219 00       		.sleb128 0
 742 021a 34       		.byte	0x34
 743 021b 24       		.byte	0x24
 744 021c 03       		.byte	0x3
 745 021d 00000000 		.4byte	.LANCHOR0
 746 0221 22       		.byte	0x22
 747 0222 08       		.uleb128 0x8
 748 0223 01       		.uleb128 0x1
 749 0224 52       		.byte	0x52
 750 0225 01       		.uleb128 0x1
 751 0226 40       		.byte	0x40
 752 0227 00       		.byte	0
 753 0228 0D       		.uleb128 0xd
 754 0229 78000000 		.4byte	.LVL17
 755 022d F5040000 		.4byte	0x4f5
 756 0231 08       		.uleb128 0x8
 757 0232 01       		.uleb128 0x1
 758 0233 50       		.byte	0x50
 759 0234 05       		.uleb128 0x5
 760 0235 03       		.byte	0x3
 761 0236 20000000 		.4byte	.LC6
 762 023a 08       		.uleb128 0x8
 763 023b 01       		.uleb128 0x1
 764 023c 51       		.byte	0x51
 765 023d 01       		.uleb128 0x1
 766 023e 31       		.byte	0x31
 767 023f 00       		.byte	0
 768 0240 00       		.byte	0
 769 0241 0E       		.uleb128 0xe
 770 0242 6B000000 		.4byte	0x6b
ARM GAS  C:\Users\Admin\AppData\Local\Temp\ccixtGJe.s 			page 18


 771 0246 51020000 		.4byte	0x251
 772 024a 0F       		.uleb128 0xf
 773 024b 93000000 		.4byte	0x93
 774 024f 3F       		.byte	0x3f
 775 0250 00       		.byte	0
 776 0251 0A       		.uleb128 0xa
 777 0252 D7000000 		.4byte	.LASF17
 778 0256 01       		.byte	0x1
 779 0257 5A       		.byte	0x5a
 780 0258 00000000 		.4byte	.LFB36
 781 025c 5C000000 		.4byte	.LFE36-.LFB36
 782 0260 01       		.uleb128 0x1
 783 0261 9C       		.byte	0x9c
 784 0262 E4020000 		.4byte	0x2e4
 785 0266 0C       		.uleb128 0xc
 786 0267 42000000 		.4byte	.LASF18
 787 026b 01       		.byte	0x1
 788 026c 5C       		.byte	0x5c
 789 026d 6B000000 		.4byte	0x6b
 790 0271 05       		.uleb128 0x5
 791 0272 03       		.byte	0x3
 792 0273 00000000 		.4byte	stackloc.5825
 793 0277 0C       		.uleb128 0xc
 794 0278 00000000 		.4byte	.LASF14
 795 027c 01       		.byte	0x1
 796 027d 5D       		.byte	0x5d
 797 027e E4020000 		.4byte	0x2e4
 798 0282 02       		.uleb128 0x2
 799 0283 91       		.byte	0x91
 800 0284 58       		.sleb128 -40
 801 0285 0B       		.uleb128 0xb
 802 0286 70747200 		.ascii	"ptr\000"
 803 028a 01       		.byte	0x1
 804 028b 5E       		.byte	0x5e
 805 028c F4020000 		.4byte	0x2f4
 806 0290 36000000 		.4byte	.LLST1
 807 0294 07       		.uleb128 0x7
 808 0295 12000000 		.4byte	.LVL21
 809 0299 2C050000 		.4byte	0x52c
 810 029d B2020000 		.4byte	0x2b2
 811 02a1 08       		.uleb128 0x8
 812 02a2 01       		.uleb128 0x1
 813 02a3 50       		.byte	0x50
 814 02a4 02       		.uleb128 0x2
 815 02a5 7D       		.byte	0x7d
 816 02a6 00       		.sleb128 0
 817 02a7 08       		.uleb128 0x8
 818 02a8 01       		.uleb128 0x1
 819 02a9 51       		.byte	0x51
 820 02aa 01       		.uleb128 0x1
 821 02ab 30       		.byte	0x30
 822 02ac 08       		.uleb128 0x8
 823 02ad 01       		.uleb128 0x1
 824 02ae 52       		.byte	0x52
 825 02af 01       		.uleb128 0x1
 826 02b0 40       		.byte	0x40
 827 02b1 00       		.byte	0
ARM GAS  C:\Users\Admin\AppData\Local\Temp\ccixtGJe.s 			page 19


 828 02b2 07       		.uleb128 0x7
 829 02b3 2A000000 		.4byte	.LVL23
 830 02b7 F5040000 		.4byte	0x4f5
 831 02bb CB020000 		.4byte	0x2cb
 832 02bf 08       		.uleb128 0x8
 833 02c0 01       		.uleb128 0x1
 834 02c1 50       		.byte	0x50
 835 02c2 02       		.uleb128 0x2
 836 02c3 7D       		.byte	0x7d
 837 02c4 00       		.sleb128 0
 838 02c5 08       		.uleb128 0x8
 839 02c6 01       		.uleb128 0x1
 840 02c7 51       		.byte	0x51
 841 02c8 01       		.uleb128 0x1
 842 02c9 40       		.byte	0x40
 843 02ca 00       		.byte	0
 844 02cb 0D       		.uleb128 0xd
 845 02cc 38000000 		.4byte	.LVL24
 846 02d0 16050000 		.4byte	0x516
 847 02d4 08       		.uleb128 0x8
 848 02d5 01       		.uleb128 0x1
 849 02d6 50       		.byte	0x50
 850 02d7 05       		.uleb128 0x5
 851 02d8 03       		.byte	0x3
 852 02d9 10000000 		.4byte	.LC3
 853 02dd 08       		.uleb128 0x8
 854 02de 01       		.uleb128 0x1
 855 02df 52       		.byte	0x52
 856 02e0 01       		.uleb128 0x1
 857 02e1 40       		.byte	0x40
 858 02e2 00       		.byte	0
 859 02e3 00       		.byte	0
 860 02e4 0E       		.uleb128 0xe
 861 02e5 6B000000 		.4byte	0x6b
 862 02e9 F4020000 		.4byte	0x2f4
 863 02ed 0F       		.uleb128 0xf
 864 02ee 93000000 		.4byte	0x93
 865 02f2 0F       		.byte	0xf
 866 02f3 00       		.byte	0
 867 02f4 05       		.uleb128 0x5
 868 02f5 04       		.byte	0x4
 869 02f6 FF020000 		.4byte	0x2ff
 870 02fa 10       		.uleb128 0x10
 871 02fb 6B000000 		.4byte	0x6b
 872 02ff 11       		.uleb128 0x11
 873 0300 FA020000 		.4byte	0x2fa
 874 0304 06       		.uleb128 0x6
 875 0305 8B000000 		.4byte	.LASF20
 876 0309 01       		.byte	0x1
 877 030a 6B       		.byte	0x6b
 878 030b 00000000 		.4byte	.LFB37
 879 030f 02000000 		.4byte	.LFE37-.LFB37
 880 0313 01       		.uleb128 0x1
 881 0314 9C       		.byte	0x9c
 882 0315 27030000 		.4byte	0x327
 883 0319 12       		.uleb128 0x12
 884 031a 99000000 		.4byte	.LASF42
ARM GAS  C:\Users\Admin\AppData\Local\Temp\ccixtGJe.s 			page 20


 885 031e 01       		.byte	0x1
 886 031f 6B       		.byte	0x6b
 887 0320 9A000000 		.4byte	0x9a
 888 0324 01       		.uleb128 0x1
 889 0325 50       		.byte	0x50
 890 0326 00       		.byte	0
 891 0327 13       		.uleb128 0x13
 892 0328 2D010000 		.4byte	.LASF43
 893 032c 01       		.byte	0x1
 894 032d 70       		.byte	0x70
 895 032e 5D000000 		.4byte	0x5d
 896 0332 00000000 		.4byte	.LFB38
 897 0336 94000000 		.4byte	.LFE38-.LFB38
 898 033a 01       		.uleb128 0x1
 899 033b 9C       		.byte	0x9c
 900 033c 9E040000 		.4byte	0x49e
 901 0340 14       		.uleb128 0x14
 902 0341 08000000 		.4byte	.LASF15
 903 0345 01       		.byte	0x1
 904 0346 79       		.byte	0x79
 905 0347 6B000000 		.4byte	0x6b
 906 034b 15       		.uleb128 0x15
 907 034c 6900     		.ascii	"i\000"
 908 034e 01       		.byte	0x1
 909 034f 79       		.byte	0x79
 910 0350 6B000000 		.4byte	0x6b
 911 0354 02       		.uleb128 0x2
 912 0355 91       		.byte	0x91
 913 0356 77       		.sleb128 -9
 914 0357 0C       		.uleb128 0xc
 915 0358 78020000 		.4byte	.LASF21
 916 035c 01       		.byte	0x1
 917 035d 79       		.byte	0x79
 918 035e 6B000000 		.4byte	0x6b
 919 0362 02       		.uleb128 0x2
 920 0363 91       		.byte	0x91
 921 0364 76       		.sleb128 -10
 922 0365 0C       		.uleb128 0xc
 923 0366 00000000 		.4byte	.LASF14
 924 036a 01       		.byte	0x1
 925 036b 7A       		.byte	0x7a
 926 036c 41020000 		.4byte	0x241
 927 0370 03       		.uleb128 0x3
 928 0371 91       		.byte	0x91
 929 0372 B47F     		.sleb128 -76
 930 0374 16       		.uleb128 0x16
 931 0375 85010000 		.4byte	.LASF22
 932 0379 01       		.byte	0x1
 933 037a 7B       		.byte	0x7b
 934 037b 9A000000 		.4byte	0x9a
 935 037f 53000000 		.4byte	.LLST2
 936 0383 14       		.uleb128 0x14
 937 0384 7B010000 		.4byte	.LASF23
 938 0388 01       		.byte	0x1
 939 0389 7C       		.byte	0x7c
 940 038a 9A000000 		.4byte	0x9a
 941 038e 17       		.uleb128 0x17
ARM GAS  C:\Users\Admin\AppData\Local\Temp\ccixtGJe.s 			page 21


 942 038f 32000000 		.4byte	.LASF24
 943 0393 01       		.byte	0x1
 944 0394 7D       		.byte	0x7d
 945 0395 6B000000 		.4byte	0x6b
 946 0399 807F     		.sleb128 -128
 947 039b 0C       		.uleb128 0xc
 948 039c 5C020000 		.4byte	.LASF25
 949 03a0 01       		.byte	0x1
 950 03a1 89       		.byte	0x89
 951 03a2 AE040000 		.4byte	0x4ae
 952 03a6 05       		.uleb128 0x5
 953 03a7 03       		.byte	0x3
 954 03a8 04080000 		.4byte	PROVISIONED.5841
 955 03ac 15       		.uleb128 0x15
 956 03ad 70747200 		.ascii	"ptr\000"
 957 03b1 01       		.byte	0x1
 958 03b2 8A       		.byte	0x8a
 959 03b3 F4020000 		.4byte	0x2f4
 960 03b7 06       		.uleb128 0x6
 961 03b8 03       		.byte	0x3
 962 03b9 04080000 		.4byte	PROVISIONED.5841
 963 03bd 9F       		.byte	0x9f
 964 03be 07       		.uleb128 0x7
 965 03bf 0C000000 		.4byte	.LVL26
 966 03c3 40050000 		.4byte	0x540
 967 03c7 D5030000 		.4byte	0x3d5
 968 03cb 08       		.uleb128 0x8
 969 03cc 01       		.uleb128 0x1
 970 03cd 50       		.byte	0x50
 971 03ce 05       		.uleb128 0x5
 972 03cf 03       		.byte	0x3
 973 03d0 00000000 		.4byte	Reset_ISR
 974 03d4 00       		.byte	0
 975 03d5 09       		.uleb128 0x9
 976 03d6 10000000 		.4byte	.LVL27
 977 03da 4B050000 		.4byte	0x54b
 978 03de 09       		.uleb128 0x9
 979 03df 14000000 		.4byte	.LVL28
 980 03e3 56050000 		.4byte	0x556
 981 03e7 09       		.uleb128 0x9
 982 03e8 20000000 		.4byte	.LVL29
 983 03ec E4000000 		.4byte	0xe4
 984 03f0 07       		.uleb128 0x7
 985 03f1 32000000 		.4byte	.LVL30
 986 03f5 16050000 		.4byte	0x516
 987 03f9 12040000 		.4byte	0x412
 988 03fd 08       		.uleb128 0x8
 989 03fe 01       		.uleb128 0x1
 990 03ff 50       		.byte	0x50
 991 0400 02       		.uleb128 0x2
 992 0401 91       		.byte	0x91
 993 0402 77       		.sleb128 -9
 994 0403 08       		.uleb128 0x8
 995 0404 01       		.uleb128 0x1
 996 0405 51       		.byte	0x51
 997 0406 05       		.uleb128 0x5
 998 0407 03       		.byte	0x3
ARM GAS  C:\Users\Admin\AppData\Local\Temp\ccixtGJe.s 			page 22


 999 0408 04080000 		.4byte	.LANCHOR1+4
 1000 040c 08       		.uleb128 0x8
 1001 040d 01       		.uleb128 0x1
 1002 040e 52       		.byte	0x52
 1003 040f 01       		.uleb128 0x1
 1004 0410 31       		.byte	0x31
 1005 0411 00       		.byte	0
 1006 0412 07       		.uleb128 0x7
 1007 0413 38000000 		.4byte	.LVL31
 1008 0417 21050000 		.4byte	0x521
 1009 041b 25040000 		.4byte	0x425
 1010 041f 08       		.uleb128 0x8
 1011 0420 01       		.uleb128 0x1
 1012 0421 50       		.byte	0x50
 1013 0422 01       		.uleb128 0x1
 1014 0423 30       		.byte	0x30
 1015 0424 00       		.byte	0
 1016 0425 07       		.uleb128 0x7
 1017 0426 3E000000 		.4byte	.LVL32
 1018 042a 35050000 		.4byte	0x535
 1019 042e 3A040000 		.4byte	0x43a
 1020 0432 08       		.uleb128 0x8
 1021 0433 01       		.uleb128 0x1
 1022 0434 50       		.byte	0x50
 1023 0435 03       		.uleb128 0x3
 1024 0436 91       		.byte	0x91
 1025 0437 B47F     		.sleb128 -76
 1026 0439 00       		.byte	0
 1027 043a 07       		.uleb128 0x7
 1028 043b 46000000 		.4byte	.LVL33
 1029 043f 61050000 		.4byte	0x561
 1030 0443 58040000 		.4byte	0x458
 1031 0447 08       		.uleb128 0x8
 1032 0448 01       		.uleb128 0x1
 1033 0449 50       		.byte	0x50
 1034 044a 03       		.uleb128 0x3
 1035 044b 91       		.byte	0x91
 1036 044c B47F     		.sleb128 -76
 1037 044e 08       		.uleb128 0x8
 1038 044f 01       		.uleb128 0x1
 1039 0450 51       		.byte	0x51
 1040 0451 05       		.uleb128 0x5
 1041 0452 03       		.byte	0x3
 1042 0453 24000000 		.4byte	.LC13
 1043 0457 00       		.byte	0
 1044 0458 07       		.uleb128 0x7
 1045 0459 56000000 		.4byte	.LVL36
 1046 045d 61050000 		.4byte	0x561
 1047 0461 76040000 		.4byte	0x476
 1048 0465 08       		.uleb128 0x8
 1049 0466 01       		.uleb128 0x1
 1050 0467 50       		.byte	0x50
 1051 0468 03       		.uleb128 0x3
 1052 0469 91       		.byte	0x91
 1053 046a B47F     		.sleb128 -76
 1054 046c 08       		.uleb128 0x8
 1055 046d 01       		.uleb128 0x1
ARM GAS  C:\Users\Admin\AppData\Local\Temp\ccixtGJe.s 			page 23


 1056 046e 51       		.byte	0x51
 1057 046f 05       		.uleb128 0x5
 1058 0470 03       		.byte	0x3
 1059 0471 24000000 		.4byte	.LC13
 1060 0475 00       		.byte	0
 1061 0476 09       		.uleb128 0x9
 1062 0477 64000000 		.4byte	.LVL37
 1063 047b 51020000 		.4byte	0x251
 1064 047f 0D       		.uleb128 0xd
 1065 0480 70000000 		.4byte	.LVL38
 1066 0484 16050000 		.4byte	0x516
 1067 0488 08       		.uleb128 0x8
 1068 0489 01       		.uleb128 0x1
 1069 048a 50       		.byte	0x50
 1070 048b 02       		.uleb128 0x2
 1071 048c 91       		.byte	0x91
 1072 048d 76       		.sleb128 -10
 1073 048e 08       		.uleb128 0x8
 1074 048f 01       		.uleb128 0x1
 1075 0490 51       		.byte	0x51
 1076 0491 05       		.uleb128 0x5
 1077 0492 03       		.byte	0x3
 1078 0493 00080000 		.4byte	.LANCHOR1
 1079 0497 08       		.uleb128 0x8
 1080 0498 01       		.uleb128 0x1
 1081 0499 52       		.byte	0x52
 1082 049a 01       		.uleb128 0x1
 1083 049b 31       		.byte	0x31
 1084 049c 00       		.byte	0
 1085 049d 00       		.byte	0
 1086 049e 0E       		.uleb128 0xe
 1087 049f FA020000 		.4byte	0x2fa
 1088 04a3 AE040000 		.4byte	0x4ae
 1089 04a7 0F       		.uleb128 0xf
 1090 04a8 93000000 		.4byte	0x93
 1091 04ac 00       		.byte	0
 1092 04ad 00       		.byte	0
 1093 04ae 10       		.uleb128 0x10
 1094 04af 9E040000 		.4byte	0x49e
 1095 04b3 0E       		.uleb128 0xe
 1096 04b4 FA020000 		.4byte	0x2fa
 1097 04b8 C9040000 		.4byte	0x4c9
 1098 04bc 0F       		.uleb128 0xf
 1099 04bd 93000000 		.4byte	0x93
 1100 04c1 7F       		.byte	0x7f
 1101 04c2 0F       		.uleb128 0xf
 1102 04c3 93000000 		.4byte	0x93
 1103 04c7 0F       		.byte	0xf
 1104 04c8 00       		.byte	0
 1105 04c9 0C       		.uleb128 0xc
 1106 04ca 57010000 		.4byte	.LASF26
 1107 04ce 01       		.byte	0x1
 1108 04cf 2D       		.byte	0x2d
 1109 04d0 DA040000 		.4byte	0x4da
 1110 04d4 05       		.uleb128 0x5
 1111 04d5 03       		.byte	0x3
 1112 04d6 00000000 		.4byte	MONEY
ARM GAS  C:\Users\Admin\AppData\Local\Temp\ccixtGJe.s 			page 24


 1113 04da 10       		.uleb128 0x10
 1114 04db B3040000 		.4byte	0x4b3
 1115 04df 0C       		.uleb128 0xc
 1116 04e0 5C000000 		.4byte	.LASF27
 1117 04e4 01       		.byte	0x1
 1118 04e5 2E       		.byte	0x2e
 1119 04e6 F0040000 		.4byte	0x4f0
 1120 04ea 05       		.uleb128 0x5
 1121 04eb 03       		.byte	0x3
 1122 04ec 00080000 		.4byte	BILLS_LEFT
 1123 04f0 10       		.uleb128 0x10
 1124 04f1 9E040000 		.4byte	0x49e
 1125 04f5 18       		.uleb128 0x18
 1126 04f6 22020000 		.4byte	.LASF28
 1127 04fa 22020000 		.4byte	.LASF28
 1128 04fe 02       		.byte	0x2
 1129 04ff 1E       		.byte	0x1e
 1130 0500 18       		.uleb128 0x18
 1131 0501 AC000000 		.4byte	.LASF29
 1132 0505 AC000000 		.4byte	.LASF29
 1133 0509 03       		.byte	0x3
 1134 050a 39       		.byte	0x39
 1135 050b 18       		.uleb128 0x18
 1136 050c 68020000 		.4byte	.LASF30
 1137 0510 68020000 		.4byte	.LASF30
 1138 0514 04       		.byte	0x4
 1139 0515 E4       		.byte	0xe4
 1140 0516 18       		.uleb128 0x18
 1141 0517 7A000000 		.4byte	.LASF31
 1142 051b 7A000000 		.4byte	.LASF31
 1143 051f 05       		.byte	0x5
 1144 0520 2F       		.byte	0x2f
 1145 0521 18       		.uleb128 0x18
 1146 0522 11000000 		.4byte	.LASF32
 1147 0526 11000000 		.4byte	.LASF32
 1148 052a 02       		.byte	0x2
 1149 052b 2B       		.byte	0x2b
 1150 052c 19       		.uleb128 0x19
 1151 052d E4000000 		.4byte	.LASF44
 1152 0531 E4000000 		.4byte	.LASF44
 1153 0535 18       		.uleb128 0x18
 1154 0536 A4020000 		.4byte	.LASF33
 1155 053a A4020000 		.4byte	.LASF33
 1156 053e 02       		.byte	0x2
 1157 053f 25       		.byte	0x25
 1158 0540 18       		.uleb128 0x18
 1159 0541 20000000 		.4byte	.LASF34
 1160 0545 20000000 		.4byte	.LASF34
 1161 0549 06       		.byte	0x6
 1162 054a 18       		.byte	0x18
 1163 054b 18       		.uleb128 0x18
 1164 054c 4B000000 		.4byte	.LASF35
 1165 0550 4B000000 		.4byte	.LASF35
 1166 0554 05       		.byte	0x5
 1167 0555 29       		.byte	0x29
 1168 0556 18       		.uleb128 0x18
 1169 0557 32010000 		.4byte	.LASF36
ARM GAS  C:\Users\Admin\AppData\Local\Temp\ccixtGJe.s 			page 25


 1170 055b 32010000 		.4byte	.LASF36
 1171 055f 07       		.byte	0x7
 1172 0560 6E       		.byte	0x6e
 1173 0561 18       		.uleb128 0x18
 1174 0562 5D010000 		.4byte	.LASF37
 1175 0566 5D010000 		.4byte	.LASF37
 1176 056a 08       		.byte	0x8
 1177 056b 2A       		.byte	0x2a
 1178 056c 00       		.byte	0
 1179              		.section	.debug_abbrev,"",%progbits
 1180              	.Ldebug_abbrev0:
 1181 0000 01       		.uleb128 0x1
 1182 0001 11       		.uleb128 0x11
 1183 0002 01       		.byte	0x1
 1184 0003 25       		.uleb128 0x25
 1185 0004 0E       		.uleb128 0xe
 1186 0005 13       		.uleb128 0x13
 1187 0006 0B       		.uleb128 0xb
 1188 0007 03       		.uleb128 0x3
 1189 0008 0E       		.uleb128 0xe
 1190 0009 1B       		.uleb128 0x1b
 1191 000a 0E       		.uleb128 0xe
 1192 000b 55       		.uleb128 0x55
 1193 000c 17       		.uleb128 0x17
 1194 000d 11       		.uleb128 0x11
 1195 000e 01       		.uleb128 0x1
 1196 000f 10       		.uleb128 0x10
 1197 0010 17       		.uleb128 0x17
 1198 0011 00       		.byte	0
 1199 0012 00       		.byte	0
 1200 0013 02       		.uleb128 0x2
 1201 0014 24       		.uleb128 0x24
 1202 0015 00       		.byte	0
 1203 0016 0B       		.uleb128 0xb
 1204 0017 0B       		.uleb128 0xb
 1205 0018 3E       		.uleb128 0x3e
 1206 0019 0B       		.uleb128 0xb
 1207 001a 03       		.uleb128 0x3
 1208 001b 0E       		.uleb128 0xe
 1209 001c 00       		.byte	0
 1210 001d 00       		.byte	0
 1211 001e 03       		.uleb128 0x3
 1212 001f 24       		.uleb128 0x24
 1213 0020 00       		.byte	0
 1214 0021 0B       		.uleb128 0xb
 1215 0022 0B       		.uleb128 0xb
 1216 0023 3E       		.uleb128 0x3e
 1217 0024 0B       		.uleb128 0xb
 1218 0025 03       		.uleb128 0x3
 1219 0026 08       		.uleb128 0x8
 1220 0027 00       		.byte	0
 1221 0028 00       		.byte	0
 1222 0029 04       		.uleb128 0x4
 1223 002a 16       		.uleb128 0x16
 1224 002b 00       		.byte	0
 1225 002c 03       		.uleb128 0x3
 1226 002d 0E       		.uleb128 0xe
ARM GAS  C:\Users\Admin\AppData\Local\Temp\ccixtGJe.s 			page 26


 1227 002e 3A       		.uleb128 0x3a
 1228 002f 0B       		.uleb128 0xb
 1229 0030 3B       		.uleb128 0x3b
 1230 0031 05       		.uleb128 0x5
 1231 0032 49       		.uleb128 0x49
 1232 0033 13       		.uleb128 0x13
 1233 0034 00       		.byte	0
 1234 0035 00       		.byte	0
 1235 0036 05       		.uleb128 0x5
 1236 0037 0F       		.uleb128 0xf
 1237 0038 00       		.byte	0
 1238 0039 0B       		.uleb128 0xb
 1239 003a 0B       		.uleb128 0xb
 1240 003b 49       		.uleb128 0x49
 1241 003c 13       		.uleb128 0x13
 1242 003d 00       		.byte	0
 1243 003e 00       		.byte	0
 1244 003f 06       		.uleb128 0x6
 1245 0040 2E       		.uleb128 0x2e
 1246 0041 01       		.byte	0x1
 1247 0042 3F       		.uleb128 0x3f
 1248 0043 19       		.uleb128 0x19
 1249 0044 03       		.uleb128 0x3
 1250 0045 0E       		.uleb128 0xe
 1251 0046 3A       		.uleb128 0x3a
 1252 0047 0B       		.uleb128 0xb
 1253 0048 3B       		.uleb128 0x3b
 1254 0049 0B       		.uleb128 0xb
 1255 004a 27       		.uleb128 0x27
 1256 004b 19       		.uleb128 0x19
 1257 004c 11       		.uleb128 0x11
 1258 004d 01       		.uleb128 0x1
 1259 004e 12       		.uleb128 0x12
 1260 004f 06       		.uleb128 0x6
 1261 0050 40       		.uleb128 0x40
 1262 0051 18       		.uleb128 0x18
 1263 0052 9742     		.uleb128 0x2117
 1264 0054 19       		.uleb128 0x19
 1265 0055 01       		.uleb128 0x1
 1266 0056 13       		.uleb128 0x13
 1267 0057 00       		.byte	0
 1268 0058 00       		.byte	0
 1269 0059 07       		.uleb128 0x7
 1270 005a 898201   		.uleb128 0x4109
 1271 005d 01       		.byte	0x1
 1272 005e 11       		.uleb128 0x11
 1273 005f 01       		.uleb128 0x1
 1274 0060 31       		.uleb128 0x31
 1275 0061 13       		.uleb128 0x13
 1276 0062 01       		.uleb128 0x1
 1277 0063 13       		.uleb128 0x13
 1278 0064 00       		.byte	0
 1279 0065 00       		.byte	0
 1280 0066 08       		.uleb128 0x8
 1281 0067 8A8201   		.uleb128 0x410a
 1282 006a 00       		.byte	0
 1283 006b 02       		.uleb128 0x2
ARM GAS  C:\Users\Admin\AppData\Local\Temp\ccixtGJe.s 			page 27


 1284 006c 18       		.uleb128 0x18
 1285 006d 9142     		.uleb128 0x2111
 1286 006f 18       		.uleb128 0x18
 1287 0070 00       		.byte	0
 1288 0071 00       		.byte	0
 1289 0072 09       		.uleb128 0x9
 1290 0073 898201   		.uleb128 0x4109
 1291 0076 00       		.byte	0
 1292 0077 11       		.uleb128 0x11
 1293 0078 01       		.uleb128 0x1
 1294 0079 31       		.uleb128 0x31
 1295 007a 13       		.uleb128 0x13
 1296 007b 00       		.byte	0
 1297 007c 00       		.byte	0
 1298 007d 0A       		.uleb128 0xa
 1299 007e 2E       		.uleb128 0x2e
 1300 007f 01       		.byte	0x1
 1301 0080 3F       		.uleb128 0x3f
 1302 0081 19       		.uleb128 0x19
 1303 0082 03       		.uleb128 0x3
 1304 0083 0E       		.uleb128 0xe
 1305 0084 3A       		.uleb128 0x3a
 1306 0085 0B       		.uleb128 0xb
 1307 0086 3B       		.uleb128 0x3b
 1308 0087 0B       		.uleb128 0xb
 1309 0088 11       		.uleb128 0x11
 1310 0089 01       		.uleb128 0x1
 1311 008a 12       		.uleb128 0x12
 1312 008b 06       		.uleb128 0x6
 1313 008c 40       		.uleb128 0x40
 1314 008d 18       		.uleb128 0x18
 1315 008e 9742     		.uleb128 0x2117
 1316 0090 19       		.uleb128 0x19
 1317 0091 01       		.uleb128 0x1
 1318 0092 13       		.uleb128 0x13
 1319 0093 00       		.byte	0
 1320 0094 00       		.byte	0
 1321 0095 0B       		.uleb128 0xb
 1322 0096 34       		.uleb128 0x34
 1323 0097 00       		.byte	0
 1324 0098 03       		.uleb128 0x3
 1325 0099 08       		.uleb128 0x8
 1326 009a 3A       		.uleb128 0x3a
 1327 009b 0B       		.uleb128 0xb
 1328 009c 3B       		.uleb128 0x3b
 1329 009d 0B       		.uleb128 0xb
 1330 009e 49       		.uleb128 0x49
 1331 009f 13       		.uleb128 0x13
 1332 00a0 02       		.uleb128 0x2
 1333 00a1 17       		.uleb128 0x17
 1334 00a2 00       		.byte	0
 1335 00a3 00       		.byte	0
 1336 00a4 0C       		.uleb128 0xc
 1337 00a5 34       		.uleb128 0x34
 1338 00a6 00       		.byte	0
 1339 00a7 03       		.uleb128 0x3
 1340 00a8 0E       		.uleb128 0xe
ARM GAS  C:\Users\Admin\AppData\Local\Temp\ccixtGJe.s 			page 28


 1341 00a9 3A       		.uleb128 0x3a
 1342 00aa 0B       		.uleb128 0xb
 1343 00ab 3B       		.uleb128 0x3b
 1344 00ac 0B       		.uleb128 0xb
 1345 00ad 49       		.uleb128 0x49
 1346 00ae 13       		.uleb128 0x13
 1347 00af 02       		.uleb128 0x2
 1348 00b0 18       		.uleb128 0x18
 1349 00b1 00       		.byte	0
 1350 00b2 00       		.byte	0
 1351 00b3 0D       		.uleb128 0xd
 1352 00b4 898201   		.uleb128 0x4109
 1353 00b7 01       		.byte	0x1
 1354 00b8 11       		.uleb128 0x11
 1355 00b9 01       		.uleb128 0x1
 1356 00ba 31       		.uleb128 0x31
 1357 00bb 13       		.uleb128 0x13
 1358 00bc 00       		.byte	0
 1359 00bd 00       		.byte	0
 1360 00be 0E       		.uleb128 0xe
 1361 00bf 01       		.uleb128 0x1
 1362 00c0 01       		.byte	0x1
 1363 00c1 49       		.uleb128 0x49
 1364 00c2 13       		.uleb128 0x13
 1365 00c3 01       		.uleb128 0x1
 1366 00c4 13       		.uleb128 0x13
 1367 00c5 00       		.byte	0
 1368 00c6 00       		.byte	0
 1369 00c7 0F       		.uleb128 0xf
 1370 00c8 21       		.uleb128 0x21
 1371 00c9 00       		.byte	0
 1372 00ca 49       		.uleb128 0x49
 1373 00cb 13       		.uleb128 0x13
 1374 00cc 2F       		.uleb128 0x2f
 1375 00cd 0B       		.uleb128 0xb
 1376 00ce 00       		.byte	0
 1377 00cf 00       		.byte	0
 1378 00d0 10       		.uleb128 0x10
 1379 00d1 26       		.uleb128 0x26
 1380 00d2 00       		.byte	0
 1381 00d3 49       		.uleb128 0x49
 1382 00d4 13       		.uleb128 0x13
 1383 00d5 00       		.byte	0
 1384 00d6 00       		.byte	0
 1385 00d7 11       		.uleb128 0x11
 1386 00d8 35       		.uleb128 0x35
 1387 00d9 00       		.byte	0
 1388 00da 49       		.uleb128 0x49
 1389 00db 13       		.uleb128 0x13
 1390 00dc 00       		.byte	0
 1391 00dd 00       		.byte	0
 1392 00de 12       		.uleb128 0x12
 1393 00df 05       		.uleb128 0x5
 1394 00e0 00       		.byte	0
 1395 00e1 03       		.uleb128 0x3
 1396 00e2 0E       		.uleb128 0xe
 1397 00e3 3A       		.uleb128 0x3a
ARM GAS  C:\Users\Admin\AppData\Local\Temp\ccixtGJe.s 			page 29


 1398 00e4 0B       		.uleb128 0xb
 1399 00e5 3B       		.uleb128 0x3b
 1400 00e6 0B       		.uleb128 0xb
 1401 00e7 49       		.uleb128 0x49
 1402 00e8 13       		.uleb128 0x13
 1403 00e9 02       		.uleb128 0x2
 1404 00ea 18       		.uleb128 0x18
 1405 00eb 00       		.byte	0
 1406 00ec 00       		.byte	0
 1407 00ed 13       		.uleb128 0x13
 1408 00ee 2E       		.uleb128 0x2e
 1409 00ef 01       		.byte	0x1
 1410 00f0 3F       		.uleb128 0x3f
 1411 00f1 19       		.uleb128 0x19
 1412 00f2 03       		.uleb128 0x3
 1413 00f3 0E       		.uleb128 0xe
 1414 00f4 3A       		.uleb128 0x3a
 1415 00f5 0B       		.uleb128 0xb
 1416 00f6 3B       		.uleb128 0x3b
 1417 00f7 0B       		.uleb128 0xb
 1418 00f8 27       		.uleb128 0x27
 1419 00f9 19       		.uleb128 0x19
 1420 00fa 49       		.uleb128 0x49
 1421 00fb 13       		.uleb128 0x13
 1422 00fc 8701     		.uleb128 0x87
 1423 00fe 19       		.uleb128 0x19
 1424 00ff 11       		.uleb128 0x11
 1425 0100 01       		.uleb128 0x1
 1426 0101 12       		.uleb128 0x12
 1427 0102 06       		.uleb128 0x6
 1428 0103 40       		.uleb128 0x40
 1429 0104 18       		.uleb128 0x18
 1430 0105 9742     		.uleb128 0x2117
 1431 0107 19       		.uleb128 0x19
 1432 0108 01       		.uleb128 0x1
 1433 0109 13       		.uleb128 0x13
 1434 010a 00       		.byte	0
 1435 010b 00       		.byte	0
 1436 010c 14       		.uleb128 0x14
 1437 010d 34       		.uleb128 0x34
 1438 010e 00       		.byte	0
 1439 010f 03       		.uleb128 0x3
 1440 0110 0E       		.uleb128 0xe
 1441 0111 3A       		.uleb128 0x3a
 1442 0112 0B       		.uleb128 0xb
 1443 0113 3B       		.uleb128 0x3b
 1444 0114 0B       		.uleb128 0xb
 1445 0115 49       		.uleb128 0x49
 1446 0116 13       		.uleb128 0x13
 1447 0117 00       		.byte	0
 1448 0118 00       		.byte	0
 1449 0119 15       		.uleb128 0x15
 1450 011a 34       		.uleb128 0x34
 1451 011b 00       		.byte	0
 1452 011c 03       		.uleb128 0x3
 1453 011d 08       		.uleb128 0x8
 1454 011e 3A       		.uleb128 0x3a
ARM GAS  C:\Users\Admin\AppData\Local\Temp\ccixtGJe.s 			page 30


 1455 011f 0B       		.uleb128 0xb
 1456 0120 3B       		.uleb128 0x3b
 1457 0121 0B       		.uleb128 0xb
 1458 0122 49       		.uleb128 0x49
 1459 0123 13       		.uleb128 0x13
 1460 0124 02       		.uleb128 0x2
 1461 0125 18       		.uleb128 0x18
 1462 0126 00       		.byte	0
 1463 0127 00       		.byte	0
 1464 0128 16       		.uleb128 0x16
 1465 0129 34       		.uleb128 0x34
 1466 012a 00       		.byte	0
 1467 012b 03       		.uleb128 0x3
 1468 012c 0E       		.uleb128 0xe
 1469 012d 3A       		.uleb128 0x3a
 1470 012e 0B       		.uleb128 0xb
 1471 012f 3B       		.uleb128 0x3b
 1472 0130 0B       		.uleb128 0xb
 1473 0131 49       		.uleb128 0x49
 1474 0132 13       		.uleb128 0x13
 1475 0133 02       		.uleb128 0x2
 1476 0134 17       		.uleb128 0x17
 1477 0135 00       		.byte	0
 1478 0136 00       		.byte	0
 1479 0137 17       		.uleb128 0x17
 1480 0138 34       		.uleb128 0x34
 1481 0139 00       		.byte	0
 1482 013a 03       		.uleb128 0x3
 1483 013b 0E       		.uleb128 0xe
 1484 013c 3A       		.uleb128 0x3a
 1485 013d 0B       		.uleb128 0xb
 1486 013e 3B       		.uleb128 0x3b
 1487 013f 0B       		.uleb128 0xb
 1488 0140 49       		.uleb128 0x49
 1489 0141 13       		.uleb128 0x13
 1490 0142 1C       		.uleb128 0x1c
 1491 0143 0D       		.uleb128 0xd
 1492 0144 00       		.byte	0
 1493 0145 00       		.byte	0
 1494 0146 18       		.uleb128 0x18
 1495 0147 2E       		.uleb128 0x2e
 1496 0148 00       		.byte	0
 1497 0149 3F       		.uleb128 0x3f
 1498 014a 19       		.uleb128 0x19
 1499 014b 3C       		.uleb128 0x3c
 1500 014c 19       		.uleb128 0x19
 1501 014d 6E       		.uleb128 0x6e
 1502 014e 0E       		.uleb128 0xe
 1503 014f 03       		.uleb128 0x3
 1504 0150 0E       		.uleb128 0xe
 1505 0151 3A       		.uleb128 0x3a
 1506 0152 0B       		.uleb128 0xb
 1507 0153 3B       		.uleb128 0x3b
 1508 0154 0B       		.uleb128 0xb
 1509 0155 00       		.byte	0
 1510 0156 00       		.byte	0
 1511 0157 19       		.uleb128 0x19
ARM GAS  C:\Users\Admin\AppData\Local\Temp\ccixtGJe.s 			page 31


 1512 0158 2E       		.uleb128 0x2e
 1513 0159 00       		.byte	0
 1514 015a 3F       		.uleb128 0x3f
 1515 015b 19       		.uleb128 0x19
 1516 015c 3C       		.uleb128 0x3c
 1517 015d 19       		.uleb128 0x19
 1518 015e 6E       		.uleb128 0x6e
 1519 015f 0E       		.uleb128 0xe
 1520 0160 03       		.uleb128 0x3
 1521 0161 0E       		.uleb128 0xe
 1522 0162 00       		.byte	0
 1523 0163 00       		.byte	0
 1524 0164 00       		.byte	0
 1525              		.section	.debug_loc,"",%progbits
 1526              	.Ldebug_loc0:
 1527              	.LLST0:
 1528 0000 04000000 		.4byte	.LVL3
 1529 0004 08000000 		.4byte	.LVL4
 1530 0008 0200     		.2byte	0x2
 1531 000a 30       		.byte	0x30
 1532 000b 9F       		.byte	0x9f
 1533 000c 08000000 		.4byte	.LVL4
 1534 0010 24000000 		.4byte	.LVL8
 1535 0014 0100     		.2byte	0x1
 1536 0016 54       		.byte	0x54
 1537 0017 58000000 		.4byte	.LVL13
 1538 001b 5C000000 		.4byte	.LVL14
 1539 001f 0200     		.2byte	0x2
 1540 0021 30       		.byte	0x30
 1541 0022 9F       		.byte	0x9f
 1542 0023 5C000000 		.4byte	.LVL14
 1543 0027 86000000 		.4byte	.LVL19
 1544 002b 0100     		.2byte	0x1
 1545 002d 54       		.byte	0x54
 1546 002e 00000000 		.4byte	0
 1547 0032 00000000 		.4byte	0
 1548              	.LLST1:
 1549 0036 08000000 		.4byte	.LVL20
 1550 003a 1E000000 		.4byte	.LVL22
 1551 003e 0B00     		.2byte	0xb
 1552 0040 74       		.byte	0x74
 1553 0041 00       		.sleb128 0
 1554 0042 34       		.byte	0x34
 1555 0043 24       		.byte	0x24
 1556 0044 03       		.byte	0x3
 1557 0045 00000000 		.4byte	MONEY
 1558 0049 22       		.byte	0x22
 1559 004a 9F       		.byte	0x9f
 1560 004b 00000000 		.4byte	0
 1561 004f 00000000 		.4byte	0
 1562              	.LLST2:
 1563 0053 48000000 		.4byte	.LVL34
 1564 0057 52000000 		.4byte	.LVL35
 1565 005b 0100     		.2byte	0x1
 1566 005d 50       		.byte	0x50
 1567 005e 52000000 		.4byte	.LVL35
 1568 0062 94000000 		.4byte	.LFE38
ARM GAS  C:\Users\Admin\AppData\Local\Temp\ccixtGJe.s 			page 32


 1569 0066 0100     		.2byte	0x1
 1570 0068 54       		.byte	0x54
 1571 0069 00000000 		.4byte	0
 1572 006d 00000000 		.4byte	0
 1573              		.section	.debug_aranges,"",%progbits
 1574 0000 3C000000 		.4byte	0x3c
 1575 0004 0200     		.2byte	0x2
 1576 0006 00000000 		.4byte	.Ldebug_info0
 1577 000a 04       		.byte	0x4
 1578 000b 00       		.byte	0
 1579 000c 0000     		.2byte	0
 1580 000e 0000     		.2byte	0
 1581 0010 00000000 		.4byte	.LFB34
 1582 0014 18000000 		.4byte	.LFE34-.LFB34
 1583 0018 00000000 		.4byte	.LFB35
 1584 001c 98000000 		.4byte	.LFE35-.LFB35
 1585 0020 00000000 		.4byte	.LFB36
 1586 0024 5C000000 		.4byte	.LFE36-.LFB36
 1587 0028 00000000 		.4byte	.LFB37
 1588 002c 02000000 		.4byte	.LFE37-.LFB37
 1589 0030 00000000 		.4byte	.LFB38
 1590 0034 94000000 		.4byte	.LFE38-.LFB38
 1591 0038 00000000 		.4byte	0
 1592 003c 00000000 		.4byte	0
 1593              		.section	.debug_ranges,"",%progbits
 1594              	.Ldebug_ranges0:
 1595 0000 00000000 		.4byte	.LFB34
 1596 0004 18000000 		.4byte	.LFE34
 1597 0008 00000000 		.4byte	.LFB35
 1598 000c 98000000 		.4byte	.LFE35
 1599 0010 00000000 		.4byte	.LFB36
 1600 0014 5C000000 		.4byte	.LFE36
 1601 0018 00000000 		.4byte	.LFB37
 1602 001c 02000000 		.4byte	.LFE37
 1603 0020 00000000 		.4byte	.LFB38
 1604 0024 94000000 		.4byte	.LFE38
 1605 0028 00000000 		.4byte	0
 1606 002c 00000000 		.4byte	0
 1607              		.section	.debug_line,"",%progbits
 1608              	.Ldebug_line0:
 1609 0000 C8010000 		.section	.debug_str,"MS",%progbits,1
 1609      02000C01 
 1609      00000201 
 1609      FB0E0D00 
 1609      01010101 
 1610              	.LASF14:
 1611 0000 6D657373 		.ascii	"message\000"
 1611      61676500 
 1612              	.LASF15:
 1613 0008 6E756D62 		.ascii	"numbills\000"
 1613      696C6C73 
 1613      00
 1614              	.LASF32:
 1615 0011 73796E63 		.ascii	"syncConnection\000"
 1615      436F6E6E 
 1615      65637469 
 1615      6F6E00
ARM GAS  C:\Users\Admin\AppData\Local\Temp\ccixtGJe.s 			page 33


 1616              	.LASF34:
 1617 0020 52657365 		.ascii	"Reset_isr_StartEx\000"
 1617      745F6973 
 1617      725F5374 
 1617      61727445 
 1617      7800
 1618              	.LASF24:
 1619 0032 62696C6C 		.ascii	"bills_dispensed\000"
 1619      735F6469 
 1619      7370656E 
 1619      73656400 
 1620              	.LASF18:
 1621 0042 73746163 		.ascii	"stackloc\000"
 1621      6B6C6F63 
 1621      00
 1622              	.LASF35:
 1623 004b 50494747 		.ascii	"PIGGY_BANK_Start\000"
 1623      595F4241 
 1623      4E4B5F53 
 1623      74617274 
 1623      00
 1624              	.LASF27:
 1625 005c 42494C4C 		.ascii	"BILLS_LEFT\000"
 1625      535F4C45 
 1625      465400
 1626              	.LASF3:
 1627 0067 73686F72 		.ascii	"short unsigned int\000"
 1627      7420756E 
 1627      7369676E 
 1627      65642069 
 1627      6E7400
 1628              	.LASF31:
 1629 007a 50494747 		.ascii	"PIGGY_BANK_Write\000"
 1629      595F4241 
 1629      4E4B5F57 
 1629      72697465 
 1629      00
 1630              	.LASF20:
 1631 008b 64656372 		.ascii	"decrypt\000"
 1631      79707400 
 1632              	.LASF9:
 1633 0093 666C6F61 		.ascii	"float\000"
 1633      7400
 1634              	.LASF42:
 1635 0099 64617461 		.ascii	"data\000"
 1635      00
 1636              	.LASF1:
 1637 009e 756E7369 		.ascii	"unsigned char\000"
 1637      676E6564 
 1637      20636861 
 1637      7200
 1638              	.LASF29:
 1639 00ac 5357315F 		.ascii	"SW1_ClearInterrupt\000"
 1639      436C6561 
 1639      72496E74 
 1639      65727275 
 1639      707400
ARM GAS  C:\Users\Admin\AppData\Local\Temp\ccixtGJe.s 			page 34


 1640              	.LASF5:
 1641 00bf 6C6F6E67 		.ascii	"long unsigned int\000"
 1641      20756E73 
 1641      69676E65 
 1641      6420696E 
 1641      7400
 1642              	.LASF41:
 1643 00d1 75696E74 		.ascii	"uint8\000"
 1643      3800
 1644              	.LASF17:
 1645 00d7 64697370 		.ascii	"dispenseBill\000"
 1645      656E7365 
 1645      42696C6C 
 1645      00
 1646              	.LASF44:
 1647 00e4 6D656D73 		.ascii	"memset\000"
 1647      657400
 1648              	.LASF10:
 1649 00eb 646F7562 		.ascii	"double\000"
 1649      6C6500
 1650              	.LASF40:
 1651 00f2 433A5C55 		.ascii	"C:\\Users\\Admin\\Documents\\GitHub\\ectf\\SECURITY"
 1651      73657273 
 1651      5C41646D 
 1651      696E5C44 
 1651      6F63756D 
 1652 011f 5F4D4F44 		.ascii	"_MODULE.cydsn\000"
 1652      554C452E 
 1652      63796473 
 1652      6E00
 1653              	.LASF43:
 1654 012d 6D61696E 		.ascii	"main\000"
 1654      00
 1655              	.LASF36:
 1656 0132 44425F55 		.ascii	"DB_UART_Start\000"
 1656      4152545F 
 1656      53746172 
 1656      7400
 1657              	.LASF16:
 1658 0140 70726F76 		.ascii	"provision\000"
 1658      6973696F 
 1658      6E00
 1659              	.LASF8:
 1660 014a 756E7369 		.ascii	"unsigned int\000"
 1660      676E6564 
 1660      20696E74 
 1660      00
 1661              	.LASF26:
 1662 0157 4D4F4E45 		.ascii	"MONEY\000"
 1662      5900
 1663              	.LASF37:
 1664 015d 73747274 		.ascii	"strtok\000"
 1664      6F6B00
 1665              	.LASF7:
 1666 0164 6C6F6E67 		.ascii	"long long unsigned int\000"
 1666      206C6F6E 
 1666      6720756E 
ARM GAS  C:\Users\Admin\AppData\Local\Temp\ccixtGJe.s 			page 35


 1666      7369676E 
 1666      65642069 
 1667              	.LASF23:
 1668 017b 74656D70 		.ascii	"temptoken\000"
 1668      746F6B65 
 1668      6E00
 1669              	.LASF22:
 1670 0185 746F6B65 		.ascii	"token\000"
 1670      6E00
 1671              	.LASF38:
 1672 018b 474E5520 		.ascii	"GNU C11 5.4.1 20160609 (release) [ARM/embedded-5-br"
 1672      43313120 
 1672      352E342E 
 1672      31203230 
 1672      31363036 
 1673 01be 616E6368 		.ascii	"anch revision 237715] -mcpu=cortex-m0 -mthumb -g -O"
 1673      20726576 
 1673      6973696F 
 1673      6E203233 
 1673      37373135 
 1674 01f1 67202D66 		.ascii	"g -ffunction-sections -ffat-lto-objects\000"
 1674      66756E63 
 1674      74696F6E 
 1674      2D736563 
 1674      74696F6E 
 1675              	.LASF13:
 1676 0219 73697A65 		.ascii	"sizetype\000"
 1676      74797065 
 1676      00
 1677              	.LASF28:
 1678 0222 70757368 		.ascii	"pushMessage\000"
 1678      4D657373 
 1678      61676500 
 1679              	.LASF6:
 1680 022e 6C6F6E67 		.ascii	"long long int\000"
 1680      206C6F6E 
 1680      6720696E 
 1680      7400
 1681              	.LASF39:
 1682 023c 6D61696E 		.ascii	"main.c\000"
 1682      2E6300
 1683              	.LASF11:
 1684 0243 63686172 		.ascii	"char\000"
 1684      00
 1685              	.LASF19:
 1686 0248 52657365 		.ascii	"Reset_ISR\000"
 1686      745F4953 
 1686      5200
 1687              	.LASF2:
 1688 0252 73686F72 		.ascii	"short int\000"
 1688      7420696E 
 1688      7400
 1689              	.LASF25:
 1690 025c 50524F56 		.ascii	"PROVISIONED\000"
 1690      4953494F 
 1690      4E454400 
 1691              	.LASF30:
ARM GAS  C:\Users\Admin\AppData\Local\Temp\ccixtGJe.s 			page 36


 1692 0268 4379536F 		.ascii	"CySoftwareReset\000"
 1692      66747761 
 1692      72655265 
 1692      73657400 
 1693              	.LASF21:
 1694 0278 62696C6C 		.ascii	"bills_left\000"
 1694      735F6C65 
 1694      667400
 1695              	.LASF4:
 1696 0283 6C6F6E67 		.ascii	"long int\000"
 1696      20696E74 
 1696      00
 1697              	.LASF12:
 1698 028c 6C6F6E67 		.ascii	"long double\000"
 1698      20646F75 
 1698      626C6500 
 1699              	.LASF0:
 1700 0298 7369676E 		.ascii	"signed char\000"
 1700      65642063 
 1700      68617200 
 1701              	.LASF33:
 1702 02a4 70756C6C 		.ascii	"pullMessage\000"
 1702      4D657373 
 1702      61676500 
 1703              		.ident	"GCC: (GNU Tools for ARM Embedded Processors) 5.4.1 20160609 (release) [ARM/embedded-5-bran
