ARM GAS  C:\Users\Admin\AppData\Local\Temp\ccGR7apl.s 			page 1


   1              		.syntax unified
   2              		.cpu cortex-m0
   3              		.fpu softvfp
   4              		.eabi_attribute 20, 1
   5              		.eabi_attribute 21, 1
   6              		.eabi_attribute 23, 3
   7              		.eabi_attribute 24, 1
   8              		.eabi_attribute 25, 1
   9              		.eabi_attribute 26, 1
  10              		.eabi_attribute 30, 1
  11              		.eabi_attribute 34, 0
  12              		.eabi_attribute 18, 4
  13              		.thumb
  14              		.syntax unified
  15              		.file	"usbserialprotocol.c"
  16              		.text
  17              	.Ltext0:
  18              		.cfi_sections	.debug_frame
  19              		.section	.text.getValidByte,"ax",%progbits
  20              		.align	2
  21              		.global	getValidByte
  22              		.code	16
  23              		.thumb_func
  24              		.type	getValidByte, %function
  25              	getValidByte:
  26              	.LFB34:
  27              		.file 1 "usbserialprotocol.c"
   1:usbserialprotocol.c **** /* ========================================
   2:usbserialprotocol.c ****  *
   3:usbserialprotocol.c ****  * Copyright YOUR COMPANY, THE YEAR
   4:usbserialprotocol.c ****  * All Rights Reserved
   5:usbserialprotocol.c ****  * UNPUBLISHED, LICENSED SOFTWARE.
   6:usbserialprotocol.c ****  *
   7:usbserialprotocol.c ****  * CONFIDENTIAL AND PROPRIETARY INFORMATION
   8:usbserialprotocol.c ****  * WHICH IS THE PROPERTY OF your company.
   9:usbserialprotocol.c ****  *
  10:usbserialprotocol.c ****  * ========================================
  11:usbserialprotocol.c **** */
  12:usbserialprotocol.c **** 
  13:usbserialprotocol.c **** #include "usbserialprotocol.h"
  14:usbserialprotocol.c **** 
  15:usbserialprotocol.c **** #define RECV_OK 0
  16:usbserialprotocol.c **** #define RECV_ER 1
  17:usbserialprotocol.c **** #define RDY_MSG_RECV "READY"
  18:usbserialprotocol.c **** #define RDY_MSG_NORM "HSM_N"
  19:usbserialprotocol.c **** #define RDY_MSG_PROV "HSM_P"
  20:usbserialprotocol.c **** #define RDY_BAD "BAD"
  21:usbserialprotocol.c **** #define GO_MSG "GO"
  22:usbserialprotocol.c **** 
  23:usbserialprotocol.c **** 
  24:usbserialprotocol.c **** uint8 getValidByte()
  25:usbserialprotocol.c **** {
  28              		.loc 1 25 0
  29              		.cfi_startproc
  30              		@ args = 0, pretend = 0, frame = 0
  31              		@ frame_needed = 0, uses_anonymous_args = 0
  32 0000 10B5     		push	{r4, lr}
ARM GAS  C:\Users\Admin\AppData\Local\Temp\ccGR7apl.s 			page 2


  33              		.cfi_def_cfa_offset 8
  34              		.cfi_offset 4, -8
  35              		.cfi_offset 14, -4
  36              	.L2:
  26:usbserialprotocol.c ****     uint8 retval = 0u;
  27:usbserialprotocol.c ****     while(DB_UART_SpiUartGetRxBufferSize() < 1); // wait for byte
  37              		.loc 1 27 0 discriminator 1
  38 0002 FFF7FEFF 		bl	DB_UART_SpiUartGetRxBufferSize
  39              	.LVL0:
  40 0006 0028     		cmp	r0, #0
  41 0008 FBD0     		beq	.L2
  28:usbserialprotocol.c ****     retval = DB_UART_UartGetByte();
  42              		.loc 1 28 0
  43 000a FFF7FEFF 		bl	DB_UART_UartGetByte
  44              	.LVL1:
  45 000e C0B2     		uxtb	r0, r0
  46              	.LVL2:
  29:usbserialprotocol.c ****     return retval;
  30:usbserialprotocol.c **** }
  47              		.loc 1 30 0
  48              		@ sp needed
  49 0010 10BD     		pop	{r4, pc}
  50              		.cfi_endproc
  51              	.LFE34:
  52              		.size	getValidByte, .-getValidByte
  53 0012 C046     		.section	.text.pushMessage,"ax",%progbits
  54              		.align	2
  55              		.global	pushMessage
  56              		.code	16
  57              		.thumb_func
  58              		.type	pushMessage, %function
  59              	pushMessage:
  60              	.LFB35:
  31:usbserialprotocol.c **** 
  32:usbserialprotocol.c **** 
  33:usbserialprotocol.c **** int pushMessage(const uint8 data[], uint8 size)
  34:usbserialprotocol.c **** {
  61              		.loc 1 34 0
  62              		.cfi_startproc
  63              		@ args = 0, pretend = 0, frame = 0
  64              		@ frame_needed = 0, uses_anonymous_args = 0
  65              	.LVL3:
  66 0000 70B5     		push	{r4, r5, r6, lr}
  67              		.cfi_def_cfa_offset 16
  68              		.cfi_offset 4, -16
  69              		.cfi_offset 5, -12
  70              		.cfi_offset 6, -8
  71              		.cfi_offset 14, -4
  72 0002 0600     		movs	r6, r0
  73 0004 0D00     		movs	r5, r1
  35:usbserialprotocol.c ****     int i;
  36:usbserialprotocol.c **** 
  37:usbserialprotocol.c ****     DB_UART_UartPutChar(size);
  74              		.loc 1 37 0
  75 0006 0800     		movs	r0, r1
  76              	.LVL4:
  77 0008 FFF7FEFF 		bl	DB_UART_SpiUartWriteTxData
ARM GAS  C:\Users\Admin\AppData\Local\Temp\ccGR7apl.s 			page 3


  78              	.LVL5:
  38:usbserialprotocol.c ****     
  39:usbserialprotocol.c ****     for (i = 0; i < size; i++) {
  79              		.loc 1 39 0
  80 000c 0024     		movs	r4, #0
  81 000e 03E0     		b	.L4
  82              	.LVL6:
  83              	.L5:
  40:usbserialprotocol.c ****         DB_UART_UartPutChar(data[i]);   
  84              		.loc 1 40 0 discriminator 3
  85 0010 305D     		ldrb	r0, [r6, r4]
  86 0012 FFF7FEFF 		bl	DB_UART_SpiUartWriteTxData
  87              	.LVL7:
  39:usbserialprotocol.c ****         DB_UART_UartPutChar(data[i]);   
  88              		.loc 1 39 0 discriminator 3
  89 0016 0134     		adds	r4, r4, #1
  90              	.LVL8:
  91              	.L4:
  39:usbserialprotocol.c ****         DB_UART_UartPutChar(data[i]);   
  92              		.loc 1 39 0 is_stmt 0 discriminator 1
  93 0018 AC42     		cmp	r4, r5
  94 001a F9DB     		blt	.L5
  41:usbserialprotocol.c ****     }
  42:usbserialprotocol.c ****     
  43:usbserialprotocol.c ****     return RECV_OK;
  44:usbserialprotocol.c **** }
  95              		.loc 1 44 0 is_stmt 1
  96 001c 0020     		movs	r0, #0
  97              		@ sp needed
  98              	.LVL9:
  99              	.LVL10:
 100 001e 70BD     		pop	{r4, r5, r6, pc}
 101              		.cfi_endproc
 102              	.LFE35:
 103              		.size	pushMessage, .-pushMessage
 104              		.section	.text.pullMessage,"ax",%progbits
 105              		.align	2
 106              		.global	pullMessage
 107              		.code	16
 108              		.thumb_func
 109              		.type	pullMessage, %function
 110              	pullMessage:
 111              	.LFB36:
  45:usbserialprotocol.c **** 
  46:usbserialprotocol.c **** 
  47:usbserialprotocol.c **** uint8 pullMessage(uint8 data[])
  48:usbserialprotocol.c **** {
 112              		.loc 1 48 0
 113              		.cfi_startproc
 114              		@ args = 0, pretend = 0, frame = 8
 115              		@ frame_needed = 0, uses_anonymous_args = 0
 116              	.LVL11:
 117 0000 F0B5     		push	{r4, r5, r6, r7, lr}
 118              		.cfi_def_cfa_offset 20
 119              		.cfi_offset 4, -20
 120              		.cfi_offset 5, -16
 121              		.cfi_offset 6, -12
ARM GAS  C:\Users\Admin\AppData\Local\Temp\ccGR7apl.s 			page 4


 122              		.cfi_offset 7, -8
 123              		.cfi_offset 14, -4
 124 0002 83B0     		sub	sp, sp, #12
 125              		.cfi_def_cfa_offset 32
 126 0004 0600     		movs	r6, r0
  49:usbserialprotocol.c ****     int i, len;
  50:usbserialprotocol.c ****     
  51:usbserialprotocol.c ****     len = getValidByte();
 127              		.loc 1 51 0
 128 0006 FFF7FEFF 		bl	getValidByte
 129              	.LVL12:
 130 000a 0190     		str	r0, [sp, #4]
 131 000c 0700     		movs	r7, r0
 132              	.LVL13:
  52:usbserialprotocol.c ****     
  53:usbserialprotocol.c ****     for (i = 0; i < len; i++) {
 133              		.loc 1 53 0
 134 000e 0024     		movs	r4, #0
 135 0010 04E0     		b	.L7
 136              	.LVL14:
 137              	.L8:
  54:usbserialprotocol.c ****         data[i] = getValidByte();   
 138              		.loc 1 54 0 discriminator 3
 139 0012 3519     		adds	r5, r6, r4
 140 0014 FFF7FEFF 		bl	getValidByte
 141              	.LVL15:
 142 0018 2870     		strb	r0, [r5]
  53:usbserialprotocol.c ****         data[i] = getValidByte();   
 143              		.loc 1 53 0 discriminator 3
 144 001a 0134     		adds	r4, r4, #1
 145              	.LVL16:
 146              	.L7:
  53:usbserialprotocol.c ****         data[i] = getValidByte();   
 147              		.loc 1 53 0 is_stmt 0 discriminator 1
 148 001c BC42     		cmp	r4, r7
 149 001e F8DB     		blt	.L8
  55:usbserialprotocol.c ****     }
  56:usbserialprotocol.c ****     
  57:usbserialprotocol.c ****     return len;
  58:usbserialprotocol.c **** }
 150              		.loc 1 58 0 is_stmt 1
 151 0020 0198     		ldr	r0, [sp, #4]
 152 0022 03B0     		add	sp, sp, #12
 153              		@ sp needed
 154              	.LVL17:
 155              	.LVL18:
 156              	.LVL19:
 157 0024 F0BD     		pop	{r4, r5, r6, r7, pc}
 158              		.cfi_endproc
 159              	.LFE36:
 160              		.size	pullMessage, .-pullMessage
 161 0026 C046     		.section	.text.syncConnection,"ax",%progbits
 162              		.align	2
 163              		.global	syncConnection
 164              		.code	16
 165              		.thumb_func
 166              		.type	syncConnection, %function
ARM GAS  C:\Users\Admin\AppData\Local\Temp\ccGR7apl.s 			page 5


 167              	syncConnection:
 168              	.LFB37:
  59:usbserialprotocol.c **** 
  60:usbserialprotocol.c **** /* 
  61:usbserialprotocol.c ****  * generic PSoC synchronization protocol:
  62:usbserialprotocol.c ****  *
  63:usbserialprotocol.c ****  * 1) ATM -> "READY" -> PSoC
  64:usbserialprotocol.c ****  * 2) if bad:  PSoC -> received bad message -> ATM; goto 1)
  65:usbserialprotocol.c ****  *    if good: PSoC -> PSoC name (prov/norm) -> ATM
  66:usbserialprotocol.c ****  * 3) ATM -> "GO" -> PSoC
  67:usbserialprotocol.c ****  * 4) if bad: goto 1)
  68:usbserialprotocol.c ****  */
  69:usbserialprotocol.c **** void syncConnection(int prov) 
  70:usbserialprotocol.c **** {
 169              		.loc 1 70 0
 170              		.cfi_startproc
 171              		@ args = 0, pretend = 0, frame = 8
 172              		@ frame_needed = 0, uses_anonymous_args = 0
 173              	.LVL20:
 174 0000 10B5     		push	{r4, lr}
 175              		.cfi_def_cfa_offset 8
 176              		.cfi_offset 4, -8
 177              		.cfi_offset 14, -4
 178 0002 82B0     		sub	sp, sp, #8
 179              		.cfi_def_cfa_offset 16
 180 0004 0400     		movs	r4, r0
  71:usbserialprotocol.c ****     uint8 message[6];
  72:usbserialprotocol.c ****     memset(message,0,6);    
 181              		.loc 1 72 0
 182 0006 0622     		movs	r2, #6
 183 0008 0021     		movs	r1, #0
 184 000a 6846     		mov	r0, sp
 185              	.LVL21:
 186 000c FFF7FEFF 		bl	memset
 187              	.LVL22:
 188              	.L13:
  73:usbserialprotocol.c ****     // marco-polo with bank until connection is in sync
  74:usbserialprotocol.c ****     do {
  75:usbserialprotocol.c ****         pullMessage(message);                               // 1)
 189              		.loc 1 75 0
 190 0010 6846     		mov	r0, sp
 191 0012 FFF7FEFF 		bl	pullMessage
 192              	.LVL23:
  76:usbserialprotocol.c ****         pushMessage(message, 6);
 193              		.loc 1 76 0
 194 0016 0621     		movs	r1, #6
 195 0018 6846     		mov	r0, sp
 196 001a FFF7FEFF 		bl	pushMessage
 197              	.LVL24:
  77:usbserialprotocol.c ****         if ( strcmp((char*)message, RDY_MSG_RECV) ) {
 198              		.loc 1 77 0
 199 001e 1349     		ldr	r1, .L14
 200 0020 6846     		mov	r0, sp
 201 0022 FFF7FEFF 		bl	strcmp
 202              	.LVL25:
 203 0026 0028     		cmp	r0, #0
 204 0028 06D0     		beq	.L10
ARM GAS  C:\Users\Admin\AppData\Local\Temp\ccGR7apl.s 			page 6


  78:usbserialprotocol.c ****             pushMessage(message, 6);   // 2) bad
 205              		.loc 1 78 0
 206 002a 0621     		movs	r1, #6
 207 002c 6846     		mov	r0, sp
 208 002e FFF7FEFF 		bl	pushMessage
 209              	.LVL26:
  79:usbserialprotocol.c ****             strcpy((char*)message, RDY_BAD);
 210              		.loc 1 79 0
 211 0032 0F4B     		ldr	r3, .L14+4
 212 0034 0093     		str	r3, [sp]
 213 0036 10E0     		b	.L11
 214              	.L10:
  80:usbserialprotocol.c ****         } else if (prov) {
 215              		.loc 1 80 0
 216 0038 002C     		cmp	r4, #0
 217 003a 07D0     		beq	.L12
  81:usbserialprotocol.c ****             pushMessage((uint8*)RDY_MSG_PROV, 
 218              		.loc 1 81 0
 219 003c 0521     		movs	r1, #5
 220 003e 0D48     		ldr	r0, .L14+8
 221 0040 FFF7FEFF 		bl	pushMessage
 222              	.LVL27:
  82:usbserialprotocol.c ****                         5);              // 2) good prov
  83:usbserialprotocol.c ****             
  84:usbserialprotocol.c ****             pullMessage(message);                           // 3)
 223              		.loc 1 84 0
 224 0044 6846     		mov	r0, sp
 225 0046 FFF7FEFF 		bl	pullMessage
 226              	.LVL28:
 227 004a 06E0     		b	.L11
 228              	.L12:
  85:usbserialprotocol.c ****         } else {
  86:usbserialprotocol.c ****             pushMessage((uint8*)"HSM_N", 
 229              		.loc 1 86 0
 230 004c 0521     		movs	r1, #5
 231 004e 0A48     		ldr	r0, .L14+12
 232 0050 FFF7FEFF 		bl	pushMessage
 233              	.LVL29:
  87:usbserialprotocol.c ****                         5);              // 2) good norm
  88:usbserialprotocol.c ****             
  89:usbserialprotocol.c ****             pullMessage(message);                           // 3
 234              		.loc 1 89 0
 235 0054 6846     		mov	r0, sp
 236 0056 FFF7FEFF 		bl	pullMessage
 237              	.LVL30:
 238              	.L11:
  90:usbserialprotocol.c ****         }
  91:usbserialprotocol.c ****         
  92:usbserialprotocol.c ****     } while (strcmp((char*)message, GO_MSG));               // 4)
 239              		.loc 1 92 0
 240 005a 0849     		ldr	r1, .L14+16
 241 005c 6846     		mov	r0, sp
 242 005e FFF7FEFF 		bl	strcmp
 243              	.LVL31:
 244 0062 0028     		cmp	r0, #0
 245 0064 D4D1     		bne	.L13
  93:usbserialprotocol.c **** }
ARM GAS  C:\Users\Admin\AppData\Local\Temp\ccGR7apl.s 			page 7


 246              		.loc 1 93 0
 247 0066 02B0     		add	sp, sp, #8
 248              		@ sp needed
 249              	.LVL32:
 250 0068 10BD     		pop	{r4, pc}
 251              	.L15:
 252 006a C046     		.align	2
 253              	.L14:
 254 006c 00000000 		.word	.LC0
 255 0070 42414400 		.word	4473154
 256 0074 08000000 		.word	.LC2
 257 0078 10000000 		.word	.LC4
 258 007c 18000000 		.word	.LC6
 259              		.cfi_endproc
 260              	.LFE37:
 261              		.size	syncConnection, .-syncConnection
 262              		.section	.rodata.str1.4,"aMS",%progbits,1
 263              		.align	2
 264              	.LC0:
 265 0000 52454144 		.ascii	"READY\000"
 265      5900
 266 0006 0000     		.space	2
 267              	.LC2:
 268 0008 48534D5F 		.ascii	"HSM_P\000"
 268      5000
 269 000e 0000     		.space	2
 270              	.LC4:
 271 0010 48534D5F 		.ascii	"HSM_N\000"
 271      4E00
 272 0016 0000     		.space	2
 273              	.LC6:
 274 0018 474F00   		.ascii	"GO\000"
 275              		.text
 276              	.Letext0:
 277              		.file 2 "Generated_Source\\PSoC4/cytypes.h"
 278              		.file 3 "Generated_Source\\PSoC4/DB_UART_SPI_UART.h"
 279              		.file 4 "c:\\program files (x86)\\cypress\\psoc creator\\4.1\\psoc creator\\import\\gnu\\arm\\5.4.
 280              		.section	.debug_info,"",%progbits
 281              	.Ldebug_info0:
 282 0000 1B030000 		.4byte	0x31b
 283 0004 0400     		.2byte	0x4
 284 0006 00000000 		.4byte	.Ldebug_abbrev0
 285 000a 04       		.byte	0x4
 286 000b 01       		.uleb128 0x1
 287 000c 20010000 		.4byte	.LASF29
 288 0010 0C       		.byte	0xc
 289 0011 AE010000 		.4byte	.LASF30
 290 0015 AD000000 		.4byte	.LASF31
 291 0019 00000000 		.4byte	.Ldebug_ranges0+0
 292 001d 00000000 		.4byte	0
 293 0021 00000000 		.4byte	.Ldebug_line0
 294 0025 02       		.uleb128 0x2
 295 0026 01       		.byte	0x1
 296 0027 06       		.byte	0x6
 297 0028 2B020000 		.4byte	.LASF0
 298 002c 02       		.uleb128 0x2
 299 002d 01       		.byte	0x1
ARM GAS  C:\Users\Admin\AppData\Local\Temp\ccGR7apl.s 			page 8


 300 002e 08       		.byte	0x8
 301 002f 7D000000 		.4byte	.LASF1
 302 0033 02       		.uleb128 0x2
 303 0034 02       		.byte	0x2
 304 0035 05       		.byte	0x5
 305 0036 0C020000 		.4byte	.LASF2
 306 003a 02       		.uleb128 0x2
 307 003b 02       		.byte	0x2
 308 003c 07       		.byte	0x7
 309 003d 17000000 		.4byte	.LASF3
 310 0041 02       		.uleb128 0x2
 311 0042 04       		.byte	0x4
 312 0043 05       		.byte	0x5
 313 0044 16020000 		.4byte	.LASF4
 314 0048 02       		.uleb128 0x2
 315 0049 04       		.byte	0x4
 316 004a 07       		.byte	0x7
 317 004b 65000000 		.4byte	.LASF5
 318 004f 02       		.uleb128 0x2
 319 0050 08       		.byte	0x8
 320 0051 05       		.byte	0x5
 321 0052 DE010000 		.4byte	.LASF6
 322 0056 02       		.uleb128 0x2
 323 0057 08       		.byte	0x8
 324 0058 07       		.byte	0x7
 325 0059 FC000000 		.4byte	.LASF7
 326 005d 03       		.uleb128 0x3
 327 005e 04       		.byte	0x4
 328 005f 05       		.byte	0x5
 329 0060 696E7400 		.ascii	"int\000"
 330 0064 02       		.uleb128 0x2
 331 0065 04       		.byte	0x4
 332 0066 07       		.byte	0x7
 333 0067 EF000000 		.4byte	.LASF8
 334 006b 04       		.uleb128 0x4
 335 006c 77000000 		.4byte	.LASF9
 336 0070 02       		.byte	0x2
 337 0071 B901     		.2byte	0x1b9
 338 0073 2C000000 		.4byte	0x2c
 339 0077 04       		.uleb128 0x4
 340 0078 E8000000 		.4byte	.LASF10
 341 007c 02       		.byte	0x2
 342 007d BB01     		.2byte	0x1bb
 343 007f 48000000 		.4byte	0x48
 344 0083 02       		.uleb128 0x2
 345 0084 04       		.byte	0x4
 346 0085 04       		.byte	0x4
 347 0086 4E000000 		.4byte	.LASF11
 348 008a 02       		.uleb128 0x2
 349 008b 08       		.byte	0x8
 350 008c 04       		.byte	0x4
 351 008d A6000000 		.4byte	.LASF12
 352 0091 02       		.uleb128 0x2
 353 0092 01       		.byte	0x1
 354 0093 08       		.byte	0x8
 355 0094 EC010000 		.4byte	.LASF13
 356 0098 02       		.uleb128 0x2
ARM GAS  C:\Users\Admin\AppData\Local\Temp\ccGR7apl.s 			page 9


 357 0099 08       		.byte	0x8
 358 009a 04       		.byte	0x4
 359 009b 1F020000 		.4byte	.LASF14
 360 009f 02       		.uleb128 0x2
 361 00a0 04       		.byte	0x4
 362 00a1 07       		.byte	0x7
 363 00a2 C9010000 		.4byte	.LASF15
 364 00a6 05       		.uleb128 0x5
 365 00a7 04       		.byte	0x4
 366 00a8 6B000000 		.4byte	0x6b
 367 00ac 06       		.uleb128 0x6
 368 00ad 13010000 		.4byte	.LASF21
 369 00b1 01       		.byte	0x1
 370 00b2 18       		.byte	0x18
 371 00b3 6B000000 		.4byte	0x6b
 372 00b7 00000000 		.4byte	.LFB34
 373 00bb 12000000 		.4byte	.LFE34-.LFB34
 374 00bf 01       		.uleb128 0x1
 375 00c0 9C       		.byte	0x9c
 376 00c1 E5000000 		.4byte	0xe5
 377 00c5 07       		.uleb128 0x7
 378 00c6 5E000000 		.4byte	.LASF18
 379 00ca 01       		.byte	0x1
 380 00cb 1A       		.byte	0x1a
 381 00cc 6B000000 		.4byte	0x6b
 382 00d0 01       		.uleb128 0x1
 383 00d1 50       		.byte	0x50
 384 00d2 08       		.uleb128 0x8
 385 00d3 06000000 		.4byte	.LVL0
 386 00d7 E6020000 		.4byte	0x2e6
 387 00db 08       		.uleb128 0x8
 388 00dc 0E000000 		.4byte	.LVL1
 389 00e0 F2020000 		.4byte	0x2f2
 390 00e4 00       		.byte	0
 391 00e5 09       		.uleb128 0x9
 392 00e6 D2010000 		.4byte	.LASF19
 393 00ea 01       		.byte	0x1
 394 00eb 21       		.byte	0x21
 395 00ec 5D000000 		.4byte	0x5d
 396 00f0 00000000 		.4byte	.LFB35
 397 00f4 20000000 		.4byte	.LFE35-.LFB35
 398 00f8 01       		.uleb128 0x1
 399 00f9 9C       		.byte	0x9c
 400 00fa 47010000 		.4byte	0x147
 401 00fe 0A       		.uleb128 0xa
 402 00ff 54000000 		.4byte	.LASF16
 403 0103 01       		.byte	0x1
 404 0104 21       		.byte	0x21
 405 0105 47010000 		.4byte	0x147
 406 0109 00000000 		.4byte	.LLST0
 407 010d 0A       		.uleb128 0xa
 408 010e 59000000 		.4byte	.LASF17
 409 0112 01       		.byte	0x1
 410 0113 21       		.byte	0x21
 411 0114 6B000000 		.4byte	0x6b
 412 0118 2C000000 		.4byte	.LLST1
 413 011c 0B       		.uleb128 0xb
ARM GAS  C:\Users\Admin\AppData\Local\Temp\ccGR7apl.s 			page 10


 414 011d 6900     		.ascii	"i\000"
 415 011f 01       		.byte	0x1
 416 0120 23       		.byte	0x23
 417 0121 5D000000 		.4byte	0x5d
 418 0125 4D000000 		.4byte	.LLST2
 419 0129 0C       		.uleb128 0xc
 420 012a 0C000000 		.4byte	.LVL5
 421 012e FE020000 		.4byte	0x2fe
 422 0132 3D010000 		.4byte	0x13d
 423 0136 0D       		.uleb128 0xd
 424 0137 01       		.uleb128 0x1
 425 0138 50       		.byte	0x50
 426 0139 02       		.uleb128 0x2
 427 013a 75       		.byte	0x75
 428 013b 00       		.sleb128 0
 429 013c 00       		.byte	0
 430 013d 08       		.uleb128 0x8
 431 013e 16000000 		.4byte	.LVL7
 432 0142 FE020000 		.4byte	0x2fe
 433 0146 00       		.byte	0
 434 0147 05       		.uleb128 0x5
 435 0148 04       		.byte	0x4
 436 0149 4D010000 		.4byte	0x14d
 437 014d 0E       		.uleb128 0xe
 438 014e 6B000000 		.4byte	0x6b
 439 0152 09       		.uleb128 0x9
 440 0153 37020000 		.4byte	.LASF20
 441 0157 01       		.byte	0x1
 442 0158 2F       		.byte	0x2f
 443 0159 6B000000 		.4byte	0x6b
 444 015d 00000000 		.4byte	.LFB36
 445 0161 26000000 		.4byte	.LFE36-.LFB36
 446 0165 01       		.uleb128 0x1
 447 0166 9C       		.byte	0x9c
 448 0167 A9010000 		.4byte	0x1a9
 449 016b 0A       		.uleb128 0xa
 450 016c 54000000 		.4byte	.LASF16
 451 0170 01       		.byte	0x1
 452 0171 2F       		.byte	0x2f
 453 0172 A6000000 		.4byte	0xa6
 454 0176 6C000000 		.4byte	.LLST3
 455 017a 0B       		.uleb128 0xb
 456 017b 6900     		.ascii	"i\000"
 457 017d 01       		.byte	0x1
 458 017e 31       		.byte	0x31
 459 017f 5D000000 		.4byte	0x5d
 460 0183 98000000 		.4byte	.LLST4
 461 0187 0B       		.uleb128 0xb
 462 0188 6C656E00 		.ascii	"len\000"
 463 018c 01       		.byte	0x1
 464 018d 31       		.byte	0x31
 465 018e 5D000000 		.4byte	0x5d
 466 0192 B7000000 		.4byte	.LLST5
 467 0196 08       		.uleb128 0x8
 468 0197 0A000000 		.4byte	.LVL12
 469 019b AC000000 		.4byte	0xac
 470 019f 08       		.uleb128 0x8
ARM GAS  C:\Users\Admin\AppData\Local\Temp\ccGR7apl.s 			page 11


 471 01a0 18000000 		.4byte	.LVL15
 472 01a4 AC000000 		.4byte	0xac
 473 01a8 00       		.byte	0
 474 01a9 0F       		.uleb128 0xf
 475 01aa 08000000 		.4byte	.LASF22
 476 01ae 01       		.byte	0x1
 477 01af 45       		.byte	0x45
 478 01b0 00000000 		.4byte	.LFB37
 479 01b4 80000000 		.4byte	.LFE37-.LFB37
 480 01b8 01       		.uleb128 0x1
 481 01b9 9C       		.byte	0x9c
 482 01ba D6020000 		.4byte	0x2d6
 483 01be 0A       		.uleb128 0xa
 484 01bf 49000000 		.4byte	.LASF23
 485 01c3 01       		.byte	0x1
 486 01c4 45       		.byte	0x45
 487 01c5 5D000000 		.4byte	0x5d
 488 01c9 E1000000 		.4byte	.LLST6
 489 01cd 07       		.uleb128 0x7
 490 01ce 00000000 		.4byte	.LASF24
 491 01d2 01       		.byte	0x1
 492 01d3 47       		.byte	0x47
 493 01d4 D6020000 		.4byte	0x2d6
 494 01d8 02       		.uleb128 0x2
 495 01d9 91       		.byte	0x91
 496 01da 70       		.sleb128 -16
 497 01db 0C       		.uleb128 0xc
 498 01dc 10000000 		.4byte	.LVL22
 499 01e0 0A030000 		.4byte	0x30a
 500 01e4 F9010000 		.4byte	0x1f9
 501 01e8 0D       		.uleb128 0xd
 502 01e9 01       		.uleb128 0x1
 503 01ea 50       		.byte	0x50
 504 01eb 02       		.uleb128 0x2
 505 01ec 7D       		.byte	0x7d
 506 01ed 00       		.sleb128 0
 507 01ee 0D       		.uleb128 0xd
 508 01ef 01       		.uleb128 0x1
 509 01f0 51       		.byte	0x51
 510 01f1 01       		.uleb128 0x1
 511 01f2 30       		.byte	0x30
 512 01f3 0D       		.uleb128 0xd
 513 01f4 01       		.uleb128 0x1
 514 01f5 52       		.byte	0x52
 515 01f6 01       		.uleb128 0x1
 516 01f7 36       		.byte	0x36
 517 01f8 00       		.byte	0
 518 01f9 0C       		.uleb128 0xc
 519 01fa 16000000 		.4byte	.LVL23
 520 01fe 52010000 		.4byte	0x152
 521 0202 0D020000 		.4byte	0x20d
 522 0206 0D       		.uleb128 0xd
 523 0207 01       		.uleb128 0x1
 524 0208 50       		.byte	0x50
 525 0209 02       		.uleb128 0x2
 526 020a 7D       		.byte	0x7d
 527 020b 00       		.sleb128 0
ARM GAS  C:\Users\Admin\AppData\Local\Temp\ccGR7apl.s 			page 12


 528 020c 00       		.byte	0
 529 020d 0C       		.uleb128 0xc
 530 020e 1E000000 		.4byte	.LVL24
 531 0212 E5000000 		.4byte	0xe5
 532 0216 26020000 		.4byte	0x226
 533 021a 0D       		.uleb128 0xd
 534 021b 01       		.uleb128 0x1
 535 021c 50       		.byte	0x50
 536 021d 02       		.uleb128 0x2
 537 021e 7D       		.byte	0x7d
 538 021f 00       		.sleb128 0
 539 0220 0D       		.uleb128 0xd
 540 0221 01       		.uleb128 0x1
 541 0222 51       		.byte	0x51
 542 0223 01       		.uleb128 0x1
 543 0224 36       		.byte	0x36
 544 0225 00       		.byte	0
 545 0226 0C       		.uleb128 0xc
 546 0227 26000000 		.4byte	.LVL25
 547 022b 13030000 		.4byte	0x313
 548 022f 43020000 		.4byte	0x243
 549 0233 0D       		.uleb128 0xd
 550 0234 01       		.uleb128 0x1
 551 0235 50       		.byte	0x50
 552 0236 02       		.uleb128 0x2
 553 0237 7D       		.byte	0x7d
 554 0238 00       		.sleb128 0
 555 0239 0D       		.uleb128 0xd
 556 023a 01       		.uleb128 0x1
 557 023b 51       		.byte	0x51
 558 023c 05       		.uleb128 0x5
 559 023d 03       		.byte	0x3
 560 023e 00000000 		.4byte	.LC0
 561 0242 00       		.byte	0
 562 0243 0C       		.uleb128 0xc
 563 0244 32000000 		.4byte	.LVL26
 564 0248 E5000000 		.4byte	0xe5
 565 024c 5C020000 		.4byte	0x25c
 566 0250 0D       		.uleb128 0xd
 567 0251 01       		.uleb128 0x1
 568 0252 50       		.byte	0x50
 569 0253 02       		.uleb128 0x2
 570 0254 7D       		.byte	0x7d
 571 0255 00       		.sleb128 0
 572 0256 0D       		.uleb128 0xd
 573 0257 01       		.uleb128 0x1
 574 0258 51       		.byte	0x51
 575 0259 01       		.uleb128 0x1
 576 025a 36       		.byte	0x36
 577 025b 00       		.byte	0
 578 025c 0C       		.uleb128 0xc
 579 025d 44000000 		.4byte	.LVL27
 580 0261 E5000000 		.4byte	0xe5
 581 0265 78020000 		.4byte	0x278
 582 0269 0D       		.uleb128 0xd
 583 026a 01       		.uleb128 0x1
 584 026b 50       		.byte	0x50
ARM GAS  C:\Users\Admin\AppData\Local\Temp\ccGR7apl.s 			page 13


 585 026c 05       		.uleb128 0x5
 586 026d 03       		.byte	0x3
 587 026e 08000000 		.4byte	.LC2
 588 0272 0D       		.uleb128 0xd
 589 0273 01       		.uleb128 0x1
 590 0274 51       		.byte	0x51
 591 0275 01       		.uleb128 0x1
 592 0276 35       		.byte	0x35
 593 0277 00       		.byte	0
 594 0278 0C       		.uleb128 0xc
 595 0279 4A000000 		.4byte	.LVL28
 596 027d 52010000 		.4byte	0x152
 597 0281 8C020000 		.4byte	0x28c
 598 0285 0D       		.uleb128 0xd
 599 0286 01       		.uleb128 0x1
 600 0287 50       		.byte	0x50
 601 0288 02       		.uleb128 0x2
 602 0289 7D       		.byte	0x7d
 603 028a 00       		.sleb128 0
 604 028b 00       		.byte	0
 605 028c 0C       		.uleb128 0xc
 606 028d 54000000 		.4byte	.LVL29
 607 0291 E5000000 		.4byte	0xe5
 608 0295 A8020000 		.4byte	0x2a8
 609 0299 0D       		.uleb128 0xd
 610 029a 01       		.uleb128 0x1
 611 029b 50       		.byte	0x50
 612 029c 05       		.uleb128 0x5
 613 029d 03       		.byte	0x3
 614 029e 10000000 		.4byte	.LC4
 615 02a2 0D       		.uleb128 0xd
 616 02a3 01       		.uleb128 0x1
 617 02a4 51       		.byte	0x51
 618 02a5 01       		.uleb128 0x1
 619 02a6 35       		.byte	0x35
 620 02a7 00       		.byte	0
 621 02a8 0C       		.uleb128 0xc
 622 02a9 5A000000 		.4byte	.LVL30
 623 02ad 52010000 		.4byte	0x152
 624 02b1 BC020000 		.4byte	0x2bc
 625 02b5 0D       		.uleb128 0xd
 626 02b6 01       		.uleb128 0x1
 627 02b7 50       		.byte	0x50
 628 02b8 02       		.uleb128 0x2
 629 02b9 7D       		.byte	0x7d
 630 02ba 00       		.sleb128 0
 631 02bb 00       		.byte	0
 632 02bc 10       		.uleb128 0x10
 633 02bd 62000000 		.4byte	.LVL31
 634 02c1 13030000 		.4byte	0x313
 635 02c5 0D       		.uleb128 0xd
 636 02c6 01       		.uleb128 0x1
 637 02c7 50       		.byte	0x50
 638 02c8 02       		.uleb128 0x2
 639 02c9 7D       		.byte	0x7d
 640 02ca 00       		.sleb128 0
 641 02cb 0D       		.uleb128 0xd
ARM GAS  C:\Users\Admin\AppData\Local\Temp\ccGR7apl.s 			page 14


 642 02cc 01       		.uleb128 0x1
 643 02cd 51       		.byte	0x51
 644 02ce 05       		.uleb128 0x5
 645 02cf 03       		.byte	0x3
 646 02d0 18000000 		.4byte	.LC6
 647 02d4 00       		.byte	0
 648 02d5 00       		.byte	0
 649 02d6 11       		.uleb128 0x11
 650 02d7 6B000000 		.4byte	0x6b
 651 02db E6020000 		.4byte	0x2e6
 652 02df 12       		.uleb128 0x12
 653 02e0 9F000000 		.4byte	0x9f
 654 02e4 05       		.byte	0x5
 655 02e5 00       		.byte	0
 656 02e6 13       		.uleb128 0x13
 657 02e7 2A000000 		.4byte	.LASF25
 658 02eb 2A000000 		.4byte	.LASF25
 659 02ef 03       		.byte	0x3
 660 02f0 3403     		.2byte	0x334
 661 02f2 13       		.uleb128 0x13
 662 02f3 92000000 		.4byte	.LASF26
 663 02f7 92000000 		.4byte	.LASF26
 664 02fb 03       		.byte	0x3
 665 02fc 0703     		.2byte	0x307
 666 02fe 13       		.uleb128 0x13
 667 02ff F1010000 		.4byte	.LASF27
 668 0303 F1010000 		.4byte	.LASF27
 669 0307 03       		.byte	0x3
 670 0308 3A03     		.2byte	0x33a
 671 030a 14       		.uleb128 0x14
 672 030b 8B000000 		.4byte	.LASF32
 673 030f 8B000000 		.4byte	.LASF32
 674 0313 15       		.uleb128 0x15
 675 0314 C2010000 		.4byte	.LASF28
 676 0318 C2010000 		.4byte	.LASF28
 677 031c 04       		.byte	0x4
 678 031d 1C       		.byte	0x1c
 679 031e 00       		.byte	0
 680              		.section	.debug_abbrev,"",%progbits
 681              	.Ldebug_abbrev0:
 682 0000 01       		.uleb128 0x1
 683 0001 11       		.uleb128 0x11
 684 0002 01       		.byte	0x1
 685 0003 25       		.uleb128 0x25
 686 0004 0E       		.uleb128 0xe
 687 0005 13       		.uleb128 0x13
 688 0006 0B       		.uleb128 0xb
 689 0007 03       		.uleb128 0x3
 690 0008 0E       		.uleb128 0xe
 691 0009 1B       		.uleb128 0x1b
 692 000a 0E       		.uleb128 0xe
 693 000b 55       		.uleb128 0x55
 694 000c 17       		.uleb128 0x17
 695 000d 11       		.uleb128 0x11
 696 000e 01       		.uleb128 0x1
 697 000f 10       		.uleb128 0x10
 698 0010 17       		.uleb128 0x17
ARM GAS  C:\Users\Admin\AppData\Local\Temp\ccGR7apl.s 			page 15


 699 0011 00       		.byte	0
 700 0012 00       		.byte	0
 701 0013 02       		.uleb128 0x2
 702 0014 24       		.uleb128 0x24
 703 0015 00       		.byte	0
 704 0016 0B       		.uleb128 0xb
 705 0017 0B       		.uleb128 0xb
 706 0018 3E       		.uleb128 0x3e
 707 0019 0B       		.uleb128 0xb
 708 001a 03       		.uleb128 0x3
 709 001b 0E       		.uleb128 0xe
 710 001c 00       		.byte	0
 711 001d 00       		.byte	0
 712 001e 03       		.uleb128 0x3
 713 001f 24       		.uleb128 0x24
 714 0020 00       		.byte	0
 715 0021 0B       		.uleb128 0xb
 716 0022 0B       		.uleb128 0xb
 717 0023 3E       		.uleb128 0x3e
 718 0024 0B       		.uleb128 0xb
 719 0025 03       		.uleb128 0x3
 720 0026 08       		.uleb128 0x8
 721 0027 00       		.byte	0
 722 0028 00       		.byte	0
 723 0029 04       		.uleb128 0x4
 724 002a 16       		.uleb128 0x16
 725 002b 00       		.byte	0
 726 002c 03       		.uleb128 0x3
 727 002d 0E       		.uleb128 0xe
 728 002e 3A       		.uleb128 0x3a
 729 002f 0B       		.uleb128 0xb
 730 0030 3B       		.uleb128 0x3b
 731 0031 05       		.uleb128 0x5
 732 0032 49       		.uleb128 0x49
 733 0033 13       		.uleb128 0x13
 734 0034 00       		.byte	0
 735 0035 00       		.byte	0
 736 0036 05       		.uleb128 0x5
 737 0037 0F       		.uleb128 0xf
 738 0038 00       		.byte	0
 739 0039 0B       		.uleb128 0xb
 740 003a 0B       		.uleb128 0xb
 741 003b 49       		.uleb128 0x49
 742 003c 13       		.uleb128 0x13
 743 003d 00       		.byte	0
 744 003e 00       		.byte	0
 745 003f 06       		.uleb128 0x6
 746 0040 2E       		.uleb128 0x2e
 747 0041 01       		.byte	0x1
 748 0042 3F       		.uleb128 0x3f
 749 0043 19       		.uleb128 0x19
 750 0044 03       		.uleb128 0x3
 751 0045 0E       		.uleb128 0xe
 752 0046 3A       		.uleb128 0x3a
 753 0047 0B       		.uleb128 0xb
 754 0048 3B       		.uleb128 0x3b
 755 0049 0B       		.uleb128 0xb
ARM GAS  C:\Users\Admin\AppData\Local\Temp\ccGR7apl.s 			page 16


 756 004a 49       		.uleb128 0x49
 757 004b 13       		.uleb128 0x13
 758 004c 11       		.uleb128 0x11
 759 004d 01       		.uleb128 0x1
 760 004e 12       		.uleb128 0x12
 761 004f 06       		.uleb128 0x6
 762 0050 40       		.uleb128 0x40
 763 0051 18       		.uleb128 0x18
 764 0052 9742     		.uleb128 0x2117
 765 0054 19       		.uleb128 0x19
 766 0055 01       		.uleb128 0x1
 767 0056 13       		.uleb128 0x13
 768 0057 00       		.byte	0
 769 0058 00       		.byte	0
 770 0059 07       		.uleb128 0x7
 771 005a 34       		.uleb128 0x34
 772 005b 00       		.byte	0
 773 005c 03       		.uleb128 0x3
 774 005d 0E       		.uleb128 0xe
 775 005e 3A       		.uleb128 0x3a
 776 005f 0B       		.uleb128 0xb
 777 0060 3B       		.uleb128 0x3b
 778 0061 0B       		.uleb128 0xb
 779 0062 49       		.uleb128 0x49
 780 0063 13       		.uleb128 0x13
 781 0064 02       		.uleb128 0x2
 782 0065 18       		.uleb128 0x18
 783 0066 00       		.byte	0
 784 0067 00       		.byte	0
 785 0068 08       		.uleb128 0x8
 786 0069 898201   		.uleb128 0x4109
 787 006c 00       		.byte	0
 788 006d 11       		.uleb128 0x11
 789 006e 01       		.uleb128 0x1
 790 006f 31       		.uleb128 0x31
 791 0070 13       		.uleb128 0x13
 792 0071 00       		.byte	0
 793 0072 00       		.byte	0
 794 0073 09       		.uleb128 0x9
 795 0074 2E       		.uleb128 0x2e
 796 0075 01       		.byte	0x1
 797 0076 3F       		.uleb128 0x3f
 798 0077 19       		.uleb128 0x19
 799 0078 03       		.uleb128 0x3
 800 0079 0E       		.uleb128 0xe
 801 007a 3A       		.uleb128 0x3a
 802 007b 0B       		.uleb128 0xb
 803 007c 3B       		.uleb128 0x3b
 804 007d 0B       		.uleb128 0xb
 805 007e 27       		.uleb128 0x27
 806 007f 19       		.uleb128 0x19
 807 0080 49       		.uleb128 0x49
 808 0081 13       		.uleb128 0x13
 809 0082 11       		.uleb128 0x11
 810 0083 01       		.uleb128 0x1
 811 0084 12       		.uleb128 0x12
 812 0085 06       		.uleb128 0x6
ARM GAS  C:\Users\Admin\AppData\Local\Temp\ccGR7apl.s 			page 17


 813 0086 40       		.uleb128 0x40
 814 0087 18       		.uleb128 0x18
 815 0088 9742     		.uleb128 0x2117
 816 008a 19       		.uleb128 0x19
 817 008b 01       		.uleb128 0x1
 818 008c 13       		.uleb128 0x13
 819 008d 00       		.byte	0
 820 008e 00       		.byte	0
 821 008f 0A       		.uleb128 0xa
 822 0090 05       		.uleb128 0x5
 823 0091 00       		.byte	0
 824 0092 03       		.uleb128 0x3
 825 0093 0E       		.uleb128 0xe
 826 0094 3A       		.uleb128 0x3a
 827 0095 0B       		.uleb128 0xb
 828 0096 3B       		.uleb128 0x3b
 829 0097 0B       		.uleb128 0xb
 830 0098 49       		.uleb128 0x49
 831 0099 13       		.uleb128 0x13
 832 009a 02       		.uleb128 0x2
 833 009b 17       		.uleb128 0x17
 834 009c 00       		.byte	0
 835 009d 00       		.byte	0
 836 009e 0B       		.uleb128 0xb
 837 009f 34       		.uleb128 0x34
 838 00a0 00       		.byte	0
 839 00a1 03       		.uleb128 0x3
 840 00a2 08       		.uleb128 0x8
 841 00a3 3A       		.uleb128 0x3a
 842 00a4 0B       		.uleb128 0xb
 843 00a5 3B       		.uleb128 0x3b
 844 00a6 0B       		.uleb128 0xb
 845 00a7 49       		.uleb128 0x49
 846 00a8 13       		.uleb128 0x13
 847 00a9 02       		.uleb128 0x2
 848 00aa 17       		.uleb128 0x17
 849 00ab 00       		.byte	0
 850 00ac 00       		.byte	0
 851 00ad 0C       		.uleb128 0xc
 852 00ae 898201   		.uleb128 0x4109
 853 00b1 01       		.byte	0x1
 854 00b2 11       		.uleb128 0x11
 855 00b3 01       		.uleb128 0x1
 856 00b4 31       		.uleb128 0x31
 857 00b5 13       		.uleb128 0x13
 858 00b6 01       		.uleb128 0x1
 859 00b7 13       		.uleb128 0x13
 860 00b8 00       		.byte	0
 861 00b9 00       		.byte	0
 862 00ba 0D       		.uleb128 0xd
 863 00bb 8A8201   		.uleb128 0x410a
 864 00be 00       		.byte	0
 865 00bf 02       		.uleb128 0x2
 866 00c0 18       		.uleb128 0x18
 867 00c1 9142     		.uleb128 0x2111
 868 00c3 18       		.uleb128 0x18
 869 00c4 00       		.byte	0
ARM GAS  C:\Users\Admin\AppData\Local\Temp\ccGR7apl.s 			page 18


 870 00c5 00       		.byte	0
 871 00c6 0E       		.uleb128 0xe
 872 00c7 26       		.uleb128 0x26
 873 00c8 00       		.byte	0
 874 00c9 49       		.uleb128 0x49
 875 00ca 13       		.uleb128 0x13
 876 00cb 00       		.byte	0
 877 00cc 00       		.byte	0
 878 00cd 0F       		.uleb128 0xf
 879 00ce 2E       		.uleb128 0x2e
 880 00cf 01       		.byte	0x1
 881 00d0 3F       		.uleb128 0x3f
 882 00d1 19       		.uleb128 0x19
 883 00d2 03       		.uleb128 0x3
 884 00d3 0E       		.uleb128 0xe
 885 00d4 3A       		.uleb128 0x3a
 886 00d5 0B       		.uleb128 0xb
 887 00d6 3B       		.uleb128 0x3b
 888 00d7 0B       		.uleb128 0xb
 889 00d8 27       		.uleb128 0x27
 890 00d9 19       		.uleb128 0x19
 891 00da 11       		.uleb128 0x11
 892 00db 01       		.uleb128 0x1
 893 00dc 12       		.uleb128 0x12
 894 00dd 06       		.uleb128 0x6
 895 00de 40       		.uleb128 0x40
 896 00df 18       		.uleb128 0x18
 897 00e0 9742     		.uleb128 0x2117
 898 00e2 19       		.uleb128 0x19
 899 00e3 01       		.uleb128 0x1
 900 00e4 13       		.uleb128 0x13
 901 00e5 00       		.byte	0
 902 00e6 00       		.byte	0
 903 00e7 10       		.uleb128 0x10
 904 00e8 898201   		.uleb128 0x4109
 905 00eb 01       		.byte	0x1
 906 00ec 11       		.uleb128 0x11
 907 00ed 01       		.uleb128 0x1
 908 00ee 31       		.uleb128 0x31
 909 00ef 13       		.uleb128 0x13
 910 00f0 00       		.byte	0
 911 00f1 00       		.byte	0
 912 00f2 11       		.uleb128 0x11
 913 00f3 01       		.uleb128 0x1
 914 00f4 01       		.byte	0x1
 915 00f5 49       		.uleb128 0x49
 916 00f6 13       		.uleb128 0x13
 917 00f7 01       		.uleb128 0x1
 918 00f8 13       		.uleb128 0x13
 919 00f9 00       		.byte	0
 920 00fa 00       		.byte	0
 921 00fb 12       		.uleb128 0x12
 922 00fc 21       		.uleb128 0x21
 923 00fd 00       		.byte	0
 924 00fe 49       		.uleb128 0x49
 925 00ff 13       		.uleb128 0x13
 926 0100 2F       		.uleb128 0x2f
ARM GAS  C:\Users\Admin\AppData\Local\Temp\ccGR7apl.s 			page 19


 927 0101 0B       		.uleb128 0xb
 928 0102 00       		.byte	0
 929 0103 00       		.byte	0
 930 0104 13       		.uleb128 0x13
 931 0105 2E       		.uleb128 0x2e
 932 0106 00       		.byte	0
 933 0107 3F       		.uleb128 0x3f
 934 0108 19       		.uleb128 0x19
 935 0109 3C       		.uleb128 0x3c
 936 010a 19       		.uleb128 0x19
 937 010b 6E       		.uleb128 0x6e
 938 010c 0E       		.uleb128 0xe
 939 010d 03       		.uleb128 0x3
 940 010e 0E       		.uleb128 0xe
 941 010f 3A       		.uleb128 0x3a
 942 0110 0B       		.uleb128 0xb
 943 0111 3B       		.uleb128 0x3b
 944 0112 05       		.uleb128 0x5
 945 0113 00       		.byte	0
 946 0114 00       		.byte	0
 947 0115 14       		.uleb128 0x14
 948 0116 2E       		.uleb128 0x2e
 949 0117 00       		.byte	0
 950 0118 3F       		.uleb128 0x3f
 951 0119 19       		.uleb128 0x19
 952 011a 3C       		.uleb128 0x3c
 953 011b 19       		.uleb128 0x19
 954 011c 6E       		.uleb128 0x6e
 955 011d 0E       		.uleb128 0xe
 956 011e 03       		.uleb128 0x3
 957 011f 0E       		.uleb128 0xe
 958 0120 00       		.byte	0
 959 0121 00       		.byte	0
 960 0122 15       		.uleb128 0x15
 961 0123 2E       		.uleb128 0x2e
 962 0124 00       		.byte	0
 963 0125 3F       		.uleb128 0x3f
 964 0126 19       		.uleb128 0x19
 965 0127 3C       		.uleb128 0x3c
 966 0128 19       		.uleb128 0x19
 967 0129 6E       		.uleb128 0x6e
 968 012a 0E       		.uleb128 0xe
 969 012b 03       		.uleb128 0x3
 970 012c 0E       		.uleb128 0xe
 971 012d 3A       		.uleb128 0x3a
 972 012e 0B       		.uleb128 0xb
 973 012f 3B       		.uleb128 0x3b
 974 0130 0B       		.uleb128 0xb
 975 0131 00       		.byte	0
 976 0132 00       		.byte	0
 977 0133 00       		.byte	0
 978              		.section	.debug_loc,"",%progbits
 979              	.Ldebug_loc0:
 980              	.LLST0:
 981 0000 00000000 		.4byte	.LVL3
 982 0004 08000000 		.4byte	.LVL4
 983 0008 0100     		.2byte	0x1
ARM GAS  C:\Users\Admin\AppData\Local\Temp\ccGR7apl.s 			page 20


 984 000a 50       		.byte	0x50
 985 000b 08000000 		.4byte	.LVL4
 986 000f 1E000000 		.4byte	.LVL10
 987 0013 0100     		.2byte	0x1
 988 0015 56       		.byte	0x56
 989 0016 1E000000 		.4byte	.LVL10
 990 001a 20000000 		.4byte	.LFE35
 991 001e 0400     		.2byte	0x4
 992 0020 F3       		.byte	0xf3
 993 0021 01       		.uleb128 0x1
 994 0022 50       		.byte	0x50
 995 0023 9F       		.byte	0x9f
 996 0024 00000000 		.4byte	0
 997 0028 00000000 		.4byte	0
 998              	.LLST1:
 999 002c 00000000 		.4byte	.LVL3
 1000 0030 0B000000 		.4byte	.LVL5-1
 1001 0034 0100     		.2byte	0x1
 1002 0036 51       		.byte	0x51
 1003 0037 0B000000 		.4byte	.LVL5-1
 1004 003b 20000000 		.4byte	.LFE35
 1005 003f 0400     		.2byte	0x4
 1006 0041 F3       		.byte	0xf3
 1007 0042 01       		.uleb128 0x1
 1008 0043 51       		.byte	0x51
 1009 0044 9F       		.byte	0x9f
 1010 0045 00000000 		.4byte	0
 1011 0049 00000000 		.4byte	0
 1012              	.LLST2:
 1013 004d 0C000000 		.4byte	.LVL5
 1014 0051 10000000 		.4byte	.LVL6
 1015 0055 0200     		.2byte	0x2
 1016 0057 30       		.byte	0x30
 1017 0058 9F       		.byte	0x9f
 1018 0059 10000000 		.4byte	.LVL6
 1019 005d 1E000000 		.4byte	.LVL9
 1020 0061 0100     		.2byte	0x1
 1021 0063 54       		.byte	0x54
 1022 0064 00000000 		.4byte	0
 1023 0068 00000000 		.4byte	0
 1024              	.LLST3:
 1025 006c 00000000 		.4byte	.LVL11
 1026 0070 09000000 		.4byte	.LVL12-1
 1027 0074 0100     		.2byte	0x1
 1028 0076 50       		.byte	0x50
 1029 0077 09000000 		.4byte	.LVL12-1
 1030 007b 24000000 		.4byte	.LVL18
 1031 007f 0100     		.2byte	0x1
 1032 0081 56       		.byte	0x56
 1033 0082 24000000 		.4byte	.LVL18
 1034 0086 26000000 		.4byte	.LFE36
 1035 008a 0400     		.2byte	0x4
 1036 008c F3       		.byte	0xf3
 1037 008d 01       		.uleb128 0x1
 1038 008e 50       		.byte	0x50
 1039 008f 9F       		.byte	0x9f
 1040 0090 00000000 		.4byte	0
ARM GAS  C:\Users\Admin\AppData\Local\Temp\ccGR7apl.s 			page 21


 1041 0094 00000000 		.4byte	0
 1042              	.LLST4:
 1043 0098 0E000000 		.4byte	.LVL13
 1044 009c 12000000 		.4byte	.LVL14
 1045 00a0 0200     		.2byte	0x2
 1046 00a2 30       		.byte	0x30
 1047 00a3 9F       		.byte	0x9f
 1048 00a4 12000000 		.4byte	.LVL14
 1049 00a8 24000000 		.4byte	.LVL17
 1050 00ac 0100     		.2byte	0x1
 1051 00ae 54       		.byte	0x54
 1052 00af 00000000 		.4byte	0
 1053 00b3 00000000 		.4byte	0
 1054              	.LLST5:
 1055 00b7 0E000000 		.4byte	.LVL13
 1056 00bb 12000000 		.4byte	.LVL14
 1057 00bf 0100     		.2byte	0x1
 1058 00c1 50       		.byte	0x50
 1059 00c2 12000000 		.4byte	.LVL14
 1060 00c6 24000000 		.4byte	.LVL19
 1061 00ca 0100     		.2byte	0x1
 1062 00cc 57       		.byte	0x57
 1063 00cd 24000000 		.4byte	.LVL19
 1064 00d1 26000000 		.4byte	.LFE36
 1065 00d5 0200     		.2byte	0x2
 1066 00d7 91       		.byte	0x91
 1067 00d8 64       		.sleb128 -28
 1068 00d9 00000000 		.4byte	0
 1069 00dd 00000000 		.4byte	0
 1070              	.LLST6:
 1071 00e1 00000000 		.4byte	.LVL20
 1072 00e5 0C000000 		.4byte	.LVL21
 1073 00e9 0100     		.2byte	0x1
 1074 00eb 50       		.byte	0x50
 1075 00ec 0C000000 		.4byte	.LVL21
 1076 00f0 68000000 		.4byte	.LVL32
 1077 00f4 0100     		.2byte	0x1
 1078 00f6 54       		.byte	0x54
 1079 00f7 68000000 		.4byte	.LVL32
 1080 00fb 80000000 		.4byte	.LFE37
 1081 00ff 0400     		.2byte	0x4
 1082 0101 F3       		.byte	0xf3
 1083 0102 01       		.uleb128 0x1
 1084 0103 50       		.byte	0x50
 1085 0104 9F       		.byte	0x9f
 1086 0105 00000000 		.4byte	0
 1087 0109 00000000 		.4byte	0
 1088              		.section	.debug_aranges,"",%progbits
 1089 0000 34000000 		.4byte	0x34
 1090 0004 0200     		.2byte	0x2
 1091 0006 00000000 		.4byte	.Ldebug_info0
 1092 000a 04       		.byte	0x4
 1093 000b 00       		.byte	0
 1094 000c 0000     		.2byte	0
 1095 000e 0000     		.2byte	0
 1096 0010 00000000 		.4byte	.LFB34
 1097 0014 12000000 		.4byte	.LFE34-.LFB34
ARM GAS  C:\Users\Admin\AppData\Local\Temp\ccGR7apl.s 			page 22


 1098 0018 00000000 		.4byte	.LFB35
 1099 001c 20000000 		.4byte	.LFE35-.LFB35
 1100 0020 00000000 		.4byte	.LFB36
 1101 0024 26000000 		.4byte	.LFE36-.LFB36
 1102 0028 00000000 		.4byte	.LFB37
 1103 002c 80000000 		.4byte	.LFE37-.LFB37
 1104 0030 00000000 		.4byte	0
 1105 0034 00000000 		.4byte	0
 1106              		.section	.debug_ranges,"",%progbits
 1107              	.Ldebug_ranges0:
 1108 0000 00000000 		.4byte	.LFB34
 1109 0004 12000000 		.4byte	.LFE34
 1110 0008 00000000 		.4byte	.LFB35
 1111 000c 20000000 		.4byte	.LFE35
 1112 0010 00000000 		.4byte	.LFB36
 1113 0014 26000000 		.4byte	.LFE36
 1114 0018 00000000 		.4byte	.LFB37
 1115 001c 80000000 		.4byte	.LFE37
 1116 0020 00000000 		.4byte	0
 1117 0024 00000000 		.4byte	0
 1118              		.section	.debug_line,"",%progbits
 1119              	.Ldebug_line0:
 1120 0000 57010000 		.section	.debug_str,"MS",%progbits,1
 1120      0200D800 
 1120      00000201 
 1120      FB0E0D00 
 1120      01010101 
 1121              	.LASF24:
 1122 0000 6D657373 		.ascii	"message\000"
 1122      61676500 
 1123              	.LASF22:
 1124 0008 73796E63 		.ascii	"syncConnection\000"
 1124      436F6E6E 
 1124      65637469 
 1124      6F6E00
 1125              	.LASF3:
 1126 0017 73686F72 		.ascii	"short unsigned int\000"
 1126      7420756E 
 1126      7369676E 
 1126      65642069 
 1126      6E7400
 1127              	.LASF25:
 1128 002a 44425F55 		.ascii	"DB_UART_SpiUartGetRxBufferSize\000"
 1128      4152545F 
 1128      53706955 
 1128      61727447 
 1128      65745278 
 1129              	.LASF23:
 1130 0049 70726F76 		.ascii	"prov\000"
 1130      00
 1131              	.LASF11:
 1132 004e 666C6F61 		.ascii	"float\000"
 1132      7400
 1133              	.LASF16:
 1134 0054 64617461 		.ascii	"data\000"
 1134      00
 1135              	.LASF17:
ARM GAS  C:\Users\Admin\AppData\Local\Temp\ccGR7apl.s 			page 23


 1136 0059 73697A65 		.ascii	"size\000"
 1136      00
 1137              	.LASF18:
 1138 005e 72657476 		.ascii	"retval\000"
 1138      616C00
 1139              	.LASF5:
 1140 0065 6C6F6E67 		.ascii	"long unsigned int\000"
 1140      20756E73 
 1140      69676E65 
 1140      6420696E 
 1140      7400
 1141              	.LASF9:
 1142 0077 75696E74 		.ascii	"uint8\000"
 1142      3800
 1143              	.LASF1:
 1144 007d 756E7369 		.ascii	"unsigned char\000"
 1144      676E6564 
 1144      20636861 
 1144      7200
 1145              	.LASF32:
 1146 008b 6D656D73 		.ascii	"memset\000"
 1146      657400
 1147              	.LASF26:
 1148 0092 44425F55 		.ascii	"DB_UART_UartGetByte\000"
 1148      4152545F 
 1148      55617274 
 1148      47657442 
 1148      79746500 
 1149              	.LASF12:
 1150 00a6 646F7562 		.ascii	"double\000"
 1150      6C6500
 1151              	.LASF31:
 1152 00ad 433A5C55 		.ascii	"C:\\Users\\Admin\\Documents\\GitHub\\ectf\\SECURITY"
 1152      73657273 
 1152      5C41646D 
 1152      696E5C44 
 1152      6F63756D 
 1153 00da 5F4D4F44 		.ascii	"_MODULE.cydsn\000"
 1153      554C452E 
 1153      63796473 
 1153      6E00
 1154              	.LASF10:
 1155 00e8 75696E74 		.ascii	"uint32\000"
 1155      333200
 1156              	.LASF8:
 1157 00ef 756E7369 		.ascii	"unsigned int\000"
 1157      676E6564 
 1157      20696E74 
 1157      00
 1158              	.LASF7:
 1159 00fc 6C6F6E67 		.ascii	"long long unsigned int\000"
 1159      206C6F6E 
 1159      6720756E 
 1159      7369676E 
 1159      65642069 
 1160              	.LASF21:
 1161 0113 67657456 		.ascii	"getValidByte\000"
ARM GAS  C:\Users\Admin\AppData\Local\Temp\ccGR7apl.s 			page 24


 1161      616C6964 
 1161      42797465 
 1161      00
 1162              	.LASF29:
 1163 0120 474E5520 		.ascii	"GNU C11 5.4.1 20160609 (release) [ARM/embedded-5-br"
 1163      43313120 
 1163      352E342E 
 1163      31203230 
 1163      31363036 
 1164 0153 616E6368 		.ascii	"anch revision 237715] -mcpu=cortex-m0 -mthumb -g -O"
 1164      20726576 
 1164      6973696F 
 1164      6E203233 
 1164      37373135 
 1165 0186 67202D66 		.ascii	"g -ffunction-sections -ffat-lto-objects\000"
 1165      66756E63 
 1165      74696F6E 
 1165      2D736563 
 1165      74696F6E 
 1166              	.LASF30:
 1167 01ae 75736273 		.ascii	"usbserialprotocol.c\000"
 1167      65726961 
 1167      6C70726F 
 1167      746F636F 
 1167      6C2E6300 
 1168              	.LASF28:
 1169 01c2 73747263 		.ascii	"strcmp\000"
 1169      6D7000
 1170              	.LASF15:
 1171 01c9 73697A65 		.ascii	"sizetype\000"
 1171      74797065 
 1171      00
 1172              	.LASF19:
 1173 01d2 70757368 		.ascii	"pushMessage\000"
 1173      4D657373 
 1173      61676500 
 1174              	.LASF6:
 1175 01de 6C6F6E67 		.ascii	"long long int\000"
 1175      206C6F6E 
 1175      6720696E 
 1175      7400
 1176              	.LASF13:
 1177 01ec 63686172 		.ascii	"char\000"
 1177      00
 1178              	.LASF27:
 1179 01f1 44425F55 		.ascii	"DB_UART_SpiUartWriteTxData\000"
 1179      4152545F 
 1179      53706955 
 1179      61727457 
 1179      72697465 
 1180              	.LASF2:
 1181 020c 73686F72 		.ascii	"short int\000"
 1181      7420696E 
 1181      7400
 1182              	.LASF4:
 1183 0216 6C6F6E67 		.ascii	"long int\000"
 1183      20696E74 
ARM GAS  C:\Users\Admin\AppData\Local\Temp\ccGR7apl.s 			page 25


 1183      00
 1184              	.LASF14:
 1185 021f 6C6F6E67 		.ascii	"long double\000"
 1185      20646F75 
 1185      626C6500 
 1186              	.LASF0:
 1187 022b 7369676E 		.ascii	"signed char\000"
 1187      65642063 
 1187      68617200 
 1188              	.LASF20:
 1189 0237 70756C6C 		.ascii	"pullMessage\000"
 1189      4D657373 
 1189      61676500 
 1190              		.ident	"GCC: (GNU Tools for ARM Embedded Processors) 5.4.1 20160609 (release) [ARM/embedded-5-bran
