--------------- Build Started: 03/14/2018 19:15:33 Project: CARD, Configuration: ARM GCC 5.4-2016-q2-update Debug ---------------
Project 1 of 2: Initializing Build...
cydsfit.exe -.appdatapath "C:\Users\Admin\AppData\Local\Cypress Semiconductor\PSoC Creator\4.1" -.fdsnotice -.fdswarpdepfile=warp_dependencies.txt -.fdselabdepfile=elab_dependencies.txt -.fdsbldfile=generated_files.txt -.fdsreffile=referenced_files.txt -p C:\Users\Admin\Documents\GitHub\ectf\CARD.cydsn\CARD.cyprj -d CY8C4245PVS-482 -s C:\Users\Admin\Documents\GitHub\ectf\CARD.cydsn\Generated_Source\PSoC4 -- -yv2 -q10 -ygs -o2 -v6 -.fftcfgtype=LE
Elaborating Design...
HDL Generation...
Synthesis...
Tech Mapping...
ADD: pft.M0040: information: The following 2 pin(s) will be assigned a location by the fitter: Rx_1(0), Tx_1(0)
Analog Placement...
Analog Routing...
Analog Code Generation...
Digital Placement...
Digital Routing...
Bitstream Generation...
Bitstream Verification...
Static timing analysis...
API Generation...
Dependency Generation...
Cleanup...
--------------- Build Succeeded: 03/14/2018 19:15:46 ---------------
