ARM GAS  C:\Users\NIGHDR~1\AppData\Local\Temp\ccZdFzWs.s 			page 1


   1              		.syntax unified
   2              		.cpu cortex-m0
   3              		.fpu softvfp
   4              		.eabi_attribute 20, 1
   5              		.eabi_attribute 21, 1
   6              		.eabi_attribute 23, 3
   7              		.eabi_attribute 24, 1
   8              		.eabi_attribute 25, 1
   9              		.eabi_attribute 26, 1
  10              		.eabi_attribute 30, 1
  11              		.eabi_attribute 34, 0
  12              		.eabi_attribute 18, 4
  13              		.thumb
  14              		.syntax unified
  15              		.file	"add_scalar.c"
  16              		.text
  17              	.Ltext0:
  18              		.cfi_sections	.debug_frame
  19              		.section	.text.ed25519_add_scalar,"ax",%progbits
  20              		.align	2
  21              		.global	ed25519_add_scalar
  22              		.code	16
  23              		.thumb_func
  24              		.type	ed25519_add_scalar, %function
  25              	ed25519_add_scalar:
  26              	.LFB0:
  27              		.file 1 "add_scalar.c"
   1:add_scalar.c  **** #include "ed25519.h"
   2:add_scalar.c  **** #include "ge.h"
   3:add_scalar.c  **** #include "sc.h"
   4:add_scalar.c  **** #include "sha512.h"
   5:add_scalar.c  **** 
   6:add_scalar.c  **** 
   7:add_scalar.c  **** /* see http://crypto.stackexchange.com/a/6215/4697 */
   8:add_scalar.c  **** void ed25519_add_scalar(unsigned char *public_key, unsigned char *private_key, const unsigned char 
  28              		.loc 1 8 0
  29              		.cfi_startproc
  30              		@ args = 0, pretend = 0, frame = 1136
  31              		@ frame_needed = 0, uses_anonymous_args = 0
  32              	.LVL0:
  33 0000 F0B5     		push	{r4, r5, r6, r7, lr}
  34              		.cfi_def_cfa_offset 20
  35              		.cfi_offset 4, -20
  36              		.cfi_offset 5, -16
  37              		.cfi_offset 6, -12
  38              		.cfi_offset 7, -8
  39              		.cfi_offset 14, -4
  40 0002 374C     		ldr	r4, .L10
  41 0004 A544     		add	sp, sp, r4
  42              		.cfi_def_cfa_offset 1160
  43 0006 0400     		movs	r4, r0
  44 0008 0D00     		movs	r5, r1
  45 000a 1600     		movs	r6, r2
   9:add_scalar.c  ****     const unsigned char SC_1[32] = {1}; /* scalar with value 1 */
  46              		.loc 1 9 0
  47 000c FFAF     		add	r7, sp, #1020
  48 000e 5437     		adds	r7, r7, #84
ARM GAS  C:\Users\NIGHDR~1\AppData\Local\Temp\ccZdFzWs.s 			page 2


  49 0010 2022     		movs	r2, #32
  50              	.LVL1:
  51 0012 0021     		movs	r1, #0
  52              	.LVL2:
  53 0014 3800     		movs	r0, r7
  54              	.LVL3:
  55 0016 FFF7FEFF 		bl	memset
  56              	.LVL4:
  57 001a 0123     		movs	r3, #1
  58 001c 3B70     		strb	r3, [r7]
  59              	.LVL5:
  10:add_scalar.c  ****     
  11:add_scalar.c  ****     unsigned char n[32]; 
  12:add_scalar.c  ****     ge_p3 nB;
  13:add_scalar.c  ****     ge_p1p1 A_p1p1;
  14:add_scalar.c  ****     ge_p3 A;
  15:add_scalar.c  ****     ge_p3 public_key_unpacked;
  16:add_scalar.c  ****     ge_cached T;
  17:add_scalar.c  **** 
  18:add_scalar.c  ****     sha512_context hash;
  19:add_scalar.c  ****     unsigned char hashbuf[64];
  20:add_scalar.c  **** 
  21:add_scalar.c  ****     int i;
  22:add_scalar.c  **** 
  23:add_scalar.c  ****     /* copy the scalar and clear highest bit */
  24:add_scalar.c  ****     for (i = 0; i < 31; ++i) {
  60              		.loc 1 24 0
  61 001e 0023     		movs	r3, #0
  62 0020 04E0     		b	.L2
  63              	.LVL6:
  64              	.L3:
  25:add_scalar.c  ****         n[i] = scalar[i];
  65              		.loc 1 25 0 discriminator 3
  66 0022 F15C     		ldrb	r1, [r6, r3]
  67 0024 FFAA     		add	r2, sp, #1020
  68 0026 3432     		adds	r2, r2, #52
  69 0028 D154     		strb	r1, [r2, r3]
  24:add_scalar.c  ****         n[i] = scalar[i];
  70              		.loc 1 24 0 discriminator 3
  71 002a 0133     		adds	r3, r3, #1
  72              	.LVL7:
  73              	.L2:
  24:add_scalar.c  ****         n[i] = scalar[i];
  74              		.loc 1 24 0 is_stmt 0 discriminator 1
  75 002c 1E2B     		cmp	r3, #30
  76 002e F8DD     		ble	.L3
  26:add_scalar.c  ****     }
  27:add_scalar.c  ****     n[31] = scalar[31] & 127;
  77              		.loc 1 27 0 is_stmt 1
  78 0030 F37F     		ldrb	r3, [r6, #31]
  79              	.LVL8:
  80 0032 7F22     		movs	r2, #127
  81 0034 1340     		ands	r3, r2
  82 0036 FFAA     		add	r2, sp, #1020
  83 0038 3432     		adds	r2, r2, #52
  84 003a D377     		strb	r3, [r2, #31]
  28:add_scalar.c  **** 
ARM GAS  C:\Users\NIGHDR~1\AppData\Local\Temp\ccZdFzWs.s 			page 3


  29:add_scalar.c  ****     /* private key: a = n + t */
  30:add_scalar.c  ****     if (private_key) {
  85              		.loc 1 30 0
  86 003c 002D     		cmp	r5, #0
  87 003e 21D0     		beq	.L4
  31:add_scalar.c  ****         sc_muladd(private_key, SC_1, n, private_key);
  88              		.loc 1 31 0
  89 0040 2B00     		movs	r3, r5
  90 0042 FFA9     		add	r1, sp, #1020
  91 0044 5431     		adds	r1, r1, #84
  92 0046 2800     		movs	r0, r5
  93 0048 FFF7FEFF 		bl	sc_muladd
  94              	.LVL9:
  32:add_scalar.c  **** 
  33:add_scalar.c  ****         // https://github.com/orlp/ed25519/issues/3
  34:add_scalar.c  ****         sha512_init(&hash);
  95              		.loc 1 34 0
  96 004c 10A8     		add	r0, sp, #64
  97 004e FFF7FEFF 		bl	sha512_init
  98              	.LVL10:
  35:add_scalar.c  ****         sha512_update(&hash, private_key + 32, 32);
  99              		.loc 1 35 0
 100 0052 2900     		movs	r1, r5
 101 0054 2031     		adds	r1, r1, #32
 102 0056 2022     		movs	r2, #32
 103 0058 10A8     		add	r0, sp, #64
 104 005a FFF7FEFF 		bl	sha512_update
 105              	.LVL11:
  36:add_scalar.c  ****         sha512_update(&hash, scalar, 32);
 106              		.loc 1 36 0
 107 005e 2022     		movs	r2, #32
 108 0060 3100     		movs	r1, r6
 109 0062 10A8     		add	r0, sp, #64
 110 0064 FFF7FEFF 		bl	sha512_update
 111              	.LVL12:
  37:add_scalar.c  ****         sha512_final(&hash, hashbuf);
 112              		.loc 1 37 0
 113 0068 6946     		mov	r1, sp
 114 006a 10A8     		add	r0, sp, #64
 115 006c FFF7FEFF 		bl	sha512_final
 116              	.LVL13:
  38:add_scalar.c  ****         for (i = 0; i < 32; ++i) {
 117              		.loc 1 38 0
 118 0070 0023     		movs	r3, #0
 119 0072 05E0     		b	.L5
 120              	.LVL14:
 121              	.L6:
  39:add_scalar.c  ****             private_key[32 + i] = hashbuf[i];
 122              		.loc 1 39 0 discriminator 3
 123 0074 1A00     		movs	r2, r3
 124 0076 2032     		adds	r2, r2, #32
 125 0078 6946     		mov	r1, sp
 126 007a C95C     		ldrb	r1, [r1, r3]
 127 007c A954     		strb	r1, [r5, r2]
  38:add_scalar.c  ****         for (i = 0; i < 32; ++i) {
 128              		.loc 1 38 0 discriminator 3
 129 007e 0133     		adds	r3, r3, #1
ARM GAS  C:\Users\NIGHDR~1\AppData\Local\Temp\ccZdFzWs.s 			page 4


 130              	.LVL15:
 131              	.L5:
  38:add_scalar.c  ****         for (i = 0; i < 32; ++i) {
 132              		.loc 1 38 0 is_stmt 0 discriminator 1
 133 0080 1F2B     		cmp	r3, #31
 134 0082 F7DD     		ble	.L6
 135              	.LVL16:
 136              	.L4:
  40:add_scalar.c  ****         }
  41:add_scalar.c  ****     }
  42:add_scalar.c  **** 
  43:add_scalar.c  ****     /* public key: A = nB + T */
  44:add_scalar.c  ****     if (public_key) {
 137              		.loc 1 44 0 is_stmt 1
 138 0084 002C     		cmp	r4, #0
 139 0086 28D0     		beq	.L1
  45:add_scalar.c  ****         /* if we know the private key we don't need a point addition, which is faster */
  46:add_scalar.c  ****         /* using a "timing attack" you could find out wether or not we know the private
  47:add_scalar.c  ****            key, but this information seems rather useless - if this is important pass
  48:add_scalar.c  ****            public_key and private_key seperately in 2 function calls */
  49:add_scalar.c  ****         if (private_key) {
 140              		.loc 1 49 0
 141 0088 002D     		cmp	r5, #0
 142 008a 04D0     		beq	.L8
  50:add_scalar.c  ****             ge_scalarmult_base(&A, private_key);
 143              		.loc 1 50 0
 144 008c 2900     		movs	r1, r5
 145 008e 94A8     		add	r0, sp, #592
 146 0090 FFF7FEFF 		bl	ge_scalarmult_base
 147              	.LVL17:
 148 0094 1DE0     		b	.L9
 149              	.L8:
  51:add_scalar.c  ****         } else {
  52:add_scalar.c  ****             /* unpack public key into T */
  53:add_scalar.c  ****             ge_frombytes_negate_vartime(&public_key_unpacked, public_key);
 150              		.loc 1 53 0
 151 0096 2100     		movs	r1, r4
 152 0098 6CA8     		add	r0, sp, #432
 153 009a FFF7FEFF 		bl	ge_frombytes_negate_vartime
 154              	.LVL18:
  54:add_scalar.c  ****             fe_neg(public_key_unpacked.X, public_key_unpacked.X); /* undo negate */
 155              		.loc 1 54 0
 156 009e 6CA9     		add	r1, sp, #432
 157 00a0 0800     		movs	r0, r1
 158 00a2 FFF7FEFF 		bl	fe_neg
 159              	.LVL19:
  55:add_scalar.c  ****             fe_neg(public_key_unpacked.T, public_key_unpacked.T); /* undo negate */
 160              		.loc 1 55 0
 161 00a6 8AA9     		add	r1, sp, #552
 162 00a8 0800     		movs	r0, r1
 163 00aa FFF7FEFF 		bl	fe_neg
 164              	.LVL20:
  56:add_scalar.c  ****             ge_p3_to_cached(&T, &public_key_unpacked);
 165              		.loc 1 56 0
 166 00ae 6CA9     		add	r1, sp, #432
 167 00b0 44A8     		add	r0, sp, #272
 168 00b2 FFF7FEFF 		bl	ge_p3_to_cached
ARM GAS  C:\Users\NIGHDR~1\AppData\Local\Temp\ccZdFzWs.s 			page 5


 169              	.LVL21:
  57:add_scalar.c  **** 
  58:add_scalar.c  ****             /* calculate n*B */
  59:add_scalar.c  ****             ge_scalarmult_base(&nB, n);
 170              		.loc 1 59 0
 171 00b6 FFA9     		add	r1, sp, #1020
 172 00b8 3431     		adds	r1, r1, #52
 173 00ba E4A8     		add	r0, sp, #912
 174 00bc FFF7FEFF 		bl	ge_scalarmult_base
 175              	.LVL22:
  60:add_scalar.c  **** 
  61:add_scalar.c  ****             /* A = n*B + T */
  62:add_scalar.c  ****             ge_add(&A_p1p1, &nB, &T);
 176              		.loc 1 62 0
 177 00c0 44AA     		add	r2, sp, #272
 178 00c2 E4A9     		add	r1, sp, #912
 179 00c4 BCA8     		add	r0, sp, #752
 180 00c6 FFF7FEFF 		bl	ge_add
 181              	.LVL23:
  63:add_scalar.c  ****             ge_p1p1_to_p3(&A, &A_p1p1);
 182              		.loc 1 63 0
 183 00ca BCA9     		add	r1, sp, #752
 184 00cc 94A8     		add	r0, sp, #592
 185 00ce FFF7FEFF 		bl	ge_p1p1_to_p3
 186              	.LVL24:
 187              	.L9:
  64:add_scalar.c  ****         }
  65:add_scalar.c  ****             
  66:add_scalar.c  ****         /* pack public key */
  67:add_scalar.c  ****         ge_p3_tobytes(public_key, &A);
 188              		.loc 1 67 0
 189 00d2 94A9     		add	r1, sp, #592
 190 00d4 2000     		movs	r0, r4
 191 00d6 FFF7FEFF 		bl	ge_p3_tobytes
 192              	.LVL25:
 193              	.L1:
  68:add_scalar.c  ****     }
  69:add_scalar.c  **** }
 194              		.loc 1 69 0
 195 00da 024B     		ldr	r3, .L10+4
 196 00dc 9D44     		add	sp, sp, r3
 197              		@ sp needed
 198              	.LVL26:
 199              	.LVL27:
 200              	.LVL28:
 201 00de F0BD     		pop	{r4, r5, r6, r7, pc}
 202              	.L11:
 203              		.align	2
 204              	.L10:
 205 00e0 8CFBFFFF 		.word	-1140
 206 00e4 74040000 		.word	1140
 207              		.cfi_endproc
 208              	.LFE0:
 209              		.size	ed25519_add_scalar, .-ed25519_add_scalar
 210              		.text
 211              	.Letext0:
 212              		.file 2 "c:\\program files (x86)\\cypress\\psoc creator\\4.1\\psoc creator\\import\\gnu\\arm\\5.4.
ARM GAS  C:\Users\NIGHDR~1\AppData\Local\Temp\ccZdFzWs.s 			page 6


 213              		.file 3 "c:\\program files (x86)\\cypress\\psoc creator\\4.1\\psoc creator\\import\\gnu\\arm\\5.4.
 214              		.file 4 "c:\\program files (x86)\\cypress\\psoc creator\\4.1\\psoc creator\\import\\gnu\\arm\\5.4.
 215              		.file 5 "ge.h"
 216              		.file 6 "sha512.h"
 217              		.file 7 "sc.h"
 218              		.file 8 "fe.h"
 219              		.section	.debug_info,"",%progbits
 220              	.Ldebug_info0:
 221 0000 33050000 		.4byte	0x533
 222 0004 0400     		.2byte	0x4
 223 0006 00000000 		.4byte	.Ldebug_abbrev0
 224 000a 04       		.byte	0x4
 225 000b 01       		.uleb128 0x1
 226 000c 5C000000 		.4byte	.LASF44
 227 0010 0C       		.byte	0xc
 228 0011 2E000000 		.4byte	.LASF45
 229 0015 B5010000 		.4byte	.LASF46
 230 0019 00000000 		.4byte	.Ldebug_ranges0+0
 231 001d 00000000 		.4byte	0
 232 0021 00000000 		.4byte	.Ldebug_line0
 233 0025 02       		.uleb128 0x2
 234 0026 04       		.byte	0x4
 235 0027 05       		.byte	0x5
 236 0028 696E7400 		.ascii	"int\000"
 237 002c 03       		.uleb128 0x3
 238 002d 45000000 		.4byte	.LASF7
 239 0031 02       		.byte	0x2
 240 0032 D8       		.byte	0xd8
 241 0033 37000000 		.4byte	0x37
 242 0037 04       		.uleb128 0x4
 243 0038 04       		.byte	0x4
 244 0039 07       		.byte	0x7
 245 003a 0D020000 		.4byte	.LASF0
 246 003e 04       		.uleb128 0x4
 247 003f 08       		.byte	0x8
 248 0040 05       		.byte	0x5
 249 0041 14010000 		.4byte	.LASF1
 250 0045 04       		.uleb128 0x4
 251 0046 08       		.byte	0x8
 252 0047 04       		.byte	0x4
 253 0048 9B010000 		.4byte	.LASF2
 254 004c 04       		.uleb128 0x4
 255 004d 01       		.byte	0x1
 256 004e 06       		.byte	0x6
 257 004f EA010000 		.4byte	.LASF3
 258 0053 04       		.uleb128 0x4
 259 0054 01       		.byte	0x1
 260 0055 08       		.byte	0x8
 261 0056 A7010000 		.4byte	.LASF4
 262 005a 04       		.uleb128 0x4
 263 005b 02       		.byte	0x2
 264 005c 05       		.byte	0x5
 265 005d 3B000000 		.4byte	.LASF5
 266 0061 04       		.uleb128 0x4
 267 0062 02       		.byte	0x2
 268 0063 07       		.byte	0x7
 269 0064 1A020000 		.4byte	.LASF6
ARM GAS  C:\Users\NIGHDR~1\AppData\Local\Temp\ccZdFzWs.s 			page 7


 270 0068 03       		.uleb128 0x3
 271 0069 C6020000 		.4byte	.LASF8
 272 006d 03       		.byte	0x3
 273 006e 3F       		.byte	0x3f
 274 006f 73000000 		.4byte	0x73
 275 0073 04       		.uleb128 0x4
 276 0074 04       		.byte	0x4
 277 0075 05       		.byte	0x5
 278 0076 4D010000 		.4byte	.LASF9
 279 007a 04       		.uleb128 0x4
 280 007b 04       		.byte	0x4
 281 007c 07       		.byte	0x7
 282 007d 90020000 		.4byte	.LASF10
 283 0081 03       		.uleb128 0x3
 284 0082 61020000 		.4byte	.LASF11
 285 0086 03       		.byte	0x3
 286 0087 5B       		.byte	0x5b
 287 0088 8C000000 		.4byte	0x8c
 288 008c 04       		.uleb128 0x4
 289 008d 08       		.byte	0x8
 290 008e 07       		.byte	0x7
 291 008f F6010000 		.4byte	.LASF12
 292 0093 03       		.uleb128 0x3
 293 0094 46020000 		.4byte	.LASF13
 294 0098 04       		.byte	0x4
 295 0099 2C       		.byte	0x2c
 296 009a 68000000 		.4byte	0x68
 297 009e 03       		.uleb128 0x3
 298 009f 25000000 		.4byte	.LASF14
 299 00a3 04       		.byte	0x4
 300 00a4 3C       		.byte	0x3c
 301 00a5 81000000 		.4byte	0x81
 302 00a9 05       		.uleb128 0x5
 303 00aa 666500   		.ascii	"fe\000"
 304 00ad 08       		.byte	0x8
 305 00ae 10       		.byte	0x10
 306 00af B3000000 		.4byte	0xb3
 307 00b3 06       		.uleb128 0x6
 308 00b4 93000000 		.4byte	0x93
 309 00b8 C3000000 		.4byte	0xc3
 310 00bc 07       		.uleb128 0x7
 311 00bd C3000000 		.4byte	0xc3
 312 00c1 09       		.byte	0x9
 313 00c2 00       		.byte	0
 314 00c3 04       		.uleb128 0x4
 315 00c4 04       		.byte	0x4
 316 00c5 07       		.byte	0x7
 317 00c6 4C000000 		.4byte	.LASF15
 318 00ca 08       		.uleb128 0x8
 319 00cb A0       		.byte	0xa0
 320 00cc 05       		.byte	0x5
 321 00cd 1B       		.byte	0x1b
 322 00ce FB000000 		.4byte	0xfb
 323 00d2 09       		.uleb128 0x9
 324 00d3 5800     		.ascii	"X\000"
 325 00d5 05       		.byte	0x5
 326 00d6 1C       		.byte	0x1c
ARM GAS  C:\Users\NIGHDR~1\AppData\Local\Temp\ccZdFzWs.s 			page 8


 327 00d7 A9000000 		.4byte	0xa9
 328 00db 00       		.byte	0
 329 00dc 09       		.uleb128 0x9
 330 00dd 5900     		.ascii	"Y\000"
 331 00df 05       		.byte	0x5
 332 00e0 1D       		.byte	0x1d
 333 00e1 A9000000 		.4byte	0xa9
 334 00e5 28       		.byte	0x28
 335 00e6 09       		.uleb128 0x9
 336 00e7 5A00     		.ascii	"Z\000"
 337 00e9 05       		.byte	0x5
 338 00ea 1E       		.byte	0x1e
 339 00eb A9000000 		.4byte	0xa9
 340 00ef 50       		.byte	0x50
 341 00f0 09       		.uleb128 0x9
 342 00f1 5400     		.ascii	"T\000"
 343 00f3 05       		.byte	0x5
 344 00f4 1F       		.byte	0x1f
 345 00f5 A9000000 		.4byte	0xa9
 346 00f9 78       		.byte	0x78
 347 00fa 00       		.byte	0
 348 00fb 03       		.uleb128 0x3
 349 00fc 83010000 		.4byte	.LASF16
 350 0100 05       		.byte	0x5
 351 0101 20       		.byte	0x20
 352 0102 CA000000 		.4byte	0xca
 353 0106 08       		.uleb128 0x8
 354 0107 A0       		.byte	0xa0
 355 0108 05       		.byte	0x5
 356 0109 22       		.byte	0x22
 357 010a 37010000 		.4byte	0x137
 358 010e 09       		.uleb128 0x9
 359 010f 5800     		.ascii	"X\000"
 360 0111 05       		.byte	0x5
 361 0112 23       		.byte	0x23
 362 0113 A9000000 		.4byte	0xa9
 363 0117 00       		.byte	0
 364 0118 09       		.uleb128 0x9
 365 0119 5900     		.ascii	"Y\000"
 366 011b 05       		.byte	0x5
 367 011c 24       		.byte	0x24
 368 011d A9000000 		.4byte	0xa9
 369 0121 28       		.byte	0x28
 370 0122 09       		.uleb128 0x9
 371 0123 5A00     		.ascii	"Z\000"
 372 0125 05       		.byte	0x5
 373 0126 25       		.byte	0x25
 374 0127 A9000000 		.4byte	0xa9
 375 012b 50       		.byte	0x50
 376 012c 09       		.uleb128 0x9
 377 012d 5400     		.ascii	"T\000"
 378 012f 05       		.byte	0x5
 379 0130 26       		.byte	0x26
 380 0131 A9000000 		.4byte	0xa9
 381 0135 78       		.byte	0x78
 382 0136 00       		.byte	0
 383 0137 03       		.uleb128 0x3
ARM GAS  C:\Users\NIGHDR~1\AppData\Local\Temp\ccZdFzWs.s 			page 9


 384 0138 93010000 		.4byte	.LASF17
 385 013c 05       		.byte	0x5
 386 013d 27       		.byte	0x27
 387 013e 06010000 		.4byte	0x106
 388 0142 08       		.uleb128 0x8
 389 0143 A0       		.byte	0xa0
 390 0144 05       		.byte	0x5
 391 0145 2F       		.byte	0x2f
 392 0146 79010000 		.4byte	0x179
 393 014a 0A       		.uleb128 0xa
 394 014b 55000000 		.4byte	.LASF18
 395 014f 05       		.byte	0x5
 396 0150 30       		.byte	0x30
 397 0151 A9000000 		.4byte	0xa9
 398 0155 00       		.byte	0
 399 0156 0A       		.uleb128 0xa
 400 0157 D0020000 		.4byte	.LASF19
 401 015b 05       		.byte	0x5
 402 015c 31       		.byte	0x31
 403 015d A9000000 		.4byte	0xa9
 404 0161 28       		.byte	0x28
 405 0162 09       		.uleb128 0x9
 406 0163 5A00     		.ascii	"Z\000"
 407 0165 05       		.byte	0x5
 408 0166 32       		.byte	0x32
 409 0167 A9000000 		.4byte	0xa9
 410 016b 50       		.byte	0x50
 411 016c 09       		.uleb128 0x9
 412 016d 54326400 		.ascii	"T2d\000"
 413 0171 05       		.byte	0x5
 414 0172 33       		.byte	0x33
 415 0173 A9000000 		.4byte	0xa9
 416 0177 78       		.byte	0x78
 417 0178 00       		.byte	0
 418 0179 03       		.uleb128 0x3
 419 017a 62010000 		.4byte	.LASF20
 420 017e 05       		.byte	0x5
 421 017f 34       		.byte	0x34
 422 0180 42010000 		.4byte	0x142
 423 0184 0B       		.uleb128 0xb
 424 0185 6C020000 		.4byte	.LASF47
 425 0189 D0       		.byte	0xd0
 426 018a 06       		.byte	0x6
 427 018b 09       		.byte	0x9
 428 018c C1010000 		.4byte	0x1c1
 429 0190 0A       		.uleb128 0xa
 430 0191 FF000000 		.4byte	.LASF21
 431 0195 06       		.byte	0x6
 432 0196 0A       		.byte	0xa
 433 0197 9E000000 		.4byte	0x9e
 434 019b 00       		.byte	0
 435 019c 0A       		.uleb128 0xa
 436 019d 1F000000 		.4byte	.LASF22
 437 01a1 06       		.byte	0x6
 438 01a2 0A       		.byte	0xa
 439 01a3 C1010000 		.4byte	0x1c1
 440 01a7 08       		.byte	0x8
ARM GAS  C:\Users\NIGHDR~1\AppData\Local\Temp\ccZdFzWs.s 			page 10


 441 01a8 0A       		.uleb128 0xa
 442 01a9 2D020000 		.4byte	.LASF23
 443 01ad 06       		.byte	0x6
 444 01ae 0B       		.byte	0xb
 445 01af 2C000000 		.4byte	0x2c
 446 01b3 48       		.byte	0x48
 447 01b4 09       		.uleb128 0x9
 448 01b5 62756600 		.ascii	"buf\000"
 449 01b9 06       		.byte	0x6
 450 01ba 0C       		.byte	0xc
 451 01bb D1010000 		.4byte	0x1d1
 452 01bf 4C       		.byte	0x4c
 453 01c0 00       		.byte	0
 454 01c1 06       		.uleb128 0x6
 455 01c2 9E000000 		.4byte	0x9e
 456 01c6 D1010000 		.4byte	0x1d1
 457 01ca 07       		.uleb128 0x7
 458 01cb C3000000 		.4byte	0xc3
 459 01cf 07       		.byte	0x7
 460 01d0 00       		.byte	0
 461 01d1 06       		.uleb128 0x6
 462 01d2 53000000 		.4byte	0x53
 463 01d6 E1010000 		.4byte	0x1e1
 464 01da 07       		.uleb128 0x7
 465 01db C3000000 		.4byte	0xc3
 466 01df 7F       		.byte	0x7f
 467 01e0 00       		.byte	0
 468 01e1 03       		.uleb128 0x3
 469 01e2 B7020000 		.4byte	.LASF24
 470 01e6 06       		.byte	0x6
 471 01e7 0D       		.byte	0xd
 472 01e8 84010000 		.4byte	0x184
 473 01ec 0C       		.uleb128 0xc
 474 01ed 4E020000 		.4byte	.LASF48
 475 01f1 01       		.byte	0x1
 476 01f2 08       		.byte	0x8
 477 01f3 00000000 		.4byte	.LFB0
 478 01f7 E8000000 		.4byte	.LFE0-.LFB0
 479 01fb 01       		.uleb128 0x1
 480 01fc 9C       		.byte	0x9c
 481 01fd 6E040000 		.4byte	0x46e
 482 0201 0D       		.uleb128 0xd
 483 0202 3B020000 		.4byte	.LASF25
 484 0206 01       		.byte	0x1
 485 0207 08       		.byte	0x8
 486 0208 6E040000 		.4byte	0x46e
 487 020c 00000000 		.4byte	.LLST0
 488 0210 0D       		.uleb128 0xd
 489 0211 56010000 		.4byte	.LASF26
 490 0215 01       		.byte	0x1
 491 0216 08       		.byte	0x8
 492 0217 6E040000 		.4byte	0x46e
 493 021b 2C000000 		.4byte	.LLST1
 494 021f 0D       		.uleb128 0xd
 495 0220 EA000000 		.4byte	.LASF27
 496 0224 01       		.byte	0x1
 497 0225 08       		.byte	0x8
ARM GAS  C:\Users\NIGHDR~1\AppData\Local\Temp\ccZdFzWs.s 			page 11


 498 0226 74040000 		.4byte	0x474
 499 022a 58000000 		.4byte	.LLST2
 500 022e 0E       		.uleb128 0xe
 501 022f E5020000 		.4byte	.LASF28
 502 0233 01       		.byte	0x1
 503 0234 09       		.byte	0x9
 504 0235 8F040000 		.4byte	0x48f
 505 0239 02       		.uleb128 0x2
 506 023a 91       		.byte	0x91
 507 023b 48       		.sleb128 -56
 508 023c 0F       		.uleb128 0xf
 509 023d 6E00     		.ascii	"n\000"
 510 023f 01       		.byte	0x1
 511 0240 0B       		.byte	0xb
 512 0241 94040000 		.4byte	0x494
 513 0245 03       		.uleb128 0x3
 514 0246 91       		.byte	0x91
 515 0247 A87F     		.sleb128 -88
 516 0249 0F       		.uleb128 0xf
 517 024a 6E4200   		.ascii	"nB\000"
 518 024d 01       		.byte	0x1
 519 024e 0C       		.byte	0xc
 520 024f FB000000 		.4byte	0xfb
 521 0253 03       		.uleb128 0x3
 522 0254 91       		.byte	0x91
 523 0255 887E     		.sleb128 -248
 524 0257 0E       		.uleb128 0xe
 525 0258 34020000 		.4byte	.LASF29
 526 025c 01       		.byte	0x1
 527 025d 0D       		.byte	0xd
 528 025e 37010000 		.4byte	0x137
 529 0262 03       		.uleb128 0x3
 530 0263 91       		.byte	0x91
 531 0264 E87C     		.sleb128 -408
 532 0266 0F       		.uleb128 0xf
 533 0267 4100     		.ascii	"A\000"
 534 0269 01       		.byte	0x1
 535 026a 0E       		.byte	0xe
 536 026b FB000000 		.4byte	0xfb
 537 026f 03       		.uleb128 0x3
 538 0270 91       		.byte	0x91
 539 0271 C87B     		.sleb128 -568
 540 0273 0E       		.uleb128 0xe
 541 0274 7C020000 		.4byte	.LASF30
 542 0278 01       		.byte	0x1
 543 0279 0F       		.byte	0xf
 544 027a FB000000 		.4byte	0xfb
 545 027e 03       		.uleb128 0x3
 546 027f 91       		.byte	0x91
 547 0280 A87A     		.sleb128 -728
 548 0282 0F       		.uleb128 0xf
 549 0283 5400     		.ascii	"T\000"
 550 0285 01       		.byte	0x1
 551 0286 10       		.byte	0x10
 552 0287 79010000 		.4byte	0x179
 553 028b 03       		.uleb128 0x3
 554 028c 91       		.byte	0x91
ARM GAS  C:\Users\NIGHDR~1\AppData\Local\Temp\ccZdFzWs.s 			page 12


 555 028d 8879     		.sleb128 -888
 556 028f 0E       		.uleb128 0xe
 557 0290 EA020000 		.4byte	.LASF31
 558 0294 01       		.byte	0x1
 559 0295 12       		.byte	0x12
 560 0296 E1010000 		.4byte	0x1e1
 561 029a 03       		.uleb128 0x3
 562 029b 91       		.byte	0x91
 563 029c B877     		.sleb128 -1096
 564 029e 0E       		.uleb128 0xe
 565 029f 22010000 		.4byte	.LASF32
 566 02a3 01       		.byte	0x1
 567 02a4 13       		.byte	0x13
 568 02a5 A4040000 		.4byte	0x4a4
 569 02a9 03       		.uleb128 0x3
 570 02aa 91       		.byte	0x91
 571 02ab F876     		.sleb128 -1160
 572 02ad 10       		.uleb128 0x10
 573 02ae 6900     		.ascii	"i\000"
 574 02b0 01       		.byte	0x1
 575 02b1 15       		.byte	0x15
 576 02b2 25000000 		.4byte	0x25
 577 02b6 84000000 		.4byte	.LLST3
 578 02ba 11       		.uleb128 0x11
 579 02bb 1A000000 		.4byte	.LVL4
 580 02bf B4040000 		.4byte	0x4b4
 581 02c3 D9020000 		.4byte	0x2d9
 582 02c7 12       		.uleb128 0x12
 583 02c8 01       		.uleb128 0x1
 584 02c9 50       		.byte	0x50
 585 02ca 02       		.uleb128 0x2
 586 02cb 77       		.byte	0x77
 587 02cc 00       		.sleb128 0
 588 02cd 12       		.uleb128 0x12
 589 02ce 01       		.uleb128 0x1
 590 02cf 51       		.byte	0x51
 591 02d0 01       		.uleb128 0x1
 592 02d1 30       		.byte	0x30
 593 02d2 12       		.uleb128 0x12
 594 02d3 01       		.uleb128 0x1
 595 02d4 52       		.byte	0x52
 596 02d5 02       		.uleb128 0x2
 597 02d6 08       		.byte	0x8
 598 02d7 20       		.byte	0x20
 599 02d8 00       		.byte	0
 600 02d9 11       		.uleb128 0x11
 601 02da 4C000000 		.4byte	.LVL9
 602 02de BD040000 		.4byte	0x4bd
 603 02e2 FF020000 		.4byte	0x2ff
 604 02e6 12       		.uleb128 0x12
 605 02e7 01       		.uleb128 0x1
 606 02e8 50       		.byte	0x50
 607 02e9 02       		.uleb128 0x2
 608 02ea 75       		.byte	0x75
 609 02eb 00       		.sleb128 0
 610 02ec 12       		.uleb128 0x12
 611 02ed 01       		.uleb128 0x1
ARM GAS  C:\Users\NIGHDR~1\AppData\Local\Temp\ccZdFzWs.s 			page 13


 612 02ee 51       		.byte	0x51
 613 02ef 02       		.uleb128 0x2
 614 02f0 77       		.byte	0x77
 615 02f1 00       		.sleb128 0
 616 02f2 12       		.uleb128 0x12
 617 02f3 01       		.uleb128 0x1
 618 02f4 52       		.byte	0x52
 619 02f5 02       		.uleb128 0x2
 620 02f6 77       		.byte	0x77
 621 02f7 60       		.sleb128 -32
 622 02f8 12       		.uleb128 0x12
 623 02f9 01       		.uleb128 0x1
 624 02fa 53       		.byte	0x53
 625 02fb 02       		.uleb128 0x2
 626 02fc 75       		.byte	0x75
 627 02fd 00       		.sleb128 0
 628 02fe 00       		.byte	0
 629 02ff 11       		.uleb128 0x11
 630 0300 52000000 		.4byte	.LVL10
 631 0304 C8040000 		.4byte	0x4c8
 632 0308 14030000 		.4byte	0x314
 633 030c 12       		.uleb128 0x12
 634 030d 01       		.uleb128 0x1
 635 030e 50       		.byte	0x50
 636 030f 03       		.uleb128 0x3
 637 0310 91       		.byte	0x91
 638 0311 B877     		.sleb128 -1096
 639 0313 00       		.byte	0
 640 0314 11       		.uleb128 0x11
 641 0315 5E000000 		.4byte	.LVL11
 642 0319 D3040000 		.4byte	0x4d3
 643 031d 35030000 		.4byte	0x335
 644 0321 12       		.uleb128 0x12
 645 0322 01       		.uleb128 0x1
 646 0323 50       		.byte	0x50
 647 0324 03       		.uleb128 0x3
 648 0325 91       		.byte	0x91
 649 0326 B877     		.sleb128 -1096
 650 0328 12       		.uleb128 0x12
 651 0329 01       		.uleb128 0x1
 652 032a 51       		.byte	0x51
 653 032b 02       		.uleb128 0x2
 654 032c 75       		.byte	0x75
 655 032d 20       		.sleb128 32
 656 032e 12       		.uleb128 0x12
 657 032f 01       		.uleb128 0x1
 658 0330 52       		.byte	0x52
 659 0331 02       		.uleb128 0x2
 660 0332 08       		.byte	0x8
 661 0333 20       		.byte	0x20
 662 0334 00       		.byte	0
 663 0335 11       		.uleb128 0x11
 664 0336 68000000 		.4byte	.LVL12
 665 033a D3040000 		.4byte	0x4d3
 666 033e 56030000 		.4byte	0x356
 667 0342 12       		.uleb128 0x12
 668 0343 01       		.uleb128 0x1
ARM GAS  C:\Users\NIGHDR~1\AppData\Local\Temp\ccZdFzWs.s 			page 14


 669 0344 50       		.byte	0x50
 670 0345 03       		.uleb128 0x3
 671 0346 91       		.byte	0x91
 672 0347 B877     		.sleb128 -1096
 673 0349 12       		.uleb128 0x12
 674 034a 01       		.uleb128 0x1
 675 034b 51       		.byte	0x51
 676 034c 02       		.uleb128 0x2
 677 034d 76       		.byte	0x76
 678 034e 00       		.sleb128 0
 679 034f 12       		.uleb128 0x12
 680 0350 01       		.uleb128 0x1
 681 0351 52       		.byte	0x52
 682 0352 02       		.uleb128 0x2
 683 0353 08       		.byte	0x8
 684 0354 20       		.byte	0x20
 685 0355 00       		.byte	0
 686 0356 11       		.uleb128 0x11
 687 0357 70000000 		.4byte	.LVL13
 688 035b DE040000 		.4byte	0x4de
 689 035f 72030000 		.4byte	0x372
 690 0363 12       		.uleb128 0x12
 691 0364 01       		.uleb128 0x1
 692 0365 50       		.byte	0x50
 693 0366 03       		.uleb128 0x3
 694 0367 91       		.byte	0x91
 695 0368 B877     		.sleb128 -1096
 696 036a 12       		.uleb128 0x12
 697 036b 01       		.uleb128 0x1
 698 036c 51       		.byte	0x51
 699 036d 03       		.uleb128 0x3
 700 036e 91       		.byte	0x91
 701 036f F876     		.sleb128 -1160
 702 0371 00       		.byte	0
 703 0372 11       		.uleb128 0x11
 704 0373 94000000 		.4byte	.LVL17
 705 0377 E9040000 		.4byte	0x4e9
 706 037b 8D030000 		.4byte	0x38d
 707 037f 12       		.uleb128 0x12
 708 0380 01       		.uleb128 0x1
 709 0381 50       		.byte	0x50
 710 0382 03       		.uleb128 0x3
 711 0383 91       		.byte	0x91
 712 0384 C87B     		.sleb128 -568
 713 0386 12       		.uleb128 0x12
 714 0387 01       		.uleb128 0x1
 715 0388 51       		.byte	0x51
 716 0389 02       		.uleb128 0x2
 717 038a 75       		.byte	0x75
 718 038b 00       		.sleb128 0
 719 038c 00       		.byte	0
 720 038d 11       		.uleb128 0x11
 721 038e 9E000000 		.4byte	.LVL18
 722 0392 F4040000 		.4byte	0x4f4
 723 0396 A8030000 		.4byte	0x3a8
 724 039a 12       		.uleb128 0x12
 725 039b 01       		.uleb128 0x1
ARM GAS  C:\Users\NIGHDR~1\AppData\Local\Temp\ccZdFzWs.s 			page 15


 726 039c 50       		.byte	0x50
 727 039d 03       		.uleb128 0x3
 728 039e 91       		.byte	0x91
 729 039f A87A     		.sleb128 -728
 730 03a1 12       		.uleb128 0x12
 731 03a2 01       		.uleb128 0x1
 732 03a3 51       		.byte	0x51
 733 03a4 02       		.uleb128 0x2
 734 03a5 74       		.byte	0x74
 735 03a6 00       		.sleb128 0
 736 03a7 00       		.byte	0
 737 03a8 11       		.uleb128 0x11
 738 03a9 A6000000 		.4byte	.LVL19
 739 03ad FF040000 		.4byte	0x4ff
 740 03b1 C4030000 		.4byte	0x3c4
 741 03b5 12       		.uleb128 0x12
 742 03b6 01       		.uleb128 0x1
 743 03b7 50       		.byte	0x50
 744 03b8 03       		.uleb128 0x3
 745 03b9 91       		.byte	0x91
 746 03ba A87A     		.sleb128 -728
 747 03bc 12       		.uleb128 0x12
 748 03bd 01       		.uleb128 0x1
 749 03be 51       		.byte	0x51
 750 03bf 03       		.uleb128 0x3
 751 03c0 91       		.byte	0x91
 752 03c1 A87A     		.sleb128 -728
 753 03c3 00       		.byte	0
 754 03c4 11       		.uleb128 0x11
 755 03c5 AE000000 		.4byte	.LVL20
 756 03c9 FF040000 		.4byte	0x4ff
 757 03cd E0030000 		.4byte	0x3e0
 758 03d1 12       		.uleb128 0x12
 759 03d2 01       		.uleb128 0x1
 760 03d3 50       		.byte	0x50
 761 03d4 03       		.uleb128 0x3
 762 03d5 91       		.byte	0x91
 763 03d6 A07B     		.sleb128 -608
 764 03d8 12       		.uleb128 0x12
 765 03d9 01       		.uleb128 0x1
 766 03da 51       		.byte	0x51
 767 03db 03       		.uleb128 0x3
 768 03dc 91       		.byte	0x91
 769 03dd A07B     		.sleb128 -608
 770 03df 00       		.byte	0
 771 03e0 11       		.uleb128 0x11
 772 03e1 B6000000 		.4byte	.LVL21
 773 03e5 0A050000 		.4byte	0x50a
 774 03e9 FC030000 		.4byte	0x3fc
 775 03ed 12       		.uleb128 0x12
 776 03ee 01       		.uleb128 0x1
 777 03ef 50       		.byte	0x50
 778 03f0 03       		.uleb128 0x3
 779 03f1 91       		.byte	0x91
 780 03f2 8879     		.sleb128 -888
 781 03f4 12       		.uleb128 0x12
 782 03f5 01       		.uleb128 0x1
ARM GAS  C:\Users\NIGHDR~1\AppData\Local\Temp\ccZdFzWs.s 			page 16


 783 03f6 51       		.byte	0x51
 784 03f7 03       		.uleb128 0x3
 785 03f8 91       		.byte	0x91
 786 03f9 A87A     		.sleb128 -728
 787 03fb 00       		.byte	0
 788 03fc 11       		.uleb128 0x11
 789 03fd C0000000 		.4byte	.LVL22
 790 0401 E9040000 		.4byte	0x4e9
 791 0405 17040000 		.4byte	0x417
 792 0409 12       		.uleb128 0x12
 793 040a 01       		.uleb128 0x1
 794 040b 50       		.byte	0x50
 795 040c 03       		.uleb128 0x3
 796 040d 91       		.byte	0x91
 797 040e 887E     		.sleb128 -248
 798 0410 12       		.uleb128 0x12
 799 0411 01       		.uleb128 0x1
 800 0412 51       		.byte	0x51
 801 0413 02       		.uleb128 0x2
 802 0414 77       		.byte	0x77
 803 0415 60       		.sleb128 -32
 804 0416 00       		.byte	0
 805 0417 11       		.uleb128 0x11
 806 0418 CA000000 		.4byte	.LVL23
 807 041c 15050000 		.4byte	0x515
 808 0420 3A040000 		.4byte	0x43a
 809 0424 12       		.uleb128 0x12
 810 0425 01       		.uleb128 0x1
 811 0426 50       		.byte	0x50
 812 0427 03       		.uleb128 0x3
 813 0428 91       		.byte	0x91
 814 0429 E87C     		.sleb128 -408
 815 042b 12       		.uleb128 0x12
 816 042c 01       		.uleb128 0x1
 817 042d 51       		.byte	0x51
 818 042e 03       		.uleb128 0x3
 819 042f 91       		.byte	0x91
 820 0430 887E     		.sleb128 -248
 821 0432 12       		.uleb128 0x12
 822 0433 01       		.uleb128 0x1
 823 0434 52       		.byte	0x52
 824 0435 03       		.uleb128 0x3
 825 0436 91       		.byte	0x91
 826 0437 8879     		.sleb128 -888
 827 0439 00       		.byte	0
 828 043a 11       		.uleb128 0x11
 829 043b D2000000 		.4byte	.LVL24
 830 043f 20050000 		.4byte	0x520
 831 0443 56040000 		.4byte	0x456
 832 0447 12       		.uleb128 0x12
 833 0448 01       		.uleb128 0x1
 834 0449 50       		.byte	0x50
 835 044a 03       		.uleb128 0x3
 836 044b 91       		.byte	0x91
 837 044c C87B     		.sleb128 -568
 838 044e 12       		.uleb128 0x12
 839 044f 01       		.uleb128 0x1
ARM GAS  C:\Users\NIGHDR~1\AppData\Local\Temp\ccZdFzWs.s 			page 17


 840 0450 51       		.byte	0x51
 841 0451 03       		.uleb128 0x3
 842 0452 91       		.byte	0x91
 843 0453 E87C     		.sleb128 -408
 844 0455 00       		.byte	0
 845 0456 13       		.uleb128 0x13
 846 0457 DA000000 		.4byte	.LVL25
 847 045b 2B050000 		.4byte	0x52b
 848 045f 12       		.uleb128 0x12
 849 0460 01       		.uleb128 0x1
 850 0461 50       		.byte	0x50
 851 0462 02       		.uleb128 0x2
 852 0463 74       		.byte	0x74
 853 0464 00       		.sleb128 0
 854 0465 12       		.uleb128 0x12
 855 0466 01       		.uleb128 0x1
 856 0467 51       		.byte	0x51
 857 0468 03       		.uleb128 0x3
 858 0469 91       		.byte	0x91
 859 046a C87B     		.sleb128 -568
 860 046c 00       		.byte	0
 861 046d 00       		.byte	0
 862 046e 14       		.uleb128 0x14
 863 046f 04       		.byte	0x4
 864 0470 53000000 		.4byte	0x53
 865 0474 14       		.uleb128 0x14
 866 0475 04       		.byte	0x4
 867 0476 7A040000 		.4byte	0x47a
 868 047a 15       		.uleb128 0x15
 869 047b 53000000 		.4byte	0x53
 870 047f 06       		.uleb128 0x6
 871 0480 7A040000 		.4byte	0x47a
 872 0484 8F040000 		.4byte	0x48f
 873 0488 07       		.uleb128 0x7
 874 0489 C3000000 		.4byte	0xc3
 875 048d 1F       		.byte	0x1f
 876 048e 00       		.byte	0
 877 048f 15       		.uleb128 0x15
 878 0490 7F040000 		.4byte	0x47f
 879 0494 06       		.uleb128 0x6
 880 0495 53000000 		.4byte	0x53
 881 0499 A4040000 		.4byte	0x4a4
 882 049d 07       		.uleb128 0x7
 883 049e C3000000 		.4byte	0xc3
 884 04a2 1F       		.byte	0x1f
 885 04a3 00       		.byte	0
 886 04a4 06       		.uleb128 0x6
 887 04a5 53000000 		.4byte	0x53
 888 04a9 B4040000 		.4byte	0x4b4
 889 04ad 07       		.uleb128 0x7
 890 04ae C3000000 		.4byte	0xc3
 891 04b2 3F       		.byte	0x3f
 892 04b3 00       		.byte	0
 893 04b4 16       		.uleb128 0x16
 894 04b5 2A010000 		.4byte	.LASF49
 895 04b9 2A010000 		.4byte	.LASF49
 896 04bd 17       		.uleb128 0x17
ARM GAS  C:\Users\NIGHDR~1\AppData\Local\Temp\ccZdFzWs.s 			page 18


 897 04be 89010000 		.4byte	.LASF33
 898 04c2 89010000 		.4byte	.LASF33
 899 04c6 07       		.byte	0x7
 900 04c7 0A       		.byte	0xa
 901 04c8 17       		.uleb128 0x17
 902 04c9 13000000 		.4byte	.LASF34
 903 04cd 13000000 		.4byte	.LASF34
 904 04d1 06       		.byte	0x6
 905 04d2 10       		.byte	0x10
 906 04d3 17       		.uleb128 0x17
 907 04d4 06010000 		.4byte	.LASF35
 908 04d8 06010000 		.4byte	.LASF35
 909 04dc 06       		.byte	0x6
 910 04dd 12       		.byte	0x12
 911 04de 17       		.uleb128 0x17
 912 04df D8020000 		.4byte	.LASF36
 913 04e3 D8020000 		.4byte	.LASF36
 914 04e7 06       		.byte	0x6
 915 04e8 11       		.byte	0x11
 916 04e9 17       		.uleb128 0x17
 917 04ea 00000000 		.4byte	.LASF37
 918 04ee 00000000 		.4byte	.LASF37
 919 04f2 05       		.byte	0x5
 920 04f3 3F       		.byte	0x3f
 921 04f4 17       		.uleb128 0x17
 922 04f5 31010000 		.4byte	.LASF38
 923 04f9 31010000 		.4byte	.LASF38
 924 04fd 05       		.byte	0x5
 925 04fe 38       		.byte	0x38
 926 04ff 17       		.uleb128 0x17
 927 0500 B0020000 		.4byte	.LASF39
 928 0504 B0020000 		.4byte	.LASF39
 929 0508 08       		.byte	0x8
 930 0509 1F       		.byte	0x1f
 931 050a 17       		.uleb128 0x17
 932 050b 6C010000 		.4byte	.LASF40
 933 050f 6C010000 		.4byte	.LASF40
 934 0513 05       		.byte	0x5
 935 0514 47       		.byte	0x47
 936 0515 17       		.uleb128 0x17
 937 0516 7C010000 		.4byte	.LASF41
 938 051a 7C010000 		.4byte	.LASF41
 939 051e 05       		.byte	0x5
 940 051f 3A       		.byte	0x3a
 941 0520 17       		.uleb128 0x17
 942 0521 F1000000 		.4byte	.LASF42
 943 0525 F1000000 		.4byte	.LASF42
 944 0529 05       		.byte	0x5
 945 052a 42       		.byte	0x42
 946 052b 17       		.uleb128 0x17
 947 052c A2020000 		.4byte	.LASF43
 948 0530 A2020000 		.4byte	.LASF43
 949 0534 05       		.byte	0x5
 950 0535 36       		.byte	0x36
 951 0536 00       		.byte	0
 952              		.section	.debug_abbrev,"",%progbits
 953              	.Ldebug_abbrev0:
ARM GAS  C:\Users\NIGHDR~1\AppData\Local\Temp\ccZdFzWs.s 			page 19


 954 0000 01       		.uleb128 0x1
 955 0001 11       		.uleb128 0x11
 956 0002 01       		.byte	0x1
 957 0003 25       		.uleb128 0x25
 958 0004 0E       		.uleb128 0xe
 959 0005 13       		.uleb128 0x13
 960 0006 0B       		.uleb128 0xb
 961 0007 03       		.uleb128 0x3
 962 0008 0E       		.uleb128 0xe
 963 0009 1B       		.uleb128 0x1b
 964 000a 0E       		.uleb128 0xe
 965 000b 55       		.uleb128 0x55
 966 000c 17       		.uleb128 0x17
 967 000d 11       		.uleb128 0x11
 968 000e 01       		.uleb128 0x1
 969 000f 10       		.uleb128 0x10
 970 0010 17       		.uleb128 0x17
 971 0011 00       		.byte	0
 972 0012 00       		.byte	0
 973 0013 02       		.uleb128 0x2
 974 0014 24       		.uleb128 0x24
 975 0015 00       		.byte	0
 976 0016 0B       		.uleb128 0xb
 977 0017 0B       		.uleb128 0xb
 978 0018 3E       		.uleb128 0x3e
 979 0019 0B       		.uleb128 0xb
 980 001a 03       		.uleb128 0x3
 981 001b 08       		.uleb128 0x8
 982 001c 00       		.byte	0
 983 001d 00       		.byte	0
 984 001e 03       		.uleb128 0x3
 985 001f 16       		.uleb128 0x16
 986 0020 00       		.byte	0
 987 0021 03       		.uleb128 0x3
 988 0022 0E       		.uleb128 0xe
 989 0023 3A       		.uleb128 0x3a
 990 0024 0B       		.uleb128 0xb
 991 0025 3B       		.uleb128 0x3b
 992 0026 0B       		.uleb128 0xb
 993 0027 49       		.uleb128 0x49
 994 0028 13       		.uleb128 0x13
 995 0029 00       		.byte	0
 996 002a 00       		.byte	0
 997 002b 04       		.uleb128 0x4
 998 002c 24       		.uleb128 0x24
 999 002d 00       		.byte	0
 1000 002e 0B       		.uleb128 0xb
 1001 002f 0B       		.uleb128 0xb
 1002 0030 3E       		.uleb128 0x3e
 1003 0031 0B       		.uleb128 0xb
 1004 0032 03       		.uleb128 0x3
 1005 0033 0E       		.uleb128 0xe
 1006 0034 00       		.byte	0
 1007 0035 00       		.byte	0
 1008 0036 05       		.uleb128 0x5
 1009 0037 16       		.uleb128 0x16
 1010 0038 00       		.byte	0
ARM GAS  C:\Users\NIGHDR~1\AppData\Local\Temp\ccZdFzWs.s 			page 20


 1011 0039 03       		.uleb128 0x3
 1012 003a 08       		.uleb128 0x8
 1013 003b 3A       		.uleb128 0x3a
 1014 003c 0B       		.uleb128 0xb
 1015 003d 3B       		.uleb128 0x3b
 1016 003e 0B       		.uleb128 0xb
 1017 003f 49       		.uleb128 0x49
 1018 0040 13       		.uleb128 0x13
 1019 0041 00       		.byte	0
 1020 0042 00       		.byte	0
 1021 0043 06       		.uleb128 0x6
 1022 0044 01       		.uleb128 0x1
 1023 0045 01       		.byte	0x1
 1024 0046 49       		.uleb128 0x49
 1025 0047 13       		.uleb128 0x13
 1026 0048 01       		.uleb128 0x1
 1027 0049 13       		.uleb128 0x13
 1028 004a 00       		.byte	0
 1029 004b 00       		.byte	0
 1030 004c 07       		.uleb128 0x7
 1031 004d 21       		.uleb128 0x21
 1032 004e 00       		.byte	0
 1033 004f 49       		.uleb128 0x49
 1034 0050 13       		.uleb128 0x13
 1035 0051 2F       		.uleb128 0x2f
 1036 0052 0B       		.uleb128 0xb
 1037 0053 00       		.byte	0
 1038 0054 00       		.byte	0
 1039 0055 08       		.uleb128 0x8
 1040 0056 13       		.uleb128 0x13
 1041 0057 01       		.byte	0x1
 1042 0058 0B       		.uleb128 0xb
 1043 0059 0B       		.uleb128 0xb
 1044 005a 3A       		.uleb128 0x3a
 1045 005b 0B       		.uleb128 0xb
 1046 005c 3B       		.uleb128 0x3b
 1047 005d 0B       		.uleb128 0xb
 1048 005e 01       		.uleb128 0x1
 1049 005f 13       		.uleb128 0x13
 1050 0060 00       		.byte	0
 1051 0061 00       		.byte	0
 1052 0062 09       		.uleb128 0x9
 1053 0063 0D       		.uleb128 0xd
 1054 0064 00       		.byte	0
 1055 0065 03       		.uleb128 0x3
 1056 0066 08       		.uleb128 0x8
 1057 0067 3A       		.uleb128 0x3a
 1058 0068 0B       		.uleb128 0xb
 1059 0069 3B       		.uleb128 0x3b
 1060 006a 0B       		.uleb128 0xb
 1061 006b 49       		.uleb128 0x49
 1062 006c 13       		.uleb128 0x13
 1063 006d 38       		.uleb128 0x38
 1064 006e 0B       		.uleb128 0xb
 1065 006f 00       		.byte	0
 1066 0070 00       		.byte	0
 1067 0071 0A       		.uleb128 0xa
ARM GAS  C:\Users\NIGHDR~1\AppData\Local\Temp\ccZdFzWs.s 			page 21


 1068 0072 0D       		.uleb128 0xd
 1069 0073 00       		.byte	0
 1070 0074 03       		.uleb128 0x3
 1071 0075 0E       		.uleb128 0xe
 1072 0076 3A       		.uleb128 0x3a
 1073 0077 0B       		.uleb128 0xb
 1074 0078 3B       		.uleb128 0x3b
 1075 0079 0B       		.uleb128 0xb
 1076 007a 49       		.uleb128 0x49
 1077 007b 13       		.uleb128 0x13
 1078 007c 38       		.uleb128 0x38
 1079 007d 0B       		.uleb128 0xb
 1080 007e 00       		.byte	0
 1081 007f 00       		.byte	0
 1082 0080 0B       		.uleb128 0xb
 1083 0081 13       		.uleb128 0x13
 1084 0082 01       		.byte	0x1
 1085 0083 03       		.uleb128 0x3
 1086 0084 0E       		.uleb128 0xe
 1087 0085 0B       		.uleb128 0xb
 1088 0086 0B       		.uleb128 0xb
 1089 0087 3A       		.uleb128 0x3a
 1090 0088 0B       		.uleb128 0xb
 1091 0089 3B       		.uleb128 0x3b
 1092 008a 0B       		.uleb128 0xb
 1093 008b 01       		.uleb128 0x1
 1094 008c 13       		.uleb128 0x13
 1095 008d 00       		.byte	0
 1096 008e 00       		.byte	0
 1097 008f 0C       		.uleb128 0xc
 1098 0090 2E       		.uleb128 0x2e
 1099 0091 01       		.byte	0x1
 1100 0092 3F       		.uleb128 0x3f
 1101 0093 19       		.uleb128 0x19
 1102 0094 03       		.uleb128 0x3
 1103 0095 0E       		.uleb128 0xe
 1104 0096 3A       		.uleb128 0x3a
 1105 0097 0B       		.uleb128 0xb
 1106 0098 3B       		.uleb128 0x3b
 1107 0099 0B       		.uleb128 0xb
 1108 009a 27       		.uleb128 0x27
 1109 009b 19       		.uleb128 0x19
 1110 009c 11       		.uleb128 0x11
 1111 009d 01       		.uleb128 0x1
 1112 009e 12       		.uleb128 0x12
 1113 009f 06       		.uleb128 0x6
 1114 00a0 40       		.uleb128 0x40
 1115 00a1 18       		.uleb128 0x18
 1116 00a2 9742     		.uleb128 0x2117
 1117 00a4 19       		.uleb128 0x19
 1118 00a5 01       		.uleb128 0x1
 1119 00a6 13       		.uleb128 0x13
 1120 00a7 00       		.byte	0
 1121 00a8 00       		.byte	0
 1122 00a9 0D       		.uleb128 0xd
 1123 00aa 05       		.uleb128 0x5
 1124 00ab 00       		.byte	0
ARM GAS  C:\Users\NIGHDR~1\AppData\Local\Temp\ccZdFzWs.s 			page 22


 1125 00ac 03       		.uleb128 0x3
 1126 00ad 0E       		.uleb128 0xe
 1127 00ae 3A       		.uleb128 0x3a
 1128 00af 0B       		.uleb128 0xb
 1129 00b0 3B       		.uleb128 0x3b
 1130 00b1 0B       		.uleb128 0xb
 1131 00b2 49       		.uleb128 0x49
 1132 00b3 13       		.uleb128 0x13
 1133 00b4 02       		.uleb128 0x2
 1134 00b5 17       		.uleb128 0x17
 1135 00b6 00       		.byte	0
 1136 00b7 00       		.byte	0
 1137 00b8 0E       		.uleb128 0xe
 1138 00b9 34       		.uleb128 0x34
 1139 00ba 00       		.byte	0
 1140 00bb 03       		.uleb128 0x3
 1141 00bc 0E       		.uleb128 0xe
 1142 00bd 3A       		.uleb128 0x3a
 1143 00be 0B       		.uleb128 0xb
 1144 00bf 3B       		.uleb128 0x3b
 1145 00c0 0B       		.uleb128 0xb
 1146 00c1 49       		.uleb128 0x49
 1147 00c2 13       		.uleb128 0x13
 1148 00c3 02       		.uleb128 0x2
 1149 00c4 18       		.uleb128 0x18
 1150 00c5 00       		.byte	0
 1151 00c6 00       		.byte	0
 1152 00c7 0F       		.uleb128 0xf
 1153 00c8 34       		.uleb128 0x34
 1154 00c9 00       		.byte	0
 1155 00ca 03       		.uleb128 0x3
 1156 00cb 08       		.uleb128 0x8
 1157 00cc 3A       		.uleb128 0x3a
 1158 00cd 0B       		.uleb128 0xb
 1159 00ce 3B       		.uleb128 0x3b
 1160 00cf 0B       		.uleb128 0xb
 1161 00d0 49       		.uleb128 0x49
 1162 00d1 13       		.uleb128 0x13
 1163 00d2 02       		.uleb128 0x2
 1164 00d3 18       		.uleb128 0x18
 1165 00d4 00       		.byte	0
 1166 00d5 00       		.byte	0
 1167 00d6 10       		.uleb128 0x10
 1168 00d7 34       		.uleb128 0x34
 1169 00d8 00       		.byte	0
 1170 00d9 03       		.uleb128 0x3
 1171 00da 08       		.uleb128 0x8
 1172 00db 3A       		.uleb128 0x3a
 1173 00dc 0B       		.uleb128 0xb
 1174 00dd 3B       		.uleb128 0x3b
 1175 00de 0B       		.uleb128 0xb
 1176 00df 49       		.uleb128 0x49
 1177 00e0 13       		.uleb128 0x13
 1178 00e1 02       		.uleb128 0x2
 1179 00e2 17       		.uleb128 0x17
 1180 00e3 00       		.byte	0
 1181 00e4 00       		.byte	0
ARM GAS  C:\Users\NIGHDR~1\AppData\Local\Temp\ccZdFzWs.s 			page 23


 1182 00e5 11       		.uleb128 0x11
 1183 00e6 898201   		.uleb128 0x4109
 1184 00e9 01       		.byte	0x1
 1185 00ea 11       		.uleb128 0x11
 1186 00eb 01       		.uleb128 0x1
 1187 00ec 31       		.uleb128 0x31
 1188 00ed 13       		.uleb128 0x13
 1189 00ee 01       		.uleb128 0x1
 1190 00ef 13       		.uleb128 0x13
 1191 00f0 00       		.byte	0
 1192 00f1 00       		.byte	0
 1193 00f2 12       		.uleb128 0x12
 1194 00f3 8A8201   		.uleb128 0x410a
 1195 00f6 00       		.byte	0
 1196 00f7 02       		.uleb128 0x2
 1197 00f8 18       		.uleb128 0x18
 1198 00f9 9142     		.uleb128 0x2111
 1199 00fb 18       		.uleb128 0x18
 1200 00fc 00       		.byte	0
 1201 00fd 00       		.byte	0
 1202 00fe 13       		.uleb128 0x13
 1203 00ff 898201   		.uleb128 0x4109
 1204 0102 01       		.byte	0x1
 1205 0103 11       		.uleb128 0x11
 1206 0104 01       		.uleb128 0x1
 1207 0105 31       		.uleb128 0x31
 1208 0106 13       		.uleb128 0x13
 1209 0107 00       		.byte	0
 1210 0108 00       		.byte	0
 1211 0109 14       		.uleb128 0x14
 1212 010a 0F       		.uleb128 0xf
 1213 010b 00       		.byte	0
 1214 010c 0B       		.uleb128 0xb
 1215 010d 0B       		.uleb128 0xb
 1216 010e 49       		.uleb128 0x49
 1217 010f 13       		.uleb128 0x13
 1218 0110 00       		.byte	0
 1219 0111 00       		.byte	0
 1220 0112 15       		.uleb128 0x15
 1221 0113 26       		.uleb128 0x26
 1222 0114 00       		.byte	0
 1223 0115 49       		.uleb128 0x49
 1224 0116 13       		.uleb128 0x13
 1225 0117 00       		.byte	0
 1226 0118 00       		.byte	0
 1227 0119 16       		.uleb128 0x16
 1228 011a 2E       		.uleb128 0x2e
 1229 011b 00       		.byte	0
 1230 011c 3F       		.uleb128 0x3f
 1231 011d 19       		.uleb128 0x19
 1232 011e 3C       		.uleb128 0x3c
 1233 011f 19       		.uleb128 0x19
 1234 0120 6E       		.uleb128 0x6e
 1235 0121 0E       		.uleb128 0xe
 1236 0122 03       		.uleb128 0x3
 1237 0123 0E       		.uleb128 0xe
 1238 0124 00       		.byte	0
ARM GAS  C:\Users\NIGHDR~1\AppData\Local\Temp\ccZdFzWs.s 			page 24


 1239 0125 00       		.byte	0
 1240 0126 17       		.uleb128 0x17
 1241 0127 2E       		.uleb128 0x2e
 1242 0128 00       		.byte	0
 1243 0129 3F       		.uleb128 0x3f
 1244 012a 19       		.uleb128 0x19
 1245 012b 3C       		.uleb128 0x3c
 1246 012c 19       		.uleb128 0x19
 1247 012d 6E       		.uleb128 0x6e
 1248 012e 0E       		.uleb128 0xe
 1249 012f 03       		.uleb128 0x3
 1250 0130 0E       		.uleb128 0xe
 1251 0131 3A       		.uleb128 0x3a
 1252 0132 0B       		.uleb128 0xb
 1253 0133 3B       		.uleb128 0x3b
 1254 0134 0B       		.uleb128 0xb
 1255 0135 00       		.byte	0
 1256 0136 00       		.byte	0
 1257 0137 00       		.byte	0
 1258              		.section	.debug_loc,"",%progbits
 1259              	.Ldebug_loc0:
 1260              	.LLST0:
 1261 0000 00000000 		.4byte	.LVL0
 1262 0004 16000000 		.4byte	.LVL3
 1263 0008 0100     		.2byte	0x1
 1264 000a 50       		.byte	0x50
 1265 000b 16000000 		.4byte	.LVL3
 1266 000f DE000000 		.4byte	.LVL26
 1267 0013 0100     		.2byte	0x1
 1268 0015 54       		.byte	0x54
 1269 0016 DE000000 		.4byte	.LVL26
 1270 001a E8000000 		.4byte	.LFE0
 1271 001e 0400     		.2byte	0x4
 1272 0020 F3       		.byte	0xf3
 1273 0021 01       		.uleb128 0x1
 1274 0022 50       		.byte	0x50
 1275 0023 9F       		.byte	0x9f
 1276 0024 00000000 		.4byte	0
 1277 0028 00000000 		.4byte	0
 1278              	.LLST1:
 1279 002c 00000000 		.4byte	.LVL0
 1280 0030 14000000 		.4byte	.LVL2
 1281 0034 0100     		.2byte	0x1
 1282 0036 51       		.byte	0x51
 1283 0037 14000000 		.4byte	.LVL2
 1284 003b DE000000 		.4byte	.LVL27
 1285 003f 0100     		.2byte	0x1
 1286 0041 55       		.byte	0x55
 1287 0042 DE000000 		.4byte	.LVL27
 1288 0046 E8000000 		.4byte	.LFE0
 1289 004a 0400     		.2byte	0x4
 1290 004c F3       		.byte	0xf3
 1291 004d 01       		.uleb128 0x1
 1292 004e 51       		.byte	0x51
 1293 004f 9F       		.byte	0x9f
 1294 0050 00000000 		.4byte	0
 1295 0054 00000000 		.4byte	0
ARM GAS  C:\Users\NIGHDR~1\AppData\Local\Temp\ccZdFzWs.s 			page 25


 1296              	.LLST2:
 1297 0058 00000000 		.4byte	.LVL0
 1298 005c 12000000 		.4byte	.LVL1
 1299 0060 0100     		.2byte	0x1
 1300 0062 52       		.byte	0x52
 1301 0063 12000000 		.4byte	.LVL1
 1302 0067 DE000000 		.4byte	.LVL28
 1303 006b 0100     		.2byte	0x1
 1304 006d 56       		.byte	0x56
 1305 006e DE000000 		.4byte	.LVL28
 1306 0072 E8000000 		.4byte	.LFE0
 1307 0076 0400     		.2byte	0x4
 1308 0078 F3       		.byte	0xf3
 1309 0079 01       		.uleb128 0x1
 1310 007a 52       		.byte	0x52
 1311 007b 9F       		.byte	0x9f
 1312 007c 00000000 		.4byte	0
 1313 0080 00000000 		.4byte	0
 1314              	.LLST3:
 1315 0084 1E000000 		.4byte	.LVL5
 1316 0088 22000000 		.4byte	.LVL6
 1317 008c 0200     		.2byte	0x2
 1318 008e 30       		.byte	0x30
 1319 008f 9F       		.byte	0x9f
 1320 0090 22000000 		.4byte	.LVL6
 1321 0094 32000000 		.4byte	.LVL8
 1322 0098 0100     		.2byte	0x1
 1323 009a 53       		.byte	0x53
 1324 009b 70000000 		.4byte	.LVL13
 1325 009f 74000000 		.4byte	.LVL14
 1326 00a3 0200     		.2byte	0x2
 1327 00a5 30       		.byte	0x30
 1328 00a6 9F       		.byte	0x9f
 1329 00a7 74000000 		.4byte	.LVL14
 1330 00ab 84000000 		.4byte	.LVL16
 1331 00af 0100     		.2byte	0x1
 1332 00b1 53       		.byte	0x53
 1333 00b2 00000000 		.4byte	0
 1334 00b6 00000000 		.4byte	0
 1335              		.section	.debug_aranges,"",%progbits
 1336 0000 1C000000 		.4byte	0x1c
 1337 0004 0200     		.2byte	0x2
 1338 0006 00000000 		.4byte	.Ldebug_info0
 1339 000a 04       		.byte	0x4
 1340 000b 00       		.byte	0
 1341 000c 0000     		.2byte	0
 1342 000e 0000     		.2byte	0
 1343 0010 00000000 		.4byte	.LFB0
 1344 0014 E8000000 		.4byte	.LFE0-.LFB0
 1345 0018 00000000 		.4byte	0
 1346 001c 00000000 		.4byte	0
 1347              		.section	.debug_ranges,"",%progbits
 1348              	.Ldebug_ranges0:
 1349 0000 00000000 		.4byte	.LFB0
 1350 0004 E8000000 		.4byte	.LFE0
 1351 0008 00000000 		.4byte	0
 1352 000c 00000000 		.4byte	0
ARM GAS  C:\Users\NIGHDR~1\AppData\Local\Temp\ccZdFzWs.s 			page 26


 1353              		.section	.debug_line,"",%progbits
 1354              	.Ldebug_line0:
 1355 0000 13020000 		.section	.debug_str,"MS",%progbits,1
 1355      0200C601 
 1355      00000201 
 1355      FB0E0D00 
 1355      01010101 
 1356              	.LASF37:
 1357 0000 67655F73 		.ascii	"ge_scalarmult_base\000"
 1357      63616C61 
 1357      726D756C 
 1357      745F6261 
 1357      736500
 1358              	.LASF34:
 1359 0013 73686135 		.ascii	"sha512_init\000"
 1359      31325F69 
 1359      6E697400 
 1360              	.LASF22:
 1361 001f 73746174 		.ascii	"state\000"
 1361      6500
 1362              	.LASF14:
 1363 0025 75696E74 		.ascii	"uint64_t\000"
 1363      36345F74 
 1363      00
 1364              	.LASF45:
 1365 002e 6164645F 		.ascii	"add_scalar.c\000"
 1365      7363616C 
 1365      61722E63 
 1365      00
 1366              	.LASF5:
 1367 003b 73686F72 		.ascii	"short int\000"
 1367      7420696E 
 1367      7400
 1368              	.LASF7:
 1369 0045 73697A65 		.ascii	"size_t\000"
 1369      5F7400
 1370              	.LASF15:
 1371 004c 73697A65 		.ascii	"sizetype\000"
 1371      74797065 
 1371      00
 1372              	.LASF18:
 1373 0055 59706C75 		.ascii	"YplusX\000"
 1373      735800
 1374              	.LASF44:
 1375 005c 474E5520 		.ascii	"GNU C11 5.4.1 20160609 (release) [ARM/embedded-5-br"
 1375      43313120 
 1375      352E342E 
 1375      31203230 
 1375      31363036 
 1376 008f 616E6368 		.ascii	"anch revision 237715] -mcpu=cortex-m0 -mthumb -g -O"
 1376      20726576 
 1376      6973696F 
 1376      6E203233 
 1376      37373135 
 1377 00c2 67202D66 		.ascii	"g -ffunction-sections -ffat-lto-objects\000"
 1377      66756E63 
 1377      74696F6E 
ARM GAS  C:\Users\NIGHDR~1\AppData\Local\Temp\ccZdFzWs.s 			page 27


 1377      2D736563 
 1377      74696F6E 
 1378              	.LASF27:
 1379 00ea 7363616C 		.ascii	"scalar\000"
 1379      617200
 1380              	.LASF42:
 1381 00f1 67655F70 		.ascii	"ge_p1p1_to_p3\000"
 1381      3170315F 
 1381      746F5F70 
 1381      3300
 1382              	.LASF21:
 1383 00ff 6C656E67 		.ascii	"length\000"
 1383      746800
 1384              	.LASF35:
 1385 0106 73686135 		.ascii	"sha512_update\000"
 1385      31325F75 
 1385      70646174 
 1385      6500
 1386              	.LASF1:
 1387 0114 6C6F6E67 		.ascii	"long long int\000"
 1387      206C6F6E 
 1387      6720696E 
 1387      7400
 1388              	.LASF32:
 1389 0122 68617368 		.ascii	"hashbuf\000"
 1389      62756600 
 1390              	.LASF49:
 1391 012a 6D656D73 		.ascii	"memset\000"
 1391      657400
 1392              	.LASF38:
 1393 0131 67655F66 		.ascii	"ge_frombytes_negate_vartime\000"
 1393      726F6D62 
 1393      79746573 
 1393      5F6E6567 
 1393      6174655F 
 1394              	.LASF9:
 1395 014d 6C6F6E67 		.ascii	"long int\000"
 1395      20696E74 
 1395      00
 1396              	.LASF26:
 1397 0156 70726976 		.ascii	"private_key\000"
 1397      6174655F 
 1397      6B657900 
 1398              	.LASF20:
 1399 0162 67655F63 		.ascii	"ge_cached\000"
 1399      61636865 
 1399      6400
 1400              	.LASF40:
 1401 016c 67655F70 		.ascii	"ge_p3_to_cached\000"
 1401      335F746F 
 1401      5F636163 
 1401      68656400 
 1402              	.LASF41:
 1403 017c 67655F61 		.ascii	"ge_add\000"
 1403      646400
 1404              	.LASF16:
 1405 0183 67655F70 		.ascii	"ge_p3\000"
ARM GAS  C:\Users\NIGHDR~1\AppData\Local\Temp\ccZdFzWs.s 			page 28


 1405      3300
 1406              	.LASF33:
 1407 0189 73635F6D 		.ascii	"sc_muladd\000"
 1407      756C6164 
 1407      6400
 1408              	.LASF17:
 1409 0193 67655F70 		.ascii	"ge_p1p1\000"
 1409      31703100 
 1410              	.LASF2:
 1411 019b 6C6F6E67 		.ascii	"long double\000"
 1411      20646F75 
 1411      626C6500 
 1412              	.LASF4:
 1413 01a7 756E7369 		.ascii	"unsigned char\000"
 1413      676E6564 
 1413      20636861 
 1413      7200
 1414              	.LASF46:
 1415 01b5 433A5C55 		.ascii	"C:\\Users\\Nighdragon\\Documents\\GitHub\\ectf\\CAR"
 1415      73657273 
 1415      5C4E6967 
 1415      68647261 
 1415      676F6E5C 
 1416 01e2 442E6379 		.ascii	"D.cydsn\000"
 1416      64736E00 
 1417              	.LASF3:
 1418 01ea 7369676E 		.ascii	"signed char\000"
 1418      65642063 
 1418      68617200 
 1419              	.LASF12:
 1420 01f6 6C6F6E67 		.ascii	"long long unsigned int\000"
 1420      206C6F6E 
 1420      6720756E 
 1420      7369676E 
 1420      65642069 
 1421              	.LASF0:
 1422 020d 756E7369 		.ascii	"unsigned int\000"
 1422      676E6564 
 1422      20696E74 
 1422      00
 1423              	.LASF6:
 1424 021a 73686F72 		.ascii	"short unsigned int\000"
 1424      7420756E 
 1424      7369676E 
 1424      65642069 
 1424      6E7400
 1425              	.LASF23:
 1426 022d 6375726C 		.ascii	"curlen\000"
 1426      656E00
 1427              	.LASF29:
 1428 0234 415F7031 		.ascii	"A_p1p1\000"
 1428      703100
 1429              	.LASF25:
 1430 023b 7075626C 		.ascii	"public_key\000"
 1430      69635F6B 
 1430      657900
 1431              	.LASF13:
ARM GAS  C:\Users\NIGHDR~1\AppData\Local\Temp\ccZdFzWs.s 			page 29


 1432 0246 696E7433 		.ascii	"int32_t\000"
 1432      325F7400 
 1433              	.LASF48:
 1434 024e 65643235 		.ascii	"ed25519_add_scalar\000"
 1434      3531395F 
 1434      6164645F 
 1434      7363616C 
 1434      617200
 1435              	.LASF11:
 1436 0261 5F5F7569 		.ascii	"__uint64_t\000"
 1436      6E743634 
 1436      5F7400
 1437              	.LASF47:
 1438 026c 73686135 		.ascii	"sha512_context_\000"
 1438      31325F63 
 1438      6F6E7465 
 1438      78745F00 
 1439              	.LASF30:
 1440 027c 7075626C 		.ascii	"public_key_unpacked\000"
 1440      69635F6B 
 1440      65795F75 
 1440      6E706163 
 1440      6B656400 
 1441              	.LASF10:
 1442 0290 6C6F6E67 		.ascii	"long unsigned int\000"
 1442      20756E73 
 1442      69676E65 
 1442      6420696E 
 1442      7400
 1443              	.LASF43:
 1444 02a2 67655F70 		.ascii	"ge_p3_tobytes\000"
 1444      335F746F 
 1444      62797465 
 1444      7300
 1445              	.LASF39:
 1446 02b0 66655F6E 		.ascii	"fe_neg\000"
 1446      656700
 1447              	.LASF24:
 1448 02b7 73686135 		.ascii	"sha512_context\000"
 1448      31325F63 
 1448      6F6E7465 
 1448      787400
 1449              	.LASF8:
 1450 02c6 5F5F696E 		.ascii	"__int32_t\000"
 1450      7433325F 
 1450      7400
 1451              	.LASF19:
 1452 02d0 596D696E 		.ascii	"YminusX\000"
 1452      75735800 
 1453              	.LASF36:
 1454 02d8 73686135 		.ascii	"sha512_final\000"
 1454      31325F66 
 1454      696E616C 
 1454      00
 1455              	.LASF28:
 1456 02e5 53435F31 		.ascii	"SC_1\000"
 1456      00
ARM GAS  C:\Users\NIGHDR~1\AppData\Local\Temp\ccZdFzWs.s 			page 30


 1457              	.LASF31:
 1458 02ea 68617368 		.ascii	"hash\000"
 1458      00
 1459              		.ident	"GCC: (GNU Tools for ARM Embedded Processors) 5.4.1 20160609 (release) [ARM/embedded-5-bran
