ARM GAS  C:\Users\NIGHDR~1\AppData\Local\Temp\ccHPIrVV.s 			page 1


   1              		.syntax unified
   2              		.cpu cortex-m0
   3              		.fpu softvfp
   4              		.eabi_attribute 20, 1
   5              		.eabi_attribute 21, 1
   6              		.eabi_attribute 23, 3
   7              		.eabi_attribute 24, 1
   8              		.eabi_attribute 25, 1
   9              		.eabi_attribute 26, 1
  10              		.eabi_attribute 30, 1
  11              		.eabi_attribute 34, 0
  12              		.eabi_attribute 18, 4
  13              		.thumb
  14              		.syntax unified
  15              		.file	"key_exchange.c"
  16              		.text
  17              	.Ltext0:
  18              		.cfi_sections	.debug_frame
  19              		.section	.text.ed25519_key_exchange,"ax",%progbits
  20              		.align	2
  21              		.global	ed25519_key_exchange
  22              		.code	16
  23              		.thumb_func
  24              		.type	ed25519_key_exchange, %function
  25              	ed25519_key_exchange:
  26              	.LFB0:
  27              		.file 1 "key_exchange.c"
   1:key_exchange.c **** #include "ed25519.h"
   2:key_exchange.c **** #include "fe.h"
   3:key_exchange.c **** 
   4:key_exchange.c **** void ed25519_key_exchange(unsigned char *shared_secret, const unsigned char *public_key, const unsi
  28              		.loc 1 4 0
  29              		.cfi_startproc
  30              		@ args = 0, pretend = 0, frame = 312
  31              		@ frame_needed = 0, uses_anonymous_args = 0
  32              	.LVL0:
  33 0000 F0B5     		push	{r4, r5, r6, r7, lr}
  34              		.cfi_def_cfa_offset 20
  35              		.cfi_offset 4, -20
  36              		.cfi_offset 5, -16
  37              		.cfi_offset 6, -12
  38              		.cfi_offset 7, -8
  39              		.cfi_offset 14, -4
  40 0002 CFB0     		sub	sp, sp, #316
  41              		.cfi_def_cfa_offset 336
  42 0004 0400     		movs	r4, r0
  43              	.LVL1:
   5:key_exchange.c ****     unsigned char e[32];
   6:key_exchange.c ****     unsigned int i;
   7:key_exchange.c ****     
   8:key_exchange.c ****     fe x1;
   9:key_exchange.c ****     fe x2;
  10:key_exchange.c ****     fe z2;
  11:key_exchange.c ****     fe x3;
  12:key_exchange.c ****     fe z3;
  13:key_exchange.c ****     fe tmp0;
  14:key_exchange.c ****     fe tmp1;
ARM GAS  C:\Users\NIGHDR~1\AppData\Local\Temp\ccHPIrVV.s 			page 2


  15:key_exchange.c **** 
  16:key_exchange.c ****     int pos;
  17:key_exchange.c ****     unsigned int swap;
  18:key_exchange.c ****     unsigned int b;
  19:key_exchange.c **** 
  20:key_exchange.c ****     /* copy the private key and make sure it's valid */
  21:key_exchange.c ****     for (i = 0; i < 32; ++i) {
  44              		.loc 1 21 0
  45 0006 0023     		movs	r3, #0
  46 0008 03E0     		b	.L2
  47              	.LVL2:
  48              	.L3:
  22:key_exchange.c ****         e[i] = private_key[i];
  49              		.loc 1 22 0 discriminator 3
  50 000a D55C     		ldrb	r5, [r2, r3]
  51 000c 46A8     		add	r0, sp, #280
  52 000e C554     		strb	r5, [r0, r3]
  21:key_exchange.c ****         e[i] = private_key[i];
  53              		.loc 1 21 0 discriminator 3
  54 0010 0133     		adds	r3, r3, #1
  55              	.LVL3:
  56              	.L2:
  21:key_exchange.c ****         e[i] = private_key[i];
  57              		.loc 1 21 0 is_stmt 0 discriminator 1
  58 0012 1F2B     		cmp	r3, #31
  59 0014 F9D9     		bls	.L3
  23:key_exchange.c ****     }
  24:key_exchange.c **** 
  25:key_exchange.c ****     e[0] &= 248;
  60              		.loc 1 25 0 is_stmt 1
  61 0016 46AB     		add	r3, sp, #280
  62              	.LVL4:
  63 0018 1A78     		ldrb	r2, [r3]
  64              	.LVL5:
  65 001a 0720     		movs	r0, #7
  66 001c 8243     		bics	r2, r0
  67 001e 1A70     		strb	r2, [r3]
  26:key_exchange.c ****     e[31] &= 63;
  68              		.loc 1 26 0
  69 0020 DA7F     		ldrb	r2, [r3, #31]
  70 0022 3830     		adds	r0, r0, #56
  71 0024 0240     		ands	r2, r0
  27:key_exchange.c ****     e[31] |= 64;
  72              		.loc 1 27 0
  73 0026 4020     		movs	r0, #64
  74 0028 0243     		orrs	r2, r0
  75 002a DA77     		strb	r2, [r3, #31]
  28:key_exchange.c **** 
  29:key_exchange.c ****     /* unpack the public key and convert edwards to montgomery */
  30:key_exchange.c ****     /* due to CodesInChaos: montgomeryX = (edwardsY + 1)*inverse(1 - edwardsY) mod p */
  31:key_exchange.c ****     fe_frombytes(x1, public_key);
  76              		.loc 1 31 0
  77 002c 3CA8     		add	r0, sp, #240
  78 002e FFF7FEFF 		bl	fe_frombytes
  79              	.LVL6:
  32:key_exchange.c ****     fe_1(tmp1);
  80              		.loc 1 32 0
ARM GAS  C:\Users\NIGHDR~1\AppData\Local\Temp\ccHPIrVV.s 			page 3


  81 0032 6846     		mov	r0, sp
  82 0034 FFF7FEFF 		bl	fe_1
  83              	.LVL7:
  33:key_exchange.c ****     fe_add(tmp0, x1, tmp1);
  84              		.loc 1 33 0
  85 0038 6A46     		mov	r2, sp
  86 003a 3CA9     		add	r1, sp, #240
  87 003c 0AA8     		add	r0, sp, #40
  88 003e FFF7FEFF 		bl	fe_add
  89              	.LVL8:
  34:key_exchange.c ****     fe_sub(tmp1, tmp1, x1);
  90              		.loc 1 34 0
  91 0042 3CAA     		add	r2, sp, #240
  92 0044 6946     		mov	r1, sp
  93 0046 6846     		mov	r0, sp
  94 0048 FFF7FEFF 		bl	fe_sub
  95              	.LVL9:
  35:key_exchange.c ****     fe_invert(tmp1, tmp1);
  96              		.loc 1 35 0
  97 004c 6946     		mov	r1, sp
  98 004e 6846     		mov	r0, sp
  99 0050 FFF7FEFF 		bl	fe_invert
 100              	.LVL10:
  36:key_exchange.c ****     fe_mul(x1, tmp0, tmp1);
 101              		.loc 1 36 0
 102 0054 6A46     		mov	r2, sp
 103 0056 0AA9     		add	r1, sp, #40
 104 0058 3CA8     		add	r0, sp, #240
 105 005a FFF7FEFF 		bl	fe_mul
 106              	.LVL11:
  37:key_exchange.c **** 
  38:key_exchange.c ****     fe_1(x2);
 107              		.loc 1 38 0
 108 005e 32A8     		add	r0, sp, #200
 109 0060 FFF7FEFF 		bl	fe_1
 110              	.LVL12:
  39:key_exchange.c ****     fe_0(z2);
 111              		.loc 1 39 0
 112 0064 28A8     		add	r0, sp, #160
 113 0066 FFF7FEFF 		bl	fe_0
 114              	.LVL13:
  40:key_exchange.c ****     fe_copy(x3, x1);
 115              		.loc 1 40 0
 116 006a 3CA9     		add	r1, sp, #240
 117 006c 1EA8     		add	r0, sp, #120
 118 006e FFF7FEFF 		bl	fe_copy
 119              	.LVL14:
  41:key_exchange.c ****     fe_1(z3);
 120              		.loc 1 41 0
 121 0072 14A8     		add	r0, sp, #80
 122 0074 FFF7FEFF 		bl	fe_1
 123              	.LVL15:
  42:key_exchange.c **** 
  43:key_exchange.c ****     swap = 0;
 124              		.loc 1 43 0
 125 0078 0027     		movs	r7, #0
  44:key_exchange.c ****     for (pos = 254; pos >= 0; --pos) {
ARM GAS  C:\Users\NIGHDR~1\AppData\Local\Temp\ccHPIrVV.s 			page 4


 126              		.loc 1 44 0
 127 007a FE26     		movs	r6, #254
 128 007c 6CE0     		b	.L4
 129              	.LVL16:
 130              	.L5:
  45:key_exchange.c ****         b = e[pos / 8] >> (pos & 7);
 131              		.loc 1 45 0 discriminator 3
 132 007e F317     		asrs	r3, r6, #31
 133 0080 0722     		movs	r2, #7
 134 0082 1340     		ands	r3, r2
 135 0084 9B19     		adds	r3, r3, r6
 136 0086 DB10     		asrs	r3, r3, #3
 137 0088 46A9     		add	r1, sp, #280
 138 008a CD5C     		ldrb	r5, [r1, r3]
 139 008c 3240     		ands	r2, r6
 140 008e 1541     		asrs	r5, r5, r2
 141              	.LVL17:
  46:key_exchange.c ****         b &= 1;
 142              		.loc 1 46 0 discriminator 3
 143 0090 0123     		movs	r3, #1
 144 0092 1D40     		ands	r5, r3
 145              	.LVL18:
  47:key_exchange.c ****         swap ^= b;
 146              		.loc 1 47 0 discriminator 3
 147 0094 6F40     		eors	r7, r5
 148              	.LVL19:
  48:key_exchange.c ****         fe_cswap(x2, x3, swap);
 149              		.loc 1 48 0 discriminator 3
 150 0096 3A00     		movs	r2, r7
 151 0098 1EA9     		add	r1, sp, #120
 152 009a 32A8     		add	r0, sp, #200
 153 009c FFF7FEFF 		bl	fe_cswap
 154              	.LVL20:
  49:key_exchange.c ****         fe_cswap(z2, z3, swap);
 155              		.loc 1 49 0 discriminator 3
 156 00a0 3A00     		movs	r2, r7
 157 00a2 14A9     		add	r1, sp, #80
 158 00a4 28A8     		add	r0, sp, #160
 159 00a6 FFF7FEFF 		bl	fe_cswap
 160              	.LVL21:
  50:key_exchange.c ****         swap = b;
  51:key_exchange.c **** 
  52:key_exchange.c ****         /* from montgomery.h */
  53:key_exchange.c ****         fe_sub(tmp0, x3, z3);
 161              		.loc 1 53 0 discriminator 3
 162 00aa 14AA     		add	r2, sp, #80
 163 00ac 1EA9     		add	r1, sp, #120
 164 00ae 0AA8     		add	r0, sp, #40
 165 00b0 FFF7FEFF 		bl	fe_sub
 166              	.LVL22:
  54:key_exchange.c ****         fe_sub(tmp1, x2, z2);
 167              		.loc 1 54 0 discriminator 3
 168 00b4 28AA     		add	r2, sp, #160
 169 00b6 32A9     		add	r1, sp, #200
 170 00b8 6846     		mov	r0, sp
 171 00ba FFF7FEFF 		bl	fe_sub
 172              	.LVL23:
ARM GAS  C:\Users\NIGHDR~1\AppData\Local\Temp\ccHPIrVV.s 			page 5


  55:key_exchange.c ****         fe_add(x2, x2, z2);
 173              		.loc 1 55 0 discriminator 3
 174 00be 28AA     		add	r2, sp, #160
 175 00c0 32A9     		add	r1, sp, #200
 176 00c2 0800     		movs	r0, r1
 177 00c4 FFF7FEFF 		bl	fe_add
 178              	.LVL24:
  56:key_exchange.c ****         fe_add(z2, x3, z3);
 179              		.loc 1 56 0 discriminator 3
 180 00c8 14AA     		add	r2, sp, #80
 181 00ca 1EA9     		add	r1, sp, #120
 182 00cc 28A8     		add	r0, sp, #160
 183 00ce FFF7FEFF 		bl	fe_add
 184              	.LVL25:
  57:key_exchange.c ****         fe_mul(z3, tmp0, x2);
 185              		.loc 1 57 0 discriminator 3
 186 00d2 32AA     		add	r2, sp, #200
 187 00d4 0AA9     		add	r1, sp, #40
 188 00d6 14A8     		add	r0, sp, #80
 189 00d8 FFF7FEFF 		bl	fe_mul
 190              	.LVL26:
  58:key_exchange.c ****         fe_mul(z2, z2, tmp1);
 191              		.loc 1 58 0 discriminator 3
 192 00dc 6A46     		mov	r2, sp
 193 00de 28A9     		add	r1, sp, #160
 194 00e0 0800     		movs	r0, r1
 195 00e2 FFF7FEFF 		bl	fe_mul
 196              	.LVL27:
  59:key_exchange.c ****         fe_sq(tmp0, tmp1);
 197              		.loc 1 59 0 discriminator 3
 198 00e6 6946     		mov	r1, sp
 199 00e8 0AA8     		add	r0, sp, #40
 200 00ea FFF7FEFF 		bl	fe_sq
 201              	.LVL28:
  60:key_exchange.c ****         fe_sq(tmp1, x2);
 202              		.loc 1 60 0 discriminator 3
 203 00ee 32A9     		add	r1, sp, #200
 204 00f0 6846     		mov	r0, sp
 205 00f2 FFF7FEFF 		bl	fe_sq
 206              	.LVL29:
  61:key_exchange.c ****         fe_add(x3, z3, z2);
 207              		.loc 1 61 0 discriminator 3
 208 00f6 28AA     		add	r2, sp, #160
 209 00f8 14A9     		add	r1, sp, #80
 210 00fa 1EA8     		add	r0, sp, #120
 211 00fc FFF7FEFF 		bl	fe_add
 212              	.LVL30:
  62:key_exchange.c ****         fe_sub(z2, z3, z2);
 213              		.loc 1 62 0 discriminator 3
 214 0100 28AA     		add	r2, sp, #160
 215 0102 14A9     		add	r1, sp, #80
 216 0104 1000     		movs	r0, r2
 217 0106 FFF7FEFF 		bl	fe_sub
 218              	.LVL31:
  63:key_exchange.c ****         fe_mul(x2, tmp1, tmp0);
 219              		.loc 1 63 0 discriminator 3
 220 010a 0AAA     		add	r2, sp, #40
ARM GAS  C:\Users\NIGHDR~1\AppData\Local\Temp\ccHPIrVV.s 			page 6


 221 010c 6946     		mov	r1, sp
 222 010e 32A8     		add	r0, sp, #200
 223 0110 FFF7FEFF 		bl	fe_mul
 224              	.LVL32:
  64:key_exchange.c ****         fe_sub(tmp1, tmp1, tmp0);
 225              		.loc 1 64 0 discriminator 3
 226 0114 0AAA     		add	r2, sp, #40
 227 0116 6946     		mov	r1, sp
 228 0118 6846     		mov	r0, sp
 229 011a FFF7FEFF 		bl	fe_sub
 230              	.LVL33:
  65:key_exchange.c ****         fe_sq(z2, z2);
 231              		.loc 1 65 0 discriminator 3
 232 011e 28A9     		add	r1, sp, #160
 233 0120 0800     		movs	r0, r1
 234 0122 FFF7FEFF 		bl	fe_sq
 235              	.LVL34:
  66:key_exchange.c ****         fe_mul121666(z3, tmp1);
 236              		.loc 1 66 0 discriminator 3
 237 0126 6946     		mov	r1, sp
 238 0128 14A8     		add	r0, sp, #80
 239 012a FFF7FEFF 		bl	fe_mul121666
 240              	.LVL35:
  67:key_exchange.c ****         fe_sq(x3, x3);
 241              		.loc 1 67 0 discriminator 3
 242 012e 1EA9     		add	r1, sp, #120
 243 0130 0800     		movs	r0, r1
 244 0132 FFF7FEFF 		bl	fe_sq
 245              	.LVL36:
  68:key_exchange.c ****         fe_add(tmp0, tmp0, z3);
 246              		.loc 1 68 0 discriminator 3
 247 0136 14AA     		add	r2, sp, #80
 248 0138 0AA9     		add	r1, sp, #40
 249 013a 0800     		movs	r0, r1
 250 013c FFF7FEFF 		bl	fe_add
 251              	.LVL37:
  69:key_exchange.c ****         fe_mul(z3, x1, z2);
 252              		.loc 1 69 0 discriminator 3
 253 0140 28AA     		add	r2, sp, #160
 254 0142 3CA9     		add	r1, sp, #240
 255 0144 14A8     		add	r0, sp, #80
 256 0146 FFF7FEFF 		bl	fe_mul
 257              	.LVL38:
  70:key_exchange.c ****         fe_mul(z2, tmp1, tmp0);
 258              		.loc 1 70 0 discriminator 3
 259 014a 0AAA     		add	r2, sp, #40
 260 014c 6946     		mov	r1, sp
 261 014e 28A8     		add	r0, sp, #160
 262 0150 FFF7FEFF 		bl	fe_mul
 263              	.LVL39:
  44:key_exchange.c ****         b = e[pos / 8] >> (pos & 7);
 264              		.loc 1 44 0 discriminator 3
 265 0154 013E     		subs	r6, r6, #1
 266              	.LVL40:
  50:key_exchange.c **** 
 267              		.loc 1 50 0 discriminator 3
 268 0156 2F00     		movs	r7, r5
ARM GAS  C:\Users\NIGHDR~1\AppData\Local\Temp\ccHPIrVV.s 			page 7


 269              	.LVL41:
 270              	.L4:
  44:key_exchange.c ****         b = e[pos / 8] >> (pos & 7);
 271              		.loc 1 44 0 discriminator 1
 272 0158 002E     		cmp	r6, #0
 273 015a 90DA     		bge	.L5
  71:key_exchange.c ****     }
  72:key_exchange.c **** 
  73:key_exchange.c ****     fe_cswap(x2, x3, swap);
 274              		.loc 1 73 0
 275 015c 3A00     		movs	r2, r7
 276 015e 1EA9     		add	r1, sp, #120
 277 0160 32A8     		add	r0, sp, #200
 278 0162 FFF7FEFF 		bl	fe_cswap
 279              	.LVL42:
  74:key_exchange.c ****     fe_cswap(z2, z3, swap);
 280              		.loc 1 74 0
 281 0166 3A00     		movs	r2, r7
 282 0168 14A9     		add	r1, sp, #80
 283 016a 28A8     		add	r0, sp, #160
 284 016c FFF7FEFF 		bl	fe_cswap
 285              	.LVL43:
  75:key_exchange.c **** 
  76:key_exchange.c ****     fe_invert(z2, z2);
 286              		.loc 1 76 0
 287 0170 28A9     		add	r1, sp, #160
 288 0172 0800     		movs	r0, r1
 289 0174 FFF7FEFF 		bl	fe_invert
 290              	.LVL44:
  77:key_exchange.c ****     fe_mul(x2, x2, z2);
 291              		.loc 1 77 0
 292 0178 28AA     		add	r2, sp, #160
 293 017a 32A9     		add	r1, sp, #200
 294 017c 0800     		movs	r0, r1
 295 017e FFF7FEFF 		bl	fe_mul
 296              	.LVL45:
  78:key_exchange.c ****     fe_tobytes(shared_secret, x2);
 297              		.loc 1 78 0
 298 0182 32A9     		add	r1, sp, #200
 299 0184 2000     		movs	r0, r4
 300 0186 FFF7FEFF 		bl	fe_tobytes
 301              	.LVL46:
  79:key_exchange.c **** }
 302              		.loc 1 79 0
 303 018a 4FB0     		add	sp, sp, #316
 304              		@ sp needed
 305              	.LVL47:
 306              	.LVL48:
 307              	.LVL49:
 308 018c F0BD     		pop	{r4, r5, r6, r7, pc}
 309              		.cfi_endproc
 310              	.LFE0:
 311              		.size	ed25519_key_exchange, .-ed25519_key_exchange
 312 018e C046     		.text
 313              	.Letext0:
 314              		.file 2 "c:\\program files (x86)\\cypress\\psoc creator\\4.1\\psoc creator\\import\\gnu\\arm\\5.4.
 315              		.file 3 "c:\\program files (x86)\\cypress\\psoc creator\\4.1\\psoc creator\\import\\gnu\\arm\\5.4.
ARM GAS  C:\Users\NIGHDR~1\AppData\Local\Temp\ccHPIrVV.s 			page 8


 316              		.file 4 "fe.h"
 317              		.section	.debug_info,"",%progbits
 318              	.Ldebug_info0:
 319 0000 61060000 		.4byte	0x661
 320 0004 0400     		.2byte	0x4
 321 0006 00000000 		.4byte	.Ldebug_abbrev0
 322 000a 04       		.byte	0x4
 323 000b 01       		.uleb128 0x1
 324 000c 2C000000 		.4byte	.LASF31
 325 0010 0C       		.byte	0xc
 326 0011 F9010000 		.4byte	.LASF32
 327 0015 1F010000 		.4byte	.LASF33
 328 0019 00000000 		.4byte	.Ldebug_ranges0+0
 329 001d 00000000 		.4byte	0
 330 0021 00000000 		.4byte	.Ldebug_line0
 331 0025 02       		.uleb128 0x2
 332 0026 04       		.byte	0x4
 333 0027 05       		.byte	0x5
 334 0028 696E7400 		.ascii	"int\000"
 335 002c 03       		.uleb128 0x3
 336 002d 04       		.byte	0x4
 337 002e 07       		.byte	0x7
 338 002f 77010000 		.4byte	.LASF0
 339 0033 03       		.uleb128 0x3
 340 0034 08       		.byte	0x8
 341 0035 05       		.byte	0x5
 342 0036 BA000000 		.4byte	.LASF1
 343 003a 03       		.uleb128 0x3
 344 003b 08       		.byte	0x8
 345 003c 04       		.byte	0x4
 346 003d E8000000 		.4byte	.LASF2
 347 0041 03       		.uleb128 0x3
 348 0042 01       		.byte	0x1
 349 0043 06       		.byte	0x6
 350 0044 54010000 		.4byte	.LASF3
 351 0048 03       		.uleb128 0x3
 352 0049 01       		.byte	0x1
 353 004a 08       		.byte	0x8
 354 004b 04010000 		.4byte	.LASF4
 355 004f 03       		.uleb128 0x3
 356 0050 02       		.byte	0x2
 357 0051 05       		.byte	0x5
 358 0052 07000000 		.4byte	.LASF5
 359 0056 03       		.uleb128 0x3
 360 0057 02       		.byte	0x2
 361 0058 07       		.byte	0x7
 362 0059 84010000 		.4byte	.LASF6
 363 005d 04       		.uleb128 0x4
 364 005e EF010000 		.4byte	.LASF10
 365 0062 02       		.byte	0x2
 366 0063 3F       		.byte	0x3f
 367 0064 68000000 		.4byte	0x68
 368 0068 03       		.uleb128 0x3
 369 0069 04       		.byte	0x4
 370 006a 05       		.byte	0x5
 371 006b C8000000 		.4byte	.LASF7
 372 006f 03       		.uleb128 0x3
ARM GAS  C:\Users\NIGHDR~1\AppData\Local\Temp\ccHPIrVV.s 			page 9


 373 0070 04       		.byte	0x4
 374 0071 07       		.byte	0x7
 375 0072 D0010000 		.4byte	.LASF8
 376 0076 03       		.uleb128 0x3
 377 0077 08       		.byte	0x8
 378 0078 07       		.byte	0x7
 379 0079 60010000 		.4byte	.LASF9
 380 007d 04       		.uleb128 0x4
 381 007e 97010000 		.4byte	.LASF11
 382 0082 03       		.byte	0x3
 383 0083 2C       		.byte	0x2c
 384 0084 5D000000 		.4byte	0x5d
 385 0088 05       		.uleb128 0x5
 386 0089 666500   		.ascii	"fe\000"
 387 008c 04       		.byte	0x4
 388 008d 10       		.byte	0x10
 389 008e 92000000 		.4byte	0x92
 390 0092 06       		.uleb128 0x6
 391 0093 7D000000 		.4byte	0x7d
 392 0097 A2000000 		.4byte	0xa2
 393 009b 07       		.uleb128 0x7
 394 009c A2000000 		.4byte	0xa2
 395 00a0 09       		.byte	0x9
 396 00a1 00       		.byte	0
 397 00a2 03       		.uleb128 0x3
 398 00a3 04       		.byte	0x4
 399 00a4 07       		.byte	0x7
 400 00a5 11000000 		.4byte	.LASF12
 401 00a9 08       		.uleb128 0x8
 402 00aa B3010000 		.4byte	.LASF34
 403 00ae 01       		.byte	0x1
 404 00af 04       		.byte	0x4
 405 00b0 00000000 		.4byte	.LFB0
 406 00b4 8E010000 		.4byte	.LFE0-.LFB0
 407 00b8 01       		.uleb128 0x1
 408 00b9 9C       		.byte	0x9c
 409 00ba BF050000 		.4byte	0x5bf
 410 00be 09       		.uleb128 0x9
 411 00bf 08020000 		.4byte	.LASF13
 412 00c3 01       		.byte	0x1
 413 00c4 04       		.byte	0x4
 414 00c5 BF050000 		.4byte	0x5bf
 415 00c9 00000000 		.4byte	.LLST0
 416 00cd 09       		.uleb128 0x9
 417 00ce D1000000 		.4byte	.LASF14
 418 00d2 01       		.byte	0x1
 419 00d3 04       		.byte	0x4
 420 00d4 C5050000 		.4byte	0x5c5
 421 00d8 2C000000 		.4byte	.LLST1
 422 00dc 09       		.uleb128 0x9
 423 00dd DC000000 		.4byte	.LASF15
 424 00e1 01       		.byte	0x1
 425 00e2 04       		.byte	0x4
 426 00e3 C5050000 		.4byte	0x5c5
 427 00e7 4D000000 		.4byte	.LLST2
 428 00eb 0A       		.uleb128 0xa
 429 00ec 6500     		.ascii	"e\000"
ARM GAS  C:\Users\NIGHDR~1\AppData\Local\Temp\ccHPIrVV.s 			page 10


 430 00ee 01       		.byte	0x1
 431 00ef 05       		.byte	0x5
 432 00f0 D0050000 		.4byte	0x5d0
 433 00f4 02       		.uleb128 0x2
 434 00f5 91       		.byte	0x91
 435 00f6 48       		.sleb128 -56
 436 00f7 0B       		.uleb128 0xb
 437 00f8 6900     		.ascii	"i\000"
 438 00fa 01       		.byte	0x1
 439 00fb 06       		.byte	0x6
 440 00fc 2C000000 		.4byte	0x2c
 441 0100 6E000000 		.4byte	.LLST3
 442 0104 0A       		.uleb128 0xa
 443 0105 783100   		.ascii	"x1\000"
 444 0108 01       		.byte	0x1
 445 0109 08       		.byte	0x8
 446 010a 88000000 		.4byte	0x88
 447 010e 03       		.uleb128 0x3
 448 010f 91       		.byte	0x91
 449 0110 A07F     		.sleb128 -96
 450 0112 0A       		.uleb128 0xa
 451 0113 783200   		.ascii	"x2\000"
 452 0116 01       		.byte	0x1
 453 0117 09       		.byte	0x9
 454 0118 88000000 		.4byte	0x88
 455 011c 03       		.uleb128 0x3
 456 011d 91       		.byte	0x91
 457 011e F87E     		.sleb128 -136
 458 0120 0A       		.uleb128 0xa
 459 0121 7A3200   		.ascii	"z2\000"
 460 0124 01       		.byte	0x1
 461 0125 0A       		.byte	0xa
 462 0126 88000000 		.4byte	0x88
 463 012a 03       		.uleb128 0x3
 464 012b 91       		.byte	0x91
 465 012c D07E     		.sleb128 -176
 466 012e 0A       		.uleb128 0xa
 467 012f 783300   		.ascii	"x3\000"
 468 0132 01       		.byte	0x1
 469 0133 0B       		.byte	0xb
 470 0134 88000000 		.4byte	0x88
 471 0138 03       		.uleb128 0x3
 472 0139 91       		.byte	0x91
 473 013a A87E     		.sleb128 -216
 474 013c 0A       		.uleb128 0xa
 475 013d 7A3300   		.ascii	"z3\000"
 476 0140 01       		.byte	0x1
 477 0141 0C       		.byte	0xc
 478 0142 88000000 		.4byte	0x88
 479 0146 03       		.uleb128 0x3
 480 0147 91       		.byte	0x91
 481 0148 807E     		.sleb128 -256
 482 014a 0C       		.uleb128 0xc
 483 014b A9010000 		.4byte	.LASF16
 484 014f 01       		.byte	0x1
 485 0150 0D       		.byte	0xd
 486 0151 88000000 		.4byte	0x88
ARM GAS  C:\Users\NIGHDR~1\AppData\Local\Temp\ccHPIrVV.s 			page 11


 487 0155 03       		.uleb128 0x3
 488 0156 91       		.byte	0x91
 489 0157 D87D     		.sleb128 -296
 490 0159 0C       		.uleb128 0xc
 491 015a AE010000 		.4byte	.LASF17
 492 015e 01       		.byte	0x1
 493 015f 0E       		.byte	0xe
 494 0160 88000000 		.4byte	0x88
 495 0164 03       		.uleb128 0x3
 496 0165 91       		.byte	0x91
 497 0166 B07D     		.sleb128 -336
 498 0168 0B       		.uleb128 0xb
 499 0169 706F7300 		.ascii	"pos\000"
 500 016d 01       		.byte	0x1
 501 016e 10       		.byte	0x10
 502 016f 25000000 		.4byte	0x25
 503 0173 8D000000 		.4byte	.LLST4
 504 0177 0D       		.uleb128 0xd
 505 0178 20000000 		.4byte	.LASF18
 506 017c 01       		.byte	0x1
 507 017d 11       		.byte	0x11
 508 017e 2C000000 		.4byte	0x2c
 509 0182 AD000000 		.4byte	.LLST5
 510 0186 0B       		.uleb128 0xb
 511 0187 6200     		.ascii	"b\000"
 512 0189 01       		.byte	0x1
 513 018a 12       		.byte	0x12
 514 018b 2C000000 		.4byte	0x2c
 515 018f E2000000 		.4byte	.LLST6
 516 0193 0E       		.uleb128 0xe
 517 0194 32000000 		.4byte	.LVL6
 518 0198 E0050000 		.4byte	0x5e0
 519 019c A8010000 		.4byte	0x1a8
 520 01a0 0F       		.uleb128 0xf
 521 01a1 01       		.uleb128 0x1
 522 01a2 50       		.byte	0x50
 523 01a3 03       		.uleb128 0x3
 524 01a4 91       		.byte	0x91
 525 01a5 A07F     		.sleb128 -96
 526 01a7 00       		.byte	0
 527 01a8 0E       		.uleb128 0xe
 528 01a9 38000000 		.4byte	.LVL7
 529 01ad EB050000 		.4byte	0x5eb
 530 01b1 BC010000 		.4byte	0x1bc
 531 01b5 0F       		.uleb128 0xf
 532 01b6 01       		.uleb128 0x1
 533 01b7 50       		.byte	0x50
 534 01b8 02       		.uleb128 0x2
 535 01b9 7D       		.byte	0x7d
 536 01ba 00       		.sleb128 0
 537 01bb 00       		.byte	0
 538 01bc 0E       		.uleb128 0xe
 539 01bd 42000000 		.4byte	.LVL8
 540 01c1 F6050000 		.4byte	0x5f6
 541 01c5 DE010000 		.4byte	0x1de
 542 01c9 0F       		.uleb128 0xf
 543 01ca 01       		.uleb128 0x1
ARM GAS  C:\Users\NIGHDR~1\AppData\Local\Temp\ccHPIrVV.s 			page 12


 544 01cb 50       		.byte	0x50
 545 01cc 03       		.uleb128 0x3
 546 01cd 91       		.byte	0x91
 547 01ce D87D     		.sleb128 -296
 548 01d0 0F       		.uleb128 0xf
 549 01d1 01       		.uleb128 0x1
 550 01d2 51       		.byte	0x51
 551 01d3 03       		.uleb128 0x3
 552 01d4 91       		.byte	0x91
 553 01d5 A07F     		.sleb128 -96
 554 01d7 0F       		.uleb128 0xf
 555 01d8 01       		.uleb128 0x1
 556 01d9 52       		.byte	0x52
 557 01da 02       		.uleb128 0x2
 558 01db 7D       		.byte	0x7d
 559 01dc 00       		.sleb128 0
 560 01dd 00       		.byte	0
 561 01de 0E       		.uleb128 0xe
 562 01df 4C000000 		.4byte	.LVL9
 563 01e3 01060000 		.4byte	0x601
 564 01e7 FF010000 		.4byte	0x1ff
 565 01eb 0F       		.uleb128 0xf
 566 01ec 01       		.uleb128 0x1
 567 01ed 50       		.byte	0x50
 568 01ee 02       		.uleb128 0x2
 569 01ef 7D       		.byte	0x7d
 570 01f0 00       		.sleb128 0
 571 01f1 0F       		.uleb128 0xf
 572 01f2 01       		.uleb128 0x1
 573 01f3 51       		.byte	0x51
 574 01f4 02       		.uleb128 0x2
 575 01f5 7D       		.byte	0x7d
 576 01f6 00       		.sleb128 0
 577 01f7 0F       		.uleb128 0xf
 578 01f8 01       		.uleb128 0x1
 579 01f9 52       		.byte	0x52
 580 01fa 03       		.uleb128 0x3
 581 01fb 91       		.byte	0x91
 582 01fc A07F     		.sleb128 -96
 583 01fe 00       		.byte	0
 584 01ff 0E       		.uleb128 0xe
 585 0200 54000000 		.4byte	.LVL10
 586 0204 0C060000 		.4byte	0x60c
 587 0208 19020000 		.4byte	0x219
 588 020c 0F       		.uleb128 0xf
 589 020d 01       		.uleb128 0x1
 590 020e 50       		.byte	0x50
 591 020f 02       		.uleb128 0x2
 592 0210 7D       		.byte	0x7d
 593 0211 00       		.sleb128 0
 594 0212 0F       		.uleb128 0xf
 595 0213 01       		.uleb128 0x1
 596 0214 51       		.byte	0x51
 597 0215 02       		.uleb128 0x2
 598 0216 7D       		.byte	0x7d
 599 0217 00       		.sleb128 0
 600 0218 00       		.byte	0
ARM GAS  C:\Users\NIGHDR~1\AppData\Local\Temp\ccHPIrVV.s 			page 13


 601 0219 0E       		.uleb128 0xe
 602 021a 5E000000 		.4byte	.LVL11
 603 021e 17060000 		.4byte	0x617
 604 0222 3B020000 		.4byte	0x23b
 605 0226 0F       		.uleb128 0xf
 606 0227 01       		.uleb128 0x1
 607 0228 50       		.byte	0x50
 608 0229 03       		.uleb128 0x3
 609 022a 91       		.byte	0x91
 610 022b A07F     		.sleb128 -96
 611 022d 0F       		.uleb128 0xf
 612 022e 01       		.uleb128 0x1
 613 022f 51       		.byte	0x51
 614 0230 03       		.uleb128 0x3
 615 0231 91       		.byte	0x91
 616 0232 D87D     		.sleb128 -296
 617 0234 0F       		.uleb128 0xf
 618 0235 01       		.uleb128 0x1
 619 0236 52       		.byte	0x52
 620 0237 02       		.uleb128 0x2
 621 0238 7D       		.byte	0x7d
 622 0239 00       		.sleb128 0
 623 023a 00       		.byte	0
 624 023b 0E       		.uleb128 0xe
 625 023c 64000000 		.4byte	.LVL12
 626 0240 EB050000 		.4byte	0x5eb
 627 0244 50020000 		.4byte	0x250
 628 0248 0F       		.uleb128 0xf
 629 0249 01       		.uleb128 0x1
 630 024a 50       		.byte	0x50
 631 024b 03       		.uleb128 0x3
 632 024c 91       		.byte	0x91
 633 024d F87E     		.sleb128 -136
 634 024f 00       		.byte	0
 635 0250 0E       		.uleb128 0xe
 636 0251 6A000000 		.4byte	.LVL13
 637 0255 22060000 		.4byte	0x622
 638 0259 65020000 		.4byte	0x265
 639 025d 0F       		.uleb128 0xf
 640 025e 01       		.uleb128 0x1
 641 025f 50       		.byte	0x50
 642 0260 03       		.uleb128 0x3
 643 0261 91       		.byte	0x91
 644 0262 D07E     		.sleb128 -176
 645 0264 00       		.byte	0
 646 0265 0E       		.uleb128 0xe
 647 0266 72000000 		.4byte	.LVL14
 648 026a 2D060000 		.4byte	0x62d
 649 026e 81020000 		.4byte	0x281
 650 0272 0F       		.uleb128 0xf
 651 0273 01       		.uleb128 0x1
 652 0274 50       		.byte	0x50
 653 0275 03       		.uleb128 0x3
 654 0276 91       		.byte	0x91
 655 0277 A87E     		.sleb128 -216
 656 0279 0F       		.uleb128 0xf
 657 027a 01       		.uleb128 0x1
ARM GAS  C:\Users\NIGHDR~1\AppData\Local\Temp\ccHPIrVV.s 			page 14


 658 027b 51       		.byte	0x51
 659 027c 03       		.uleb128 0x3
 660 027d 91       		.byte	0x91
 661 027e A07F     		.sleb128 -96
 662 0280 00       		.byte	0
 663 0281 0E       		.uleb128 0xe
 664 0282 78000000 		.4byte	.LVL15
 665 0286 EB050000 		.4byte	0x5eb
 666 028a 96020000 		.4byte	0x296
 667 028e 0F       		.uleb128 0xf
 668 028f 01       		.uleb128 0x1
 669 0290 50       		.byte	0x50
 670 0291 03       		.uleb128 0x3
 671 0292 91       		.byte	0x91
 672 0293 807E     		.sleb128 -256
 673 0295 00       		.byte	0
 674 0296 0E       		.uleb128 0xe
 675 0297 A0000000 		.4byte	.LVL20
 676 029b 38060000 		.4byte	0x638
 677 029f B8020000 		.4byte	0x2b8
 678 02a3 0F       		.uleb128 0xf
 679 02a4 01       		.uleb128 0x1
 680 02a5 50       		.byte	0x50
 681 02a6 03       		.uleb128 0x3
 682 02a7 91       		.byte	0x91
 683 02a8 F87E     		.sleb128 -136
 684 02aa 0F       		.uleb128 0xf
 685 02ab 01       		.uleb128 0x1
 686 02ac 51       		.byte	0x51
 687 02ad 03       		.uleb128 0x3
 688 02ae 91       		.byte	0x91
 689 02af A87E     		.sleb128 -216
 690 02b1 0F       		.uleb128 0xf
 691 02b2 01       		.uleb128 0x1
 692 02b3 52       		.byte	0x52
 693 02b4 02       		.uleb128 0x2
 694 02b5 77       		.byte	0x77
 695 02b6 00       		.sleb128 0
 696 02b7 00       		.byte	0
 697 02b8 0E       		.uleb128 0xe
 698 02b9 AA000000 		.4byte	.LVL21
 699 02bd 38060000 		.4byte	0x638
 700 02c1 DA020000 		.4byte	0x2da
 701 02c5 0F       		.uleb128 0xf
 702 02c6 01       		.uleb128 0x1
 703 02c7 50       		.byte	0x50
 704 02c8 03       		.uleb128 0x3
 705 02c9 91       		.byte	0x91
 706 02ca D07E     		.sleb128 -176
 707 02cc 0F       		.uleb128 0xf
 708 02cd 01       		.uleb128 0x1
 709 02ce 51       		.byte	0x51
 710 02cf 03       		.uleb128 0x3
 711 02d0 91       		.byte	0x91
 712 02d1 807E     		.sleb128 -256
 713 02d3 0F       		.uleb128 0xf
 714 02d4 01       		.uleb128 0x1
ARM GAS  C:\Users\NIGHDR~1\AppData\Local\Temp\ccHPIrVV.s 			page 15


 715 02d5 52       		.byte	0x52
 716 02d6 02       		.uleb128 0x2
 717 02d7 77       		.byte	0x77
 718 02d8 00       		.sleb128 0
 719 02d9 00       		.byte	0
 720 02da 0E       		.uleb128 0xe
 721 02db B4000000 		.4byte	.LVL22
 722 02df 01060000 		.4byte	0x601
 723 02e3 FD020000 		.4byte	0x2fd
 724 02e7 0F       		.uleb128 0xf
 725 02e8 01       		.uleb128 0x1
 726 02e9 50       		.byte	0x50
 727 02ea 03       		.uleb128 0x3
 728 02eb 91       		.byte	0x91
 729 02ec D87D     		.sleb128 -296
 730 02ee 0F       		.uleb128 0xf
 731 02ef 01       		.uleb128 0x1
 732 02f0 51       		.byte	0x51
 733 02f1 03       		.uleb128 0x3
 734 02f2 91       		.byte	0x91
 735 02f3 A87E     		.sleb128 -216
 736 02f5 0F       		.uleb128 0xf
 737 02f6 01       		.uleb128 0x1
 738 02f7 52       		.byte	0x52
 739 02f8 03       		.uleb128 0x3
 740 02f9 91       		.byte	0x91
 741 02fa 807E     		.sleb128 -256
 742 02fc 00       		.byte	0
 743 02fd 0E       		.uleb128 0xe
 744 02fe BE000000 		.4byte	.LVL23
 745 0302 01060000 		.4byte	0x601
 746 0306 1F030000 		.4byte	0x31f
 747 030a 0F       		.uleb128 0xf
 748 030b 01       		.uleb128 0x1
 749 030c 50       		.byte	0x50
 750 030d 02       		.uleb128 0x2
 751 030e 7D       		.byte	0x7d
 752 030f 00       		.sleb128 0
 753 0310 0F       		.uleb128 0xf
 754 0311 01       		.uleb128 0x1
 755 0312 51       		.byte	0x51
 756 0313 03       		.uleb128 0x3
 757 0314 91       		.byte	0x91
 758 0315 F87E     		.sleb128 -136
 759 0317 0F       		.uleb128 0xf
 760 0318 01       		.uleb128 0x1
 761 0319 52       		.byte	0x52
 762 031a 03       		.uleb128 0x3
 763 031b 91       		.byte	0x91
 764 031c D07E     		.sleb128 -176
 765 031e 00       		.byte	0
 766 031f 0E       		.uleb128 0xe
 767 0320 C8000000 		.4byte	.LVL24
 768 0324 F6050000 		.4byte	0x5f6
 769 0328 42030000 		.4byte	0x342
 770 032c 0F       		.uleb128 0xf
 771 032d 01       		.uleb128 0x1
ARM GAS  C:\Users\NIGHDR~1\AppData\Local\Temp\ccHPIrVV.s 			page 16


 772 032e 50       		.byte	0x50
 773 032f 03       		.uleb128 0x3
 774 0330 91       		.byte	0x91
 775 0331 F87E     		.sleb128 -136
 776 0333 0F       		.uleb128 0xf
 777 0334 01       		.uleb128 0x1
 778 0335 51       		.byte	0x51
 779 0336 03       		.uleb128 0x3
 780 0337 91       		.byte	0x91
 781 0338 F87E     		.sleb128 -136
 782 033a 0F       		.uleb128 0xf
 783 033b 01       		.uleb128 0x1
 784 033c 52       		.byte	0x52
 785 033d 03       		.uleb128 0x3
 786 033e 91       		.byte	0x91
 787 033f D07E     		.sleb128 -176
 788 0341 00       		.byte	0
 789 0342 0E       		.uleb128 0xe
 790 0343 D2000000 		.4byte	.LVL25
 791 0347 F6050000 		.4byte	0x5f6
 792 034b 65030000 		.4byte	0x365
 793 034f 0F       		.uleb128 0xf
 794 0350 01       		.uleb128 0x1
 795 0351 50       		.byte	0x50
 796 0352 03       		.uleb128 0x3
 797 0353 91       		.byte	0x91
 798 0354 D07E     		.sleb128 -176
 799 0356 0F       		.uleb128 0xf
 800 0357 01       		.uleb128 0x1
 801 0358 51       		.byte	0x51
 802 0359 03       		.uleb128 0x3
 803 035a 91       		.byte	0x91
 804 035b A87E     		.sleb128 -216
 805 035d 0F       		.uleb128 0xf
 806 035e 01       		.uleb128 0x1
 807 035f 52       		.byte	0x52
 808 0360 03       		.uleb128 0x3
 809 0361 91       		.byte	0x91
 810 0362 807E     		.sleb128 -256
 811 0364 00       		.byte	0
 812 0365 0E       		.uleb128 0xe
 813 0366 DC000000 		.4byte	.LVL26
 814 036a 17060000 		.4byte	0x617
 815 036e 88030000 		.4byte	0x388
 816 0372 0F       		.uleb128 0xf
 817 0373 01       		.uleb128 0x1
 818 0374 50       		.byte	0x50
 819 0375 03       		.uleb128 0x3
 820 0376 91       		.byte	0x91
 821 0377 807E     		.sleb128 -256
 822 0379 0F       		.uleb128 0xf
 823 037a 01       		.uleb128 0x1
 824 037b 51       		.byte	0x51
 825 037c 03       		.uleb128 0x3
 826 037d 91       		.byte	0x91
 827 037e D87D     		.sleb128 -296
 828 0380 0F       		.uleb128 0xf
ARM GAS  C:\Users\NIGHDR~1\AppData\Local\Temp\ccHPIrVV.s 			page 17


 829 0381 01       		.uleb128 0x1
 830 0382 52       		.byte	0x52
 831 0383 03       		.uleb128 0x3
 832 0384 91       		.byte	0x91
 833 0385 F87E     		.sleb128 -136
 834 0387 00       		.byte	0
 835 0388 0E       		.uleb128 0xe
 836 0389 E6000000 		.4byte	.LVL27
 837 038d 17060000 		.4byte	0x617
 838 0391 AA030000 		.4byte	0x3aa
 839 0395 0F       		.uleb128 0xf
 840 0396 01       		.uleb128 0x1
 841 0397 50       		.byte	0x50
 842 0398 03       		.uleb128 0x3
 843 0399 91       		.byte	0x91
 844 039a D07E     		.sleb128 -176
 845 039c 0F       		.uleb128 0xf
 846 039d 01       		.uleb128 0x1
 847 039e 51       		.byte	0x51
 848 039f 03       		.uleb128 0x3
 849 03a0 91       		.byte	0x91
 850 03a1 D07E     		.sleb128 -176
 851 03a3 0F       		.uleb128 0xf
 852 03a4 01       		.uleb128 0x1
 853 03a5 52       		.byte	0x52
 854 03a6 02       		.uleb128 0x2
 855 03a7 7D       		.byte	0x7d
 856 03a8 00       		.sleb128 0
 857 03a9 00       		.byte	0
 858 03aa 0E       		.uleb128 0xe
 859 03ab EE000000 		.4byte	.LVL28
 860 03af 43060000 		.4byte	0x643
 861 03b3 C5030000 		.4byte	0x3c5
 862 03b7 0F       		.uleb128 0xf
 863 03b8 01       		.uleb128 0x1
 864 03b9 50       		.byte	0x50
 865 03ba 03       		.uleb128 0x3
 866 03bb 91       		.byte	0x91
 867 03bc D87D     		.sleb128 -296
 868 03be 0F       		.uleb128 0xf
 869 03bf 01       		.uleb128 0x1
 870 03c0 51       		.byte	0x51
 871 03c1 02       		.uleb128 0x2
 872 03c2 7D       		.byte	0x7d
 873 03c3 00       		.sleb128 0
 874 03c4 00       		.byte	0
 875 03c5 0E       		.uleb128 0xe
 876 03c6 F6000000 		.4byte	.LVL29
 877 03ca 43060000 		.4byte	0x643
 878 03ce E0030000 		.4byte	0x3e0
 879 03d2 0F       		.uleb128 0xf
 880 03d3 01       		.uleb128 0x1
 881 03d4 50       		.byte	0x50
 882 03d5 02       		.uleb128 0x2
 883 03d6 7D       		.byte	0x7d
 884 03d7 00       		.sleb128 0
 885 03d8 0F       		.uleb128 0xf
ARM GAS  C:\Users\NIGHDR~1\AppData\Local\Temp\ccHPIrVV.s 			page 18


 886 03d9 01       		.uleb128 0x1
 887 03da 51       		.byte	0x51
 888 03db 03       		.uleb128 0x3
 889 03dc 91       		.byte	0x91
 890 03dd F87E     		.sleb128 -136
 891 03df 00       		.byte	0
 892 03e0 0E       		.uleb128 0xe
 893 03e1 00010000 		.4byte	.LVL30
 894 03e5 F6050000 		.4byte	0x5f6
 895 03e9 03040000 		.4byte	0x403
 896 03ed 0F       		.uleb128 0xf
 897 03ee 01       		.uleb128 0x1
 898 03ef 50       		.byte	0x50
 899 03f0 03       		.uleb128 0x3
 900 03f1 91       		.byte	0x91
 901 03f2 A87E     		.sleb128 -216
 902 03f4 0F       		.uleb128 0xf
 903 03f5 01       		.uleb128 0x1
 904 03f6 51       		.byte	0x51
 905 03f7 03       		.uleb128 0x3
 906 03f8 91       		.byte	0x91
 907 03f9 807E     		.sleb128 -256
 908 03fb 0F       		.uleb128 0xf
 909 03fc 01       		.uleb128 0x1
 910 03fd 52       		.byte	0x52
 911 03fe 03       		.uleb128 0x3
 912 03ff 91       		.byte	0x91
 913 0400 D07E     		.sleb128 -176
 914 0402 00       		.byte	0
 915 0403 0E       		.uleb128 0xe
 916 0404 0A010000 		.4byte	.LVL31
 917 0408 01060000 		.4byte	0x601
 918 040c 26040000 		.4byte	0x426
 919 0410 0F       		.uleb128 0xf
 920 0411 01       		.uleb128 0x1
 921 0412 50       		.byte	0x50
 922 0413 03       		.uleb128 0x3
 923 0414 91       		.byte	0x91
 924 0415 D07E     		.sleb128 -176
 925 0417 0F       		.uleb128 0xf
 926 0418 01       		.uleb128 0x1
 927 0419 51       		.byte	0x51
 928 041a 03       		.uleb128 0x3
 929 041b 91       		.byte	0x91
 930 041c 807E     		.sleb128 -256
 931 041e 0F       		.uleb128 0xf
 932 041f 01       		.uleb128 0x1
 933 0420 52       		.byte	0x52
 934 0421 03       		.uleb128 0x3
 935 0422 91       		.byte	0x91
 936 0423 D07E     		.sleb128 -176
 937 0425 00       		.byte	0
 938 0426 0E       		.uleb128 0xe
 939 0427 14010000 		.4byte	.LVL32
 940 042b 17060000 		.4byte	0x617
 941 042f 48040000 		.4byte	0x448
 942 0433 0F       		.uleb128 0xf
ARM GAS  C:\Users\NIGHDR~1\AppData\Local\Temp\ccHPIrVV.s 			page 19


 943 0434 01       		.uleb128 0x1
 944 0435 50       		.byte	0x50
 945 0436 03       		.uleb128 0x3
 946 0437 91       		.byte	0x91
 947 0438 F87E     		.sleb128 -136
 948 043a 0F       		.uleb128 0xf
 949 043b 01       		.uleb128 0x1
 950 043c 51       		.byte	0x51
 951 043d 02       		.uleb128 0x2
 952 043e 7D       		.byte	0x7d
 953 043f 00       		.sleb128 0
 954 0440 0F       		.uleb128 0xf
 955 0441 01       		.uleb128 0x1
 956 0442 52       		.byte	0x52
 957 0443 03       		.uleb128 0x3
 958 0444 91       		.byte	0x91
 959 0445 D87D     		.sleb128 -296
 960 0447 00       		.byte	0
 961 0448 0E       		.uleb128 0xe
 962 0449 1E010000 		.4byte	.LVL33
 963 044d 01060000 		.4byte	0x601
 964 0451 69040000 		.4byte	0x469
 965 0455 0F       		.uleb128 0xf
 966 0456 01       		.uleb128 0x1
 967 0457 50       		.byte	0x50
 968 0458 02       		.uleb128 0x2
 969 0459 7D       		.byte	0x7d
 970 045a 00       		.sleb128 0
 971 045b 0F       		.uleb128 0xf
 972 045c 01       		.uleb128 0x1
 973 045d 51       		.byte	0x51
 974 045e 02       		.uleb128 0x2
 975 045f 7D       		.byte	0x7d
 976 0460 00       		.sleb128 0
 977 0461 0F       		.uleb128 0xf
 978 0462 01       		.uleb128 0x1
 979 0463 52       		.byte	0x52
 980 0464 03       		.uleb128 0x3
 981 0465 91       		.byte	0x91
 982 0466 D87D     		.sleb128 -296
 983 0468 00       		.byte	0
 984 0469 0E       		.uleb128 0xe
 985 046a 26010000 		.4byte	.LVL34
 986 046e 43060000 		.4byte	0x643
 987 0472 85040000 		.4byte	0x485
 988 0476 0F       		.uleb128 0xf
 989 0477 01       		.uleb128 0x1
 990 0478 50       		.byte	0x50
 991 0479 03       		.uleb128 0x3
 992 047a 91       		.byte	0x91
 993 047b D07E     		.sleb128 -176
 994 047d 0F       		.uleb128 0xf
 995 047e 01       		.uleb128 0x1
 996 047f 51       		.byte	0x51
 997 0480 03       		.uleb128 0x3
 998 0481 91       		.byte	0x91
 999 0482 D07E     		.sleb128 -176
ARM GAS  C:\Users\NIGHDR~1\AppData\Local\Temp\ccHPIrVV.s 			page 20


 1000 0484 00       		.byte	0
 1001 0485 0E       		.uleb128 0xe
 1002 0486 2E010000 		.4byte	.LVL35
 1003 048a 4E060000 		.4byte	0x64e
 1004 048e A0040000 		.4byte	0x4a0
 1005 0492 0F       		.uleb128 0xf
 1006 0493 01       		.uleb128 0x1
 1007 0494 50       		.byte	0x50
 1008 0495 03       		.uleb128 0x3
 1009 0496 91       		.byte	0x91
 1010 0497 807E     		.sleb128 -256
 1011 0499 0F       		.uleb128 0xf
 1012 049a 01       		.uleb128 0x1
 1013 049b 51       		.byte	0x51
 1014 049c 02       		.uleb128 0x2
 1015 049d 7D       		.byte	0x7d
 1016 049e 00       		.sleb128 0
 1017 049f 00       		.byte	0
 1018 04a0 0E       		.uleb128 0xe
 1019 04a1 36010000 		.4byte	.LVL36
 1020 04a5 43060000 		.4byte	0x643
 1021 04a9 BC040000 		.4byte	0x4bc
 1022 04ad 0F       		.uleb128 0xf
 1023 04ae 01       		.uleb128 0x1
 1024 04af 50       		.byte	0x50
 1025 04b0 03       		.uleb128 0x3
 1026 04b1 91       		.byte	0x91
 1027 04b2 A87E     		.sleb128 -216
 1028 04b4 0F       		.uleb128 0xf
 1029 04b5 01       		.uleb128 0x1
 1030 04b6 51       		.byte	0x51
 1031 04b7 03       		.uleb128 0x3
 1032 04b8 91       		.byte	0x91
 1033 04b9 A87E     		.sleb128 -216
 1034 04bb 00       		.byte	0
 1035 04bc 0E       		.uleb128 0xe
 1036 04bd 40010000 		.4byte	.LVL37
 1037 04c1 F6050000 		.4byte	0x5f6
 1038 04c5 DF040000 		.4byte	0x4df
 1039 04c9 0F       		.uleb128 0xf
 1040 04ca 01       		.uleb128 0x1
 1041 04cb 50       		.byte	0x50
 1042 04cc 03       		.uleb128 0x3
 1043 04cd 91       		.byte	0x91
 1044 04ce D87D     		.sleb128 -296
 1045 04d0 0F       		.uleb128 0xf
 1046 04d1 01       		.uleb128 0x1
 1047 04d2 51       		.byte	0x51
 1048 04d3 03       		.uleb128 0x3
 1049 04d4 91       		.byte	0x91
 1050 04d5 D87D     		.sleb128 -296
 1051 04d7 0F       		.uleb128 0xf
 1052 04d8 01       		.uleb128 0x1
 1053 04d9 52       		.byte	0x52
 1054 04da 03       		.uleb128 0x3
 1055 04db 91       		.byte	0x91
 1056 04dc 807E     		.sleb128 -256
ARM GAS  C:\Users\NIGHDR~1\AppData\Local\Temp\ccHPIrVV.s 			page 21


 1057 04de 00       		.byte	0
 1058 04df 0E       		.uleb128 0xe
 1059 04e0 4A010000 		.4byte	.LVL38
 1060 04e4 17060000 		.4byte	0x617
 1061 04e8 02050000 		.4byte	0x502
 1062 04ec 0F       		.uleb128 0xf
 1063 04ed 01       		.uleb128 0x1
 1064 04ee 50       		.byte	0x50
 1065 04ef 03       		.uleb128 0x3
 1066 04f0 91       		.byte	0x91
 1067 04f1 807E     		.sleb128 -256
 1068 04f3 0F       		.uleb128 0xf
 1069 04f4 01       		.uleb128 0x1
 1070 04f5 51       		.byte	0x51
 1071 04f6 03       		.uleb128 0x3
 1072 04f7 91       		.byte	0x91
 1073 04f8 A07F     		.sleb128 -96
 1074 04fa 0F       		.uleb128 0xf
 1075 04fb 01       		.uleb128 0x1
 1076 04fc 52       		.byte	0x52
 1077 04fd 03       		.uleb128 0x3
 1078 04fe 91       		.byte	0x91
 1079 04ff D07E     		.sleb128 -176
 1080 0501 00       		.byte	0
 1081 0502 0E       		.uleb128 0xe
 1082 0503 54010000 		.4byte	.LVL39
 1083 0507 17060000 		.4byte	0x617
 1084 050b 24050000 		.4byte	0x524
 1085 050f 0F       		.uleb128 0xf
 1086 0510 01       		.uleb128 0x1
 1087 0511 50       		.byte	0x50
 1088 0512 03       		.uleb128 0x3
 1089 0513 91       		.byte	0x91
 1090 0514 D07E     		.sleb128 -176
 1091 0516 0F       		.uleb128 0xf
 1092 0517 01       		.uleb128 0x1
 1093 0518 51       		.byte	0x51
 1094 0519 02       		.uleb128 0x2
 1095 051a 7D       		.byte	0x7d
 1096 051b 00       		.sleb128 0
 1097 051c 0F       		.uleb128 0xf
 1098 051d 01       		.uleb128 0x1
 1099 051e 52       		.byte	0x52
 1100 051f 03       		.uleb128 0x3
 1101 0520 91       		.byte	0x91
 1102 0521 D87D     		.sleb128 -296
 1103 0523 00       		.byte	0
 1104 0524 0E       		.uleb128 0xe
 1105 0525 66010000 		.4byte	.LVL42
 1106 0529 38060000 		.4byte	0x638
 1107 052d 46050000 		.4byte	0x546
 1108 0531 0F       		.uleb128 0xf
 1109 0532 01       		.uleb128 0x1
 1110 0533 50       		.byte	0x50
 1111 0534 03       		.uleb128 0x3
 1112 0535 91       		.byte	0x91
 1113 0536 F87E     		.sleb128 -136
ARM GAS  C:\Users\NIGHDR~1\AppData\Local\Temp\ccHPIrVV.s 			page 22


 1114 0538 0F       		.uleb128 0xf
 1115 0539 01       		.uleb128 0x1
 1116 053a 51       		.byte	0x51
 1117 053b 03       		.uleb128 0x3
 1118 053c 91       		.byte	0x91
 1119 053d A87E     		.sleb128 -216
 1120 053f 0F       		.uleb128 0xf
 1121 0540 01       		.uleb128 0x1
 1122 0541 52       		.byte	0x52
 1123 0542 02       		.uleb128 0x2
 1124 0543 77       		.byte	0x77
 1125 0544 00       		.sleb128 0
 1126 0545 00       		.byte	0
 1127 0546 0E       		.uleb128 0xe
 1128 0547 70010000 		.4byte	.LVL43
 1129 054b 38060000 		.4byte	0x638
 1130 054f 68050000 		.4byte	0x568
 1131 0553 0F       		.uleb128 0xf
 1132 0554 01       		.uleb128 0x1
 1133 0555 50       		.byte	0x50
 1134 0556 03       		.uleb128 0x3
 1135 0557 91       		.byte	0x91
 1136 0558 D07E     		.sleb128 -176
 1137 055a 0F       		.uleb128 0xf
 1138 055b 01       		.uleb128 0x1
 1139 055c 51       		.byte	0x51
 1140 055d 03       		.uleb128 0x3
 1141 055e 91       		.byte	0x91
 1142 055f 807E     		.sleb128 -256
 1143 0561 0F       		.uleb128 0xf
 1144 0562 01       		.uleb128 0x1
 1145 0563 52       		.byte	0x52
 1146 0564 02       		.uleb128 0x2
 1147 0565 77       		.byte	0x77
 1148 0566 00       		.sleb128 0
 1149 0567 00       		.byte	0
 1150 0568 0E       		.uleb128 0xe
 1151 0569 78010000 		.4byte	.LVL44
 1152 056d 0C060000 		.4byte	0x60c
 1153 0571 84050000 		.4byte	0x584
 1154 0575 0F       		.uleb128 0xf
 1155 0576 01       		.uleb128 0x1
 1156 0577 50       		.byte	0x50
 1157 0578 03       		.uleb128 0x3
 1158 0579 91       		.byte	0x91
 1159 057a D07E     		.sleb128 -176
 1160 057c 0F       		.uleb128 0xf
 1161 057d 01       		.uleb128 0x1
 1162 057e 51       		.byte	0x51
 1163 057f 03       		.uleb128 0x3
 1164 0580 91       		.byte	0x91
 1165 0581 D07E     		.sleb128 -176
 1166 0583 00       		.byte	0
 1167 0584 0E       		.uleb128 0xe
 1168 0585 82010000 		.4byte	.LVL45
 1169 0589 17060000 		.4byte	0x617
 1170 058d A7050000 		.4byte	0x5a7
ARM GAS  C:\Users\NIGHDR~1\AppData\Local\Temp\ccHPIrVV.s 			page 23


 1171 0591 0F       		.uleb128 0xf
 1172 0592 01       		.uleb128 0x1
 1173 0593 50       		.byte	0x50
 1174 0594 03       		.uleb128 0x3
 1175 0595 91       		.byte	0x91
 1176 0596 F87E     		.sleb128 -136
 1177 0598 0F       		.uleb128 0xf
 1178 0599 01       		.uleb128 0x1
 1179 059a 51       		.byte	0x51
 1180 059b 03       		.uleb128 0x3
 1181 059c 91       		.byte	0x91
 1182 059d F87E     		.sleb128 -136
 1183 059f 0F       		.uleb128 0xf
 1184 05a0 01       		.uleb128 0x1
 1185 05a1 52       		.byte	0x52
 1186 05a2 03       		.uleb128 0x3
 1187 05a3 91       		.byte	0x91
 1188 05a4 D07E     		.sleb128 -176
 1189 05a6 00       		.byte	0
 1190 05a7 10       		.uleb128 0x10
 1191 05a8 8A010000 		.4byte	.LVL46
 1192 05ac 59060000 		.4byte	0x659
 1193 05b0 0F       		.uleb128 0xf
 1194 05b1 01       		.uleb128 0x1
 1195 05b2 50       		.byte	0x50
 1196 05b3 02       		.uleb128 0x2
 1197 05b4 74       		.byte	0x74
 1198 05b5 00       		.sleb128 0
 1199 05b6 0F       		.uleb128 0xf
 1200 05b7 01       		.uleb128 0x1
 1201 05b8 51       		.byte	0x51
 1202 05b9 03       		.uleb128 0x3
 1203 05ba 91       		.byte	0x91
 1204 05bb F87E     		.sleb128 -136
 1205 05bd 00       		.byte	0
 1206 05be 00       		.byte	0
 1207 05bf 11       		.uleb128 0x11
 1208 05c0 04       		.byte	0x4
 1209 05c1 48000000 		.4byte	0x48
 1210 05c5 11       		.uleb128 0x11
 1211 05c6 04       		.byte	0x4
 1212 05c7 CB050000 		.4byte	0x5cb
 1213 05cb 12       		.uleb128 0x12
 1214 05cc 48000000 		.4byte	0x48
 1215 05d0 06       		.uleb128 0x6
 1216 05d1 48000000 		.4byte	0x48
 1217 05d5 E0050000 		.4byte	0x5e0
 1218 05d9 07       		.uleb128 0x7
 1219 05da A2000000 		.4byte	0xa2
 1220 05de 1F       		.byte	0x1f
 1221 05df 00       		.byte	0
 1222 05e0 13       		.uleb128 0x13
 1223 05e1 12010000 		.4byte	.LASF19
 1224 05e5 12010000 		.4byte	.LASF19
 1225 05e9 04       		.byte	0x4
 1226 05ea 16       		.byte	0x16
 1227 05eb 13       		.uleb128 0x13
ARM GAS  C:\Users\NIGHDR~1\AppData\Local\Temp\ccHPIrVV.s 			page 24


 1228 05ec 26020000 		.4byte	.LASF20
 1229 05f0 26020000 		.4byte	.LASF20
 1230 05f4 04       		.byte	0x4
 1231 05f5 14       		.byte	0x14
 1232 05f6 13       		.uleb128 0x13
 1233 05f7 00000000 		.4byte	.LASF21
 1234 05fb 00000000 		.4byte	.LASF21
 1235 05ff 04       		.byte	0x4
 1236 0600 20       		.byte	0x20
 1237 0601 13       		.uleb128 0x13
 1238 0602 FD000000 		.4byte	.LASF22
 1239 0606 FD000000 		.4byte	.LASF22
 1240 060a 04       		.byte	0x4
 1241 060b 27       		.byte	0x27
 1242 060c 13       		.uleb128 0x13
 1243 060d 9F010000 		.4byte	.LASF23
 1244 0611 9F010000 		.4byte	.LASF23
 1245 0615 04       		.byte	0x4
 1246 0616 21       		.byte	0x21
 1247 0617 13       		.uleb128 0x13
 1248 0618 25000000 		.4byte	.LASF24
 1249 061c 25000000 		.4byte	.LASF24
 1250 0620 04       		.byte	0x4
 1251 0621 24       		.byte	0x24
 1252 0622 13       		.uleb128 0x13
 1253 0623 21020000 		.4byte	.LASF25
 1254 0627 21020000 		.4byte	.LASF25
 1255 062b 04       		.byte	0x4
 1256 062c 13       		.byte	0x13
 1257 062d 13       		.uleb128 0x13
 1258 062e C8010000 		.4byte	.LASF26
 1259 0632 C8010000 		.4byte	.LASF26
 1260 0636 04       		.byte	0x4
 1261 0637 19       		.byte	0x19
 1262 0638 13       		.uleb128 0x13
 1263 0639 F4000000 		.4byte	.LASF27
 1264 063d F4000000 		.4byte	.LASF27
 1265 0641 04       		.byte	0x4
 1266 0642 1D       		.byte	0x1d
 1267 0643 13       		.uleb128 0x13
 1268 0644 1A000000 		.4byte	.LASF28
 1269 0648 1A000000 		.4byte	.LASF28
 1270 064c 04       		.byte	0x4
 1271 064d 22       		.byte	0x22
 1272 064e 13       		.uleb128 0x13
 1273 064f E2010000 		.4byte	.LASF29
 1274 0653 E2010000 		.4byte	.LASF29
 1275 0657 04       		.byte	0x4
 1276 0658 25       		.byte	0x25
 1277 0659 13       		.uleb128 0x13
 1278 065a 16020000 		.4byte	.LASF30
 1279 065e 16020000 		.4byte	.LASF30
 1280 0662 04       		.byte	0x4
 1281 0663 17       		.byte	0x17
 1282 0664 00       		.byte	0
 1283              		.section	.debug_abbrev,"",%progbits
 1284              	.Ldebug_abbrev0:
ARM GAS  C:\Users\NIGHDR~1\AppData\Local\Temp\ccHPIrVV.s 			page 25


 1285 0000 01       		.uleb128 0x1
 1286 0001 11       		.uleb128 0x11
 1287 0002 01       		.byte	0x1
 1288 0003 25       		.uleb128 0x25
 1289 0004 0E       		.uleb128 0xe
 1290 0005 13       		.uleb128 0x13
 1291 0006 0B       		.uleb128 0xb
 1292 0007 03       		.uleb128 0x3
 1293 0008 0E       		.uleb128 0xe
 1294 0009 1B       		.uleb128 0x1b
 1295 000a 0E       		.uleb128 0xe
 1296 000b 55       		.uleb128 0x55
 1297 000c 17       		.uleb128 0x17
 1298 000d 11       		.uleb128 0x11
 1299 000e 01       		.uleb128 0x1
 1300 000f 10       		.uleb128 0x10
 1301 0010 17       		.uleb128 0x17
 1302 0011 00       		.byte	0
 1303 0012 00       		.byte	0
 1304 0013 02       		.uleb128 0x2
 1305 0014 24       		.uleb128 0x24
 1306 0015 00       		.byte	0
 1307 0016 0B       		.uleb128 0xb
 1308 0017 0B       		.uleb128 0xb
 1309 0018 3E       		.uleb128 0x3e
 1310 0019 0B       		.uleb128 0xb
 1311 001a 03       		.uleb128 0x3
 1312 001b 08       		.uleb128 0x8
 1313 001c 00       		.byte	0
 1314 001d 00       		.byte	0
 1315 001e 03       		.uleb128 0x3
 1316 001f 24       		.uleb128 0x24
 1317 0020 00       		.byte	0
 1318 0021 0B       		.uleb128 0xb
 1319 0022 0B       		.uleb128 0xb
 1320 0023 3E       		.uleb128 0x3e
 1321 0024 0B       		.uleb128 0xb
 1322 0025 03       		.uleb128 0x3
 1323 0026 0E       		.uleb128 0xe
 1324 0027 00       		.byte	0
 1325 0028 00       		.byte	0
 1326 0029 04       		.uleb128 0x4
 1327 002a 16       		.uleb128 0x16
 1328 002b 00       		.byte	0
 1329 002c 03       		.uleb128 0x3
 1330 002d 0E       		.uleb128 0xe
 1331 002e 3A       		.uleb128 0x3a
 1332 002f 0B       		.uleb128 0xb
 1333 0030 3B       		.uleb128 0x3b
 1334 0031 0B       		.uleb128 0xb
 1335 0032 49       		.uleb128 0x49
 1336 0033 13       		.uleb128 0x13
 1337 0034 00       		.byte	0
 1338 0035 00       		.byte	0
 1339 0036 05       		.uleb128 0x5
 1340 0037 16       		.uleb128 0x16
 1341 0038 00       		.byte	0
ARM GAS  C:\Users\NIGHDR~1\AppData\Local\Temp\ccHPIrVV.s 			page 26


 1342 0039 03       		.uleb128 0x3
 1343 003a 08       		.uleb128 0x8
 1344 003b 3A       		.uleb128 0x3a
 1345 003c 0B       		.uleb128 0xb
 1346 003d 3B       		.uleb128 0x3b
 1347 003e 0B       		.uleb128 0xb
 1348 003f 49       		.uleb128 0x49
 1349 0040 13       		.uleb128 0x13
 1350 0041 00       		.byte	0
 1351 0042 00       		.byte	0
 1352 0043 06       		.uleb128 0x6
 1353 0044 01       		.uleb128 0x1
 1354 0045 01       		.byte	0x1
 1355 0046 49       		.uleb128 0x49
 1356 0047 13       		.uleb128 0x13
 1357 0048 01       		.uleb128 0x1
 1358 0049 13       		.uleb128 0x13
 1359 004a 00       		.byte	0
 1360 004b 00       		.byte	0
 1361 004c 07       		.uleb128 0x7
 1362 004d 21       		.uleb128 0x21
 1363 004e 00       		.byte	0
 1364 004f 49       		.uleb128 0x49
 1365 0050 13       		.uleb128 0x13
 1366 0051 2F       		.uleb128 0x2f
 1367 0052 0B       		.uleb128 0xb
 1368 0053 00       		.byte	0
 1369 0054 00       		.byte	0
 1370 0055 08       		.uleb128 0x8
 1371 0056 2E       		.uleb128 0x2e
 1372 0057 01       		.byte	0x1
 1373 0058 3F       		.uleb128 0x3f
 1374 0059 19       		.uleb128 0x19
 1375 005a 03       		.uleb128 0x3
 1376 005b 0E       		.uleb128 0xe
 1377 005c 3A       		.uleb128 0x3a
 1378 005d 0B       		.uleb128 0xb
 1379 005e 3B       		.uleb128 0x3b
 1380 005f 0B       		.uleb128 0xb
 1381 0060 27       		.uleb128 0x27
 1382 0061 19       		.uleb128 0x19
 1383 0062 11       		.uleb128 0x11
 1384 0063 01       		.uleb128 0x1
 1385 0064 12       		.uleb128 0x12
 1386 0065 06       		.uleb128 0x6
 1387 0066 40       		.uleb128 0x40
 1388 0067 18       		.uleb128 0x18
 1389 0068 9742     		.uleb128 0x2117
 1390 006a 19       		.uleb128 0x19
 1391 006b 01       		.uleb128 0x1
 1392 006c 13       		.uleb128 0x13
 1393 006d 00       		.byte	0
 1394 006e 00       		.byte	0
 1395 006f 09       		.uleb128 0x9
 1396 0070 05       		.uleb128 0x5
 1397 0071 00       		.byte	0
 1398 0072 03       		.uleb128 0x3
ARM GAS  C:\Users\NIGHDR~1\AppData\Local\Temp\ccHPIrVV.s 			page 27


 1399 0073 0E       		.uleb128 0xe
 1400 0074 3A       		.uleb128 0x3a
 1401 0075 0B       		.uleb128 0xb
 1402 0076 3B       		.uleb128 0x3b
 1403 0077 0B       		.uleb128 0xb
 1404 0078 49       		.uleb128 0x49
 1405 0079 13       		.uleb128 0x13
 1406 007a 02       		.uleb128 0x2
 1407 007b 17       		.uleb128 0x17
 1408 007c 00       		.byte	0
 1409 007d 00       		.byte	0
 1410 007e 0A       		.uleb128 0xa
 1411 007f 34       		.uleb128 0x34
 1412 0080 00       		.byte	0
 1413 0081 03       		.uleb128 0x3
 1414 0082 08       		.uleb128 0x8
 1415 0083 3A       		.uleb128 0x3a
 1416 0084 0B       		.uleb128 0xb
 1417 0085 3B       		.uleb128 0x3b
 1418 0086 0B       		.uleb128 0xb
 1419 0087 49       		.uleb128 0x49
 1420 0088 13       		.uleb128 0x13
 1421 0089 02       		.uleb128 0x2
 1422 008a 18       		.uleb128 0x18
 1423 008b 00       		.byte	0
 1424 008c 00       		.byte	0
 1425 008d 0B       		.uleb128 0xb
 1426 008e 34       		.uleb128 0x34
 1427 008f 00       		.byte	0
 1428 0090 03       		.uleb128 0x3
 1429 0091 08       		.uleb128 0x8
 1430 0092 3A       		.uleb128 0x3a
 1431 0093 0B       		.uleb128 0xb
 1432 0094 3B       		.uleb128 0x3b
 1433 0095 0B       		.uleb128 0xb
 1434 0096 49       		.uleb128 0x49
 1435 0097 13       		.uleb128 0x13
 1436 0098 02       		.uleb128 0x2
 1437 0099 17       		.uleb128 0x17
 1438 009a 00       		.byte	0
 1439 009b 00       		.byte	0
 1440 009c 0C       		.uleb128 0xc
 1441 009d 34       		.uleb128 0x34
 1442 009e 00       		.byte	0
 1443 009f 03       		.uleb128 0x3
 1444 00a0 0E       		.uleb128 0xe
 1445 00a1 3A       		.uleb128 0x3a
 1446 00a2 0B       		.uleb128 0xb
 1447 00a3 3B       		.uleb128 0x3b
 1448 00a4 0B       		.uleb128 0xb
 1449 00a5 49       		.uleb128 0x49
 1450 00a6 13       		.uleb128 0x13
 1451 00a7 02       		.uleb128 0x2
 1452 00a8 18       		.uleb128 0x18
 1453 00a9 00       		.byte	0
 1454 00aa 00       		.byte	0
 1455 00ab 0D       		.uleb128 0xd
ARM GAS  C:\Users\NIGHDR~1\AppData\Local\Temp\ccHPIrVV.s 			page 28


 1456 00ac 34       		.uleb128 0x34
 1457 00ad 00       		.byte	0
 1458 00ae 03       		.uleb128 0x3
 1459 00af 0E       		.uleb128 0xe
 1460 00b0 3A       		.uleb128 0x3a
 1461 00b1 0B       		.uleb128 0xb
 1462 00b2 3B       		.uleb128 0x3b
 1463 00b3 0B       		.uleb128 0xb
 1464 00b4 49       		.uleb128 0x49
 1465 00b5 13       		.uleb128 0x13
 1466 00b6 02       		.uleb128 0x2
 1467 00b7 17       		.uleb128 0x17
 1468 00b8 00       		.byte	0
 1469 00b9 00       		.byte	0
 1470 00ba 0E       		.uleb128 0xe
 1471 00bb 898201   		.uleb128 0x4109
 1472 00be 01       		.byte	0x1
 1473 00bf 11       		.uleb128 0x11
 1474 00c0 01       		.uleb128 0x1
 1475 00c1 31       		.uleb128 0x31
 1476 00c2 13       		.uleb128 0x13
 1477 00c3 01       		.uleb128 0x1
 1478 00c4 13       		.uleb128 0x13
 1479 00c5 00       		.byte	0
 1480 00c6 00       		.byte	0
 1481 00c7 0F       		.uleb128 0xf
 1482 00c8 8A8201   		.uleb128 0x410a
 1483 00cb 00       		.byte	0
 1484 00cc 02       		.uleb128 0x2
 1485 00cd 18       		.uleb128 0x18
 1486 00ce 9142     		.uleb128 0x2111
 1487 00d0 18       		.uleb128 0x18
 1488 00d1 00       		.byte	0
 1489 00d2 00       		.byte	0
 1490 00d3 10       		.uleb128 0x10
 1491 00d4 898201   		.uleb128 0x4109
 1492 00d7 01       		.byte	0x1
 1493 00d8 11       		.uleb128 0x11
 1494 00d9 01       		.uleb128 0x1
 1495 00da 31       		.uleb128 0x31
 1496 00db 13       		.uleb128 0x13
 1497 00dc 00       		.byte	0
 1498 00dd 00       		.byte	0
 1499 00de 11       		.uleb128 0x11
 1500 00df 0F       		.uleb128 0xf
 1501 00e0 00       		.byte	0
 1502 00e1 0B       		.uleb128 0xb
 1503 00e2 0B       		.uleb128 0xb
 1504 00e3 49       		.uleb128 0x49
 1505 00e4 13       		.uleb128 0x13
 1506 00e5 00       		.byte	0
 1507 00e6 00       		.byte	0
 1508 00e7 12       		.uleb128 0x12
 1509 00e8 26       		.uleb128 0x26
 1510 00e9 00       		.byte	0
 1511 00ea 49       		.uleb128 0x49
 1512 00eb 13       		.uleb128 0x13
ARM GAS  C:\Users\NIGHDR~1\AppData\Local\Temp\ccHPIrVV.s 			page 29


 1513 00ec 00       		.byte	0
 1514 00ed 00       		.byte	0
 1515 00ee 13       		.uleb128 0x13
 1516 00ef 2E       		.uleb128 0x2e
 1517 00f0 00       		.byte	0
 1518 00f1 3F       		.uleb128 0x3f
 1519 00f2 19       		.uleb128 0x19
 1520 00f3 3C       		.uleb128 0x3c
 1521 00f4 19       		.uleb128 0x19
 1522 00f5 6E       		.uleb128 0x6e
 1523 00f6 0E       		.uleb128 0xe
 1524 00f7 03       		.uleb128 0x3
 1525 00f8 0E       		.uleb128 0xe
 1526 00f9 3A       		.uleb128 0x3a
 1527 00fa 0B       		.uleb128 0xb
 1528 00fb 3B       		.uleb128 0x3b
 1529 00fc 0B       		.uleb128 0xb
 1530 00fd 00       		.byte	0
 1531 00fe 00       		.byte	0
 1532 00ff 00       		.byte	0
 1533              		.section	.debug_loc,"",%progbits
 1534              	.Ldebug_loc0:
 1535              	.LLST0:
 1536 0000 00000000 		.4byte	.LVL0
 1537 0004 0A000000 		.4byte	.LVL2
 1538 0008 0100     		.2byte	0x1
 1539 000a 50       		.byte	0x50
 1540 000b 0A000000 		.4byte	.LVL2
 1541 000f 8C010000 		.4byte	.LVL47
 1542 0013 0100     		.2byte	0x1
 1543 0015 54       		.byte	0x54
 1544 0016 8C010000 		.4byte	.LVL47
 1545 001a 8E010000 		.4byte	.LFE0
 1546 001e 0400     		.2byte	0x4
 1547 0020 F3       		.byte	0xf3
 1548 0021 01       		.uleb128 0x1
 1549 0022 50       		.byte	0x50
 1550 0023 9F       		.byte	0x9f
 1551 0024 00000000 		.4byte	0
 1552 0028 00000000 		.4byte	0
 1553              	.LLST1:
 1554 002c 00000000 		.4byte	.LVL0
 1555 0030 31000000 		.4byte	.LVL6-1
 1556 0034 0100     		.2byte	0x1
 1557 0036 51       		.byte	0x51
 1558 0037 31000000 		.4byte	.LVL6-1
 1559 003b 8E010000 		.4byte	.LFE0
 1560 003f 0400     		.2byte	0x4
 1561 0041 F3       		.byte	0xf3
 1562 0042 01       		.uleb128 0x1
 1563 0043 51       		.byte	0x51
 1564 0044 9F       		.byte	0x9f
 1565 0045 00000000 		.4byte	0
 1566 0049 00000000 		.4byte	0
 1567              	.LLST2:
 1568 004d 00000000 		.4byte	.LVL0
 1569 0051 1A000000 		.4byte	.LVL5
ARM GAS  C:\Users\NIGHDR~1\AppData\Local\Temp\ccHPIrVV.s 			page 30


 1570 0055 0100     		.2byte	0x1
 1571 0057 52       		.byte	0x52
 1572 0058 1A000000 		.4byte	.LVL5
 1573 005c 8E010000 		.4byte	.LFE0
 1574 0060 0400     		.2byte	0x4
 1575 0062 F3       		.byte	0xf3
 1576 0063 01       		.uleb128 0x1
 1577 0064 52       		.byte	0x52
 1578 0065 9F       		.byte	0x9f
 1579 0066 00000000 		.4byte	0
 1580 006a 00000000 		.4byte	0
 1581              	.LLST3:
 1582 006e 06000000 		.4byte	.LVL1
 1583 0072 0A000000 		.4byte	.LVL2
 1584 0076 0200     		.2byte	0x2
 1585 0078 30       		.byte	0x30
 1586 0079 9F       		.byte	0x9f
 1587 007a 0A000000 		.4byte	.LVL2
 1588 007e 18000000 		.4byte	.LVL4
 1589 0082 0100     		.2byte	0x1
 1590 0084 53       		.byte	0x53
 1591 0085 00000000 		.4byte	0
 1592 0089 00000000 		.4byte	0
 1593              	.LLST4:
 1594 008d 78000000 		.4byte	.LVL15
 1595 0091 7E000000 		.4byte	.LVL16
 1596 0095 0300     		.2byte	0x3
 1597 0097 08       		.byte	0x8
 1598 0098 FE       		.byte	0xfe
 1599 0099 9F       		.byte	0x9f
 1600 009a 7E000000 		.4byte	.LVL16
 1601 009e 8C010000 		.4byte	.LVL48
 1602 00a2 0100     		.2byte	0x1
 1603 00a4 56       		.byte	0x56
 1604 00a5 00000000 		.4byte	0
 1605 00a9 00000000 		.4byte	0
 1606              	.LLST5:
 1607 00ad 78000000 		.4byte	.LVL15
 1608 00b1 7E000000 		.4byte	.LVL16
 1609 00b5 0200     		.2byte	0x2
 1610 00b7 30       		.byte	0x30
 1611 00b8 9F       		.byte	0x9f
 1612 00b9 7E000000 		.4byte	.LVL16
 1613 00bd AA000000 		.4byte	.LVL21
 1614 00c1 0100     		.2byte	0x1
 1615 00c3 57       		.byte	0x57
 1616 00c4 AA000000 		.4byte	.LVL21
 1617 00c8 58010000 		.4byte	.LVL41
 1618 00cc 0100     		.2byte	0x1
 1619 00ce 55       		.byte	0x55
 1620 00cf 58010000 		.4byte	.LVL41
 1621 00d3 8C010000 		.4byte	.LVL49
 1622 00d7 0100     		.2byte	0x1
 1623 00d9 57       		.byte	0x57
 1624 00da 00000000 		.4byte	0
 1625 00de 00000000 		.4byte	0
 1626              	.LLST6:
ARM GAS  C:\Users\NIGHDR~1\AppData\Local\Temp\ccHPIrVV.s 			page 31


 1627 00e2 90000000 		.4byte	.LVL17
 1628 00e6 58010000 		.4byte	.LVL41
 1629 00ea 0100     		.2byte	0x1
 1630 00ec 55       		.byte	0x55
 1631 00ed 00000000 		.4byte	0
 1632 00f1 00000000 		.4byte	0
 1633              		.section	.debug_aranges,"",%progbits
 1634 0000 1C000000 		.4byte	0x1c
 1635 0004 0200     		.2byte	0x2
 1636 0006 00000000 		.4byte	.Ldebug_info0
 1637 000a 04       		.byte	0x4
 1638 000b 00       		.byte	0
 1639 000c 0000     		.2byte	0
 1640 000e 0000     		.2byte	0
 1641 0010 00000000 		.4byte	.LFB0
 1642 0014 8E010000 		.4byte	.LFE0-.LFB0
 1643 0018 00000000 		.4byte	0
 1644 001c 00000000 		.4byte	0
 1645              		.section	.debug_ranges,"",%progbits
 1646              	.Ldebug_ranges0:
 1647 0000 00000000 		.4byte	.LFB0
 1648 0004 8E010000 		.4byte	.LFE0
 1649 0008 00000000 		.4byte	0
 1650 000c 00000000 		.4byte	0
 1651              		.section	.debug_line,"",%progbits
 1652              	.Ldebug_line0:
 1653 0000 EE010000 		.section	.debug_str,"MS",%progbits,1
 1653      02002A01 
 1653      00000201 
 1653      FB0E0D00 
 1653      01010101 
 1654              	.LASF21:
 1655 0000 66655F61 		.ascii	"fe_add\000"
 1655      646400
 1656              	.LASF5:
 1657 0007 73686F72 		.ascii	"short int\000"
 1657      7420696E 
 1657      7400
 1658              	.LASF12:
 1659 0011 73697A65 		.ascii	"sizetype\000"
 1659      74797065 
 1659      00
 1660              	.LASF28:
 1661 001a 66655F73 		.ascii	"fe_sq\000"
 1661      7100
 1662              	.LASF18:
 1663 0020 73776170 		.ascii	"swap\000"
 1663      00
 1664              	.LASF24:
 1665 0025 66655F6D 		.ascii	"fe_mul\000"
 1665      756C00
 1666              	.LASF31:
 1667 002c 474E5520 		.ascii	"GNU C11 5.4.1 20160609 (release) [ARM/embedded-5-br"
 1667      43313120 
 1667      352E342E 
 1667      31203230 
 1667      31363036 
ARM GAS  C:\Users\NIGHDR~1\AppData\Local\Temp\ccHPIrVV.s 			page 32


 1668 005f 616E6368 		.ascii	"anch revision 237715] -mcpu=cortex-m0 -mthumb -g -O"
 1668      20726576 
 1668      6973696F 
 1668      6E203233 
 1668      37373135 
 1669 0092 67202D66 		.ascii	"g -ffunction-sections -ffat-lto-objects\000"
 1669      66756E63 
 1669      74696F6E 
 1669      2D736563 
 1669      74696F6E 
 1670              	.LASF1:
 1671 00ba 6C6F6E67 		.ascii	"long long int\000"
 1671      206C6F6E 
 1671      6720696E 
 1671      7400
 1672              	.LASF7:
 1673 00c8 6C6F6E67 		.ascii	"long int\000"
 1673      20696E74 
 1673      00
 1674              	.LASF14:
 1675 00d1 7075626C 		.ascii	"public_key\000"
 1675      69635F6B 
 1675      657900
 1676              	.LASF15:
 1677 00dc 70726976 		.ascii	"private_key\000"
 1677      6174655F 
 1677      6B657900 
 1678              	.LASF2:
 1679 00e8 6C6F6E67 		.ascii	"long double\000"
 1679      20646F75 
 1679      626C6500 
 1680              	.LASF27:
 1681 00f4 66655F63 		.ascii	"fe_cswap\000"
 1681      73776170 
 1681      00
 1682              	.LASF22:
 1683 00fd 66655F73 		.ascii	"fe_sub\000"
 1683      756200
 1684              	.LASF4:
 1685 0104 756E7369 		.ascii	"unsigned char\000"
 1685      676E6564 
 1685      20636861 
 1685      7200
 1686              	.LASF19:
 1687 0112 66655F66 		.ascii	"fe_frombytes\000"
 1687      726F6D62 
 1687      79746573 
 1687      00
 1688              	.LASF33:
 1689 011f 433A5C55 		.ascii	"C:\\Users\\Nighdragon\\Documents\\GitHub\\ectf\\CAR"
 1689      73657273 
 1689      5C4E6967 
 1689      68647261 
 1689      676F6E5C 
 1690 014c 442E6379 		.ascii	"D.cydsn\000"
 1690      64736E00 
 1691              	.LASF3:
ARM GAS  C:\Users\NIGHDR~1\AppData\Local\Temp\ccHPIrVV.s 			page 33


 1692 0154 7369676E 		.ascii	"signed char\000"
 1692      65642063 
 1692      68617200 
 1693              	.LASF9:
 1694 0160 6C6F6E67 		.ascii	"long long unsigned int\000"
 1694      206C6F6E 
 1694      6720756E 
 1694      7369676E 
 1694      65642069 
 1695              	.LASF0:
 1696 0177 756E7369 		.ascii	"unsigned int\000"
 1696      676E6564 
 1696      20696E74 
 1696      00
 1697              	.LASF6:
 1698 0184 73686F72 		.ascii	"short unsigned int\000"
 1698      7420756E 
 1698      7369676E 
 1698      65642069 
 1698      6E7400
 1699              	.LASF11:
 1700 0197 696E7433 		.ascii	"int32_t\000"
 1700      325F7400 
 1701              	.LASF23:
 1702 019f 66655F69 		.ascii	"fe_invert\000"
 1702      6E766572 
 1702      7400
 1703              	.LASF16:
 1704 01a9 746D7030 		.ascii	"tmp0\000"
 1704      00
 1705              	.LASF17:
 1706 01ae 746D7031 		.ascii	"tmp1\000"
 1706      00
 1707              	.LASF34:
 1708 01b3 65643235 		.ascii	"ed25519_key_exchange\000"
 1708      3531395F 
 1708      6B65795F 
 1708      65786368 
 1708      616E6765 
 1709              	.LASF26:
 1710 01c8 66655F63 		.ascii	"fe_copy\000"
 1710      6F707900 
 1711              	.LASF8:
 1712 01d0 6C6F6E67 		.ascii	"long unsigned int\000"
 1712      20756E73 
 1712      69676E65 
 1712      6420696E 
 1712      7400
 1713              	.LASF29:
 1714 01e2 66655F6D 		.ascii	"fe_mul121666\000"
 1714      756C3132 
 1714      31363636 
 1714      00
 1715              	.LASF10:
 1716 01ef 5F5F696E 		.ascii	"__int32_t\000"
 1716      7433325F 
 1716      7400
ARM GAS  C:\Users\NIGHDR~1\AppData\Local\Temp\ccHPIrVV.s 			page 34


 1717              	.LASF32:
 1718 01f9 6B65795F 		.ascii	"key_exchange.c\000"
 1718      65786368 
 1718      616E6765 
 1718      2E6300
 1719              	.LASF13:
 1720 0208 73686172 		.ascii	"shared_secret\000"
 1720      65645F73 
 1720      65637265 
 1720      7400
 1721              	.LASF30:
 1722 0216 66655F74 		.ascii	"fe_tobytes\000"
 1722      6F627974 
 1722      657300
 1723              	.LASF25:
 1724 0221 66655F30 		.ascii	"fe_0\000"
 1724      00
 1725              	.LASF20:
 1726 0226 66655F31 		.ascii	"fe_1\000"
 1726      00
 1727              		.ident	"GCC: (GNU Tools for ARM Embedded Processors) 5.4.1 20160609 (release) [ARM/embedded-5-bran
