ARM GAS  C:\Users\Admin\AppData\Local\Temp\ccgW1Y8c.s 			page 1


   1              		.syntax unified
   2              		.cpu cortex-m0
   3              		.fpu softvfp
   4              		.eabi_attribute 20, 1
   5              		.eabi_attribute 21, 1
   6              		.eabi_attribute 23, 3
   7              		.eabi_attribute 24, 1
   8              		.eabi_attribute 25, 1
   9              		.eabi_attribute 26, 1
  10              		.eabi_attribute 30, 1
  11              		.eabi_attribute 34, 0
  12              		.eabi_attribute 18, 4
  13              		.thumb
  14              		.syntax unified
  15              		.file	"main.c"
  16              		.text
  17              	.Ltext0:
  18              		.cfi_sections	.debug_frame
  19              		.section	.text.Reset_ISR,"ax",%progbits
  20              		.align	2
  21              		.global	Reset_ISR
  22              		.code	16
  23              		.thumb_func
  24              		.type	Reset_ISR, %function
  25              	Reset_ISR:
  26              	.LFB35:
  27              		.file 1 "main.c"
   1:main.c        **** /* ========================================
   2:main.c        ****  *
   3:main.c        ****  * Copyright YOUR COMPANY, THE YEAR
   4:main.c        ****  * All Rights Reserved
   5:main.c        ****  * UNPUBLISHED, LICENSED SOFTWARE.
   6:main.c        ****  *
   7:main.c        ****  * CONFIDENTIAL AND PROPRIETARY INFORMATION
   8:main.c        ****  * WHICH IS THE PROPERTY OF your company.
   9:main.c        ****  *
  10:main.c        ****  * ========================================
  11:main.c        **** */
  12:main.c        **** 
  13:main.c        **** #include "project.h"
  14:main.c        **** #include <stdlib.h>
  15:main.c        **** #include "usbserialprotocol.h"
  16:main.c        **** #include "SW1.h"
  17:main.c        **** #include "Reset_isr.h"
  18:main.c        **** #include "aes.h"
  19:main.c        **** #include "SuperSecretHash.h"
  20:main.c        **** 
  21:main.c        **** #define CARD_ID_LEN 36
  22:main.c        **** #define PROV_MSG "P"
  23:main.c        **** #define RECV_K "K"
  24:main.c        **** #define GIVE_CARD_ID '1'
  25:main.c        **** #define GIVE_SIG '2'
  26:main.c        **** #define GIVE_PUB '3'
  27:main.c        **** 
  28:main.c        **** //CARD
  29:main.c        **** 
  30:main.c        **** /* 
ARM GAS  C:\Users\Admin\AppData\Local\Temp\ccgW1Y8c.s 			page 2


  31:main.c        ****  * How to read from EEPROM (persistent memory):
  32:main.c        ****  * 
  33:main.c        ****  * // read variable:
  34:main.c        ****  * static const uint8 EEPROM_BUF_VAR[len] = { val1, val2, ... };
  35:main.c        ****  * // write variable:
  36:main.c        ****  * volatile const uint8 *ptr = EEPROM_BUF_VAR;
  37:main.c        ****  * 
  38:main.c        ****  * uint8 val1 = *ptr;
  39:main.c        ****  * uint8 buf[4] = { 0x01, 0x02, 0x03, 0x04 };
  40:main.c        ****  * USER_INFO_Write(message, EEPROM_BUF_VAR, 4u); 
  41:main.c        ****  */
  42:main.c        **** 
  43:main.c        **** // global EEPROM read variables
  44:main.c        **** static const uint8 CARD_ID[CARD_ID_LEN] = {}; //security
  45:main.c        **** 
  46:main.c        **** 
  47:main.c        **** // reset interrupt on button press
  48:main.c        **** CY_ISR(Reset_ISR)
  49:main.c        **** {
  28              		.loc 1 49 0
  29              		.cfi_startproc
  30              		@ args = 0, pretend = 0, frame = 0
  31              		@ frame_needed = 0, uses_anonymous_args = 0
  32 0000 10B5     		push	{r4, lr}
  33              		.cfi_def_cfa_offset 8
  34              		.cfi_offset 4, -8
  35              		.cfi_offset 14, -4
  50:main.c        ****     pushMessage((uint8*)"In interrupt\n", strlen("In interrupt\n"));
  36              		.loc 1 50 0
  37 0002 0D21     		movs	r1, #13
  38 0004 0348     		ldr	r0, .L2
  39 0006 FFF7FEFF 		bl	pushMessage
  40              	.LVL0:
  51:main.c        ****     SW1_ClearInterrupt();
  41              		.loc 1 51 0
  42 000a FFF7FEFF 		bl	SW1_ClearInterrupt
  43              	.LVL1:
  52:main.c        ****     CySoftwareReset();
  44              		.loc 1 52 0
  45 000e FFF7FEFF 		bl	CySoftwareReset
  46              	.LVL2:
  53:main.c        **** }
  47              		.loc 1 53 0
  48              		@ sp needed
  49 0012 10BD     		pop	{r4, pc}
  50              	.L3:
  51              		.align	2
  52              	.L2:
  53 0014 00000000 		.word	.LC0
  54              		.cfi_endproc
  55              	.LFE35:
  56              		.size	Reset_ISR, .-Reset_ISR
  57              		.section	.text.SALT_HAsaltH_SALT,"ax",%progbits
  58              		.align	2
  59              		.global	SALT_HAsaltH_SALT
  60              		.code	16
  61              		.thumb_func
ARM GAS  C:\Users\Admin\AppData\Local\Temp\ccgW1Y8c.s 			page 3


  62              		.type	SALT_HAsaltH_SALT, %function
  63              	SALT_HAsaltH_SALT:
  64              	.LFB34:
  65              		.file 2 "SuperSecretHash.h"
   1:SuperSecretHash.h **** #include "SuperFastHash.h"
   2:SuperSecretHash.h **** #include "project.h"
   3:SuperSecretHash.h **** #include <stdlib.h>
   4:SuperSecretHash.h **** #include "usbserialprotocol.h"
   5:SuperSecretHash.h **** #include "SW1.h"
   6:SuperSecretHash.h **** #include "Reset_isr.h"
   7:SuperSecretHash.h **** 
   8:SuperSecretHash.h **** void SALT_HAsaltH_SALT(char* data, char* extra_data, int extra_data_len, int len){
  66              		.loc 2 8 0
  67              		.cfi_startproc
  68              		@ args = 0, pretend = 0, frame = 8
  69              		@ frame_needed = 0, uses_anonymous_args = 0
  70              	.LVL3:
  71 0000 70B5     		push	{r4, r5, r6, lr}
  72              		.cfi_def_cfa_offset 16
  73              		.cfi_offset 4, -16
  74              		.cfi_offset 5, -12
  75              		.cfi_offset 6, -8
  76              		.cfi_offset 14, -4
  77 0002 82B0     		sub	sp, sp, #8
  78              		.cfi_def_cfa_offset 24
  79 0004 0400     		movs	r4, r0
  80 0006 0D00     		movs	r5, r1
  81 0008 1E00     		movs	r6, r3
   9:SuperSecretHash.h ****     uint32 output;
  10:SuperSecretHash.h ****     char empty[4] = "";
  82              		.loc 2 10 0
  83 000a 0023     		movs	r3, #0
  84              	.LVL4:
  85 000c 0093     		str	r3, [sp]
  11:SuperSecretHash.h ****     strncat(data, extra_data,  extra_data_len);
  86              		.loc 2 11 0
  87 000e FFF7FEFF 		bl	strncat
  88              	.LVL5:
  12:SuperSecretHash.h ****     output = hash(data, len);
  89              		.loc 2 12 0
  90 0012 3100     		movs	r1, r6
  91 0014 2000     		movs	r0, r4
  92 0016 FFF7FEFF 		bl	hash
  93              	.LVL6:
  94 001a 0190     		str	r0, [sp, #4]
  13:SuperSecretHash.h ****     memcpy(data, &output, 4);
  95              		.loc 2 13 0
  96 001c 0422     		movs	r2, #4
  97 001e 01A9     		add	r1, sp, #4
  98 0020 2000     		movs	r0, r4
  99 0022 FFF7FEFF 		bl	memcpy
 100              	.LVL7:
  14:SuperSecretHash.h ****     memcpy(&data[4], empty, 4);
 101              		.loc 2 14 0
 102 0026 201D     		adds	r0, r4, #4
 103 0028 0422     		movs	r2, #4
 104 002a 6946     		mov	r1, sp
ARM GAS  C:\Users\Admin\AppData\Local\Temp\ccgW1Y8c.s 			page 4


 105 002c FFF7FEFF 		bl	memcpy
 106              	.LVL8:
  15:SuperSecretHash.h ****     memcpy(extra_data, empty,4);
 107              		.loc 2 15 0
 108 0030 0422     		movs	r2, #4
 109 0032 6946     		mov	r1, sp
 110 0034 2800     		movs	r0, r5
 111 0036 FFF7FEFF 		bl	memcpy
 112              	.LVL9:
  16:SuperSecretHash.h **** }
 113              		.loc 2 16 0
 114 003a 02B0     		add	sp, sp, #8
 115              		@ sp needed
 116              	.LVL10:
 117              	.LVL11:
 118              	.LVL12:
 119 003c 70BD     		pop	{r4, r5, r6, pc}
 120              		.cfi_endproc
 121              	.LFE34:
 122              		.size	SALT_HAsaltH_SALT, .-SALT_HAsaltH_SALT
 123 003e C046     		.section	.text.provision,"ax",%progbits
 124              		.align	2
 125              		.global	provision
 126              		.code	16
 127              		.thumb_func
 128              		.type	provision, %function
 129              	provision:
 130              	.LFB36:
  54:main.c        **** 
  55:main.c        **** // provisions card (should only ever be called once)
  56:main.c        **** void provision()
  57:main.c        **** {
 131              		.loc 1 57 0
 132              		.cfi_startproc
 133              		@ args = 0, pretend = 0, frame = 72
 134              		@ frame_needed = 0, uses_anonymous_args = 0
 135 0000 10B5     		push	{r4, lr}
 136              		.cfi_def_cfa_offset 8
 137              		.cfi_offset 4, -8
 138              		.cfi_offset 14, -4
 139 0002 92B0     		sub	sp, sp, #72
 140              		.cfi_def_cfa_offset 80
  58:main.c        ****     uint8 message[64];
  59:main.c        ****     unsigned int KEY;
  60:main.c        ****     
  61:main.c        ****     // synchronize with bank
  62:main.c        ****     syncConnection(SYNC_PROV);
 141              		.loc 1 62 0
 142 0004 0120     		movs	r0, #1
 143 0006 FFF7FEFF 		bl	syncConnection
 144              	.LVL13:
  63:main.c        ****  
  64:main.c        ****     pushMessage((uint8*)PROV_MSG, (uint8)strlen(PROV_MSG));
 145              		.loc 1 64 0
 146 000a 0121     		movs	r1, #1
 147 000c 1048     		ldr	r0, .L7
 148 000e FFF7FEFF 		bl	pushMessage
ARM GAS  C:\Users\Admin\AppData\Local\Temp\ccgW1Y8c.s 			page 5


 149              	.LVL14:
  65:main.c        ****     
  66:main.c        ****     // set account number
  67:main.c        ****     pullMessage(message);
 150              		.loc 1 67 0
 151 0012 02AC     		add	r4, sp, #8
 152 0014 2000     		movs	r0, r4
 153 0016 FFF7FEFF 		bl	pullMessage
 154              	.LVL15:
  68:main.c        ****     USER_INFO_Write(message, CARD_ID, CARD_ID_LEN);
 155              		.loc 1 68 0
 156 001a 2422     		movs	r2, #36
 157 001c 0D49     		ldr	r1, .L7+4
 158 001e 2000     		movs	r0, r4
 159 0020 FFF7FEFF 		bl	USER_INFO_Write
 160              	.LVL16:
  69:main.c        **** 
  70:main.c        ****     // Send back K
  71:main.c        ****     pushMessage((uint8*)RECV_K, strlen(RECV_K));
 161              		.loc 1 71 0
 162 0024 0121     		movs	r1, #1
 163 0026 0C48     		ldr	r0, .L7+8
 164 0028 FFF7FEFF 		bl	pushMessage
 165              	.LVL17:
  72:main.c        ****     
  73:main.c        ****     // Pull 3
  74:main.c        ****     pullMessage(message);
 166              		.loc 1 74 0
 167 002c 2000     		movs	r0, r4
 168 002e FFF7FEFF 		bl	pullMessage
 169              	.LVL18:
  75:main.c        ****     
  76:main.c        ****     //Generate Public/Private Key.
  77:main.c        ****     
  78:main.c        **** 
  79:main.c        ****     //Check the message that was received
  80:main.c        ****     if(message[0] == '3')
 170              		.loc 1 80 0
 171 0032 2378     		ldrb	r3, [r4]
 172 0034 332B     		cmp	r3, #51
 173 0036 03D1     		bne	.L6
  81:main.c        ****     {
  82:main.c        ****         pushMessage((uint8*)KEY, 32); // Public Key
 174              		.loc 1 82 0
 175 0038 2021     		movs	r1, #32
 176 003a 0198     		ldr	r0, [sp, #4]
 177 003c FFF7FEFF 		bl	pushMessage
 178              	.LVL19:
 179              	.L6:
  83:main.c        ****     }
  84:main.c        ****     //Memset Public Key    
  85:main.c        ****     memset(&KEY, 0, 64);
 180              		.loc 1 85 0
 181 0040 4022     		movs	r2, #64
 182 0042 0021     		movs	r1, #0
 183 0044 01A8     		add	r0, sp, #4
 184 0046 FFF7FEFF 		bl	memset
ARM GAS  C:\Users\Admin\AppData\Local\Temp\ccgW1Y8c.s 			page 6


 185              	.LVL20:
  86:main.c        **** }
 186              		.loc 1 86 0
 187 004a 12B0     		add	sp, sp, #72
 188              		@ sp needed
 189 004c 10BD     		pop	{r4, pc}
 190              	.L8:
 191 004e C046     		.align	2
 192              	.L7:
 193 0050 10000000 		.word	.LC2
 194 0054 00000000 		.word	.LANCHOR0
 195 0058 14000000 		.word	.LC5
 196              		.cfi_endproc
 197              	.LFE36:
 198              		.size	provision, .-provision
 199              		.section	.text.main,"ax",%progbits
 200              		.align	2
 201              		.global	main
 202              		.code	16
 203              		.thumb_func
 204              		.type	main, %function
 205              	main:
 206              	.LFB37:
  87:main.c        **** 
  88:main.c        **** int main(void)
  89:main.c        **** {
 207              		.loc 1 89 0
 208              		.cfi_startproc
 209              		@ args = 0, pretend = 0, frame = 464
 210              		@ frame_needed = 0, uses_anonymous_args = 0
 211 0000 F0B5     		push	{r4, r5, r6, r7, lr}
 212              		.cfi_def_cfa_offset 20
 213              		.cfi_offset 4, -20
 214              		.cfi_offset 5, -16
 215              		.cfi_offset 6, -12
 216              		.cfi_offset 7, -8
 217              		.cfi_offset 14, -4
 218 0002 4746     		mov	r7, r8
 219 0004 80B4     		push	{r7}
 220              		.cfi_def_cfa_offset 24
 221              		.cfi_offset 8, -24
 222 0006 F4B0     		sub	sp, sp, #464
 223              		.cfi_def_cfa_offset 488
  90:main.c        ****     // enable global interrupts -- DO NOT DELETE
  91:main.c        ****     CyGlobalIntEnable;
 224              		.loc 1 91 0
 225              		.syntax divided
 226              	@ 91 "main.c" 1
 227 0008 62B6     		CPSIE   i
 228              	@ 0 "" 2
  92:main.c        ****     
  93:main.c        ****     // start reset button
  94:main.c        ****     Reset_isr_StartEx(Reset_ISR);
 229              		.loc 1 94 0
 230              		.thumb
 231              		.syntax unified
 232 000a 5348     		ldr	r0, .L23
ARM GAS  C:\Users\Admin\AppData\Local\Temp\ccgW1Y8c.s 			page 7


 233 000c FFF7FEFF 		bl	Reset_isr_StartEx
 234              	.LVL21:
  95:main.c        ****     
  96:main.c        ****     /* Declare vairables here */
  97:main.c        ****     uint8 i;
  98:main.c        ****     uint8 message[128];
  99:main.c        ****     //AES shit
 100:main.c        ****     struct AES_ctx ctx;
 101:main.c        ****     unsigned char AESkey[32];
 102:main.c        ****     uint8_t iv = 21;
 235              		.loc 1 102 0
 236 0010 1522     		movs	r2, #21
 237 0012 2323     		movs	r3, #35
 238 0014 02A9     		add	r1, sp, #8
 239 0016 8C46     		mov	ip, r1
 240 0018 6344     		add	r3, r3, ip
 241 001a 1A70     		strb	r2, [r3]
 103:main.c        ****     //Hashing shit
 104:main.c        ****     char *buf = malloc(8*sizeof(char));
 242              		.loc 1 104 0
 243 001c 0820     		movs	r0, #8
 244 001e FFF7FEFF 		bl	malloc
 245              	.LVL22:
 246 0022 0190     		str	r0, [sp, #4]
 247              	.LVL23:
 105:main.c        ****     char *temp = malloc(4*sizeof(char));
 248              		.loc 1 105 0
 249 0024 0420     		movs	r0, #4
 250              	.LVL24:
 251 0026 FFF7FEFF 		bl	malloc
 252              	.LVL25:
 253 002a 0400     		movs	r4, r0
 254              	.LVL26:
 106:main.c        ****     unsigned char keyValues[32];
 107:main.c        ****     
 108:main.c        ****     // local EEPROM read variable
 109:main.c        ****     static const uint8 PROVISIONED[1] = {0x00};
 110:main.c        ****     
 111:main.c        ****     // EEPROM write variable
 112:main.c        ****     volatile const uint8 *ptr;
 113:main.c        ****     
 114:main.c        ****     /* Place your initialization/startup code here (e.g. MyInst_Start()) */
 115:main.c        ****     USER_INFO_Start();
 255              		.loc 1 115 0
 256 002c FFF7FEFF 		bl	USER_INFO_Start
 257              	.LVL27:
 116:main.c        ****     USB_UART_Start();
 258              		.loc 1 116 0
 259 0030 FFF7FEFF 		bl	USB_UART_Start
 260              	.LVL28:
 117:main.c        ****     // Provision card if on first boot
 118:main.c        ****     ptr = PROVISIONED;
 119:main.c        ****     if (*ptr == 0x00) {
 261              		.loc 1 119 0
 262 0034 2423     		movs	r3, #36
 263 0036 494A     		ldr	r2, .L23+4
 264 0038 D35C     		ldrb	r3, [r2, r3]
ARM GAS  C:\Users\Admin\AppData\Local\Temp\ccgW1Y8c.s 			page 8


 265 003a 002B     		cmp	r3, #0
 266 003c 0DD1     		bne	.L12
 120:main.c        ****         provision();
 267              		.loc 1 120 0
 268 003e FFF7FEFF 		bl	provision
 269              	.LVL29:
 121:main.c        ****         
 122:main.c        ****         // Mark as provisioned
 123:main.c        ****         i = 0x01;
 270              		.loc 1 123 0
 271 0042 C820     		movs	r0, #200
 272 0044 FF30     		adds	r0, r0, #255
 273 0046 02AB     		add	r3, sp, #8
 274 0048 9C46     		mov	ip, r3
 275 004a 6044     		add	r0, r0, ip
 276 004c 0123     		movs	r3, #1
 277 004e 0370     		strb	r3, [r0]
 124:main.c        ****         USER_INFO_Write(&i,PROVISIONED, 1u);
 278              		.loc 1 124 0
 279 0050 0122     		movs	r2, #1
 280 0052 4249     		ldr	r1, .L23+4
 281 0054 2431     		adds	r1, r1, #36
 282 0056 FFF7FEFF 		bl	USER_INFO_Write
 283              	.LVL30:
 284              	.L12:
 125:main.c        ****     }
 126:main.c        ****     
 127:main.c        ****     // Go into infinite loop
 128:main.c        ****     while (1) {
 129:main.c        ****         /* Place your application code here. */
 130:main.c        ****         
 131:main.c        ****         // syncronize communication with bank
 132:main.c        ****         syncConnection(SYNC_NORM);
 285              		.loc 1 132 0
 286 005a 0020     		movs	r0, #0
 287 005c FFF7FEFF 		bl	syncConnection
 288              	.LVL31:
 133:main.c        ****         
 134:main.c        ****         // receive pin number from ATM
 135:main.c        ****         pullMessage(message);
 289              		.loc 1 135 0
 290 0060 53AD     		add	r5, sp, #332
 291 0062 2800     		movs	r0, r5
 292 0064 FFF7FEFF 		bl	pullMessage
 293              	.LVL32:
 136:main.c        ****         // change PIN or broadcast UUID
 137:main.c        ****         if(message[0] == GIVE_CARD_ID)
 294              		.loc 1 137 0
 295 0068 2B78     		ldrb	r3, [r5]
 296 006a 312B     		cmp	r3, #49
 297 006c 03D1     		bne	.L11
 138:main.c        ****         {
 139:main.c        ****             pushMessage(CARD_ID, CARD_ID_LEN);
 298              		.loc 1 139 0
 299 006e 2421     		movs	r1, #36
 300 0070 3A48     		ldr	r0, .L23+4
 301 0072 FFF7FEFF 		bl	pushMessage
ARM GAS  C:\Users\Admin\AppData\Local\Temp\ccgW1Y8c.s 			page 9


 302              	.LVL33:
 303              	.L11:
 140:main.c        ****         }
 141:main.c        ****         if(message[1] == GIVE_SIG)
 304              		.loc 1 141 0
 305 0076 53AB     		add	r3, sp, #332
 306 0078 5B78     		ldrb	r3, [r3, #1]
 307 007a 322B     		cmp	r3, #50
 308 007c EDD1     		bne	.L12
 142:main.c        ****         {
 143:main.c        ****             //pullMessage(message);
 144:main.c        ****             keyValues[0]  =  (unsigned char)(* (reg8 *) CYREG_SFLASH_DIE_LOT0) ;
 309              		.loc 1 144 0
 310 007e 384B     		ldr	r3, .L23+8
 311 0080 1B78     		ldrb	r3, [r3]
 312 0082 02AA     		add	r2, sp, #8
 313 0084 1370     		strb	r3, [r2]
 145:main.c        ****             keyValues[1] = (unsigned char)(* (reg8 *) CYREG_SFLASH_DIE_LOT1  ) ;
 314              		.loc 1 145 0
 315 0086 374B     		ldr	r3, .L23+12
 316 0088 1B78     		ldrb	r3, [r3]
 317 008a 5370     		strb	r3, [r2, #1]
 146:main.c        ****             keyValues[2] = (unsigned char)(* (reg8 *) CYREG_SFLASH_DIE_LOT2  ) ;
 318              		.loc 1 146 0
 319 008c 364B     		ldr	r3, .L23+16
 320 008e 1B78     		ldrb	r3, [r3]
 321 0090 9370     		strb	r3, [r2, #2]
 147:main.c        ****             keyValues[3] = (unsigned char)(* (reg8 *) CYREG_SFLASH_DIE_WAFER ) ;
 322              		.loc 1 147 0
 323 0092 364B     		ldr	r3, .L23+20
 324 0094 1B78     		ldrb	r3, [r3]
 325 0096 D370     		strb	r3, [r2, #3]
 148:main.c        **** 
 149:main.c        ****             keyValues[4]  =  (unsigned char)(* (reg8 *) CYREG_SFLASH_DIE_X   ) ;
 326              		.loc 1 149 0
 327 0098 354B     		ldr	r3, .L23+24
 328 009a 1B78     		ldrb	r3, [r3]
 329 009c 1371     		strb	r3, [r2, #4]
 150:main.c        ****             keyValues[5] = (unsigned char)(* (reg8 *) CYREG_SFLASH_DIE_Y     ) ;
 330              		.loc 1 150 0
 331 009e 354B     		ldr	r3, .L23+28
 332 00a0 1B78     		ldrb	r3, [r3]
 333 00a2 5371     		strb	r3, [r2, #5]
 151:main.c        ****             keyValues[6] = (unsigned char)(* (reg8 *) CYREG_SFLASH_DIE_SORT  ) ;
 334              		.loc 1 151 0
 335 00a4 344B     		ldr	r3, .L23+32
 336 00a6 1B78     		ldrb	r3, [r3]
 337 00a8 9371     		strb	r3, [r2, #6]
 152:main.c        ****             keyValues[7] = (unsigned char)(* (reg8 *) CYREG_SFLASH_DIE_MINOR ) ;
 338              		.loc 1 152 0
 339 00aa 344B     		ldr	r3, .L23+36
 340 00ac 1B78     		ldrb	r3, [r3]
 341 00ae D371     		strb	r3, [r2, #7]
 153:main.c        ****             //Take UniqueId and grab the eight bytes and store them somehow and then hash stuff to 
 154:main.c        ****             memcpy(buf, CARD_ID, 4);
 342              		.loc 1 154 0
 343 00b0 0422     		movs	r2, #4
ARM GAS  C:\Users\Admin\AppData\Local\Temp\ccgW1Y8c.s 			page 10


 344 00b2 2A49     		ldr	r1, .L23+4
 345 00b4 0198     		ldr	r0, [sp, #4]
 346 00b6 FFF7FEFF 		bl	memcpy
 347              	.LVL34:
 348              	.LBB2:
 155:main.c        ****             for(int x=0; x < 8; x=x+1)
 349              		.loc 1 155 0
 350 00ba 0026     		movs	r6, #0
 351 00bc 2FE0     		b	.L13
 352              	.LVL35:
 353              	.L14:
 354              	.LBB3:
 355              	.LBB4:
 356              	.LBB5:
 156:main.c        ****             {
 157:main.c        ****                 for(int y=0; y < 8; y=y+1)
 158:main.c        ****                 {
 159:main.c        ****                     for(int z=0; z < 8; z=z+1)
 160:main.c        ****                     {
 161:main.c        ****                         for(int w=0; w < 8; w=w+1)
 162:main.c        ****                         {
 163:main.c        ****                             memcpy(&temp[0], &keyValues[x],1);
 357              		.loc 1 163 0 discriminator 3
 358 00be 02AB     		add	r3, sp, #8
 359 00c0 9B5D     		ldrb	r3, [r3, r6]
 360 00c2 2370     		strb	r3, [r4]
 164:main.c        ****                             memcpy(&temp[2], &keyValues[y],1);
 361              		.loc 1 164 0 discriminator 3
 362 00c4 02AB     		add	r3, sp, #8
 363 00c6 4246     		mov	r2, r8
 364 00c8 9B5C     		ldrb	r3, [r3, r2]
 365 00ca A370     		strb	r3, [r4, #2]
 165:main.c        ****                             memcpy(&temp[3], &keyValues[z],1);
 366              		.loc 1 165 0 discriminator 3
 367 00cc 02AB     		add	r3, sp, #8
 368 00ce DB5D     		ldrb	r3, [r3, r7]
 369 00d0 E370     		strb	r3, [r4, #3]
 166:main.c        ****                             memcpy(&temp[4], &keyValues[w],1);
 370              		.loc 1 166 0 discriminator 3
 371 00d2 02AB     		add	r3, sp, #8
 372 00d4 5B5D     		ldrb	r3, [r3, r5]
 373 00d6 2371     		strb	r3, [r4, #4]
 167:main.c        ****                             SALT_HAsaltH_SALT(buf, temp, 4, 32);
 374              		.loc 1 167 0 discriminator 3
 375 00d8 2023     		movs	r3, #32
 376 00da 0422     		movs	r2, #4
 377 00dc 2100     		movs	r1, r4
 378 00de 0198     		ldr	r0, [sp, #4]
 379 00e0 FFF7FEFF 		bl	SALT_HAsaltH_SALT
 380              	.LVL36:
 161:main.c        ****                         {
 381              		.loc 1 161 0 discriminator 3
 382 00e4 0135     		adds	r5, r5, #1
 383              	.LVL37:
 384 00e6 00E0     		b	.L15
 385              	.LVL38:
 386              	.L20:
ARM GAS  C:\Users\Admin\AppData\Local\Temp\ccgW1Y8c.s 			page 11


 387              	.LBE5:
 388 00e8 0025     		movs	r5, #0
 389              	.L15:
 390              	.LVL39:
 391              	.LBB6:
 161:main.c        ****                         {
 392              		.loc 1 161 0 is_stmt 0 discriminator 1
 393 00ea 072D     		cmp	r5, #7
 394 00ec E7DD     		ble	.L14
 395              	.LBE6:
 159:main.c        ****                     {
 396              		.loc 1 159 0 is_stmt 1 discriminator 2
 397 00ee 0137     		adds	r7, r7, #1
 398              	.LVL40:
 399 00f0 00E0     		b	.L16
 400              	.LVL41:
 401              	.L21:
 402              	.LBE4:
 403 00f2 0027     		movs	r7, #0
 404              	.LVL42:
 405              	.L16:
 406              	.LBB7:
 159:main.c        ****                     {
 407              		.loc 1 159 0 is_stmt 0 discriminator 1
 408 00f4 072F     		cmp	r7, #7
 409 00f6 F7DD     		ble	.L20
 410              	.LBE7:
 157:main.c        ****                 {
 411              		.loc 1 157 0 is_stmt 1 discriminator 2
 412 00f8 0123     		movs	r3, #1
 413 00fa 9C46     		mov	ip, r3
 414 00fc E044     		add	r8, r8, ip
 415              	.LVL43:
 416 00fe 01E0     		b	.L18
 417              	.LVL44:
 418              	.L22:
 419              	.LBE3:
 420 0100 0023     		movs	r3, #0
 421 0102 9846     		mov	r8, r3
 422              	.L18:
 423              	.LVL45:
 424              	.LBB8:
 157:main.c        ****                 {
 425              		.loc 1 157 0 is_stmt 0 discriminator 1
 426 0104 4346     		mov	r3, r8
 427 0106 072B     		cmp	r3, #7
 428 0108 F3DD     		ble	.L21
 429              	.LBE8:
 168:main.c        ****                         }
 169:main.c        ****                         
 170:main.c        ****                     }
 171:main.c        ****                 }
 172:main.c        ****                 if(x % 4 == 0)
 430              		.loc 1 172 0 is_stmt 1
 431 010a B307     		lsls	r3, r6, #30
 432 010c 06D1     		bne	.L17
 173:main.c        ****                 {
ARM GAS  C:\Users\Admin\AppData\Local\Temp\ccgW1Y8c.s 			page 12


 174:main.c        ****                     memcpy(&AESkey[x*4], buf, 4);
 433              		.loc 1 174 0
 434 010e B300     		lsls	r3, r6, #2
 435 0110 0BAA     		add	r2, sp, #44
 436 0112 D018     		adds	r0, r2, r3
 437 0114 0422     		movs	r2, #4
 438 0116 0199     		ldr	r1, [sp, #4]
 439 0118 FFF7FEFF 		bl	memcpy
 440              	.LVL46:
 441              	.L17:
 155:main.c        ****             {
 442              		.loc 1 155 0 discriminator 2
 443 011c 0136     		adds	r6, r6, #1
 444              	.LVL47:
 445              	.L13:
 155:main.c        ****             {
 446              		.loc 1 155 0 is_stmt 0 discriminator 1
 447 011e 072E     		cmp	r6, #7
 448 0120 EEDD     		ble	.L22
 449              	.LBE2:
 175:main.c        ****                 }
 176:main.c        ****             }
 177:main.c        ****             //Do AES
 178:main.c        ****             AES_init_ctx(&ctx, AESkey);
 450              		.loc 1 178 0 is_stmt 1
 451 0122 0BA9     		add	r1, sp, #44
 452 0124 13A8     		add	r0, sp, #76
 453 0126 FFF7FEFF 		bl	AES_init_ctx
 454              	.LVL48:
 179:main.c        ****             AES_ctx_set_iv(&ctx, &iv);
 455              		.loc 1 179 0
 456 012a 2321     		movs	r1, #35
 457 012c 02AB     		add	r3, sp, #8
 458 012e 9C46     		mov	ip, r3
 459 0130 6144     		add	r1, r1, ip
 460 0132 13A8     		add	r0, sp, #76
 461 0134 FFF7FEFF 		bl	AES_ctx_set_iv
 462              	.LVL49:
 180:main.c        ****             AES_CBC_encrypt_buffer(&ctx, message, strlen((char*) message));
 463              		.loc 1 180 0
 464 0138 53A8     		add	r0, sp, #332
 465 013a FFF7FEFF 		bl	strlen
 466              	.LVL50:
 467 013e 0200     		movs	r2, r0
 468 0140 53A9     		add	r1, sp, #332
 469 0142 13A8     		add	r0, sp, #76
 470 0144 FFF7FEFF 		bl	AES_CBC_encrypt_buffer
 471              	.LVL51:
 181:main.c        ****             //Send Message
 182:main.c        ****             pushMessage(message, strlen((char *) message));
 472              		.loc 1 182 0
 473 0148 53A8     		add	r0, sp, #332
 474 014a FFF7FEFF 		bl	strlen
 475              	.LVL52:
 476 014e C1B2     		uxtb	r1, r0
 477 0150 53A8     		add	r0, sp, #332
 478 0152 FFF7FEFF 		bl	pushMessage
ARM GAS  C:\Users\Admin\AppData\Local\Temp\ccgW1Y8c.s 			page 13


 479              	.LVL53:
 480 0156 80E7     		b	.L12
 481              	.L24:
 482              		.align	2
 483              	.L23:
 484 0158 00000000 		.word	Reset_ISR
 485 015c 00000000 		.word	.LANCHOR0
 486 0160 78F1FF0F 		.word	268431736
 487 0164 79F1FF0F 		.word	268431737
 488 0168 7AF1FF0F 		.word	268431738
 489 016c 7BF1FF0F 		.word	268431739
 490 0170 7CF1FF0F 		.word	268431740
 491 0174 7DF1FF0F 		.word	268431741
 492 0178 7EF1FF0F 		.word	268431742
 493 017c 7FF1FF0F 		.word	268431743
 494              		.cfi_endproc
 495              	.LFE37:
 496              		.size	main, .-main
 497              		.section	.rodata
 498              		.align	2
 499              		.set	.LANCHOR0,. + 0
 500              		.type	CARD_ID, %object
 501              		.size	CARD_ID, 36
 502              	CARD_ID:
 503 0000 00000000 		.space	36
 503      00000000 
 503      00000000 
 503      00000000 
 503      00000000 
 504              		.type	PROVISIONED.5862, %object
 505              		.size	PROVISIONED.5862, 1
 506              	PROVISIONED.5862:
 507 0024 00       		.space	1
 508              		.section	.rodata.str1.4,"aMS",%progbits,1
 509              		.align	2
 510              	.LC0:
 511 0000 496E2069 		.ascii	"In interrupt\012\000"
 511      6E746572 
 511      72757074 
 511      0A00
 512 000e 0000     		.space	2
 513              	.LC2:
 514 0010 5000     		.ascii	"P\000"
 515 0012 0000     		.space	2
 516              	.LC5:
 517 0014 4B00     		.ascii	"K\000"
 518              		.text
 519              	.Letext0:
 520              		.file 3 "c:\\program files (x86)\\cypress\\psoc creator\\4.1\\psoc creator\\import\\gnu\\arm\\5.4.
 521              		.file 4 "c:\\program files (x86)\\cypress\\psoc creator\\4.1\\psoc creator\\import\\gnu\\arm\\5.4.
 522              		.file 5 "Generated_Source\\PSoC4/cytypes.h"
 523              		.file 6 "usbserialprotocol.h"
 524              		.file 7 "Generated_Source\\PSoC4/SW1.h"
 525              		.file 8 "Generated_Source\\PSoC4/CyLib.h"
 526              		.file 9 "c:\\program files (x86)\\cypress\\psoc creator\\4.1\\psoc creator\\import\\gnu\\arm\\5.4.
 527              		.file 10 "SuperFastHash.h"
 528              		.file 11 "Generated_Source\\PSoC4/USER_INFO.h"
ARM GAS  C:\Users\Admin\AppData\Local\Temp\ccgW1Y8c.s 			page 14


 529              		.file 12 "Generated_Source\\PSoC4/Reset_isr.h"
 530              		.file 13 "c:\\program files (x86)\\cypress\\psoc creator\\4.1\\psoc creator\\import\\gnu\\arm\\5.4
 531              		.file 14 "Generated_Source\\PSoC4/USB_UART.h"
 532              		.file 15 "aes.h"
 533              		.section	.debug_info,"",%progbits
 534              	.Ldebug_info0:
 535 0000 65070000 		.4byte	0x765
 536 0004 0400     		.2byte	0x4
 537 0006 00000000 		.4byte	.Ldebug_abbrev0
 538 000a 04       		.byte	0x4
 539 000b 01       		.uleb128 0x1
 540 000c 96000000 		.4byte	.LASF51
 541 0010 0C       		.byte	0xc
 542 0011 B9020000 		.4byte	.LASF52
 543 0015 32010000 		.4byte	.LASF53
 544 0019 48000000 		.4byte	.Ldebug_ranges0+0x48
 545 001d 00000000 		.4byte	0
 546 0021 00000000 		.4byte	.Ldebug_line0
 547 0025 02       		.uleb128 0x2
 548 0026 01       		.byte	0x1
 549 0027 06       		.byte	0x6
 550 0028 E6010000 		.4byte	.LASF0
 551 002c 03       		.uleb128 0x3
 552 002d B1010000 		.4byte	.LASF9
 553 0031 03       		.byte	0x3
 554 0032 1D       		.byte	0x1d
 555 0033 37000000 		.4byte	0x37
 556 0037 02       		.uleb128 0x2
 557 0038 01       		.byte	0x1
 558 0039 08       		.byte	0x8
 559 003a D3010000 		.4byte	.LASF1
 560 003e 02       		.uleb128 0x2
 561 003f 02       		.byte	0x2
 562 0040 05       		.byte	0x5
 563 0041 18000000 		.4byte	.LASF2
 564 0045 02       		.uleb128 0x2
 565 0046 02       		.byte	0x2
 566 0047 07       		.byte	0x7
 567 0048 5C020000 		.4byte	.LASF3
 568 004c 02       		.uleb128 0x2
 569 004d 04       		.byte	0x4
 570 004e 05       		.byte	0x5
 571 004f 99010000 		.4byte	.LASF4
 572 0053 02       		.uleb128 0x2
 573 0054 04       		.byte	0x4
 574 0055 07       		.byte	0x7
 575 0056 3A020000 		.4byte	.LASF5
 576 005a 02       		.uleb128 0x2
 577 005b 08       		.byte	0x8
 578 005c 05       		.byte	0x5
 579 005d 84010000 		.4byte	.LASF6
 580 0061 02       		.uleb128 0x2
 581 0062 08       		.byte	0x8
 582 0063 07       		.byte	0x7
 583 0064 FB010000 		.4byte	.LASF7
 584 0068 04       		.uleb128 0x4
 585 0069 04       		.byte	0x4
ARM GAS  C:\Users\Admin\AppData\Local\Temp\ccgW1Y8c.s 			page 15


 586 006a 05       		.byte	0x5
 587 006b 696E7400 		.ascii	"int\000"
 588 006f 02       		.uleb128 0x2
 589 0070 04       		.byte	0x4
 590 0071 07       		.byte	0x7
 591 0072 25020000 		.4byte	.LASF8
 592 0076 03       		.uleb128 0x3
 593 0077 24010000 		.4byte	.LASF10
 594 007b 04       		.byte	0x4
 595 007c 18       		.byte	0x18
 596 007d 2C000000 		.4byte	0x2c
 597 0081 05       		.uleb128 0x5
 598 0082 2C010000 		.4byte	.LASF11
 599 0086 05       		.byte	0x5
 600 0087 B901     		.2byte	0x1b9
 601 0089 37000000 		.4byte	0x37
 602 008d 05       		.uleb128 0x5
 603 008e B2020000 		.4byte	.LASF12
 604 0092 05       		.byte	0x5
 605 0093 BB01     		.2byte	0x1bb
 606 0095 53000000 		.4byte	0x53
 607 0099 02       		.uleb128 0x2
 608 009a 04       		.byte	0x4
 609 009b 04       		.byte	0x4
 610 009c 7E010000 		.4byte	.LASF13
 611 00a0 02       		.uleb128 0x2
 612 00a1 08       		.byte	0x8
 613 00a2 04       		.byte	0x4
 614 00a3 CD020000 		.4byte	.LASF14
 615 00a7 02       		.uleb128 0x2
 616 00a8 01       		.byte	0x1
 617 00a9 08       		.byte	0x8
 618 00aa 7E020000 		.4byte	.LASF15
 619 00ae 05       		.uleb128 0x5
 620 00af C0020000 		.4byte	.LASF16
 621 00b3 05       		.byte	0x5
 622 00b4 6302     		.2byte	0x263
 623 00b6 BA000000 		.4byte	0xba
 624 00ba 06       		.uleb128 0x6
 625 00bb 81000000 		.4byte	0x81
 626 00bf 02       		.uleb128 0x2
 627 00c0 08       		.byte	0x8
 628 00c1 04       		.byte	0x4
 629 00c2 C7010000 		.4byte	.LASF17
 630 00c6 02       		.uleb128 0x2
 631 00c7 04       		.byte	0x4
 632 00c8 07       		.byte	0x7
 633 00c9 29000000 		.4byte	.LASF18
 634 00cd 07       		.uleb128 0x7
 635 00ce 04       		.byte	0x4
 636 00cf A7000000 		.4byte	0xa7
 637 00d3 08       		.uleb128 0x8
 638 00d4 0B000000 		.4byte	.LASF54
 639 00d8 0001     		.2byte	0x100
 640 00da 0F       		.byte	0xf
 641 00db 2B       		.byte	0x2b
 642 00dc F8000000 		.4byte	0xf8
ARM GAS  C:\Users\Admin\AppData\Local\Temp\ccgW1Y8c.s 			page 16


 643 00e0 09       		.uleb128 0x9
 644 00e1 F2010000 		.4byte	.LASF19
 645 00e5 0F       		.byte	0xf
 646 00e6 2D       		.byte	0x2d
 647 00e7 F8000000 		.4byte	0xf8
 648 00eb 00       		.byte	0
 649 00ec 0A       		.uleb128 0xa
 650 00ed 497600   		.ascii	"Iv\000"
 651 00f0 0F       		.byte	0xf
 652 00f1 2F       		.byte	0x2f
 653 00f2 08010000 		.4byte	0x108
 654 00f6 F0       		.byte	0xf0
 655 00f7 00       		.byte	0
 656 00f8 0B       		.uleb128 0xb
 657 00f9 76000000 		.4byte	0x76
 658 00fd 08010000 		.4byte	0x108
 659 0101 0C       		.uleb128 0xc
 660 0102 C6000000 		.4byte	0xc6
 661 0106 EF       		.byte	0xef
 662 0107 00       		.byte	0
 663 0108 0B       		.uleb128 0xb
 664 0109 76000000 		.4byte	0x76
 665 010d 18010000 		.4byte	0x118
 666 0111 0C       		.uleb128 0xc
 667 0112 C6000000 		.4byte	0xc6
 668 0116 0F       		.byte	0xf
 669 0117 00       		.byte	0
 670 0118 0D       		.uleb128 0xd
 671 0119 D4020000 		.4byte	.LASF20
 672 011d 01       		.byte	0x1
 673 011e 30       		.byte	0x30
 674 011f 00000000 		.4byte	.LFB35
 675 0123 18000000 		.4byte	.LFE35-.LFB35
 676 0127 01       		.uleb128 0x1
 677 0128 9C       		.byte	0x9c
 678 0129 5C010000 		.4byte	0x15c
 679 012d 0E       		.uleb128 0xe
 680 012e 0A000000 		.4byte	.LVL0
 681 0132 A6060000 		.4byte	0x6a6
 682 0136 49010000 		.4byte	0x149
 683 013a 0F       		.uleb128 0xf
 684 013b 01       		.uleb128 0x1
 685 013c 50       		.byte	0x50
 686 013d 05       		.uleb128 0x5
 687 013e 03       		.byte	0x3
 688 013f 00000000 		.4byte	.LC0
 689 0143 0F       		.uleb128 0xf
 690 0144 01       		.uleb128 0x1
 691 0145 51       		.byte	0x51
 692 0146 01       		.uleb128 0x1
 693 0147 3D       		.byte	0x3d
 694 0148 00       		.byte	0
 695 0149 10       		.uleb128 0x10
 696 014a 0E000000 		.4byte	.LVL1
 697 014e B1060000 		.4byte	0x6b1
 698 0152 10       		.uleb128 0x10
 699 0153 12000000 		.4byte	.LVL2
ARM GAS  C:\Users\Admin\AppData\Local\Temp\ccgW1Y8c.s 			page 17


 700 0157 BC060000 		.4byte	0x6bc
 701 015b 00       		.byte	0
 702 015c 0D       		.uleb128 0xd
 703 015d 6C010000 		.4byte	.LASF21
 704 0161 02       		.byte	0x2
 705 0162 08       		.byte	0x8
 706 0163 00000000 		.4byte	.LFB34
 707 0167 3E000000 		.4byte	.LFE34-.LFB34
 708 016b 01       		.uleb128 0x1
 709 016c 9C       		.byte	0x9c
 710 016d 5E020000 		.4byte	0x25e
 711 0171 11       		.uleb128 0x11
 712 0172 9D020000 		.4byte	.LASF22
 713 0176 02       		.byte	0x2
 714 0177 08       		.byte	0x8
 715 0178 CD000000 		.4byte	0xcd
 716 017c 00000000 		.4byte	.LLST0
 717 0180 11       		.uleb128 0x11
 718 0181 00000000 		.4byte	.LASF23
 719 0185 02       		.byte	0x2
 720 0186 08       		.byte	0x8
 721 0187 CD000000 		.4byte	0xcd
 722 018b 2C000000 		.4byte	.LLST1
 723 018f 11       		.uleb128 0x11
 724 0190 FE020000 		.4byte	.LASF24
 725 0194 02       		.byte	0x2
 726 0195 08       		.byte	0x8
 727 0196 68000000 		.4byte	0x68
 728 019a 58000000 		.4byte	.LLST2
 729 019e 12       		.uleb128 0x12
 730 019f 6C656E00 		.ascii	"len\000"
 731 01a3 02       		.byte	0x2
 732 01a4 08       		.byte	0x8
 733 01a5 68000000 		.4byte	0x68
 734 01a9 79000000 		.4byte	.LLST3
 735 01ad 13       		.uleb128 0x13
 736 01ae EA020000 		.4byte	.LASF25
 737 01b2 02       		.byte	0x2
 738 01b3 09       		.byte	0x9
 739 01b4 8D000000 		.4byte	0x8d
 740 01b8 02       		.uleb128 0x2
 741 01b9 91       		.byte	0x91
 742 01ba 6C       		.sleb128 -20
 743 01bb 13       		.uleb128 0x13
 744 01bc 6F000000 		.4byte	.LASF26
 745 01c0 02       		.byte	0x2
 746 01c1 0A       		.byte	0xa
 747 01c2 5E020000 		.4byte	0x25e
 748 01c6 02       		.uleb128 0x2
 749 01c7 91       		.byte	0x91
 750 01c8 68       		.sleb128 -24
 751 01c9 0E       		.uleb128 0xe
 752 01ca 12000000 		.4byte	.LVL5
 753 01ce C7060000 		.4byte	0x6c7
 754 01d2 EA010000 		.4byte	0x1ea
 755 01d6 0F       		.uleb128 0xf
 756 01d7 01       		.uleb128 0x1
ARM GAS  C:\Users\Admin\AppData\Local\Temp\ccgW1Y8c.s 			page 18


 757 01d8 50       		.byte	0x50
 758 01d9 02       		.uleb128 0x2
 759 01da 74       		.byte	0x74
 760 01db 00       		.sleb128 0
 761 01dc 0F       		.uleb128 0xf
 762 01dd 01       		.uleb128 0x1
 763 01de 51       		.byte	0x51
 764 01df 02       		.uleb128 0x2
 765 01e0 75       		.byte	0x75
 766 01e1 00       		.sleb128 0
 767 01e2 0F       		.uleb128 0xf
 768 01e3 01       		.uleb128 0x1
 769 01e4 52       		.byte	0x52
 770 01e5 03       		.uleb128 0x3
 771 01e6 F3       		.byte	0xf3
 772 01e7 01       		.uleb128 0x1
 773 01e8 52       		.byte	0x52
 774 01e9 00       		.byte	0
 775 01ea 0E       		.uleb128 0xe
 776 01eb 1A000000 		.4byte	.LVL6
 777 01ef D2060000 		.4byte	0x6d2
 778 01f3 04020000 		.4byte	0x204
 779 01f7 0F       		.uleb128 0xf
 780 01f8 01       		.uleb128 0x1
 781 01f9 50       		.byte	0x50
 782 01fa 02       		.uleb128 0x2
 783 01fb 74       		.byte	0x74
 784 01fc 00       		.sleb128 0
 785 01fd 0F       		.uleb128 0xf
 786 01fe 01       		.uleb128 0x1
 787 01ff 51       		.byte	0x51
 788 0200 02       		.uleb128 0x2
 789 0201 76       		.byte	0x76
 790 0202 00       		.sleb128 0
 791 0203 00       		.byte	0
 792 0204 0E       		.uleb128 0xe
 793 0205 26000000 		.4byte	.LVL7
 794 0209 DD060000 		.4byte	0x6dd
 795 020d 23020000 		.4byte	0x223
 796 0211 0F       		.uleb128 0xf
 797 0212 01       		.uleb128 0x1
 798 0213 50       		.byte	0x50
 799 0214 02       		.uleb128 0x2
 800 0215 74       		.byte	0x74
 801 0216 00       		.sleb128 0
 802 0217 0F       		.uleb128 0xf
 803 0218 01       		.uleb128 0x1
 804 0219 51       		.byte	0x51
 805 021a 02       		.uleb128 0x2
 806 021b 91       		.byte	0x91
 807 021c 6C       		.sleb128 -20
 808 021d 0F       		.uleb128 0xf
 809 021e 01       		.uleb128 0x1
 810 021f 52       		.byte	0x52
 811 0220 01       		.uleb128 0x1
 812 0221 34       		.byte	0x34
 813 0222 00       		.byte	0
ARM GAS  C:\Users\Admin\AppData\Local\Temp\ccgW1Y8c.s 			page 19


 814 0223 0E       		.uleb128 0xe
 815 0224 30000000 		.4byte	.LVL8
 816 0228 DD060000 		.4byte	0x6dd
 817 022c 42020000 		.4byte	0x242
 818 0230 0F       		.uleb128 0xf
 819 0231 01       		.uleb128 0x1
 820 0232 50       		.byte	0x50
 821 0233 02       		.uleb128 0x2
 822 0234 74       		.byte	0x74
 823 0235 04       		.sleb128 4
 824 0236 0F       		.uleb128 0xf
 825 0237 01       		.uleb128 0x1
 826 0238 51       		.byte	0x51
 827 0239 02       		.uleb128 0x2
 828 023a 7D       		.byte	0x7d
 829 023b 00       		.sleb128 0
 830 023c 0F       		.uleb128 0xf
 831 023d 01       		.uleb128 0x1
 832 023e 52       		.byte	0x52
 833 023f 01       		.uleb128 0x1
 834 0240 34       		.byte	0x34
 835 0241 00       		.byte	0
 836 0242 14       		.uleb128 0x14
 837 0243 3A000000 		.4byte	.LVL9
 838 0247 DD060000 		.4byte	0x6dd
 839 024b 0F       		.uleb128 0xf
 840 024c 01       		.uleb128 0x1
 841 024d 50       		.byte	0x50
 842 024e 02       		.uleb128 0x2
 843 024f 75       		.byte	0x75
 844 0250 00       		.sleb128 0
 845 0251 0F       		.uleb128 0xf
 846 0252 01       		.uleb128 0x1
 847 0253 51       		.byte	0x51
 848 0254 02       		.uleb128 0x2
 849 0255 7D       		.byte	0x7d
 850 0256 00       		.sleb128 0
 851 0257 0F       		.uleb128 0xf
 852 0258 01       		.uleb128 0x1
 853 0259 52       		.byte	0x52
 854 025a 01       		.uleb128 0x1
 855 025b 34       		.byte	0x34
 856 025c 00       		.byte	0
 857 025d 00       		.byte	0
 858 025e 0B       		.uleb128 0xb
 859 025f A7000000 		.4byte	0xa7
 860 0263 6E020000 		.4byte	0x26e
 861 0267 0C       		.uleb128 0xc
 862 0268 C6000000 		.4byte	0xc6
 863 026c 03       		.byte	0x3
 864 026d 00       		.byte	0
 865 026e 15       		.uleb128 0x15
 866 026f 62010000 		.4byte	.LASF55
 867 0273 01       		.byte	0x1
 868 0274 38       		.byte	0x38
 869 0275 00000000 		.4byte	.LFB36
 870 0279 5C000000 		.4byte	.LFE36-.LFB36
ARM GAS  C:\Users\Admin\AppData\Local\Temp\ccgW1Y8c.s 			page 20


 871 027d 01       		.uleb128 0x1
 872 027e 9C       		.byte	0x9c
 873 027f 68030000 		.4byte	0x368
 874 0283 13       		.uleb128 0x13
 875 0284 C5020000 		.4byte	.LASF27
 876 0288 01       		.byte	0x1
 877 0289 3A       		.byte	0x3a
 878 028a 68030000 		.4byte	0x368
 879 028e 03       		.uleb128 0x3
 880 028f 91       		.byte	0x91
 881 0290 B87F     		.sleb128 -72
 882 0292 16       		.uleb128 0x16
 883 0293 4B455900 		.ascii	"KEY\000"
 884 0297 01       		.byte	0x1
 885 0298 3B       		.byte	0x3b
 886 0299 6F000000 		.4byte	0x6f
 887 029d 03       		.uleb128 0x3
 888 029e 91       		.byte	0x91
 889 029f B47F     		.sleb128 -76
 890 02a1 0E       		.uleb128 0xe
 891 02a2 0A000000 		.4byte	.LVL13
 892 02a6 E6060000 		.4byte	0x6e6
 893 02aa B4020000 		.4byte	0x2b4
 894 02ae 0F       		.uleb128 0xf
 895 02af 01       		.uleb128 0x1
 896 02b0 50       		.byte	0x50
 897 02b1 01       		.uleb128 0x1
 898 02b2 31       		.byte	0x31
 899 02b3 00       		.byte	0
 900 02b4 0E       		.uleb128 0xe
 901 02b5 12000000 		.4byte	.LVL14
 902 02b9 A6060000 		.4byte	0x6a6
 903 02bd D0020000 		.4byte	0x2d0
 904 02c1 0F       		.uleb128 0xf
 905 02c2 01       		.uleb128 0x1
 906 02c3 50       		.byte	0x50
 907 02c4 05       		.uleb128 0x5
 908 02c5 03       		.byte	0x3
 909 02c6 10000000 		.4byte	.LC2
 910 02ca 0F       		.uleb128 0xf
 911 02cb 01       		.uleb128 0x1
 912 02cc 51       		.byte	0x51
 913 02cd 01       		.uleb128 0x1
 914 02ce 31       		.byte	0x31
 915 02cf 00       		.byte	0
 916 02d0 0E       		.uleb128 0xe
 917 02d1 1A000000 		.4byte	.LVL15
 918 02d5 F1060000 		.4byte	0x6f1
 919 02d9 E4020000 		.4byte	0x2e4
 920 02dd 0F       		.uleb128 0xf
 921 02de 01       		.uleb128 0x1
 922 02df 50       		.byte	0x50
 923 02e0 02       		.uleb128 0x2
 924 02e1 74       		.byte	0x74
 925 02e2 00       		.sleb128 0
 926 02e3 00       		.byte	0
 927 02e4 0E       		.uleb128 0xe
ARM GAS  C:\Users\Admin\AppData\Local\Temp\ccgW1Y8c.s 			page 21


 928 02e5 24000000 		.4byte	.LVL16
 929 02e9 FC060000 		.4byte	0x6fc
 930 02ed 07030000 		.4byte	0x307
 931 02f1 0F       		.uleb128 0xf
 932 02f2 01       		.uleb128 0x1
 933 02f3 50       		.byte	0x50
 934 02f4 02       		.uleb128 0x2
 935 02f5 74       		.byte	0x74
 936 02f6 00       		.sleb128 0
 937 02f7 0F       		.uleb128 0xf
 938 02f8 01       		.uleb128 0x1
 939 02f9 51       		.byte	0x51
 940 02fa 05       		.uleb128 0x5
 941 02fb 03       		.byte	0x3
 942 02fc 00000000 		.4byte	.LANCHOR0
 943 0300 0F       		.uleb128 0xf
 944 0301 01       		.uleb128 0x1
 945 0302 52       		.byte	0x52
 946 0303 02       		.uleb128 0x2
 947 0304 08       		.byte	0x8
 948 0305 24       		.byte	0x24
 949 0306 00       		.byte	0
 950 0307 0E       		.uleb128 0xe
 951 0308 2C000000 		.4byte	.LVL17
 952 030c A6060000 		.4byte	0x6a6
 953 0310 23030000 		.4byte	0x323
 954 0314 0F       		.uleb128 0xf
 955 0315 01       		.uleb128 0x1
 956 0316 50       		.byte	0x50
 957 0317 05       		.uleb128 0x5
 958 0318 03       		.byte	0x3
 959 0319 14000000 		.4byte	.LC5
 960 031d 0F       		.uleb128 0xf
 961 031e 01       		.uleb128 0x1
 962 031f 51       		.byte	0x51
 963 0320 01       		.uleb128 0x1
 964 0321 31       		.byte	0x31
 965 0322 00       		.byte	0
 966 0323 0E       		.uleb128 0xe
 967 0324 32000000 		.4byte	.LVL18
 968 0328 F1060000 		.4byte	0x6f1
 969 032c 37030000 		.4byte	0x337
 970 0330 0F       		.uleb128 0xf
 971 0331 01       		.uleb128 0x1
 972 0332 50       		.byte	0x50
 973 0333 02       		.uleb128 0x2
 974 0334 74       		.byte	0x74
 975 0335 00       		.sleb128 0
 976 0336 00       		.byte	0
 977 0337 0E       		.uleb128 0xe
 978 0338 40000000 		.4byte	.LVL19
 979 033c A6060000 		.4byte	0x6a6
 980 0340 4B030000 		.4byte	0x34b
 981 0344 0F       		.uleb128 0xf
 982 0345 01       		.uleb128 0x1
 983 0346 51       		.byte	0x51
 984 0347 02       		.uleb128 0x2
ARM GAS  C:\Users\Admin\AppData\Local\Temp\ccgW1Y8c.s 			page 22


 985 0348 08       		.byte	0x8
 986 0349 20       		.byte	0x20
 987 034a 00       		.byte	0
 988 034b 14       		.uleb128 0x14
 989 034c 4A000000 		.4byte	.LVL20
 990 0350 07070000 		.4byte	0x707
 991 0354 0F       		.uleb128 0xf
 992 0355 01       		.uleb128 0x1
 993 0356 50       		.byte	0x50
 994 0357 03       		.uleb128 0x3
 995 0358 91       		.byte	0x91
 996 0359 B47F     		.sleb128 -76
 997 035b 0F       		.uleb128 0xf
 998 035c 01       		.uleb128 0x1
 999 035d 51       		.byte	0x51
 1000 035e 01       		.uleb128 0x1
 1001 035f 30       		.byte	0x30
 1002 0360 0F       		.uleb128 0xf
 1003 0361 01       		.uleb128 0x1
 1004 0362 52       		.byte	0x52
 1005 0363 02       		.uleb128 0x2
 1006 0364 08       		.byte	0x8
 1007 0365 40       		.byte	0x40
 1008 0366 00       		.byte	0
 1009 0367 00       		.byte	0
 1010 0368 0B       		.uleb128 0xb
 1011 0369 81000000 		.4byte	0x81
 1012 036d 78030000 		.4byte	0x378
 1013 0371 0C       		.uleb128 0xc
 1014 0372 C6000000 		.4byte	0xc6
 1015 0376 3F       		.byte	0x3f
 1016 0377 00       		.byte	0
 1017 0378 17       		.uleb128 0x17
 1018 0379 63000000 		.4byte	.LASF56
 1019 037d 01       		.byte	0x1
 1020 037e 58       		.byte	0x58
 1021 037f 68000000 		.4byte	0x68
 1022 0383 00000000 		.4byte	.LFB37
 1023 0387 80010000 		.4byte	.LFE37-.LFB37
 1024 038b 01       		.uleb128 0x1
 1025 038c 9C       		.byte	0x9c
 1026 038d 3B060000 		.4byte	0x63b
 1027 0391 16       		.uleb128 0x16
 1028 0392 6900     		.ascii	"i\000"
 1029 0394 01       		.byte	0x1
 1030 0395 61       		.byte	0x61
 1031 0396 81000000 		.4byte	0x81
 1032 039a 02       		.uleb128 0x2
 1033 039b 91       		.byte	0x91
 1034 039c 67       		.sleb128 -25
 1035 039d 13       		.uleb128 0x13
 1036 039e C5020000 		.4byte	.LASF27
 1037 03a2 01       		.byte	0x1
 1038 03a3 62       		.byte	0x62
 1039 03a4 3B060000 		.4byte	0x63b
 1040 03a8 03       		.uleb128 0x3
 1041 03a9 91       		.byte	0x91
ARM GAS  C:\Users\Admin\AppData\Local\Temp\ccgW1Y8c.s 			page 23


 1042 03aa E47E     		.sleb128 -156
 1043 03ac 16       		.uleb128 0x16
 1044 03ad 63747800 		.ascii	"ctx\000"
 1045 03b1 01       		.byte	0x1
 1046 03b2 64       		.byte	0x64
 1047 03b3 D3000000 		.4byte	0xd3
 1048 03b7 03       		.uleb128 0x3
 1049 03b8 91       		.byte	0x91
 1050 03b9 E47C     		.sleb128 -412
 1051 03bb 13       		.uleb128 0x13
 1052 03bc 83020000 		.4byte	.LASF28
 1053 03c0 01       		.byte	0x1
 1054 03c1 65       		.byte	0x65
 1055 03c2 4B060000 		.4byte	0x64b
 1056 03c6 03       		.uleb128 0x3
 1057 03c7 91       		.byte	0x91
 1058 03c8 C47C     		.sleb128 -444
 1059 03ca 16       		.uleb128 0x16
 1060 03cb 697600   		.ascii	"iv\000"
 1061 03ce 01       		.byte	0x1
 1062 03cf 66       		.byte	0x66
 1063 03d0 76000000 		.4byte	0x76
 1064 03d4 03       		.uleb128 0x3
 1065 03d5 91       		.byte	0x91
 1066 03d6 C37C     		.sleb128 -445
 1067 03d8 18       		.uleb128 0x18
 1068 03d9 62756600 		.ascii	"buf\000"
 1069 03dd 01       		.byte	0x1
 1070 03de 68       		.byte	0x68
 1071 03df CD000000 		.4byte	0xcd
 1072 03e3 A5000000 		.4byte	.LLST4
 1073 03e7 19       		.uleb128 0x19
 1074 03e8 13000000 		.4byte	.LASF29
 1075 03ec 01       		.byte	0x1
 1076 03ed 69       		.byte	0x69
 1077 03ee CD000000 		.4byte	0xcd
 1078 03f2 C5000000 		.4byte	.LLST5
 1079 03f6 13       		.uleb128 0x13
 1080 03f7 32000000 		.4byte	.LASF30
 1081 03fb 01       		.byte	0x1
 1082 03fc 6A       		.byte	0x6a
 1083 03fd 4B060000 		.4byte	0x64b
 1084 0401 03       		.uleb128 0x3
 1085 0402 91       		.byte	0x91
 1086 0403 A07C     		.sleb128 -480
 1087 0405 13       		.uleb128 0x13
 1088 0406 BB010000 		.4byte	.LASF31
 1089 040a 01       		.byte	0x1
 1090 040b 6D       		.byte	0x6d
 1091 040c 70060000 		.4byte	0x670
 1092 0410 05       		.uleb128 0x5
 1093 0411 03       		.byte	0x3
 1094 0412 24000000 		.4byte	PROVISIONED.5862
 1095 0416 16       		.uleb128 0x16
 1096 0417 70747200 		.ascii	"ptr\000"
 1097 041b 01       		.byte	0x1
 1098 041c 70       		.byte	0x70
ARM GAS  C:\Users\Admin\AppData\Local\Temp\ccgW1Y8c.s 			page 24


 1099 041d 75060000 		.4byte	0x675
 1100 0421 06       		.uleb128 0x6
 1101 0422 03       		.byte	0x3
 1102 0423 24000000 		.4byte	PROVISIONED.5862
 1103 0427 9F       		.byte	0x9f
 1104 0428 1A       		.uleb128 0x1a
 1105 0429 BA000000 		.4byte	.LBB2
 1106 042d 68000000 		.4byte	.LBE2-.LBB2
 1107 0431 C9040000 		.4byte	0x4c9
 1108 0435 18       		.uleb128 0x18
 1109 0436 7800     		.ascii	"x\000"
 1110 0438 01       		.byte	0x1
 1111 0439 9B       		.byte	0x9b
 1112 043a 68000000 		.4byte	0x68
 1113 043e E3000000 		.4byte	.LLST6
 1114 0442 1B       		.uleb128 0x1b
 1115 0443 00000000 		.4byte	.Ldebug_ranges0+0
 1116 0447 A2040000 		.4byte	0x4a2
 1117 044b 18       		.uleb128 0x18
 1118 044c 7900     		.ascii	"y\000"
 1119 044e 01       		.byte	0x1
 1120 044f 9D       		.byte	0x9d
 1121 0450 68000000 		.4byte	0x68
 1122 0454 02010000 		.4byte	.LLST7
 1123 0458 1C       		.uleb128 0x1c
 1124 0459 18000000 		.4byte	.Ldebug_ranges0+0x18
 1125 045d 18       		.uleb128 0x18
 1126 045e 7A00     		.ascii	"z\000"
 1127 0460 01       		.byte	0x1
 1128 0461 9F       		.byte	0x9f
 1129 0462 68000000 		.4byte	0x68
 1130 0466 36010000 		.4byte	.LLST8
 1131 046a 1C       		.uleb128 0x1c
 1132 046b 30000000 		.4byte	.Ldebug_ranges0+0x30
 1133 046f 18       		.uleb128 0x18
 1134 0470 7700     		.ascii	"w\000"
 1135 0472 01       		.byte	0x1
 1136 0473 A1       		.byte	0xa1
 1137 0474 68000000 		.4byte	0x68
 1138 0478 54010000 		.4byte	.LLST9
 1139 047c 14       		.uleb128 0x14
 1140 047d E4000000 		.4byte	.LVL36
 1141 0481 5C010000 		.4byte	0x15c
 1142 0485 0F       		.uleb128 0xf
 1143 0486 01       		.uleb128 0x1
 1144 0487 50       		.byte	0x50
 1145 0488 04       		.uleb128 0x4
 1146 0489 91       		.byte	0x91
 1147 048a 9C7C     		.sleb128 -484
 1148 048c 06       		.byte	0x6
 1149 048d 0F       		.uleb128 0xf
 1150 048e 01       		.uleb128 0x1
 1151 048f 51       		.byte	0x51
 1152 0490 02       		.uleb128 0x2
 1153 0491 74       		.byte	0x74
 1154 0492 00       		.sleb128 0
 1155 0493 0F       		.uleb128 0xf
ARM GAS  C:\Users\Admin\AppData\Local\Temp\ccgW1Y8c.s 			page 25


 1156 0494 01       		.uleb128 0x1
 1157 0495 52       		.byte	0x52
 1158 0496 01       		.uleb128 0x1
 1159 0497 34       		.byte	0x34
 1160 0498 0F       		.uleb128 0xf
 1161 0499 01       		.uleb128 0x1
 1162 049a 53       		.byte	0x53
 1163 049b 02       		.uleb128 0x2
 1164 049c 08       		.byte	0x8
 1165 049d 20       		.byte	0x20
 1166 049e 00       		.byte	0
 1167 049f 00       		.byte	0
 1168 04a0 00       		.byte	0
 1169 04a1 00       		.byte	0
 1170 04a2 14       		.uleb128 0x14
 1171 04a3 1C010000 		.4byte	.LVL46
 1172 04a7 DD060000 		.4byte	0x6dd
 1173 04ab 0F       		.uleb128 0xf
 1174 04ac 01       		.uleb128 0x1
 1175 04ad 50       		.byte	0x50
 1176 04ae 0B       		.uleb128 0xb
 1177 04af 76       		.byte	0x76
 1178 04b0 00       		.sleb128 0
 1179 04b1 32       		.byte	0x32
 1180 04b2 24       		.byte	0x24
 1181 04b3 91       		.byte	0x91
 1182 04b4 00       		.sleb128 0
 1183 04b5 22       		.byte	0x22
 1184 04b6 0A       		.byte	0xa
 1185 04b7 BC01     		.2byte	0x1bc
 1186 04b9 1C       		.byte	0x1c
 1187 04ba 0F       		.uleb128 0xf
 1188 04bb 01       		.uleb128 0x1
 1189 04bc 51       		.byte	0x51
 1190 04bd 04       		.uleb128 0x4
 1191 04be 91       		.byte	0x91
 1192 04bf 9C7C     		.sleb128 -484
 1193 04c1 06       		.byte	0x6
 1194 04c2 0F       		.uleb128 0xf
 1195 04c3 01       		.uleb128 0x1
 1196 04c4 52       		.byte	0x52
 1197 04c5 01       		.uleb128 0x1
 1198 04c6 34       		.byte	0x34
 1199 04c7 00       		.byte	0
 1200 04c8 00       		.byte	0
 1201 04c9 0E       		.uleb128 0xe
 1202 04ca 10000000 		.4byte	.LVL21
 1203 04ce 10070000 		.4byte	0x710
 1204 04d2 E0040000 		.4byte	0x4e0
 1205 04d6 0F       		.uleb128 0xf
 1206 04d7 01       		.uleb128 0x1
 1207 04d8 50       		.byte	0x50
 1208 04d9 05       		.uleb128 0x5
 1209 04da 03       		.byte	0x3
 1210 04db 00000000 		.4byte	Reset_ISR
 1211 04df 00       		.byte	0
 1212 04e0 0E       		.uleb128 0xe
ARM GAS  C:\Users\Admin\AppData\Local\Temp\ccgW1Y8c.s 			page 26


 1213 04e1 22000000 		.4byte	.LVL22
 1214 04e5 1B070000 		.4byte	0x71b
 1215 04e9 F3040000 		.4byte	0x4f3
 1216 04ed 0F       		.uleb128 0xf
 1217 04ee 01       		.uleb128 0x1
 1218 04ef 50       		.byte	0x50
 1219 04f0 01       		.uleb128 0x1
 1220 04f1 38       		.byte	0x38
 1221 04f2 00       		.byte	0
 1222 04f3 0E       		.uleb128 0xe
 1223 04f4 2A000000 		.4byte	.LVL25
 1224 04f8 1B070000 		.4byte	0x71b
 1225 04fc 06050000 		.4byte	0x506
 1226 0500 0F       		.uleb128 0xf
 1227 0501 01       		.uleb128 0x1
 1228 0502 50       		.byte	0x50
 1229 0503 01       		.uleb128 0x1
 1230 0504 34       		.byte	0x34
 1231 0505 00       		.byte	0
 1232 0506 10       		.uleb128 0x10
 1233 0507 30000000 		.4byte	.LVL27
 1234 050b 26070000 		.4byte	0x726
 1235 050f 10       		.uleb128 0x10
 1236 0510 34000000 		.4byte	.LVL28
 1237 0514 31070000 		.4byte	0x731
 1238 0518 10       		.uleb128 0x10
 1239 0519 42000000 		.4byte	.LVL29
 1240 051d 6E020000 		.4byte	0x26e
 1241 0521 0E       		.uleb128 0xe
 1242 0522 5A000000 		.4byte	.LVL30
 1243 0526 FC060000 		.4byte	0x6fc
 1244 052a 43050000 		.4byte	0x543
 1245 052e 0F       		.uleb128 0xf
 1246 052f 01       		.uleb128 0x1
 1247 0530 50       		.byte	0x50
 1248 0531 02       		.uleb128 0x2
 1249 0532 91       		.byte	0x91
 1250 0533 67       		.sleb128 -25
 1251 0534 0F       		.uleb128 0xf
 1252 0535 01       		.uleb128 0x1
 1253 0536 51       		.byte	0x51
 1254 0537 05       		.uleb128 0x5
 1255 0538 03       		.byte	0x3
 1256 0539 24000000 		.4byte	.LANCHOR0+36
 1257 053d 0F       		.uleb128 0xf
 1258 053e 01       		.uleb128 0x1
 1259 053f 52       		.byte	0x52
 1260 0540 01       		.uleb128 0x1
 1261 0541 31       		.byte	0x31
 1262 0542 00       		.byte	0
 1263 0543 0E       		.uleb128 0xe
 1264 0544 60000000 		.4byte	.LVL31
 1265 0548 E6060000 		.4byte	0x6e6
 1266 054c 56050000 		.4byte	0x556
 1267 0550 0F       		.uleb128 0xf
 1268 0551 01       		.uleb128 0x1
 1269 0552 50       		.byte	0x50
ARM GAS  C:\Users\Admin\AppData\Local\Temp\ccgW1Y8c.s 			page 27


 1270 0553 01       		.uleb128 0x1
 1271 0554 30       		.byte	0x30
 1272 0555 00       		.byte	0
 1273 0556 0E       		.uleb128 0xe
 1274 0557 68000000 		.4byte	.LVL32
 1275 055b F1060000 		.4byte	0x6f1
 1276 055f 6A050000 		.4byte	0x56a
 1277 0563 0F       		.uleb128 0xf
 1278 0564 01       		.uleb128 0x1
 1279 0565 50       		.byte	0x50
 1280 0566 02       		.uleb128 0x2
 1281 0567 75       		.byte	0x75
 1282 0568 00       		.sleb128 0
 1283 0569 00       		.byte	0
 1284 056a 0E       		.uleb128 0xe
 1285 056b 76000000 		.4byte	.LVL33
 1286 056f A6060000 		.4byte	0x6a6
 1287 0573 87050000 		.4byte	0x587
 1288 0577 0F       		.uleb128 0xf
 1289 0578 01       		.uleb128 0x1
 1290 0579 50       		.byte	0x50
 1291 057a 05       		.uleb128 0x5
 1292 057b 03       		.byte	0x3
 1293 057c 00000000 		.4byte	.LANCHOR0
 1294 0580 0F       		.uleb128 0xf
 1295 0581 01       		.uleb128 0x1
 1296 0582 51       		.byte	0x51
 1297 0583 02       		.uleb128 0x2
 1298 0584 08       		.byte	0x8
 1299 0585 24       		.byte	0x24
 1300 0586 00       		.byte	0
 1301 0587 0E       		.uleb128 0xe
 1302 0588 BA000000 		.4byte	.LVL34
 1303 058c DD060000 		.4byte	0x6dd
 1304 0590 AB050000 		.4byte	0x5ab
 1305 0594 0F       		.uleb128 0xf
 1306 0595 01       		.uleb128 0x1
 1307 0596 50       		.byte	0x50
 1308 0597 04       		.uleb128 0x4
 1309 0598 91       		.byte	0x91
 1310 0599 9C7C     		.sleb128 -484
 1311 059b 06       		.byte	0x6
 1312 059c 0F       		.uleb128 0xf
 1313 059d 01       		.uleb128 0x1
 1314 059e 51       		.byte	0x51
 1315 059f 05       		.uleb128 0x5
 1316 05a0 03       		.byte	0x3
 1317 05a1 00000000 		.4byte	.LANCHOR0
 1318 05a5 0F       		.uleb128 0xf
 1319 05a6 01       		.uleb128 0x1
 1320 05a7 52       		.byte	0x52
 1321 05a8 01       		.uleb128 0x1
 1322 05a9 34       		.byte	0x34
 1323 05aa 00       		.byte	0
 1324 05ab 0E       		.uleb128 0xe
 1325 05ac 2A010000 		.4byte	.LVL48
 1326 05b0 3C070000 		.4byte	0x73c
ARM GAS  C:\Users\Admin\AppData\Local\Temp\ccgW1Y8c.s 			page 28


 1327 05b4 C7050000 		.4byte	0x5c7
 1328 05b8 0F       		.uleb128 0xf
 1329 05b9 01       		.uleb128 0x1
 1330 05ba 50       		.byte	0x50
 1331 05bb 03       		.uleb128 0x3
 1332 05bc 91       		.byte	0x91
 1333 05bd E47C     		.sleb128 -412
 1334 05bf 0F       		.uleb128 0xf
 1335 05c0 01       		.uleb128 0x1
 1336 05c1 51       		.byte	0x51
 1337 05c2 03       		.uleb128 0x3
 1338 05c3 91       		.byte	0x91
 1339 05c4 C47C     		.sleb128 -444
 1340 05c6 00       		.byte	0
 1341 05c7 0E       		.uleb128 0xe
 1342 05c8 38010000 		.4byte	.LVL49
 1343 05cc 47070000 		.4byte	0x747
 1344 05d0 E3050000 		.4byte	0x5e3
 1345 05d4 0F       		.uleb128 0xf
 1346 05d5 01       		.uleb128 0x1
 1347 05d6 50       		.byte	0x50
 1348 05d7 03       		.uleb128 0x3
 1349 05d8 91       		.byte	0x91
 1350 05d9 E47C     		.sleb128 -412
 1351 05db 0F       		.uleb128 0xf
 1352 05dc 01       		.uleb128 0x1
 1353 05dd 51       		.byte	0x51
 1354 05de 03       		.uleb128 0x3
 1355 05df 91       		.byte	0x91
 1356 05e0 C37C     		.sleb128 -445
 1357 05e2 00       		.byte	0
 1358 05e3 0E       		.uleb128 0xe
 1359 05e4 3E010000 		.4byte	.LVL50
 1360 05e8 52070000 		.4byte	0x752
 1361 05ec F8050000 		.4byte	0x5f8
 1362 05f0 0F       		.uleb128 0xf
 1363 05f1 01       		.uleb128 0x1
 1364 05f2 50       		.byte	0x50
 1365 05f3 03       		.uleb128 0x3
 1366 05f4 91       		.byte	0x91
 1367 05f5 E47E     		.sleb128 -156
 1368 05f7 00       		.byte	0
 1369 05f8 0E       		.uleb128 0xe
 1370 05f9 48010000 		.4byte	.LVL51
 1371 05fd 5D070000 		.4byte	0x75d
 1372 0601 14060000 		.4byte	0x614
 1373 0605 0F       		.uleb128 0xf
 1374 0606 01       		.uleb128 0x1
 1375 0607 50       		.byte	0x50
 1376 0608 03       		.uleb128 0x3
 1377 0609 91       		.byte	0x91
 1378 060a E47C     		.sleb128 -412
 1379 060c 0F       		.uleb128 0xf
 1380 060d 01       		.uleb128 0x1
 1381 060e 51       		.byte	0x51
 1382 060f 03       		.uleb128 0x3
 1383 0610 91       		.byte	0x91
ARM GAS  C:\Users\Admin\AppData\Local\Temp\ccgW1Y8c.s 			page 29


 1384 0611 E47E     		.sleb128 -156
 1385 0613 00       		.byte	0
 1386 0614 0E       		.uleb128 0xe
 1387 0615 4E010000 		.4byte	.LVL52
 1388 0619 52070000 		.4byte	0x752
 1389 061d 29060000 		.4byte	0x629
 1390 0621 0F       		.uleb128 0xf
 1391 0622 01       		.uleb128 0x1
 1392 0623 50       		.byte	0x50
 1393 0624 03       		.uleb128 0x3
 1394 0625 91       		.byte	0x91
 1395 0626 E47E     		.sleb128 -156
 1396 0628 00       		.byte	0
 1397 0629 14       		.uleb128 0x14
 1398 062a 56010000 		.4byte	.LVL53
 1399 062e A6060000 		.4byte	0x6a6
 1400 0632 0F       		.uleb128 0xf
 1401 0633 01       		.uleb128 0x1
 1402 0634 50       		.byte	0x50
 1403 0635 03       		.uleb128 0x3
 1404 0636 91       		.byte	0x91
 1405 0637 E47E     		.sleb128 -156
 1406 0639 00       		.byte	0
 1407 063a 00       		.byte	0
 1408 063b 0B       		.uleb128 0xb
 1409 063c 81000000 		.4byte	0x81
 1410 0640 4B060000 		.4byte	0x64b
 1411 0644 0C       		.uleb128 0xc
 1412 0645 C6000000 		.4byte	0xc6
 1413 0649 7F       		.byte	0x7f
 1414 064a 00       		.byte	0
 1415 064b 0B       		.uleb128 0xb
 1416 064c 37000000 		.4byte	0x37
 1417 0650 5B060000 		.4byte	0x65b
 1418 0654 0C       		.uleb128 0xc
 1419 0655 C6000000 		.4byte	0xc6
 1420 0659 1F       		.byte	0x1f
 1421 065a 00       		.byte	0
 1422 065b 0B       		.uleb128 0xb
 1423 065c 6B060000 		.4byte	0x66b
 1424 0660 6B060000 		.4byte	0x66b
 1425 0664 0C       		.uleb128 0xc
 1426 0665 C6000000 		.4byte	0xc6
 1427 0669 00       		.byte	0
 1428 066a 00       		.byte	0
 1429 066b 1D       		.uleb128 0x1d
 1430 066c 81000000 		.4byte	0x81
 1431 0670 1D       		.uleb128 0x1d
 1432 0671 5B060000 		.4byte	0x65b
 1433 0675 07       		.uleb128 0x7
 1434 0676 04       		.byte	0x4
 1435 0677 7B060000 		.4byte	0x67b
 1436 067b 06       		.uleb128 0x6
 1437 067c 6B060000 		.4byte	0x66b
 1438 0680 0B       		.uleb128 0xb
 1439 0681 6B060000 		.4byte	0x66b
 1440 0685 90060000 		.4byte	0x690
ARM GAS  C:\Users\Admin\AppData\Local\Temp\ccgW1Y8c.s 			page 30


 1441 0689 0C       		.uleb128 0xc
 1442 068a C6000000 		.4byte	0xc6
 1443 068e 23       		.byte	0x23
 1444 068f 00       		.byte	0
 1445 0690 13       		.uleb128 0x13
 1446 0691 32020000 		.4byte	.LASF32
 1447 0695 01       		.byte	0x1
 1448 0696 2C       		.byte	0x2c
 1449 0697 A1060000 		.4byte	0x6a1
 1450 069b 05       		.uleb128 0x5
 1451 069c 03       		.byte	0x3
 1452 069d 00000000 		.4byte	CARD_ID
 1453 06a1 1D       		.uleb128 0x1d
 1454 06a2 80060000 		.4byte	0x680
 1455 06a6 1E       		.uleb128 0x1e
 1456 06a7 DE020000 		.4byte	.LASF33
 1457 06ab DE020000 		.4byte	.LASF33
 1458 06af 06       		.byte	0x6
 1459 06b0 1E       		.byte	0x1e
 1460 06b1 1E       		.uleb128 0x1e
 1461 06b2 12020000 		.4byte	.LASF34
 1462 06b6 12020000 		.4byte	.LASF34
 1463 06ba 07       		.byte	0x7
 1464 06bb 39       		.byte	0x39
 1465 06bc 1E       		.uleb128 0x1e
 1466 06bd A2020000 		.4byte	.LASF35
 1467 06c1 A2020000 		.4byte	.LASF35
 1468 06c5 08       		.byte	0x8
 1469 06c6 E4       		.byte	0xe4
 1470 06c7 1E       		.uleb128 0x1e
 1471 06c8 0D030000 		.4byte	.LASF36
 1472 06cc 0D030000 		.4byte	.LASF36
 1473 06d0 09       		.byte	0x9
 1474 06d1 22       		.byte	0x22
 1475 06d2 1E       		.uleb128 0x1e
 1476 06d3 E1010000 		.4byte	.LASF37
 1477 06d7 E1010000 		.4byte	.LASF37
 1478 06db 0A       		.byte	0xa
 1479 06dc 06       		.byte	0x6
 1480 06dd 1F       		.uleb128 0x1f
 1481 06de 68000000 		.4byte	.LASF41
 1482 06e2 68000000 		.4byte	.LASF41
 1483 06e6 1E       		.uleb128 0x1e
 1484 06e7 87000000 		.4byte	.LASF38
 1485 06eb 87000000 		.4byte	.LASF38
 1486 06ef 06       		.byte	0x6
 1487 06f0 2B       		.byte	0x2b
 1488 06f1 1E       		.uleb128 0x1e
 1489 06f2 91020000 		.4byte	.LASF39
 1490 06f6 91020000 		.4byte	.LASF39
 1491 06fa 06       		.byte	0x6
 1492 06fb 25       		.byte	0x25
 1493 06fc 1E       		.uleb128 0x1e
 1494 06fd 4C020000 		.4byte	.LASF40
 1495 0701 4C020000 		.4byte	.LASF40
 1496 0705 0B       		.byte	0xb
 1497 0706 2F       		.byte	0x2f
ARM GAS  C:\Users\Admin\AppData\Local\Temp\ccgW1Y8c.s 			page 31


 1498 0707 1F       		.uleb128 0x1f
 1499 0708 92010000 		.4byte	.LASF42
 1500 070c 92010000 		.4byte	.LASF42
 1501 0710 1E       		.uleb128 0x1e
 1502 0711 75000000 		.4byte	.LASF43
 1503 0715 75000000 		.4byte	.LASF43
 1504 0719 0C       		.byte	0xc
 1505 071a 18       		.byte	0x18
 1506 071b 1E       		.uleb128 0x1e
 1507 071c 22000000 		.4byte	.LASF44
 1508 0720 22000000 		.4byte	.LASF44
 1509 0724 0D       		.byte	0xd
 1510 0725 64       		.byte	0x64
 1511 0726 1E       		.uleb128 0x1e
 1512 0727 53000000 		.4byte	.LASF45
 1513 072b 53000000 		.4byte	.LASF45
 1514 072f 0B       		.byte	0xb
 1515 0730 29       		.byte	0x29
 1516 0731 1E       		.uleb128 0x1e
 1517 0732 A2010000 		.4byte	.LASF46
 1518 0736 A2010000 		.4byte	.LASF46
 1519 073a 0E       		.byte	0xe
 1520 073b 6E       		.byte	0x6e
 1521 073c 1E       		.uleb128 0x1e
 1522 073d F1020000 		.4byte	.LASF47
 1523 0741 F1020000 		.4byte	.LASF47
 1524 0745 0F       		.byte	0xf
 1525 0746 33       		.byte	0x33
 1526 0747 1E       		.uleb128 0x1e
 1527 0748 6F020000 		.4byte	.LASF48
 1528 074c 6F020000 		.4byte	.LASF48
 1529 0750 0F       		.byte	0xf
 1530 0751 36       		.byte	0x36
 1531 0752 1E       		.uleb128 0x1e
 1532 0753 8A020000 		.4byte	.LASF49
 1533 0757 8A020000 		.4byte	.LASF49
 1534 075b 09       		.byte	0x9
 1535 075c 21       		.byte	0x21
 1536 075d 1E       		.uleb128 0x1e
 1537 075e 3C000000 		.4byte	.LASF50
 1538 0762 3C000000 		.4byte	.LASF50
 1539 0766 0F       		.byte	0xf
 1540 0767 48       		.byte	0x48
 1541 0768 00       		.byte	0
 1542              		.section	.debug_abbrev,"",%progbits
 1543              	.Ldebug_abbrev0:
 1544 0000 01       		.uleb128 0x1
 1545 0001 11       		.uleb128 0x11
 1546 0002 01       		.byte	0x1
 1547 0003 25       		.uleb128 0x25
 1548 0004 0E       		.uleb128 0xe
 1549 0005 13       		.uleb128 0x13
 1550 0006 0B       		.uleb128 0xb
 1551 0007 03       		.uleb128 0x3
 1552 0008 0E       		.uleb128 0xe
 1553 0009 1B       		.uleb128 0x1b
 1554 000a 0E       		.uleb128 0xe
ARM GAS  C:\Users\Admin\AppData\Local\Temp\ccgW1Y8c.s 			page 32


 1555 000b 55       		.uleb128 0x55
 1556 000c 17       		.uleb128 0x17
 1557 000d 11       		.uleb128 0x11
 1558 000e 01       		.uleb128 0x1
 1559 000f 10       		.uleb128 0x10
 1560 0010 17       		.uleb128 0x17
 1561 0011 00       		.byte	0
 1562 0012 00       		.byte	0
 1563 0013 02       		.uleb128 0x2
 1564 0014 24       		.uleb128 0x24
 1565 0015 00       		.byte	0
 1566 0016 0B       		.uleb128 0xb
 1567 0017 0B       		.uleb128 0xb
 1568 0018 3E       		.uleb128 0x3e
 1569 0019 0B       		.uleb128 0xb
 1570 001a 03       		.uleb128 0x3
 1571 001b 0E       		.uleb128 0xe
 1572 001c 00       		.byte	0
 1573 001d 00       		.byte	0
 1574 001e 03       		.uleb128 0x3
 1575 001f 16       		.uleb128 0x16
 1576 0020 00       		.byte	0
 1577 0021 03       		.uleb128 0x3
 1578 0022 0E       		.uleb128 0xe
 1579 0023 3A       		.uleb128 0x3a
 1580 0024 0B       		.uleb128 0xb
 1581 0025 3B       		.uleb128 0x3b
 1582 0026 0B       		.uleb128 0xb
 1583 0027 49       		.uleb128 0x49
 1584 0028 13       		.uleb128 0x13
 1585 0029 00       		.byte	0
 1586 002a 00       		.byte	0
 1587 002b 04       		.uleb128 0x4
 1588 002c 24       		.uleb128 0x24
 1589 002d 00       		.byte	0
 1590 002e 0B       		.uleb128 0xb
 1591 002f 0B       		.uleb128 0xb
 1592 0030 3E       		.uleb128 0x3e
 1593 0031 0B       		.uleb128 0xb
 1594 0032 03       		.uleb128 0x3
 1595 0033 08       		.uleb128 0x8
 1596 0034 00       		.byte	0
 1597 0035 00       		.byte	0
 1598 0036 05       		.uleb128 0x5
 1599 0037 16       		.uleb128 0x16
 1600 0038 00       		.byte	0
 1601 0039 03       		.uleb128 0x3
 1602 003a 0E       		.uleb128 0xe
 1603 003b 3A       		.uleb128 0x3a
 1604 003c 0B       		.uleb128 0xb
 1605 003d 3B       		.uleb128 0x3b
 1606 003e 05       		.uleb128 0x5
 1607 003f 49       		.uleb128 0x49
 1608 0040 13       		.uleb128 0x13
 1609 0041 00       		.byte	0
 1610 0042 00       		.byte	0
 1611 0043 06       		.uleb128 0x6
ARM GAS  C:\Users\Admin\AppData\Local\Temp\ccgW1Y8c.s 			page 33


 1612 0044 35       		.uleb128 0x35
 1613 0045 00       		.byte	0
 1614 0046 49       		.uleb128 0x49
 1615 0047 13       		.uleb128 0x13
 1616 0048 00       		.byte	0
 1617 0049 00       		.byte	0
 1618 004a 07       		.uleb128 0x7
 1619 004b 0F       		.uleb128 0xf
 1620 004c 00       		.byte	0
 1621 004d 0B       		.uleb128 0xb
 1622 004e 0B       		.uleb128 0xb
 1623 004f 49       		.uleb128 0x49
 1624 0050 13       		.uleb128 0x13
 1625 0051 00       		.byte	0
 1626 0052 00       		.byte	0
 1627 0053 08       		.uleb128 0x8
 1628 0054 13       		.uleb128 0x13
 1629 0055 01       		.byte	0x1
 1630 0056 03       		.uleb128 0x3
 1631 0057 0E       		.uleb128 0xe
 1632 0058 0B       		.uleb128 0xb
 1633 0059 05       		.uleb128 0x5
 1634 005a 3A       		.uleb128 0x3a
 1635 005b 0B       		.uleb128 0xb
 1636 005c 3B       		.uleb128 0x3b
 1637 005d 0B       		.uleb128 0xb
 1638 005e 01       		.uleb128 0x1
 1639 005f 13       		.uleb128 0x13
 1640 0060 00       		.byte	0
 1641 0061 00       		.byte	0
 1642 0062 09       		.uleb128 0x9
 1643 0063 0D       		.uleb128 0xd
 1644 0064 00       		.byte	0
 1645 0065 03       		.uleb128 0x3
 1646 0066 0E       		.uleb128 0xe
 1647 0067 3A       		.uleb128 0x3a
 1648 0068 0B       		.uleb128 0xb
 1649 0069 3B       		.uleb128 0x3b
 1650 006a 0B       		.uleb128 0xb
 1651 006b 49       		.uleb128 0x49
 1652 006c 13       		.uleb128 0x13
 1653 006d 38       		.uleb128 0x38
 1654 006e 0B       		.uleb128 0xb
 1655 006f 00       		.byte	0
 1656 0070 00       		.byte	0
 1657 0071 0A       		.uleb128 0xa
 1658 0072 0D       		.uleb128 0xd
 1659 0073 00       		.byte	0
 1660 0074 03       		.uleb128 0x3
 1661 0075 08       		.uleb128 0x8
 1662 0076 3A       		.uleb128 0x3a
 1663 0077 0B       		.uleb128 0xb
 1664 0078 3B       		.uleb128 0x3b
 1665 0079 0B       		.uleb128 0xb
 1666 007a 49       		.uleb128 0x49
 1667 007b 13       		.uleb128 0x13
 1668 007c 38       		.uleb128 0x38
ARM GAS  C:\Users\Admin\AppData\Local\Temp\ccgW1Y8c.s 			page 34


 1669 007d 0B       		.uleb128 0xb
 1670 007e 00       		.byte	0
 1671 007f 00       		.byte	0
 1672 0080 0B       		.uleb128 0xb
 1673 0081 01       		.uleb128 0x1
 1674 0082 01       		.byte	0x1
 1675 0083 49       		.uleb128 0x49
 1676 0084 13       		.uleb128 0x13
 1677 0085 01       		.uleb128 0x1
 1678 0086 13       		.uleb128 0x13
 1679 0087 00       		.byte	0
 1680 0088 00       		.byte	0
 1681 0089 0C       		.uleb128 0xc
 1682 008a 21       		.uleb128 0x21
 1683 008b 00       		.byte	0
 1684 008c 49       		.uleb128 0x49
 1685 008d 13       		.uleb128 0x13
 1686 008e 2F       		.uleb128 0x2f
 1687 008f 0B       		.uleb128 0xb
 1688 0090 00       		.byte	0
 1689 0091 00       		.byte	0
 1690 0092 0D       		.uleb128 0xd
 1691 0093 2E       		.uleb128 0x2e
 1692 0094 01       		.byte	0x1
 1693 0095 3F       		.uleb128 0x3f
 1694 0096 19       		.uleb128 0x19
 1695 0097 03       		.uleb128 0x3
 1696 0098 0E       		.uleb128 0xe
 1697 0099 3A       		.uleb128 0x3a
 1698 009a 0B       		.uleb128 0xb
 1699 009b 3B       		.uleb128 0x3b
 1700 009c 0B       		.uleb128 0xb
 1701 009d 27       		.uleb128 0x27
 1702 009e 19       		.uleb128 0x19
 1703 009f 11       		.uleb128 0x11
 1704 00a0 01       		.uleb128 0x1
 1705 00a1 12       		.uleb128 0x12
 1706 00a2 06       		.uleb128 0x6
 1707 00a3 40       		.uleb128 0x40
 1708 00a4 18       		.uleb128 0x18
 1709 00a5 9742     		.uleb128 0x2117
 1710 00a7 19       		.uleb128 0x19
 1711 00a8 01       		.uleb128 0x1
 1712 00a9 13       		.uleb128 0x13
 1713 00aa 00       		.byte	0
 1714 00ab 00       		.byte	0
 1715 00ac 0E       		.uleb128 0xe
 1716 00ad 898201   		.uleb128 0x4109
 1717 00b0 01       		.byte	0x1
 1718 00b1 11       		.uleb128 0x11
 1719 00b2 01       		.uleb128 0x1
 1720 00b3 31       		.uleb128 0x31
 1721 00b4 13       		.uleb128 0x13
 1722 00b5 01       		.uleb128 0x1
 1723 00b6 13       		.uleb128 0x13
 1724 00b7 00       		.byte	0
 1725 00b8 00       		.byte	0
ARM GAS  C:\Users\Admin\AppData\Local\Temp\ccgW1Y8c.s 			page 35


 1726 00b9 0F       		.uleb128 0xf
 1727 00ba 8A8201   		.uleb128 0x410a
 1728 00bd 00       		.byte	0
 1729 00be 02       		.uleb128 0x2
 1730 00bf 18       		.uleb128 0x18
 1731 00c0 9142     		.uleb128 0x2111
 1732 00c2 18       		.uleb128 0x18
 1733 00c3 00       		.byte	0
 1734 00c4 00       		.byte	0
 1735 00c5 10       		.uleb128 0x10
 1736 00c6 898201   		.uleb128 0x4109
 1737 00c9 00       		.byte	0
 1738 00ca 11       		.uleb128 0x11
 1739 00cb 01       		.uleb128 0x1
 1740 00cc 31       		.uleb128 0x31
 1741 00cd 13       		.uleb128 0x13
 1742 00ce 00       		.byte	0
 1743 00cf 00       		.byte	0
 1744 00d0 11       		.uleb128 0x11
 1745 00d1 05       		.uleb128 0x5
 1746 00d2 00       		.byte	0
 1747 00d3 03       		.uleb128 0x3
 1748 00d4 0E       		.uleb128 0xe
 1749 00d5 3A       		.uleb128 0x3a
 1750 00d6 0B       		.uleb128 0xb
 1751 00d7 3B       		.uleb128 0x3b
 1752 00d8 0B       		.uleb128 0xb
 1753 00d9 49       		.uleb128 0x49
 1754 00da 13       		.uleb128 0x13
 1755 00db 02       		.uleb128 0x2
 1756 00dc 17       		.uleb128 0x17
 1757 00dd 00       		.byte	0
 1758 00de 00       		.byte	0
 1759 00df 12       		.uleb128 0x12
 1760 00e0 05       		.uleb128 0x5
 1761 00e1 00       		.byte	0
 1762 00e2 03       		.uleb128 0x3
 1763 00e3 08       		.uleb128 0x8
 1764 00e4 3A       		.uleb128 0x3a
 1765 00e5 0B       		.uleb128 0xb
 1766 00e6 3B       		.uleb128 0x3b
 1767 00e7 0B       		.uleb128 0xb
 1768 00e8 49       		.uleb128 0x49
 1769 00e9 13       		.uleb128 0x13
 1770 00ea 02       		.uleb128 0x2
 1771 00eb 17       		.uleb128 0x17
 1772 00ec 00       		.byte	0
 1773 00ed 00       		.byte	0
 1774 00ee 13       		.uleb128 0x13
 1775 00ef 34       		.uleb128 0x34
 1776 00f0 00       		.byte	0
 1777 00f1 03       		.uleb128 0x3
 1778 00f2 0E       		.uleb128 0xe
 1779 00f3 3A       		.uleb128 0x3a
 1780 00f4 0B       		.uleb128 0xb
 1781 00f5 3B       		.uleb128 0x3b
 1782 00f6 0B       		.uleb128 0xb
ARM GAS  C:\Users\Admin\AppData\Local\Temp\ccgW1Y8c.s 			page 36


 1783 00f7 49       		.uleb128 0x49
 1784 00f8 13       		.uleb128 0x13
 1785 00f9 02       		.uleb128 0x2
 1786 00fa 18       		.uleb128 0x18
 1787 00fb 00       		.byte	0
 1788 00fc 00       		.byte	0
 1789 00fd 14       		.uleb128 0x14
 1790 00fe 898201   		.uleb128 0x4109
 1791 0101 01       		.byte	0x1
 1792 0102 11       		.uleb128 0x11
 1793 0103 01       		.uleb128 0x1
 1794 0104 31       		.uleb128 0x31
 1795 0105 13       		.uleb128 0x13
 1796 0106 00       		.byte	0
 1797 0107 00       		.byte	0
 1798 0108 15       		.uleb128 0x15
 1799 0109 2E       		.uleb128 0x2e
 1800 010a 01       		.byte	0x1
 1801 010b 3F       		.uleb128 0x3f
 1802 010c 19       		.uleb128 0x19
 1803 010d 03       		.uleb128 0x3
 1804 010e 0E       		.uleb128 0xe
 1805 010f 3A       		.uleb128 0x3a
 1806 0110 0B       		.uleb128 0xb
 1807 0111 3B       		.uleb128 0x3b
 1808 0112 0B       		.uleb128 0xb
 1809 0113 11       		.uleb128 0x11
 1810 0114 01       		.uleb128 0x1
 1811 0115 12       		.uleb128 0x12
 1812 0116 06       		.uleb128 0x6
 1813 0117 40       		.uleb128 0x40
 1814 0118 18       		.uleb128 0x18
 1815 0119 9742     		.uleb128 0x2117
 1816 011b 19       		.uleb128 0x19
 1817 011c 01       		.uleb128 0x1
 1818 011d 13       		.uleb128 0x13
 1819 011e 00       		.byte	0
 1820 011f 00       		.byte	0
 1821 0120 16       		.uleb128 0x16
 1822 0121 34       		.uleb128 0x34
 1823 0122 00       		.byte	0
 1824 0123 03       		.uleb128 0x3
 1825 0124 08       		.uleb128 0x8
 1826 0125 3A       		.uleb128 0x3a
 1827 0126 0B       		.uleb128 0xb
 1828 0127 3B       		.uleb128 0x3b
 1829 0128 0B       		.uleb128 0xb
 1830 0129 49       		.uleb128 0x49
 1831 012a 13       		.uleb128 0x13
 1832 012b 02       		.uleb128 0x2
 1833 012c 18       		.uleb128 0x18
 1834 012d 00       		.byte	0
 1835 012e 00       		.byte	0
 1836 012f 17       		.uleb128 0x17
 1837 0130 2E       		.uleb128 0x2e
 1838 0131 01       		.byte	0x1
 1839 0132 3F       		.uleb128 0x3f
ARM GAS  C:\Users\Admin\AppData\Local\Temp\ccgW1Y8c.s 			page 37


 1840 0133 19       		.uleb128 0x19
 1841 0134 03       		.uleb128 0x3
 1842 0135 0E       		.uleb128 0xe
 1843 0136 3A       		.uleb128 0x3a
 1844 0137 0B       		.uleb128 0xb
 1845 0138 3B       		.uleb128 0x3b
 1846 0139 0B       		.uleb128 0xb
 1847 013a 27       		.uleb128 0x27
 1848 013b 19       		.uleb128 0x19
 1849 013c 49       		.uleb128 0x49
 1850 013d 13       		.uleb128 0x13
 1851 013e 8701     		.uleb128 0x87
 1852 0140 19       		.uleb128 0x19
 1853 0141 11       		.uleb128 0x11
 1854 0142 01       		.uleb128 0x1
 1855 0143 12       		.uleb128 0x12
 1856 0144 06       		.uleb128 0x6
 1857 0145 40       		.uleb128 0x40
 1858 0146 18       		.uleb128 0x18
 1859 0147 9742     		.uleb128 0x2117
 1860 0149 19       		.uleb128 0x19
 1861 014a 01       		.uleb128 0x1
 1862 014b 13       		.uleb128 0x13
 1863 014c 00       		.byte	0
 1864 014d 00       		.byte	0
 1865 014e 18       		.uleb128 0x18
 1866 014f 34       		.uleb128 0x34
 1867 0150 00       		.byte	0
 1868 0151 03       		.uleb128 0x3
 1869 0152 08       		.uleb128 0x8
 1870 0153 3A       		.uleb128 0x3a
 1871 0154 0B       		.uleb128 0xb
 1872 0155 3B       		.uleb128 0x3b
 1873 0156 0B       		.uleb128 0xb
 1874 0157 49       		.uleb128 0x49
 1875 0158 13       		.uleb128 0x13
 1876 0159 02       		.uleb128 0x2
 1877 015a 17       		.uleb128 0x17
 1878 015b 00       		.byte	0
 1879 015c 00       		.byte	0
 1880 015d 19       		.uleb128 0x19
 1881 015e 34       		.uleb128 0x34
 1882 015f 00       		.byte	0
 1883 0160 03       		.uleb128 0x3
 1884 0161 0E       		.uleb128 0xe
 1885 0162 3A       		.uleb128 0x3a
 1886 0163 0B       		.uleb128 0xb
 1887 0164 3B       		.uleb128 0x3b
 1888 0165 0B       		.uleb128 0xb
 1889 0166 49       		.uleb128 0x49
 1890 0167 13       		.uleb128 0x13
 1891 0168 02       		.uleb128 0x2
 1892 0169 17       		.uleb128 0x17
 1893 016a 00       		.byte	0
 1894 016b 00       		.byte	0
 1895 016c 1A       		.uleb128 0x1a
 1896 016d 0B       		.uleb128 0xb
ARM GAS  C:\Users\Admin\AppData\Local\Temp\ccgW1Y8c.s 			page 38


 1897 016e 01       		.byte	0x1
 1898 016f 11       		.uleb128 0x11
 1899 0170 01       		.uleb128 0x1
 1900 0171 12       		.uleb128 0x12
 1901 0172 06       		.uleb128 0x6
 1902 0173 01       		.uleb128 0x1
 1903 0174 13       		.uleb128 0x13
 1904 0175 00       		.byte	0
 1905 0176 00       		.byte	0
 1906 0177 1B       		.uleb128 0x1b
 1907 0178 0B       		.uleb128 0xb
 1908 0179 01       		.byte	0x1
 1909 017a 55       		.uleb128 0x55
 1910 017b 17       		.uleb128 0x17
 1911 017c 01       		.uleb128 0x1
 1912 017d 13       		.uleb128 0x13
 1913 017e 00       		.byte	0
 1914 017f 00       		.byte	0
 1915 0180 1C       		.uleb128 0x1c
 1916 0181 0B       		.uleb128 0xb
 1917 0182 01       		.byte	0x1
 1918 0183 55       		.uleb128 0x55
 1919 0184 17       		.uleb128 0x17
 1920 0185 00       		.byte	0
 1921 0186 00       		.byte	0
 1922 0187 1D       		.uleb128 0x1d
 1923 0188 26       		.uleb128 0x26
 1924 0189 00       		.byte	0
 1925 018a 49       		.uleb128 0x49
 1926 018b 13       		.uleb128 0x13
 1927 018c 00       		.byte	0
 1928 018d 00       		.byte	0
 1929 018e 1E       		.uleb128 0x1e
 1930 018f 2E       		.uleb128 0x2e
 1931 0190 00       		.byte	0
 1932 0191 3F       		.uleb128 0x3f
 1933 0192 19       		.uleb128 0x19
 1934 0193 3C       		.uleb128 0x3c
 1935 0194 19       		.uleb128 0x19
 1936 0195 6E       		.uleb128 0x6e
 1937 0196 0E       		.uleb128 0xe
 1938 0197 03       		.uleb128 0x3
 1939 0198 0E       		.uleb128 0xe
 1940 0199 3A       		.uleb128 0x3a
 1941 019a 0B       		.uleb128 0xb
 1942 019b 3B       		.uleb128 0x3b
 1943 019c 0B       		.uleb128 0xb
 1944 019d 00       		.byte	0
 1945 019e 00       		.byte	0
 1946 019f 1F       		.uleb128 0x1f
 1947 01a0 2E       		.uleb128 0x2e
 1948 01a1 00       		.byte	0
 1949 01a2 3F       		.uleb128 0x3f
 1950 01a3 19       		.uleb128 0x19
 1951 01a4 3C       		.uleb128 0x3c
 1952 01a5 19       		.uleb128 0x19
 1953 01a6 6E       		.uleb128 0x6e
ARM GAS  C:\Users\Admin\AppData\Local\Temp\ccgW1Y8c.s 			page 39


 1954 01a7 0E       		.uleb128 0xe
 1955 01a8 03       		.uleb128 0x3
 1956 01a9 0E       		.uleb128 0xe
 1957 01aa 00       		.byte	0
 1958 01ab 00       		.byte	0
 1959 01ac 00       		.byte	0
 1960              		.section	.debug_loc,"",%progbits
 1961              	.Ldebug_loc0:
 1962              	.LLST0:
 1963 0000 00000000 		.4byte	.LVL3
 1964 0004 11000000 		.4byte	.LVL5-1
 1965 0008 0100     		.2byte	0x1
 1966 000a 50       		.byte	0x50
 1967 000b 11000000 		.4byte	.LVL5-1
 1968 000f 3C000000 		.4byte	.LVL10
 1969 0013 0100     		.2byte	0x1
 1970 0015 54       		.byte	0x54
 1971 0016 3C000000 		.4byte	.LVL10
 1972 001a 3E000000 		.4byte	.LFE34
 1973 001e 0400     		.2byte	0x4
 1974 0020 F3       		.byte	0xf3
 1975 0021 01       		.uleb128 0x1
 1976 0022 50       		.byte	0x50
 1977 0023 9F       		.byte	0x9f
 1978 0024 00000000 		.4byte	0
 1979 0028 00000000 		.4byte	0
 1980              	.LLST1:
 1981 002c 00000000 		.4byte	.LVL3
 1982 0030 11000000 		.4byte	.LVL5-1
 1983 0034 0100     		.2byte	0x1
 1984 0036 51       		.byte	0x51
 1985 0037 11000000 		.4byte	.LVL5-1
 1986 003b 3C000000 		.4byte	.LVL11
 1987 003f 0100     		.2byte	0x1
 1988 0041 55       		.byte	0x55
 1989 0042 3C000000 		.4byte	.LVL11
 1990 0046 3E000000 		.4byte	.LFE34
 1991 004a 0400     		.2byte	0x4
 1992 004c F3       		.byte	0xf3
 1993 004d 01       		.uleb128 0x1
 1994 004e 51       		.byte	0x51
 1995 004f 9F       		.byte	0x9f
 1996 0050 00000000 		.4byte	0
 1997 0054 00000000 		.4byte	0
 1998              	.LLST2:
 1999 0058 00000000 		.4byte	.LVL3
 2000 005c 11000000 		.4byte	.LVL5-1
 2001 0060 0100     		.2byte	0x1
 2002 0062 52       		.byte	0x52
 2003 0063 11000000 		.4byte	.LVL5-1
 2004 0067 3E000000 		.4byte	.LFE34
 2005 006b 0400     		.2byte	0x4
 2006 006d F3       		.byte	0xf3
 2007 006e 01       		.uleb128 0x1
 2008 006f 52       		.byte	0x52
 2009 0070 9F       		.byte	0x9f
 2010 0071 00000000 		.4byte	0
ARM GAS  C:\Users\Admin\AppData\Local\Temp\ccgW1Y8c.s 			page 40


 2011 0075 00000000 		.4byte	0
 2012              	.LLST3:
 2013 0079 00000000 		.4byte	.LVL3
 2014 007d 0C000000 		.4byte	.LVL4
 2015 0081 0100     		.2byte	0x1
 2016 0083 53       		.byte	0x53
 2017 0084 0C000000 		.4byte	.LVL4
 2018 0088 3C000000 		.4byte	.LVL12
 2019 008c 0100     		.2byte	0x1
 2020 008e 56       		.byte	0x56
 2021 008f 3C000000 		.4byte	.LVL12
 2022 0093 3E000000 		.4byte	.LFE34
 2023 0097 0400     		.2byte	0x4
 2024 0099 F3       		.byte	0xf3
 2025 009a 01       		.uleb128 0x1
 2026 009b 53       		.byte	0x53
 2027 009c 9F       		.byte	0x9f
 2028 009d 00000000 		.4byte	0
 2029 00a1 00000000 		.4byte	0
 2030              	.LLST4:
 2031 00a5 24000000 		.4byte	.LVL23
 2032 00a9 26000000 		.4byte	.LVL24
 2033 00ad 0100     		.2byte	0x1
 2034 00af 50       		.byte	0x50
 2035 00b0 26000000 		.4byte	.LVL24
 2036 00b4 80010000 		.4byte	.LFE37
 2037 00b8 0300     		.2byte	0x3
 2038 00ba 91       		.byte	0x91
 2039 00bb 9C7C     		.sleb128 -484
 2040 00bd 00000000 		.4byte	0
 2041 00c1 00000000 		.4byte	0
 2042              	.LLST5:
 2043 00c5 2C000000 		.4byte	.LVL26
 2044 00c9 2F000000 		.4byte	.LVL27-1
 2045 00cd 0100     		.2byte	0x1
 2046 00cf 50       		.byte	0x50
 2047 00d0 2F000000 		.4byte	.LVL27-1
 2048 00d4 80010000 		.4byte	.LFE37
 2049 00d8 0100     		.2byte	0x1
 2050 00da 54       		.byte	0x54
 2051 00db 00000000 		.4byte	0
 2052 00df 00000000 		.4byte	0
 2053              	.LLST6:
 2054 00e3 BA000000 		.4byte	.LVL34
 2055 00e7 BE000000 		.4byte	.LVL35
 2056 00eb 0200     		.2byte	0x2
 2057 00ed 30       		.byte	0x30
 2058 00ee 9F       		.byte	0x9f
 2059 00ef BE000000 		.4byte	.LVL35
 2060 00f3 80010000 		.4byte	.LFE37
 2061 00f7 0100     		.2byte	0x1
 2062 00f9 56       		.byte	0x56
 2063 00fa 00000000 		.4byte	0
 2064 00fe 00000000 		.4byte	0
 2065              	.LLST7:
 2066 0102 BE000000 		.4byte	.LVL35
 2067 0106 F2000000 		.4byte	.LVL41
ARM GAS  C:\Users\Admin\AppData\Local\Temp\ccgW1Y8c.s 			page 41


 2068 010a 0100     		.2byte	0x1
 2069 010c 58       		.byte	0x58
 2070 010d F2000000 		.4byte	.LVL41
 2071 0111 F4000000 		.4byte	.LVL42
 2072 0115 0100     		.2byte	0x1
 2073 0117 53       		.byte	0x53
 2074 0118 F4000000 		.4byte	.LVL42
 2075 011c 00010000 		.4byte	.LVL44
 2076 0120 0100     		.2byte	0x1
 2077 0122 58       		.byte	0x58
 2078 0123 04010000 		.4byte	.LVL45
 2079 0127 1E010000 		.4byte	.LVL47
 2080 012b 0100     		.2byte	0x1
 2081 012d 58       		.byte	0x58
 2082 012e 00000000 		.4byte	0
 2083 0132 00000000 		.4byte	0
 2084              	.LLST8:
 2085 0136 BE000000 		.4byte	.LVL35
 2086 013a F2000000 		.4byte	.LVL41
 2087 013e 0100     		.2byte	0x1
 2088 0140 57       		.byte	0x57
 2089 0141 F4000000 		.4byte	.LVL42
 2090 0145 00010000 		.4byte	.LVL44
 2091 0149 0100     		.2byte	0x1
 2092 014b 57       		.byte	0x57
 2093 014c 00000000 		.4byte	0
 2094 0150 00000000 		.4byte	0
 2095              	.LLST9:
 2096 0154 BE000000 		.4byte	.LVL35
 2097 0158 E8000000 		.4byte	.LVL38
 2098 015c 0100     		.2byte	0x1
 2099 015e 55       		.byte	0x55
 2100 015f EA000000 		.4byte	.LVL39
 2101 0163 F2000000 		.4byte	.LVL41
 2102 0167 0100     		.2byte	0x1
 2103 0169 55       		.byte	0x55
 2104 016a 00000000 		.4byte	0
 2105 016e 00000000 		.4byte	0
 2106              		.section	.debug_aranges,"",%progbits
 2107 0000 34000000 		.4byte	0x34
 2108 0004 0200     		.2byte	0x2
 2109 0006 00000000 		.4byte	.Ldebug_info0
 2110 000a 04       		.byte	0x4
 2111 000b 00       		.byte	0
 2112 000c 0000     		.2byte	0
 2113 000e 0000     		.2byte	0
 2114 0010 00000000 		.4byte	.LFB35
 2115 0014 18000000 		.4byte	.LFE35-.LFB35
 2116 0018 00000000 		.4byte	.LFB34
 2117 001c 3E000000 		.4byte	.LFE34-.LFB34
 2118 0020 00000000 		.4byte	.LFB36
 2119 0024 5C000000 		.4byte	.LFE36-.LFB36
 2120 0028 00000000 		.4byte	.LFB37
 2121 002c 80010000 		.4byte	.LFE37-.LFB37
 2122 0030 00000000 		.4byte	0
 2123 0034 00000000 		.4byte	0
 2124              		.section	.debug_ranges,"",%progbits
ARM GAS  C:\Users\Admin\AppData\Local\Temp\ccgW1Y8c.s 			page 42


 2125              	.Ldebug_ranges0:
 2126 0000 BE000000 		.4byte	.LBB3
 2127 0004 00010000 		.4byte	.LBE3
 2128 0008 04010000 		.4byte	.LBB8
 2129 000c 0A010000 		.4byte	.LBE8
 2130 0010 00000000 		.4byte	0
 2131 0014 00000000 		.4byte	0
 2132 0018 BE000000 		.4byte	.LBB4
 2133 001c F2000000 		.4byte	.LBE4
 2134 0020 F4000000 		.4byte	.LBB7
 2135 0024 F8000000 		.4byte	.LBE7
 2136 0028 00000000 		.4byte	0
 2137 002c 00000000 		.4byte	0
 2138 0030 BE000000 		.4byte	.LBB5
 2139 0034 E8000000 		.4byte	.LBE5
 2140 0038 EA000000 		.4byte	.LBB6
 2141 003c EE000000 		.4byte	.LBE6
 2142 0040 00000000 		.4byte	0
 2143 0044 00000000 		.4byte	0
 2144 0048 00000000 		.4byte	.LFB35
 2145 004c 18000000 		.4byte	.LFE35
 2146 0050 00000000 		.4byte	.LFB34
 2147 0054 3E000000 		.4byte	.LFE34
 2148 0058 00000000 		.4byte	.LFB36
 2149 005c 5C000000 		.4byte	.LFE36
 2150 0060 00000000 		.4byte	.LFB37
 2151 0064 80010000 		.4byte	.LFE37
 2152 0068 00000000 		.4byte	0
 2153 006c 00000000 		.4byte	0
 2154              		.section	.debug_line,"",%progbits
 2155              	.Ldebug_line0:
 2156 0000 11030000 		.section	.debug_str,"MS",%progbits,1
 2156      02004602 
 2156      00000201 
 2156      FB0E0D00 
 2156      01010101 
 2157              	.LASF23:
 2158 0000 65787472 		.ascii	"extra_data\000"
 2158      615F6461 
 2158      746100
 2159              	.LASF54:
 2160 000b 4145535F 		.ascii	"AES_ctx\000"
 2160      63747800 
 2161              	.LASF29:
 2162 0013 74656D70 		.ascii	"temp\000"
 2162      00
 2163              	.LASF2:
 2164 0018 73686F72 		.ascii	"short int\000"
 2164      7420696E 
 2164      7400
 2165              	.LASF44:
 2166 0022 6D616C6C 		.ascii	"malloc\000"
 2166      6F6300
 2167              	.LASF18:
 2168 0029 73697A65 		.ascii	"sizetype\000"
 2168      74797065 
 2168      00
ARM GAS  C:\Users\Admin\AppData\Local\Temp\ccgW1Y8c.s 			page 43


 2169              	.LASF30:
 2170 0032 6B657956 		.ascii	"keyValues\000"
 2170      616C7565 
 2170      7300
 2171              	.LASF50:
 2172 003c 4145535F 		.ascii	"AES_CBC_encrypt_buffer\000"
 2172      4342435F 
 2172      656E6372 
 2172      7970745F 
 2172      62756666 
 2173              	.LASF45:
 2174 0053 55534552 		.ascii	"USER_INFO_Start\000"
 2174      5F494E46 
 2174      4F5F5374 
 2174      61727400 
 2175              	.LASF56:
 2176 0063 6D61696E 		.ascii	"main\000"
 2176      00
 2177              	.LASF41:
 2178 0068 6D656D63 		.ascii	"memcpy\000"
 2178      707900
 2179              	.LASF26:
 2180 006f 656D7074 		.ascii	"empty\000"
 2180      7900
 2181              	.LASF43:
 2182 0075 52657365 		.ascii	"Reset_isr_StartEx\000"
 2182      745F6973 
 2182      725F5374 
 2182      61727445 
 2182      7800
 2183              	.LASF38:
 2184 0087 73796E63 		.ascii	"syncConnection\000"
 2184      436F6E6E 
 2184      65637469 
 2184      6F6E00
 2185              	.LASF51:
 2186 0096 474E5520 		.ascii	"GNU C11 5.4.1 20160609 (release) [ARM/embedded-5-br"
 2186      43313120 
 2186      352E342E 
 2186      31203230 
 2186      31363036 
 2187 00c9 616E6368 		.ascii	"anch revision 237715] -mcpu=cortex-m0 -mthumb -g -O"
 2187      20726576 
 2187      6973696F 
 2187      6E203233 
 2187      37373135 
 2188 00fc 67202D66 		.ascii	"g -ffunction-sections -ffat-lto-objects\000"
 2188      66756E63 
 2188      74696F6E 
 2188      2D736563 
 2188      74696F6E 
 2189              	.LASF10:
 2190 0124 75696E74 		.ascii	"uint8_t\000"
 2190      385F7400 
 2191              	.LASF11:
 2192 012c 75696E74 		.ascii	"uint8\000"
 2192      3800
ARM GAS  C:\Users\Admin\AppData\Local\Temp\ccgW1Y8c.s 			page 44


 2193              	.LASF53:
 2194 0132 433A5C55 		.ascii	"C:\\Users\\Admin\\Documents\\GitHub\\ectf\\CARD.cyd"
 2194      73657273 
 2194      5C41646D 
 2194      696E5C44 
 2194      6F63756D 
 2195 015f 736E00   		.ascii	"sn\000"
 2196              	.LASF55:
 2197 0162 70726F76 		.ascii	"provision\000"
 2197      6973696F 
 2197      6E00
 2198              	.LASF21:
 2199 016c 53414C54 		.ascii	"SALT_HAsaltH_SALT\000"
 2199      5F484173 
 2199      616C7448 
 2199      5F53414C 
 2199      5400
 2200              	.LASF13:
 2201 017e 666C6F61 		.ascii	"float\000"
 2201      7400
 2202              	.LASF6:
 2203 0184 6C6F6E67 		.ascii	"long long int\000"
 2203      206C6F6E 
 2203      6720696E 
 2203      7400
 2204              	.LASF42:
 2205 0192 6D656D73 		.ascii	"memset\000"
 2205      657400
 2206              	.LASF4:
 2207 0199 6C6F6E67 		.ascii	"long int\000"
 2207      20696E74 
 2207      00
 2208              	.LASF46:
 2209 01a2 5553425F 		.ascii	"USB_UART_Start\000"
 2209      55415254 
 2209      5F537461 
 2209      727400
 2210              	.LASF9:
 2211 01b1 5F5F7569 		.ascii	"__uint8_t\000"
 2211      6E74385F 
 2211      7400
 2212              	.LASF31:
 2213 01bb 50524F56 		.ascii	"PROVISIONED\000"
 2213      4953494F 
 2213      4E454400 
 2214              	.LASF17:
 2215 01c7 6C6F6E67 		.ascii	"long double\000"
 2215      20646F75 
 2215      626C6500 
 2216              	.LASF1:
 2217 01d3 756E7369 		.ascii	"unsigned char\000"
 2217      676E6564 
 2217      20636861 
 2217      7200
 2218              	.LASF37:
 2219 01e1 68617368 		.ascii	"hash\000"
 2219      00
ARM GAS  C:\Users\Admin\AppData\Local\Temp\ccgW1Y8c.s 			page 45


 2220              	.LASF0:
 2221 01e6 7369676E 		.ascii	"signed char\000"
 2221      65642063 
 2221      68617200 
 2222              	.LASF19:
 2223 01f2 526F756E 		.ascii	"RoundKey\000"
 2223      644B6579 
 2223      00
 2224              	.LASF7:
 2225 01fb 6C6F6E67 		.ascii	"long long unsigned int\000"
 2225      206C6F6E 
 2225      6720756E 
 2225      7369676E 
 2225      65642069 
 2226              	.LASF34:
 2227 0212 5357315F 		.ascii	"SW1_ClearInterrupt\000"
 2227      436C6561 
 2227      72496E74 
 2227      65727275 
 2227      707400
 2228              	.LASF8:
 2229 0225 756E7369 		.ascii	"unsigned int\000"
 2229      676E6564 
 2229      20696E74 
 2229      00
 2230              	.LASF32:
 2231 0232 43415244 		.ascii	"CARD_ID\000"
 2231      5F494400 
 2232              	.LASF5:
 2233 023a 6C6F6E67 		.ascii	"long unsigned int\000"
 2233      20756E73 
 2233      69676E65 
 2233      6420696E 
 2233      7400
 2234              	.LASF40:
 2235 024c 55534552 		.ascii	"USER_INFO_Write\000"
 2235      5F494E46 
 2235      4F5F5772 
 2235      69746500 
 2236              	.LASF3:
 2237 025c 73686F72 		.ascii	"short unsigned int\000"
 2237      7420756E 
 2237      7369676E 
 2237      65642069 
 2237      6E7400
 2238              	.LASF48:
 2239 026f 4145535F 		.ascii	"AES_ctx_set_iv\000"
 2239      6374785F 
 2239      7365745F 
 2239      697600
 2240              	.LASF15:
 2241 027e 63686172 		.ascii	"char\000"
 2241      00
 2242              	.LASF28:
 2243 0283 4145536B 		.ascii	"AESkey\000"
 2243      657900
 2244              	.LASF49:
ARM GAS  C:\Users\Admin\AppData\Local\Temp\ccgW1Y8c.s 			page 46


 2245 028a 7374726C 		.ascii	"strlen\000"
 2245      656E00
 2246              	.LASF39:
 2247 0291 70756C6C 		.ascii	"pullMessage\000"
 2247      4D657373 
 2247      61676500 
 2248              	.LASF22:
 2249 029d 64617461 		.ascii	"data\000"
 2249      00
 2250              	.LASF35:
 2251 02a2 4379536F 		.ascii	"CySoftwareReset\000"
 2251      66747761 
 2251      72655265 
 2251      73657400 
 2252              	.LASF12:
 2253 02b2 75696E74 		.ascii	"uint32\000"
 2253      333200
 2254              	.LASF52:
 2255 02b9 6D61696E 		.ascii	"main.c\000"
 2255      2E6300
 2256              	.LASF16:
 2257 02c0 72656738 		.ascii	"reg8\000"
 2257      00
 2258              	.LASF27:
 2259 02c5 6D657373 		.ascii	"message\000"
 2259      61676500 
 2260              	.LASF14:
 2261 02cd 646F7562 		.ascii	"double\000"
 2261      6C6500
 2262              	.LASF20:
 2263 02d4 52657365 		.ascii	"Reset_ISR\000"
 2263      745F4953 
 2263      5200
 2264              	.LASF33:
 2265 02de 70757368 		.ascii	"pushMessage\000"
 2265      4D657373 
 2265      61676500 
 2266              	.LASF25:
 2267 02ea 6F757470 		.ascii	"output\000"
 2267      757400
 2268              	.LASF47:
 2269 02f1 4145535F 		.ascii	"AES_init_ctx\000"
 2269      696E6974 
 2269      5F637478 
 2269      00
 2270              	.LASF24:
 2271 02fe 65787472 		.ascii	"extra_data_len\000"
 2271      615F6461 
 2271      74615F6C 
 2271      656E00
 2272              	.LASF36:
 2273 030d 7374726E 		.ascii	"strncat\000"
 2273      63617400 
 2274              		.ident	"GCC: (GNU Tools for ARM Embedded Processors) 5.4.1 20160609 (release) [ARM/embedded-5-bran
